/usr/bin/which: no fi_info in (/arf/home/meyavuz/.local/bin:/arf/sw/comp/python/intelpython3/condabin:/arf/sw/comp/python/intelpython3/bin:/usr/share/Modules/bin:/usr/local/bin:/usr/bin:/usr/local/sbin:/usr/sbin)
Extension for Scikit-learn* enabled (https://github.com/uxlfoundation/scikit-learn-intelex)
/arf/home/meyavuz/.conda/envs/sbn/lib/python3.9/site-packages/sklearn/linear_model/_logistic.py:1247: FutureWarning: 'multi_class' was deprecated in version 1.5 and will be removed in 1.7. From then on, it will always use 'multinomial'. Leave it to its default value to avoid this warning.
  warnings.warn(
/arf/home/meyavuz/.conda/envs/sbn/lib/python3.9/site-packages/sklearn/linear_model/_sag.py:348: ConvergenceWarning: The max_iter was reached which means the coef_ did not converge
  warnings.warn(
Epoch 1/200, Batch 100, Aver_Loss: 1900.08
Epoch 1/200, Batch 200, Aver_Loss: 1869.51
Epoch 1/200, Batch 300, Aver_Loss: 1866.94
Epoch 1/200, Batch 400, Aver_Loss: 1896.32
Epoch 2/200, Batch 100, Aver_Loss: 1804.83
Epoch 2/200, Batch 200, Aver_Loss: 1824.33
Epoch 2/200, Batch 300, Aver_Loss: 1840.77
Epoch 2/200, Batch 400, Aver_Loss: 1829.09
Epoch 3/200, Batch 100, Aver_Loss: 1857.41
Epoch 3/200, Batch 200, Aver_Loss: 1796.80
Epoch 3/200, Batch 300, Aver_Loss: 1843.09
Epoch 3/200, Batch 400, Aver_Loss: 1861.90
Epoch 4/200, Batch 100, Aver_Loss: 1815.76
Epoch 4/200, Batch 200, Aver_Loss: 1829.22
Epoch 4/200, Batch 300, Aver_Loss: 1819.99
Epoch 4/200, Batch 400, Aver_Loss: 1834.34
Epoch 5/200, Batch 100, Aver_Loss: 1779.60
Epoch 5/200, Batch 200, Aver_Loss: 1764.36
Epoch 5/200, Batch 300, Aver_Loss: 1804.48
Epoch 5/200, Batch 400, Aver_Loss: 1744.27
Epoch 6/200, Batch 100, Aver_Loss: 1731.32
Epoch 6/200, Batch 200, Aver_Loss: 1825.67
Epoch 6/200, Batch 300, Aver_Loss: 1823.12
Epoch 6/200, Batch 400, Aver_Loss: 1805.20
Epoch 7/200, Batch 100, Aver_Loss: 1804.54
Epoch 7/200, Batch 200, Aver_Loss: 1848.06
Epoch 7/200, Batch 300, Aver_Loss: 1802.44
Epoch 7/200, Batch 400, Aver_Loss: 1791.83
Epoch 8/200, Batch 100, Aver_Loss: 1851.85
Epoch 8/200, Batch 200, Aver_Loss: 1762.01
Epoch 8/200, Batch 300, Aver_Loss: 1793.64
Epoch 8/200, Batch 400, Aver_Loss: 1804.07
Epoch 9/200, Batch 100, Aver_Loss: 1828.86
Epoch 9/200, Batch 200, Aver_Loss: 1786.70
Epoch 9/200, Batch 300, Aver_Loss: 1780.14
Epoch 9/200, Batch 400, Aver_Loss: 1807.35
Epoch 10/200, Batch 100, Aver_Loss: 1819.12
Epoch 10/200, Batch 200, Aver_Loss: 1830.80
Epoch 10/200, Batch 300, Aver_Loss: 1794.73
Epoch 10/200, Batch 400, Aver_Loss: 1785.92
Epoch 11/200, Batch 100, Aver_Loss: 1786.97
Epoch 11/200, Batch 200, Aver_Loss: 1846.82
Epoch 11/200, Batch 300, Aver_Loss: 1842.07
Epoch 11/200, Batch 400, Aver_Loss: 1799.33
Epoch 12/200, Batch 100, Aver_Loss: 1787.06
Epoch 12/200, Batch 200, Aver_Loss: 1844.86
Epoch 12/200, Batch 300, Aver_Loss: 1812.01
Epoch 12/200, Batch 400, Aver_Loss: 1780.84
Epoch 13/200, Batch 100, Aver_Loss: 1794.26
Epoch 13/200, Batch 200, Aver_Loss: 1783.86
Epoch 13/200, Batch 300, Aver_Loss: 1804.47
Epoch 13/200, Batch 400, Aver_Loss: 1800.96
Epoch 14/200, Batch 100, Aver_Loss: 1803.90
Epoch 14/200, Batch 200, Aver_Loss: 1769.31
Epoch 14/200, Batch 300, Aver_Loss: 1808.40
Epoch 14/200, Batch 400, Aver_Loss: 1823.98
Epoch 15/200, Batch 100, Aver_Loss: 1776.15
Epoch 15/200, Batch 200, Aver_Loss: 1818.15
Epoch 15/200, Batch 300, Aver_Loss: 1775.12
Epoch 15/200, Batch 400, Aver_Loss: 1792.74
Epoch 16/200, Batch 100, Aver_Loss: 1793.00
Epoch 16/200, Batch 200, Aver_Loss: 1795.49
Epoch 16/200, Batch 300, Aver_Loss: 1789.79
Epoch 16/200, Batch 400, Aver_Loss: 1757.56
Epoch 17/200, Batch 100, Aver_Loss: 1776.94
Epoch 17/200, Batch 200, Aver_Loss: 1806.15
Epoch 17/200, Batch 300, Aver_Loss: 1814.18
Epoch 17/200, Batch 400, Aver_Loss: 1783.70
Epoch 18/200, Batch 100, Aver_Loss: 1809.46
Epoch 18/200, Batch 200, Aver_Loss: 1779.13
Epoch 18/200, Batch 300, Aver_Loss: 1787.45
Epoch 18/200, Batch 400, Aver_Loss: 1791.73
Epoch 19/200, Batch 100, Aver_Loss: 1802.21
Epoch 19/200, Batch 200, Aver_Loss: 1833.50
Epoch 19/200, Batch 300, Aver_Loss: 1793.23
Epoch 19/200, Batch 400, Aver_Loss: 1791.23
Epoch 20/200, Batch 100, Aver_Loss: 1749.46
Epoch 20/200, Batch 200, Aver_Loss: 1773.77
Epoch 20/200, Batch 300, Aver_Loss: 1798.79
Epoch 20/200, Batch 400, Aver_Loss: 1832.54
Epoch 21/200, Batch 100, Aver_Loss: 1768.52
Epoch 21/200, Batch 200, Aver_Loss: 1804.24
Epoch 21/200, Batch 300, Aver_Loss: 1802.48
Epoch 21/200, Batch 400, Aver_Loss: 1765.13
Epoch 22/200, Batch 100, Aver_Loss: 1740.59
Epoch 22/200, Batch 200, Aver_Loss: 1816.27
Epoch 22/200, Batch 300, Aver_Loss: 1807.03
Epoch 22/200, Batch 400, Aver_Loss: 1800.17
Epoch 23/200, Batch 100, Aver_Loss: 1735.44
Epoch 23/200, Batch 200, Aver_Loss: 1755.70
Epoch 23/200, Batch 300, Aver_Loss: 1731.94
Epoch 23/200, Batch 400, Aver_Loss: 1805.87
Epoch 24/200, Batch 100, Aver_Loss: 1753.68
Epoch 24/200, Batch 200, Aver_Loss: 1831.40
Epoch 24/200, Batch 300, Aver_Loss: 1809.90
Epoch 24/200, Batch 400, Aver_Loss: 1789.82
Epoch 25/200, Batch 100, Aver_Loss: 1814.30
Epoch 25/200, Batch 200, Aver_Loss: 1782.05
Epoch 25/200, Batch 300, Aver_Loss: 1753.54
Epoch 25/200, Batch 400, Aver_Loss: 1807.50
Epoch 26/200, Batch 100, Aver_Loss: 1828.63
Epoch 26/200, Batch 200, Aver_Loss: 1826.94
Epoch 26/200, Batch 300, Aver_Loss: 1798.73
Epoch 26/200, Batch 400, Aver_Loss: 1824.82
Epoch 27/200, Batch 100, Aver_Loss: 1785.92
Epoch 27/200, Batch 200, Aver_Loss: 1822.90
Epoch 27/200, Batch 300, Aver_Loss: 1801.77
Epoch 27/200, Batch 400, Aver_Loss: 1758.52
Epoch 28/200, Batch 100, Aver_Loss: 1735.49
Epoch 28/200, Batch 200, Aver_Loss: 1767.43
Epoch 28/200, Batch 300, Aver_Loss: 1802.43
Epoch 28/200, Batch 400, Aver_Loss: 1761.23
Epoch 29/200, Batch 100, Aver_Loss: 1754.45
Epoch 29/200, Batch 200, Aver_Loss: 1790.95
Epoch 29/200, Batch 300, Aver_Loss: 1757.47
Epoch 29/200, Batch 400, Aver_Loss: 1862.32
Epoch 30/200, Batch 100, Aver_Loss: 1828.04
Epoch 30/200, Batch 200, Aver_Loss: 1773.90
Epoch 30/200, Batch 300, Aver_Loss: 1721.07
Epoch 30/200, Batch 400, Aver_Loss: 1767.11
Epoch 31/200, Batch 100, Aver_Loss: 1743.54
Epoch 31/200, Batch 200, Aver_Loss: 1767.18
Epoch 31/200, Batch 300, Aver_Loss: 1818.54
Epoch 31/200, Batch 400, Aver_Loss: 1795.27
Epoch 32/200, Batch 100, Aver_Loss: 1790.31
Epoch 32/200, Batch 200, Aver_Loss: 1752.28
Epoch 32/200, Batch 300, Aver_Loss: 1791.27
Epoch 32/200, Batch 400, Aver_Loss: 1769.86
Epoch 33/200, Batch 100, Aver_Loss: 1832.18
Epoch 33/200, Batch 200, Aver_Loss: 1798.65
Epoch 33/200, Batch 300, Aver_Loss: 1775.12
Epoch 33/200, Batch 400, Aver_Loss: 1797.97
Epoch 34/200, Batch 100, Aver_Loss: 1757.46
Epoch 34/200, Batch 200, Aver_Loss: 1820.04
Epoch 34/200, Batch 300, Aver_Loss: 1774.59
Epoch 34/200, Batch 400, Aver_Loss: 1788.19
Epoch 35/200, Batch 100, Aver_Loss: 1759.93
Epoch 35/200, Batch 200, Aver_Loss: 1783.77
Epoch 35/200, Batch 300, Aver_Loss: 1801.12
Epoch 35/200, Batch 400, Aver_Loss: 1828.64
Epoch 36/200, Batch 100, Aver_Loss: 1760.74
Epoch 36/200, Batch 200, Aver_Loss: 1795.76
Epoch 36/200, Batch 300, Aver_Loss: 1753.50
Epoch 36/200, Batch 400, Aver_Loss: 1806.22
Epoch 37/200, Batch 100, Aver_Loss: 1820.77
Epoch 37/200, Batch 200, Aver_Loss: 1841.15
Epoch 37/200, Batch 300, Aver_Loss: 1779.92
Epoch 37/200, Batch 400, Aver_Loss: 1829.07
Epoch 38/200, Batch 100, Aver_Loss: 1777.54
Epoch 38/200, Batch 200, Aver_Loss: 1773.03
Epoch 38/200, Batch 300, Aver_Loss: 1771.75
Epoch 38/200, Batch 400, Aver_Loss: 1771.14
Epoch 39/200, Batch 100, Aver_Loss: 1807.29
Epoch 39/200, Batch 200, Aver_Loss: 1784.95
Epoch 39/200, Batch 300, Aver_Loss: 1794.84
Epoch 39/200, Batch 400, Aver_Loss: 1788.31
Epoch 40/200, Batch 100, Aver_Loss: 1769.52
Epoch 40/200, Batch 200, Aver_Loss: 1797.65
Epoch 40/200, Batch 300, Aver_Loss: 1765.84
Epoch 40/200, Batch 400, Aver_Loss: 1777.05
Epoch 41/200, Batch 100, Aver_Loss: 1733.07
Epoch 41/200, Batch 200, Aver_Loss: 1807.43
Epoch 41/200, Batch 300, Aver_Loss: 1789.52
Epoch 41/200, Batch 400, Aver_Loss: 1800.25
Epoch 42/200, Batch 100, Aver_Loss: 1757.04
Epoch 42/200, Batch 200, Aver_Loss: 1782.93
Epoch 42/200, Batch 300, Aver_Loss: 1803.06
Epoch 42/200, Batch 400, Aver_Loss: 1826.02
Epoch 43/200, Batch 100, Aver_Loss: 1790.25
Epoch 43/200, Batch 200, Aver_Loss: 1818.82
Epoch 43/200, Batch 300, Aver_Loss: 1808.79
Epoch 43/200, Batch 400, Aver_Loss: 1767.62
Epoch 44/200, Batch 100, Aver_Loss: 1786.67
Epoch 44/200, Batch 200, Aver_Loss: 1796.05
Epoch 44/200, Batch 300, Aver_Loss: 1804.33
Epoch 44/200, Batch 400, Aver_Loss: 1825.69
Epoch 45/200, Batch 100, Aver_Loss: 1798.83
Epoch 45/200, Batch 200, Aver_Loss: 1796.46
Epoch 45/200, Batch 300, Aver_Loss: 1792.07
Epoch 45/200, Batch 400, Aver_Loss: 1762.34
Epoch 46/200, Batch 100, Aver_Loss: 1766.39
Epoch 46/200, Batch 200, Aver_Loss: 1809.25
Epoch 46/200, Batch 300, Aver_Loss: 1806.60
Epoch 46/200, Batch 400, Aver_Loss: 1734.44
Epoch 47/200, Batch 100, Aver_Loss: 1802.52
Epoch 47/200, Batch 200, Aver_Loss: 1800.97
Epoch 47/200, Batch 300, Aver_Loss: 1775.85
Epoch 47/200, Batch 400, Aver_Loss: 1784.84
Epoch 48/200, Batch 100, Aver_Loss: 1836.42
Epoch 48/200, Batch 200, Aver_Loss: 1731.31
Epoch 48/200, Batch 300, Aver_Loss: 1824.22
Epoch 48/200, Batch 400, Aver_Loss: 1769.90
Epoch 49/200, Batch 100, Aver_Loss: 1777.90
Epoch 49/200, Batch 200, Aver_Loss: 1783.03
Epoch 49/200, Batch 300, Aver_Loss: 1778.01
Epoch 49/200, Batch 400, Aver_Loss: 1795.67
Epoch 50/200, Batch 100, Aver_Loss: 1798.96
Epoch 50/200, Batch 200, Aver_Loss: 1805.31
Epoch 50/200, Batch 300, Aver_Loss: 1807.80
Epoch 50/200, Batch 400, Aver_Loss: 1799.18
Epoch 51/200, Batch 100, Aver_Loss: 1808.65
Epoch 51/200, Batch 200, Aver_Loss: 1821.54
Epoch 51/200, Batch 300, Aver_Loss: 1802.15
Epoch 51/200, Batch 400, Aver_Loss: 1792.68
Epoch 52/200, Batch 100, Aver_Loss: 1718.19
Epoch 52/200, Batch 200, Aver_Loss: 1798.85
Epoch 52/200, Batch 300, Aver_Loss: 1802.58
Epoch 52/200, Batch 400, Aver_Loss: 1806.37
Epoch 53/200, Batch 100, Aver_Loss: 1751.11
Epoch 53/200, Batch 200, Aver_Loss: 1789.88
Epoch 53/200, Batch 300, Aver_Loss: 1775.89
Epoch 53/200, Batch 400, Aver_Loss: 1789.35
Epoch 54/200, Batch 100, Aver_Loss: 1793.84
Epoch 54/200, Batch 200, Aver_Loss: 1801.10
Epoch 54/200, Batch 300, Aver_Loss: 1783.55
Epoch 54/200, Batch 400, Aver_Loss: 1815.23
Epoch 55/200, Batch 100, Aver_Loss: 1763.89
Epoch 55/200, Batch 200, Aver_Loss: 1720.15
Epoch 55/200, Batch 300, Aver_Loss: 1795.78
Epoch 55/200, Batch 400, Aver_Loss: 1779.31
Epoch 56/200, Batch 100, Aver_Loss: 1772.76
Epoch 56/200, Batch 200, Aver_Loss: 1801.76
Epoch 56/200, Batch 300, Aver_Loss: 1813.73
Epoch 56/200, Batch 400, Aver_Loss: 1798.77
Epoch 57/200, Batch 100, Aver_Loss: 1754.57
Epoch 57/200, Batch 200, Aver_Loss: 1799.96
Epoch 57/200, Batch 300, Aver_Loss: 1822.56
Epoch 57/200, Batch 400, Aver_Loss: 1792.38
Epoch 58/200, Batch 100, Aver_Loss: 1811.05
Epoch 58/200, Batch 200, Aver_Loss: 1791.78
Epoch 58/200, Batch 300, Aver_Loss: 1774.67
Epoch 58/200, Batch 400, Aver_Loss: 1811.94
Epoch 59/200, Batch 100, Aver_Loss: 1789.42
Epoch 59/200, Batch 200, Aver_Loss: 1778.23
Epoch 59/200, Batch 300, Aver_Loss: 1827.79
Epoch 59/200, Batch 400, Aver_Loss: 1755.42
Epoch 60/200, Batch 100, Aver_Loss: 1738.51
Epoch 60/200, Batch 200, Aver_Loss: 1774.35
Epoch 60/200, Batch 300, Aver_Loss: 1801.35
Epoch 60/200, Batch 400, Aver_Loss: 1783.03
Epoch 61/200, Batch 100, Aver_Loss: 1793.36
Epoch 61/200, Batch 200, Aver_Loss: 1752.11
Epoch 61/200, Batch 300, Aver_Loss: 1786.45
Epoch 61/200, Batch 400, Aver_Loss: 1798.13
Epoch 62/200, Batch 100, Aver_Loss: 1775.64
Epoch 62/200, Batch 200, Aver_Loss: 1824.53
Epoch 62/200, Batch 300, Aver_Loss: 1791.16
Epoch 62/200, Batch 400, Aver_Loss: 1757.30
Epoch 63/200, Batch 100, Aver_Loss: 1825.81
Epoch 63/200, Batch 200, Aver_Loss: 1749.95
Epoch 63/200, Batch 300, Aver_Loss: 1750.11
Epoch 63/200, Batch 400, Aver_Loss: 1796.41
Epoch 64/200, Batch 100, Aver_Loss: 1773.28
Epoch 64/200, Batch 200, Aver_Loss: 1770.17
Epoch 64/200, Batch 300, Aver_Loss: 1750.03
Epoch 64/200, Batch 400, Aver_Loss: 1789.33
Epoch 65/200, Batch 100, Aver_Loss: 1809.24
Epoch 65/200, Batch 200, Aver_Loss: 1772.85
Epoch 65/200, Batch 300, Aver_Loss: 1853.65
Epoch 65/200, Batch 400, Aver_Loss: 1798.64
Epoch 66/200, Batch 100, Aver_Loss: 1805.22
Epoch 66/200, Batch 200, Aver_Loss: 1801.56
Epoch 66/200, Batch 300, Aver_Loss: 1779.04
Epoch 66/200, Batch 400, Aver_Loss: 1765.82
Epoch 67/200, Batch 100, Aver_Loss: 1779.12
Epoch 67/200, Batch 200, Aver_Loss: 1785.83
Epoch 67/200, Batch 300, Aver_Loss: 1799.22
Epoch 67/200, Batch 400, Aver_Loss: 1767.69
Epoch 68/200, Batch 100, Aver_Loss: 1800.64
Epoch 68/200, Batch 200, Aver_Loss: 1779.46
Epoch 68/200, Batch 300, Aver_Loss: 1830.29
Epoch 68/200, Batch 400, Aver_Loss: 1844.20
Epoch 69/200, Batch 100, Aver_Loss: 1820.65
Epoch 69/200, Batch 200, Aver_Loss: 1806.18
Epoch 69/200, Batch 300, Aver_Loss: 1750.84
Epoch 69/200, Batch 400, Aver_Loss: 1776.89
Epoch 70/200, Batch 100, Aver_Loss: 1758.82
Epoch 70/200, Batch 200, Aver_Loss: 1780.51
Epoch 70/200, Batch 300, Aver_Loss: 1781.75
Epoch 70/200, Batch 400, Aver_Loss: 1786.51
Epoch 71/200, Batch 100, Aver_Loss: 1737.76
Epoch 71/200, Batch 200, Aver_Loss: 1811.72
Epoch 71/200, Batch 300, Aver_Loss: 1780.70
Epoch 71/200, Batch 400, Aver_Loss: 1723.81
Epoch 72/200, Batch 100, Aver_Loss: 1807.09
Epoch 72/200, Batch 200, Aver_Loss: 1825.86
Epoch 72/200, Batch 300, Aver_Loss: 1792.80
Epoch 72/200, Batch 400, Aver_Loss: 1797.03
Epoch 73/200, Batch 100, Aver_Loss: 1732.99
Epoch 73/200, Batch 200, Aver_Loss: 1804.67
Epoch 73/200, Batch 300, Aver_Loss: 1749.84
Epoch 73/200, Batch 400, Aver_Loss: 1797.85
Epoch 74/200, Batch 100, Aver_Loss: 1817.44
Epoch 74/200, Batch 200, Aver_Loss: 1761.19
Epoch 74/200, Batch 300, Aver_Loss: 1832.77
Epoch 74/200, Batch 400, Aver_Loss: 1800.85
Epoch 75/200, Batch 100, Aver_Loss: 1758.18
Epoch 75/200, Batch 200, Aver_Loss: 1790.14
Epoch 75/200, Batch 300, Aver_Loss: 1797.75
Epoch 75/200, Batch 400, Aver_Loss: 1785.68
Epoch 76/200, Batch 100, Aver_Loss: 1795.68
Epoch 76/200, Batch 200, Aver_Loss: 1800.78
Epoch 76/200, Batch 300, Aver_Loss: 1821.10
Epoch 76/200, Batch 400, Aver_Loss: 1788.46
Epoch 77/200, Batch 100, Aver_Loss: 1756.70
Epoch 77/200, Batch 200, Aver_Loss: 1804.98
Epoch 77/200, Batch 300, Aver_Loss: 1764.89
Epoch 77/200, Batch 400, Aver_Loss: 1766.85
Epoch 78/200, Batch 100, Aver_Loss: 1757.40
Epoch 78/200, Batch 200, Aver_Loss: 1798.49
Epoch 78/200, Batch 300, Aver_Loss: 1790.59
Epoch 78/200, Batch 400, Aver_Loss: 1776.02
Epoch 79/200, Batch 100, Aver_Loss: 1787.50
Epoch 79/200, Batch 200, Aver_Loss: 1782.70
Epoch 79/200, Batch 300, Aver_Loss: 1790.92
Epoch 79/200, Batch 400, Aver_Loss: 1788.54
Epoch 80/200, Batch 100, Aver_Loss: 1808.88
Epoch 80/200, Batch 200, Aver_Loss: 1815.24
Epoch 80/200, Batch 300, Aver_Loss: 1784.27
Epoch 80/200, Batch 400, Aver_Loss: 1768.47
Epoch 81/200, Batch 100, Aver_Loss: 1825.72
Epoch 81/200, Batch 200, Aver_Loss: 1816.71
Epoch 81/200, Batch 300, Aver_Loss: 1757.24
Epoch 81/200, Batch 400, Aver_Loss: 1800.54
Epoch 82/200, Batch 100, Aver_Loss: 1816.85
Epoch 82/200, Batch 200, Aver_Loss: 1787.69
Epoch 82/200, Batch 300, Aver_Loss: 1780.84
Epoch 82/200, Batch 400, Aver_Loss: 1763.64
Epoch 83/200, Batch 100, Aver_Loss: 1793.05
Epoch 83/200, Batch 200, Aver_Loss: 1791.05
Epoch 83/200, Batch 300, Aver_Loss: 1787.95
Epoch 83/200, Batch 400, Aver_Loss: 1791.35
Epoch 84/200, Batch 100, Aver_Loss: 1790.20
Epoch 84/200, Batch 200, Aver_Loss: 1723.07
Epoch 84/200, Batch 300, Aver_Loss: 1799.24
Epoch 84/200, Batch 400, Aver_Loss: 1765.72
Epoch 85/200, Batch 100, Aver_Loss: 1756.92
Epoch 85/200, Batch 200, Aver_Loss: 1789.40
Epoch 85/200, Batch 300, Aver_Loss: 1822.08
Epoch 85/200, Batch 400, Aver_Loss: 1704.42
Epoch 86/200, Batch 100, Aver_Loss: 1745.93
Epoch 86/200, Batch 200, Aver_Loss: 1847.49
Epoch 86/200, Batch 300, Aver_Loss: 1766.13
Epoch 86/200, Batch 400, Aver_Loss: 1829.22
Epoch 87/200, Batch 100, Aver_Loss: 1749.80
Epoch 87/200, Batch 200, Aver_Loss: 1755.49
Epoch 87/200, Batch 300, Aver_Loss: 1752.95
Epoch 87/200, Batch 400, Aver_Loss: 1785.80
Epoch 88/200, Batch 100, Aver_Loss: 1797.25
Epoch 88/200, Batch 200, Aver_Loss: 1790.35
Epoch 88/200, Batch 300, Aver_Loss: 1783.92
Epoch 88/200, Batch 400, Aver_Loss: 1828.64
Epoch 89/200, Batch 100, Aver_Loss: 1782.45
Epoch 89/200, Batch 200, Aver_Loss: 1762.24
Epoch 89/200, Batch 300, Aver_Loss: 1819.27
Epoch 89/200, Batch 400, Aver_Loss: 1778.55
Epoch 90/200, Batch 100, Aver_Loss: 1771.63
Epoch 90/200, Batch 200, Aver_Loss: 1806.35
Epoch 90/200, Batch 300, Aver_Loss: 1777.77
Epoch 90/200, Batch 400, Aver_Loss: 1764.81
Epoch 91/200, Batch 100, Aver_Loss: 1787.95
Epoch 91/200, Batch 200, Aver_Loss: 1800.65
Epoch 91/200, Batch 300, Aver_Loss: 1779.28
Epoch 91/200, Batch 400, Aver_Loss: 1800.52
Epoch 92/200, Batch 100, Aver_Loss: 1804.79
Epoch 92/200, Batch 200, Aver_Loss: 1821.82
Epoch 92/200, Batch 300, Aver_Loss: 1807.67
Epoch 92/200, Batch 400, Aver_Loss: 1755.44
Epoch 93/200, Batch 100, Aver_Loss: 1815.32
Epoch 93/200, Batch 200, Aver_Loss: 1850.39
Epoch 93/200, Batch 300, Aver_Loss: 1762.44
Epoch 93/200, Batch 400, Aver_Loss: 1768.73
Epoch 94/200, Batch 100, Aver_Loss: 1775.62
Epoch 94/200, Batch 200, Aver_Loss: 1782.81
Epoch 94/200, Batch 300, Aver_Loss: 1764.06
Epoch 94/200, Batch 400, Aver_Loss: 1845.81
Epoch 95/200, Batch 100, Aver_Loss: 1773.74
Epoch 95/200, Batch 200, Aver_Loss: 1788.31
Epoch 95/200, Batch 300, Aver_Loss: 1810.38
Epoch 95/200, Batch 400, Aver_Loss: 1789.45
Epoch 96/200, Batch 100, Aver_Loss: 1782.42
Epoch 96/200, Batch 200, Aver_Loss: 1833.34
Epoch 96/200, Batch 300, Aver_Loss: 1772.74
Epoch 96/200, Batch 400, Aver_Loss: 1804.95
Epoch 97/200, Batch 100, Aver_Loss: 1804.13
Epoch 97/200, Batch 200, Aver_Loss: 1809.30
Epoch 97/200, Batch 300, Aver_Loss: 1812.04
Epoch 97/200, Batch 400, Aver_Loss: 1816.26
Epoch 98/200, Batch 100, Aver_Loss: 1802.36
Epoch 98/200, Batch 200, Aver_Loss: 1795.60
Epoch 98/200, Batch 300, Aver_Loss: 1769.41
Epoch 98/200, Batch 400, Aver_Loss: 1727.94
Epoch 99/200, Batch 100, Aver_Loss: 1788.28
Epoch 99/200, Batch 200, Aver_Loss: 1847.97
Epoch 99/200, Batch 300, Aver_Loss: 1787.18
Epoch 99/200, Batch 400, Aver_Loss: 1793.07
Epoch 100/200, Batch 100, Aver_Loss: 1768.32
Epoch 100/200, Batch 200, Aver_Loss: 1797.71
Epoch 100/200, Batch 300, Aver_Loss: 1779.11
Epoch 100/200, Batch 400, Aver_Loss: 1818.52
Epoch 101/200, Batch 100, Aver_Loss: 1816.53
Epoch 101/200, Batch 200, Aver_Loss: 1783.99
Epoch 101/200, Batch 300, Aver_Loss: 1791.91
Epoch 101/200, Batch 400, Aver_Loss: 1816.28
Epoch 102/200, Batch 100, Aver_Loss: 1802.60
Epoch 102/200, Batch 200, Aver_Loss: 1780.52
Epoch 102/200, Batch 300, Aver_Loss: 1775.07
Epoch 102/200, Batch 400, Aver_Loss: 1816.91
Epoch 103/200, Batch 100, Aver_Loss: 1802.29
Epoch 103/200, Batch 200, Aver_Loss: 1749.82
Epoch 103/200, Batch 300, Aver_Loss: 1834.24
Epoch 103/200, Batch 400, Aver_Loss: 1777.90
Epoch 104/200, Batch 100, Aver_Loss: 1787.20
Epoch 104/200, Batch 200, Aver_Loss: 1807.13
Epoch 104/200, Batch 300, Aver_Loss: 1804.70
Epoch 104/200, Batch 400, Aver_Loss: 1802.39
Epoch 105/200, Batch 100, Aver_Loss: 1842.28
Epoch 105/200, Batch 200, Aver_Loss: 1742.90
Epoch 105/200, Batch 300, Aver_Loss: 1715.62
Epoch 105/200, Batch 400, Aver_Loss: 1783.83
Epoch 106/200, Batch 100, Aver_Loss: 1752.51
Epoch 106/200, Batch 200, Aver_Loss: 1790.38
Epoch 106/200, Batch 300, Aver_Loss: 1827.30
Epoch 106/200, Batch 400, Aver_Loss: 1781.57
Epoch 107/200, Batch 100, Aver_Loss: 1749.76
Epoch 107/200, Batch 200, Aver_Loss: 1728.52
Epoch 107/200, Batch 300, Aver_Loss: 1786.90
Epoch 107/200, Batch 400, Aver_Loss: 1740.21
Epoch 108/200, Batch 100, Aver_Loss: 1783.85
Epoch 108/200, Batch 200, Aver_Loss: 1748.20
Epoch 108/200, Batch 300, Aver_Loss: 1748.96
Epoch 108/200, Batch 400, Aver_Loss: 1760.73
Epoch 109/200, Batch 100, Aver_Loss: 1742.26
Epoch 109/200, Batch 200, Aver_Loss: 1788.80
Epoch 109/200, Batch 300, Aver_Loss: 1765.54
Epoch 109/200, Batch 400, Aver_Loss: 1782.70
Epoch 110/200, Batch 100, Aver_Loss: 1760.14
Epoch 110/200, Batch 200, Aver_Loss: 1755.63
Epoch 110/200, Batch 300, Aver_Loss: 1793.68
Epoch 110/200, Batch 400, Aver_Loss: 1799.53
Epoch 111/200, Batch 100, Aver_Loss: 1766.70
Epoch 111/200, Batch 200, Aver_Loss: 1754.27
Epoch 111/200, Batch 300, Aver_Loss: 1798.52
Epoch 111/200, Batch 400, Aver_Loss: 1803.44
Epoch 112/200, Batch 100, Aver_Loss: 1802.29
Epoch 112/200, Batch 200, Aver_Loss: 1753.94
Epoch 112/200, Batch 300, Aver_Loss: 1781.35
Epoch 112/200, Batch 400, Aver_Loss: 1797.36
Epoch 113/200, Batch 100, Aver_Loss: 1868.22
Epoch 113/200, Batch 200, Aver_Loss: 1773.17
Epoch 113/200, Batch 300, Aver_Loss: 1729.61
Epoch 113/200, Batch 400, Aver_Loss: 1747.70
Epoch 114/200, Batch 100, Aver_Loss: 1793.13
Epoch 114/200, Batch 200, Aver_Loss: 1728.41
Epoch 114/200, Batch 300, Aver_Loss: 1771.94
Epoch 114/200, Batch 400, Aver_Loss: 1770.21
Epoch 115/200, Batch 100, Aver_Loss: 1759.86
Epoch 115/200, Batch 200, Aver_Loss: 1799.97
Epoch 115/200, Batch 300, Aver_Loss: 1744.18
Epoch 115/200, Batch 400, Aver_Loss: 1821.08
Epoch 116/200, Batch 100, Aver_Loss: 1788.62
Epoch 116/200, Batch 200, Aver_Loss: 1721.04
Epoch 116/200, Batch 300, Aver_Loss: 1738.77
Epoch 116/200, Batch 400, Aver_Loss: 1806.00
Epoch 117/200, Batch 100, Aver_Loss: 1793.43
Epoch 117/200, Batch 200, Aver_Loss: 1784.29
Epoch 117/200, Batch 300, Aver_Loss: 1786.31
Epoch 117/200, Batch 400, Aver_Loss: 1748.80
Epoch 118/200, Batch 100, Aver_Loss: 1764.75
Epoch 118/200, Batch 200, Aver_Loss: 1792.39
Epoch 118/200, Batch 300, Aver_Loss: 1790.07
Epoch 118/200, Batch 400, Aver_Loss: 1756.93
Epoch 119/200, Batch 100, Aver_Loss: 1815.74
Epoch 119/200, Batch 200, Aver_Loss: 1807.62
Epoch 119/200, Batch 300, Aver_Loss: 1793.76
Epoch 119/200, Batch 400, Aver_Loss: 1748.18
Epoch 120/200, Batch 100, Aver_Loss: 1764.03
Epoch 120/200, Batch 200, Aver_Loss: 1755.55
Epoch 120/200, Batch 300, Aver_Loss: 1734.13
Epoch 120/200, Batch 400, Aver_Loss: 1775.37
Epoch 121/200, Batch 100, Aver_Loss: 1789.70
Epoch 121/200, Batch 200, Aver_Loss: 1767.85
Epoch 121/200, Batch 300, Aver_Loss: 1780.80
Epoch 121/200, Batch 400, Aver_Loss: 1809.88
Epoch 122/200, Batch 100, Aver_Loss: 1804.16
Epoch 122/200, Batch 200, Aver_Loss: 1782.46
Epoch 122/200, Batch 300, Aver_Loss: 1812.95
Epoch 122/200, Batch 400, Aver_Loss: 1790.57
Epoch 123/200, Batch 100, Aver_Loss: 1787.56
Epoch 123/200, Batch 200, Aver_Loss: 1810.75
Epoch 123/200, Batch 300, Aver_Loss: 1810.65
Epoch 123/200, Batch 400, Aver_Loss: 1732.71
Epoch 124/200, Batch 100, Aver_Loss: 1718.14
Epoch 124/200, Batch 200, Aver_Loss: 1744.19
Epoch 124/200, Batch 300, Aver_Loss: 1764.58
Epoch 124/200, Batch 400, Aver_Loss: 1759.09
Epoch 125/200, Batch 100, Aver_Loss: 1811.99
Epoch 125/200, Batch 200, Aver_Loss: 1774.42
Epoch 125/200, Batch 300, Aver_Loss: 1755.56
Epoch 125/200, Batch 400, Aver_Loss: 1783.96
Epoch 126/200, Batch 100, Aver_Loss: 1770.29
Epoch 126/200, Batch 200, Aver_Loss: 1789.63
Epoch 126/200, Batch 300, Aver_Loss: 1805.22
Epoch 126/200, Batch 400, Aver_Loss: 1776.17
Epoch 127/200, Batch 100, Aver_Loss: 1747.13
Epoch 127/200, Batch 200, Aver_Loss: 1763.45
Epoch 127/200, Batch 300, Aver_Loss: 1813.94
Epoch 127/200, Batch 400, Aver_Loss: 1719.63
Epoch 128/200, Batch 100, Aver_Loss: 1794.83
Epoch 128/200, Batch 200, Aver_Loss: 1761.96
Epoch 128/200, Batch 300, Aver_Loss: 1739.09
Epoch 128/200, Batch 400, Aver_Loss: 1756.94
Epoch 129/200, Batch 100, Aver_Loss: 1743.39
Epoch 129/200, Batch 200, Aver_Loss: 1769.48
Epoch 129/200, Batch 300, Aver_Loss: 1763.63
Epoch 129/200, Batch 400, Aver_Loss: 1808.79
Epoch 130/200, Batch 100, Aver_Loss: 1796.70
Epoch 130/200, Batch 200, Aver_Loss: 1821.54
Epoch 130/200, Batch 300, Aver_Loss: 1761.98
Epoch 130/200, Batch 400, Aver_Loss: 1787.65
Epoch 131/200, Batch 100, Aver_Loss: 1774.55
Epoch 131/200, Batch 200, Aver_Loss: 1755.18
Epoch 131/200, Batch 300, Aver_Loss: 1829.18
Epoch 131/200, Batch 400, Aver_Loss: 1811.15
Epoch 132/200, Batch 100, Aver_Loss: 1787.25
Epoch 132/200, Batch 200, Aver_Loss: 1747.43
Epoch 132/200, Batch 300, Aver_Loss: 1799.79
Epoch 132/200, Batch 400, Aver_Loss: 1829.15
Epoch 133/200, Batch 100, Aver_Loss: 1743.59
Epoch 133/200, Batch 200, Aver_Loss: 1715.44
Epoch 133/200, Batch 300, Aver_Loss: 1784.34
Epoch 133/200, Batch 400, Aver_Loss: 1725.71
Epoch 134/200, Batch 100, Aver_Loss: 1742.31
Epoch 134/200, Batch 200, Aver_Loss: 1723.05
Epoch 134/200, Batch 300, Aver_Loss: 1739.60
Epoch 134/200, Batch 400, Aver_Loss: 1833.37
Epoch 135/200, Batch 100, Aver_Loss: 1829.14
Epoch 135/200, Batch 200, Aver_Loss: 1809.27
Epoch 135/200, Batch 300, Aver_Loss: 1783.35
Epoch 135/200, Batch 400, Aver_Loss: 1728.31
Epoch 136/200, Batch 100, Aver_Loss: 1757.50
Epoch 136/200, Batch 200, Aver_Loss: 1769.74
Epoch 136/200, Batch 300, Aver_Loss: 1787.28
Epoch 136/200, Batch 400, Aver_Loss: 1798.80
Epoch 137/200, Batch 100, Aver_Loss: 1767.19
Epoch 137/200, Batch 200, Aver_Loss: 1800.52
Epoch 137/200, Batch 300, Aver_Loss: 1750.99
Epoch 137/200, Batch 400, Aver_Loss: 1803.27
Epoch 138/200, Batch 100, Aver_Loss: 1725.59
Epoch 138/200, Batch 200, Aver_Loss: 1804.16
Epoch 138/200, Batch 300, Aver_Loss: 1786.01
Epoch 138/200, Batch 400, Aver_Loss: 1809.67
Epoch 139/200, Batch 100, Aver_Loss: 1793.56
Epoch 139/200, Batch 200, Aver_Loss: 1811.59
Epoch 139/200, Batch 300, Aver_Loss: 1761.24
Epoch 139/200, Batch 400, Aver_Loss: 1767.83
Epoch 140/200, Batch 100, Aver_Loss: 1813.90
Epoch 140/200, Batch 200, Aver_Loss: 1824.20
Epoch 140/200, Batch 300, Aver_Loss: 1758.46
Epoch 140/200, Batch 400, Aver_Loss: 1801.90
Epoch 141/200, Batch 100, Aver_Loss: 1788.46
Epoch 141/200, Batch 200, Aver_Loss: 1760.20
Epoch 141/200, Batch 300, Aver_Loss: 1801.09
Epoch 141/200, Batch 400, Aver_Loss: 1778.47
Epoch 142/200, Batch 100, Aver_Loss: 1810.48
Epoch 142/200, Batch 200, Aver_Loss: 1750.70
Epoch 142/200, Batch 300, Aver_Loss: 1772.51
Epoch 142/200, Batch 400, Aver_Loss: 1805.52
Epoch 143/200, Batch 100, Aver_Loss: 1798.57
Epoch 143/200, Batch 200, Aver_Loss: 1812.84
Epoch 143/200, Batch 300, Aver_Loss: 1759.97
Epoch 143/200, Batch 400, Aver_Loss: 1777.08
Epoch 144/200, Batch 100, Aver_Loss: 1708.67
Epoch 144/200, Batch 200, Aver_Loss: 1782.60
Epoch 144/200, Batch 300, Aver_Loss: 1785.17
Epoch 144/200, Batch 400, Aver_Loss: 1829.29
Epoch 145/200, Batch 100, Aver_Loss: 1807.27
Epoch 145/200, Batch 200, Aver_Loss: 1786.68
Epoch 145/200, Batch 300, Aver_Loss: 1753.41
Epoch 145/200, Batch 400, Aver_Loss: 1807.71
Epoch 146/200, Batch 100, Aver_Loss: 1808.94
Epoch 146/200, Batch 200, Aver_Loss: 1805.84
Epoch 146/200, Batch 300, Aver_Loss: 1816.95
Epoch 146/200, Batch 400, Aver_Loss: 1728.62
Epoch 147/200, Batch 100, Aver_Loss: 1782.51
Epoch 147/200, Batch 200, Aver_Loss: 1743.69
Epoch 147/200, Batch 300, Aver_Loss: 1743.96
Epoch 147/200, Batch 400, Aver_Loss: 1787.13
Epoch 148/200, Batch 100, Aver_Loss: 1785.74
Epoch 148/200, Batch 200, Aver_Loss: 1798.50
Epoch 148/200, Batch 300, Aver_Loss: 1811.08
Epoch 148/200, Batch 400, Aver_Loss: 1725.83
Epoch 149/200, Batch 100, Aver_Loss: 1799.94
Epoch 149/200, Batch 200, Aver_Loss: 1786.92
Epoch 149/200, Batch 300, Aver_Loss: 1791.04
Epoch 149/200, Batch 400, Aver_Loss: 1871.70
Epoch 150/200, Batch 100, Aver_Loss: 1779.70
Epoch 150/200, Batch 200, Aver_Loss: 1700.15
Epoch 150/200, Batch 300, Aver_Loss: 1761.50
Epoch 150/200, Batch 400, Aver_Loss: 1749.24
Epoch 151/200, Batch 100, Aver_Loss: 1719.98
Epoch 151/200, Batch 200, Aver_Loss: 1801.38
Epoch 151/200, Batch 300, Aver_Loss: 1843.33
Epoch 151/200, Batch 400, Aver_Loss: 1765.19
Epoch 152/200, Batch 100, Aver_Loss: 1810.03
Epoch 152/200, Batch 200, Aver_Loss: 1782.91
Epoch 152/200, Batch 300, Aver_Loss: 1796.35
Epoch 152/200, Batch 400, Aver_Loss: 1774.37
Epoch 153/200, Batch 100, Aver_Loss: 1796.80
Epoch 153/200, Batch 200, Aver_Loss: 1764.57
Epoch 153/200, Batch 300, Aver_Loss: 1791.60
Epoch 153/200, Batch 400, Aver_Loss: 1725.35
Epoch 154/200, Batch 100, Aver_Loss: 1772.99
Epoch 154/200, Batch 200, Aver_Loss: 1786.26
Epoch 154/200, Batch 300, Aver_Loss: 1792.58
Epoch 154/200, Batch 400, Aver_Loss: 1801.15
Epoch 155/200, Batch 100, Aver_Loss: 1809.31
Epoch 155/200, Batch 200, Aver_Loss: 1783.63
Epoch 155/200, Batch 300, Aver_Loss: 1740.06
Epoch 155/200, Batch 400, Aver_Loss: 1820.41
Epoch 156/200, Batch 100, Aver_Loss: 1791.95
Epoch 156/200, Batch 200, Aver_Loss: 1769.59
Epoch 156/200, Batch 300, Aver_Loss: 1780.95
Epoch 156/200, Batch 400, Aver_Loss: 1794.91
Epoch 157/200, Batch 100, Aver_Loss: 1757.29
Epoch 157/200, Batch 200, Aver_Loss: 1740.14
Epoch 157/200, Batch 300, Aver_Loss: 1757.63
Epoch 157/200, Batch 400, Aver_Loss: 1823.94
Epoch 158/200, Batch 100, Aver_Loss: 1761.82
Epoch 158/200, Batch 200, Aver_Loss: 1799.81
Epoch 158/200, Batch 300, Aver_Loss: 1766.96
Epoch 158/200, Batch 400, Aver_Loss: 1718.38
Epoch 159/200, Batch 100, Aver_Loss: 1768.08
Epoch 159/200, Batch 200, Aver_Loss: 1744.78
Epoch 159/200, Batch 300, Aver_Loss: 1817.01
Epoch 159/200, Batch 400, Aver_Loss: 1798.80
Epoch 160/200, Batch 100, Aver_Loss: 1774.88
Epoch 160/200, Batch 200, Aver_Loss: 1793.99
Epoch 160/200, Batch 300, Aver_Loss: 1787.84
Epoch 160/200, Batch 400, Aver_Loss: 1776.66
Epoch 161/200, Batch 100, Aver_Loss: 1757.35
Epoch 161/200, Batch 200, Aver_Loss: 1761.15
Epoch 161/200, Batch 300, Aver_Loss: 1765.99
Epoch 161/200, Batch 400, Aver_Loss: 1750.47
Epoch 162/200, Batch 100, Aver_Loss: 1813.06
Epoch 162/200, Batch 200, Aver_Loss: 1786.80
Epoch 162/200, Batch 300, Aver_Loss: 1766.14
Epoch 162/200, Batch 400, Aver_Loss: 1783.65
Epoch 163/200, Batch 100, Aver_Loss: 1754.74
Epoch 163/200, Batch 200, Aver_Loss: 1769.41
Epoch 163/200, Batch 300, Aver_Loss: 1764.84
Epoch 163/200, Batch 400, Aver_Loss: 1770.62
Epoch 164/200, Batch 100, Aver_Loss: 1768.97
Epoch 164/200, Batch 200, Aver_Loss: 1771.85
Epoch 164/200, Batch 300, Aver_Loss: 1745.24
Epoch 164/200, Batch 400, Aver_Loss: 1756.66
Epoch 165/200, Batch 100, Aver_Loss: 1768.06
Epoch 165/200, Batch 200, Aver_Loss: 1773.57
Epoch 165/200, Batch 300, Aver_Loss: 1774.60
Epoch 165/200, Batch 400, Aver_Loss: 1825.93
Epoch 166/200, Batch 100, Aver_Loss: 1771.19
Epoch 166/200, Batch 200, Aver_Loss: 1732.19
Epoch 166/200, Batch 300, Aver_Loss: 1816.80
Epoch 166/200, Batch 400, Aver_Loss: 1761.07
Epoch 167/200, Batch 100, Aver_Loss: 1806.22
Epoch 167/200, Batch 200, Aver_Loss: 1752.91
Epoch 167/200, Batch 300, Aver_Loss: 1791.38
Epoch 167/200, Batch 400, Aver_Loss: 1755.26
Epoch 168/200, Batch 100, Aver_Loss: 1781.34
Epoch 168/200, Batch 200, Aver_Loss: 1745.21
Epoch 168/200, Batch 300, Aver_Loss: 1771.26
Epoch 168/200, Batch 400, Aver_Loss: 1831.64
Epoch 169/200, Batch 100, Aver_Loss: 1811.95
Epoch 169/200, Batch 200, Aver_Loss: 1758.09
Epoch 169/200, Batch 300, Aver_Loss: 1754.89
Epoch 169/200, Batch 400, Aver_Loss: 1751.01
Epoch 170/200, Batch 100, Aver_Loss: 1776.83
Epoch 170/200, Batch 200, Aver_Loss: 1781.05
Epoch 170/200, Batch 300, Aver_Loss: 1805.71
Epoch 170/200, Batch 400, Aver_Loss: 1802.66
Epoch 171/200, Batch 100, Aver_Loss: 1735.51
Epoch 171/200, Batch 200, Aver_Loss: 1798.00
Epoch 171/200, Batch 300, Aver_Loss: 1792.95
Epoch 171/200, Batch 400, Aver_Loss: 1805.16
Epoch 172/200, Batch 100, Aver_Loss: 1760.98
Epoch 172/200, Batch 200, Aver_Loss: 1792.20
Epoch 172/200, Batch 300, Aver_Loss: 1769.22
Epoch 172/200, Batch 400, Aver_Loss: 1809.15
Epoch 173/200, Batch 100, Aver_Loss: 1767.05
Epoch 173/200, Batch 200, Aver_Loss: 1800.66
Epoch 173/200, Batch 300, Aver_Loss: 1764.77
Epoch 173/200, Batch 400, Aver_Loss: 1704.73
Epoch 174/200, Batch 100, Aver_Loss: 1804.11
Epoch 174/200, Batch 200, Aver_Loss: 1765.07
Epoch 174/200, Batch 300, Aver_Loss: 1787.76
Epoch 174/200, Batch 400, Aver_Loss: 1747.28
Epoch 175/200, Batch 100, Aver_Loss: 1759.63
Epoch 175/200, Batch 200, Aver_Loss: 1776.72
Epoch 175/200, Batch 300, Aver_Loss: 1760.32
Epoch 175/200, Batch 400, Aver_Loss: 1786.11
Epoch 176/200, Batch 100, Aver_Loss: 1784.77
Epoch 176/200, Batch 200, Aver_Loss: 1798.86
Epoch 176/200, Batch 300, Aver_Loss: 1762.20
Epoch 176/200, Batch 400, Aver_Loss: 1808.81
Epoch 177/200, Batch 100, Aver_Loss: 1775.20
Epoch 177/200, Batch 200, Aver_Loss: 1799.18
Epoch 177/200, Batch 300, Aver_Loss: 1716.28
Epoch 177/200, Batch 400, Aver_Loss: 1759.64
Epoch 178/200, Batch 100, Aver_Loss: 1738.70
Epoch 178/200, Batch 200, Aver_Loss: 1790.46
Epoch 178/200, Batch 300, Aver_Loss: 1826.90
Epoch 178/200, Batch 400, Aver_Loss: 1772.68
Epoch 179/200, Batch 100, Aver_Loss: 1757.57
Epoch 179/200, Batch 200, Aver_Loss: 1790.99
Epoch 179/200, Batch 300, Aver_Loss: 1810.26
Epoch 179/200, Batch 400, Aver_Loss: 1842.34
Epoch 180/200, Batch 100, Aver_Loss: 1696.44
Epoch 180/200, Batch 200, Aver_Loss: 1777.49
Epoch 180/200, Batch 300, Aver_Loss: 1803.37
Epoch 180/200, Batch 400, Aver_Loss: 1777.96
Epoch 181/200, Batch 100, Aver_Loss: 1778.96
Epoch 181/200, Batch 200, Aver_Loss: 1794.36
Epoch 181/200, Batch 300, Aver_Loss: 1792.22
Epoch 181/200, Batch 400, Aver_Loss: 1799.67
Epoch 182/200, Batch 100, Aver_Loss: 1732.18
Epoch 182/200, Batch 200, Aver_Loss: 1785.68
Epoch 182/200, Batch 300, Aver_Loss: 1776.67
Epoch 182/200, Batch 400, Aver_Loss: 1814.66
Epoch 183/200, Batch 100, Aver_Loss: 1818.61
Epoch 183/200, Batch 200, Aver_Loss: 1777.42
Epoch 183/200, Batch 300, Aver_Loss: 1806.72
Epoch 183/200, Batch 400, Aver_Loss: 1733.10
Epoch 184/200, Batch 100, Aver_Loss: 1798.72
Epoch 184/200, Batch 200, Aver_Loss: 1761.53
Epoch 184/200, Batch 300, Aver_Loss: 1752.40
Epoch 184/200, Batch 400, Aver_Loss: 1790.19
Epoch 185/200, Batch 100, Aver_Loss: 1829.23
Epoch 185/200, Batch 200, Aver_Loss: 1800.36
Epoch 185/200, Batch 300, Aver_Loss: 1747.88
Epoch 185/200, Batch 400, Aver_Loss: 1778.04
Epoch 186/200, Batch 100, Aver_Loss: 1718.94
Epoch 186/200, Batch 200, Aver_Loss: 1774.27
Epoch 186/200, Batch 300, Aver_Loss: 1839.06
Epoch 186/200, Batch 400, Aver_Loss: 1704.47
Epoch 187/200, Batch 100, Aver_Loss: 1767.36
Epoch 187/200, Batch 200, Aver_Loss: 1819.94
Epoch 187/200, Batch 300, Aver_Loss: 1794.73
Epoch 187/200, Batch 400, Aver_Loss: 1809.75
Epoch 188/200, Batch 100, Aver_Loss: 1790.76
Epoch 188/200, Batch 200, Aver_Loss: 1712.43
Epoch 188/200, Batch 300, Aver_Loss: 1748.21
Epoch 188/200, Batch 400, Aver_Loss: 1774.47
Epoch 189/200, Batch 100, Aver_Loss: 1730.31
Epoch 189/200, Batch 200, Aver_Loss: 1804.55
Epoch 189/200, Batch 300, Aver_Loss: 1763.49
Epoch 189/200, Batch 400, Aver_Loss: 1750.57
Epoch 190/200, Batch 100, Aver_Loss: 1805.66
Epoch 190/200, Batch 200, Aver_Loss: 1801.85
Epoch 190/200, Batch 300, Aver_Loss: 1805.81
Epoch 190/200, Batch 400, Aver_Loss: 1837.05
Epoch 191/200, Batch 100, Aver_Loss: 1821.58
Epoch 191/200, Batch 200, Aver_Loss: 1786.15
Epoch 191/200, Batch 300, Aver_Loss: 1729.69
Epoch 191/200, Batch 400, Aver_Loss: 1829.60
Epoch 192/200, Batch 100, Aver_Loss: 1754.97
Epoch 192/200, Batch 200, Aver_Loss: 1815.73
Epoch 192/200, Batch 300, Aver_Loss: 1752.66
Epoch 192/200, Batch 400, Aver_Loss: 1793.17
Epoch 193/200, Batch 100, Aver_Loss: 1768.78
Epoch 193/200, Batch 200, Aver_Loss: 1792.26
Epoch 193/200, Batch 300, Aver_Loss: 1785.10
Epoch 193/200, Batch 400, Aver_Loss: 1746.60
Epoch 194/200, Batch 100, Aver_Loss: 1767.03
Epoch 194/200, Batch 200, Aver_Loss: 1812.03
Epoch 194/200, Batch 300, Aver_Loss: 1791.38
Epoch 194/200, Batch 400, Aver_Loss: 1839.10
Epoch 195/200, Batch 100, Aver_Loss: 1787.66
Epoch 195/200, Batch 200, Aver_Loss: 1784.13
Epoch 195/200, Batch 300, Aver_Loss: 1730.91
Epoch 195/200, Batch 400, Aver_Loss: 1776.40
Epoch 196/200, Batch 100, Aver_Loss: 1783.95
Epoch 196/200, Batch 200, Aver_Loss: 1796.27
Epoch 196/200, Batch 300, Aver_Loss: 1797.73
Epoch 196/200, Batch 400, Aver_Loss: 1759.51
Epoch 197/200, Batch 100, Aver_Loss: 1801.50
Epoch 197/200, Batch 200, Aver_Loss: 1750.10
Epoch 197/200, Batch 300, Aver_Loss: 1768.60
Epoch 197/200, Batch 400, Aver_Loss: 1749.00
Epoch 198/200, Batch 100, Aver_Loss: 1829.18
Epoch 198/200, Batch 200, Aver_Loss: 1815.76
Epoch 198/200, Batch 300, Aver_Loss: 1755.15
Epoch 198/200, Batch 400, Aver_Loss: 1769.65
Epoch 199/200, Batch 100, Aver_Loss: 1725.15
Epoch 199/200, Batch 200, Aver_Loss: 1795.97
Epoch 199/200, Batch 300, Aver_Loss: 1753.30
Epoch 199/200, Batch 400, Aver_Loss: 1773.95
Epoch 200/200, Batch 100, Aver_Loss: 1814.08
Epoch 200/200, Batch 200, Aver_Loss: 1786.12
Epoch 200/200, Batch 300, Aver_Loss: 1766.94
Epoch 200/200, Batch 400, Aver_Loss: 1760.76
[saved curves] ./results/CIFAR100/curves/cifar100_mvae_d16_s777.json

==== Evaluation Summary ====
                 model: mvae
   recon/mse_per_pixel: 0.018559
            elbo/train: -1778.878793
             elbo/test: -1782.693733
             mse/train: 0.018078
              mse/test: 0.018559
             probe/acc: 0.139333
             probe/nll: 3.820856
           probe/brier: 0.945589
             probe/ece: 0.024167
           cluster/nmi: 0.216825
           cluster/ari: 0.025553
============================

