/usr/bin/which: no fi_info in (/arf/home/meyavuz/.local/bin:/arf/sw/comp/python/intelpython3/condabin:/arf/sw/comp/python/intelpython3/bin:/usr/share/Modules/bin:/usr/local/bin:/usr/bin:/usr/local/sbin:/usr/sbin)
Extension for Scikit-learn* enabled (https://github.com/uxlfoundation/scikit-learn-intelex)
/arf/home/meyavuz/.conda/envs/sbn/lib/python3.9/site-packages/sklearn/linear_model/_logistic.py:1247: FutureWarning: 'multi_class' was deprecated in version 1.5 and will be removed in 1.7. From then on, it will always use 'multinomial'. Leave it to its default value to avoid this warning.
  warnings.warn(
/arf/home/meyavuz/.conda/envs/sbn/lib/python3.9/site-packages/sklearn/linear_model/_sag.py:348: ConvergenceWarning: The max_iter was reached which means the coef_ did not converge
  warnings.warn(
Epoch 1/200, Batch 100, Aver_Loss: 1980.80
Epoch 1/200, Batch 200, Aver_Loss: 1904.33
Epoch 1/200, Batch 300, Aver_Loss: 1867.50
Epoch 1/200, Batch 400, Aver_Loss: 1892.16
Epoch 2/200, Batch 100, Aver_Loss: 1878.76
Epoch 2/200, Batch 200, Aver_Loss: 1850.90
Epoch 2/200, Batch 300, Aver_Loss: 1850.30
Epoch 2/200, Batch 400, Aver_Loss: 1848.49
Epoch 3/200, Batch 100, Aver_Loss: 1846.47
Epoch 3/200, Batch 200, Aver_Loss: 1843.90
Epoch 3/200, Batch 300, Aver_Loss: 1818.45
Epoch 3/200, Batch 400, Aver_Loss: 1855.70
Epoch 4/200, Batch 100, Aver_Loss: 1851.30
Epoch 4/200, Batch 200, Aver_Loss: 1804.02
Epoch 4/200, Batch 300, Aver_Loss: 1832.52
Epoch 4/200, Batch 400, Aver_Loss: 1775.95
Epoch 5/200, Batch 100, Aver_Loss: 1859.07
Epoch 5/200, Batch 200, Aver_Loss: 1805.65
Epoch 5/200, Batch 300, Aver_Loss: 1841.82
Epoch 5/200, Batch 400, Aver_Loss: 1787.94
Epoch 6/200, Batch 100, Aver_Loss: 1873.73
Epoch 6/200, Batch 200, Aver_Loss: 1810.34
Epoch 6/200, Batch 300, Aver_Loss: 1842.59
Epoch 6/200, Batch 400, Aver_Loss: 1821.14
Epoch 7/200, Batch 100, Aver_Loss: 1840.09
Epoch 7/200, Batch 200, Aver_Loss: 1869.00
Epoch 7/200, Batch 300, Aver_Loss: 1809.85
Epoch 7/200, Batch 400, Aver_Loss: 1821.99
Epoch 8/200, Batch 100, Aver_Loss: 1769.06
Epoch 8/200, Batch 200, Aver_Loss: 1808.06
Epoch 8/200, Batch 300, Aver_Loss: 1806.01
Epoch 8/200, Batch 400, Aver_Loss: 1803.55
Epoch 9/200, Batch 100, Aver_Loss: 1807.44
Epoch 9/200, Batch 200, Aver_Loss: 1757.00
Epoch 9/200, Batch 300, Aver_Loss: 1826.17
Epoch 9/200, Batch 400, Aver_Loss: 1832.65
Epoch 10/200, Batch 100, Aver_Loss: 1778.12
Epoch 10/200, Batch 200, Aver_Loss: 1811.28
Epoch 10/200, Batch 300, Aver_Loss: 1834.86
Epoch 10/200, Batch 400, Aver_Loss: 1886.88
Epoch 11/200, Batch 100, Aver_Loss: 1805.88
Epoch 11/200, Batch 200, Aver_Loss: 1817.94
Epoch 11/200, Batch 300, Aver_Loss: 1799.98
Epoch 11/200, Batch 400, Aver_Loss: 1845.06
Epoch 12/200, Batch 100, Aver_Loss: 1774.40
Epoch 12/200, Batch 200, Aver_Loss: 1753.04
Epoch 12/200, Batch 300, Aver_Loss: 1789.62
Epoch 12/200, Batch 400, Aver_Loss: 1769.15
Epoch 13/200, Batch 100, Aver_Loss: 1794.09
Epoch 13/200, Batch 200, Aver_Loss: 1803.39
Epoch 13/200, Batch 300, Aver_Loss: 1792.05
Epoch 13/200, Batch 400, Aver_Loss: 1803.13
Epoch 14/200, Batch 100, Aver_Loss: 1869.05
Epoch 14/200, Batch 200, Aver_Loss: 1807.86
Epoch 14/200, Batch 300, Aver_Loss: 1778.58
Epoch 14/200, Batch 400, Aver_Loss: 1806.48
Epoch 15/200, Batch 100, Aver_Loss: 1748.07
Epoch 15/200, Batch 200, Aver_Loss: 1808.73
Epoch 15/200, Batch 300, Aver_Loss: 1823.30
Epoch 15/200, Batch 400, Aver_Loss: 1803.18
Epoch 16/200, Batch 100, Aver_Loss: 1777.65
Epoch 16/200, Batch 200, Aver_Loss: 1766.72
Epoch 16/200, Batch 300, Aver_Loss: 1873.68
Epoch 16/200, Batch 400, Aver_Loss: 1807.47
Epoch 17/200, Batch 100, Aver_Loss: 1773.47
Epoch 17/200, Batch 200, Aver_Loss: 1767.90
Epoch 17/200, Batch 300, Aver_Loss: 1854.02
Epoch 17/200, Batch 400, Aver_Loss: 1817.63
Epoch 18/200, Batch 100, Aver_Loss: 1811.64
Epoch 18/200, Batch 200, Aver_Loss: 1779.78
Epoch 18/200, Batch 300, Aver_Loss: 1813.88
Epoch 18/200, Batch 400, Aver_Loss: 1813.93
Epoch 19/200, Batch 100, Aver_Loss: 1836.22
Epoch 19/200, Batch 200, Aver_Loss: 1828.04
Epoch 19/200, Batch 300, Aver_Loss: 1803.45
Epoch 19/200, Batch 400, Aver_Loss: 1774.60
Epoch 20/200, Batch 100, Aver_Loss: 1799.36
Epoch 20/200, Batch 200, Aver_Loss: 1821.28
Epoch 20/200, Batch 300, Aver_Loss: 1749.31
Epoch 20/200, Batch 400, Aver_Loss: 1808.19
Epoch 21/200, Batch 100, Aver_Loss: 1785.26
Epoch 21/200, Batch 200, Aver_Loss: 1738.45
Epoch 21/200, Batch 300, Aver_Loss: 1801.83
Epoch 21/200, Batch 400, Aver_Loss: 1756.55
Epoch 22/200, Batch 100, Aver_Loss: 1788.55
Epoch 22/200, Batch 200, Aver_Loss: 1780.82
Epoch 22/200, Batch 300, Aver_Loss: 1802.49
Epoch 22/200, Batch 400, Aver_Loss: 1792.85
Epoch 23/200, Batch 100, Aver_Loss: 1785.58
Epoch 23/200, Batch 200, Aver_Loss: 1799.35
Epoch 23/200, Batch 300, Aver_Loss: 1775.93
Epoch 23/200, Batch 400, Aver_Loss: 1762.51
Epoch 24/200, Batch 100, Aver_Loss: 1756.50
Epoch 24/200, Batch 200, Aver_Loss: 1782.42
Epoch 24/200, Batch 300, Aver_Loss: 1755.87
Epoch 24/200, Batch 400, Aver_Loss: 1811.03
Epoch 25/200, Batch 100, Aver_Loss: 1759.96
Epoch 25/200, Batch 200, Aver_Loss: 1781.46
Epoch 25/200, Batch 300, Aver_Loss: 1785.15
Epoch 25/200, Batch 400, Aver_Loss: 1835.02
Epoch 26/200, Batch 100, Aver_Loss: 1788.25
Epoch 26/200, Batch 200, Aver_Loss: 1766.75
Epoch 26/200, Batch 300, Aver_Loss: 1826.94
Epoch 26/200, Batch 400, Aver_Loss: 1809.91
Epoch 27/200, Batch 100, Aver_Loss: 1755.79
Epoch 27/200, Batch 200, Aver_Loss: 1765.78
Epoch 27/200, Batch 300, Aver_Loss: 1726.81
Epoch 27/200, Batch 400, Aver_Loss: 1772.46
Epoch 28/200, Batch 100, Aver_Loss: 1749.60
Epoch 28/200, Batch 200, Aver_Loss: 1829.88
Epoch 28/200, Batch 300, Aver_Loss: 1817.37
Epoch 28/200, Batch 400, Aver_Loss: 1804.58
Epoch 29/200, Batch 100, Aver_Loss: 1806.55
Epoch 29/200, Batch 200, Aver_Loss: 1822.84
Epoch 29/200, Batch 300, Aver_Loss: 1773.24
Epoch 29/200, Batch 400, Aver_Loss: 1803.12
Epoch 30/200, Batch 100, Aver_Loss: 1804.62
Epoch 30/200, Batch 200, Aver_Loss: 1796.75
Epoch 30/200, Batch 300, Aver_Loss: 1804.58
Epoch 30/200, Batch 400, Aver_Loss: 1781.52
Epoch 31/200, Batch 100, Aver_Loss: 1804.30
Epoch 31/200, Batch 200, Aver_Loss: 1783.59
Epoch 31/200, Batch 300, Aver_Loss: 1810.61
Epoch 31/200, Batch 400, Aver_Loss: 1812.92
Epoch 32/200, Batch 100, Aver_Loss: 1780.94
Epoch 32/200, Batch 200, Aver_Loss: 1801.71
Epoch 32/200, Batch 300, Aver_Loss: 1764.25
Epoch 32/200, Batch 400, Aver_Loss: 1766.21
Epoch 33/200, Batch 100, Aver_Loss: 1809.24
Epoch 33/200, Batch 200, Aver_Loss: 1793.34
Epoch 33/200, Batch 300, Aver_Loss: 1750.65
Epoch 33/200, Batch 400, Aver_Loss: 1791.31
Epoch 34/200, Batch 100, Aver_Loss: 1776.61
Epoch 34/200, Batch 200, Aver_Loss: 1736.86
Epoch 34/200, Batch 300, Aver_Loss: 1759.07
Epoch 34/200, Batch 400, Aver_Loss: 1797.74
Epoch 35/200, Batch 100, Aver_Loss: 1805.77
Epoch 35/200, Batch 200, Aver_Loss: 1792.26
Epoch 35/200, Batch 300, Aver_Loss: 1767.22
Epoch 35/200, Batch 400, Aver_Loss: 1740.83
Epoch 36/200, Batch 100, Aver_Loss: 1791.58
Epoch 36/200, Batch 200, Aver_Loss: 1787.71
Epoch 36/200, Batch 300, Aver_Loss: 1771.33
Epoch 36/200, Batch 400, Aver_Loss: 1843.07
Epoch 37/200, Batch 100, Aver_Loss: 1768.22
Epoch 37/200, Batch 200, Aver_Loss: 1743.79
Epoch 37/200, Batch 300, Aver_Loss: 1766.94
Epoch 37/200, Batch 400, Aver_Loss: 1822.57
Epoch 38/200, Batch 100, Aver_Loss: 1786.11
Epoch 38/200, Batch 200, Aver_Loss: 1778.61
Epoch 38/200, Batch 300, Aver_Loss: 1809.85
Epoch 38/200, Batch 400, Aver_Loss: 1779.15
Epoch 39/200, Batch 100, Aver_Loss: 1754.39
Epoch 39/200, Batch 200, Aver_Loss: 1768.16
Epoch 39/200, Batch 300, Aver_Loss: 1732.69
Epoch 39/200, Batch 400, Aver_Loss: 1772.39
Epoch 40/200, Batch 100, Aver_Loss: 1771.87
Epoch 40/200, Batch 200, Aver_Loss: 1775.86
Epoch 40/200, Batch 300, Aver_Loss: 1764.00
Epoch 40/200, Batch 400, Aver_Loss: 1766.53
Epoch 41/200, Batch 100, Aver_Loss: 1803.81
Epoch 41/200, Batch 200, Aver_Loss: 1780.91
Epoch 41/200, Batch 300, Aver_Loss: 1785.07
Epoch 41/200, Batch 400, Aver_Loss: 1769.92
Epoch 42/200, Batch 100, Aver_Loss: 1754.51
Epoch 42/200, Batch 200, Aver_Loss: 1780.11
Epoch 42/200, Batch 300, Aver_Loss: 1821.96
Epoch 42/200, Batch 400, Aver_Loss: 1762.73
Epoch 43/200, Batch 100, Aver_Loss: 1797.23
Epoch 43/200, Batch 200, Aver_Loss: 1807.44
Epoch 43/200, Batch 300, Aver_Loss: 1781.10
Epoch 43/200, Batch 400, Aver_Loss: 1812.04
Epoch 44/200, Batch 100, Aver_Loss: 1780.85
Epoch 44/200, Batch 200, Aver_Loss: 1804.22
Epoch 44/200, Batch 300, Aver_Loss: 1782.67
Epoch 44/200, Batch 400, Aver_Loss: 1800.10
Epoch 45/200, Batch 100, Aver_Loss: 1788.58
Epoch 45/200, Batch 200, Aver_Loss: 1780.73
Epoch 45/200, Batch 300, Aver_Loss: 1742.60
Epoch 45/200, Batch 400, Aver_Loss: 1740.83
Epoch 46/200, Batch 100, Aver_Loss: 1755.57
Epoch 46/200, Batch 200, Aver_Loss: 1810.38
Epoch 46/200, Batch 300, Aver_Loss: 1756.22
Epoch 46/200, Batch 400, Aver_Loss: 1778.68
Epoch 47/200, Batch 100, Aver_Loss: 1832.70
Epoch 47/200, Batch 200, Aver_Loss: 1796.56
Epoch 47/200, Batch 300, Aver_Loss: 1752.29
Epoch 47/200, Batch 400, Aver_Loss: 1727.01
Epoch 48/200, Batch 100, Aver_Loss: 1767.13
Epoch 48/200, Batch 200, Aver_Loss: 1806.81
Epoch 48/200, Batch 300, Aver_Loss: 1788.90
Epoch 48/200, Batch 400, Aver_Loss: 1806.49
Epoch 49/200, Batch 100, Aver_Loss: 1732.58
Epoch 49/200, Batch 200, Aver_Loss: 1775.37
Epoch 49/200, Batch 300, Aver_Loss: 1751.57
Epoch 49/200, Batch 400, Aver_Loss: 1754.79
Epoch 50/200, Batch 100, Aver_Loss: 1797.12
Epoch 50/200, Batch 200, Aver_Loss: 1786.02
Epoch 50/200, Batch 300, Aver_Loss: 1836.52
Epoch 50/200, Batch 400, Aver_Loss: 1748.67
Epoch 51/200, Batch 100, Aver_Loss: 1755.22
Epoch 51/200, Batch 200, Aver_Loss: 1759.05
Epoch 51/200, Batch 300, Aver_Loss: 1808.64
Epoch 51/200, Batch 400, Aver_Loss: 1761.81
Epoch 52/200, Batch 100, Aver_Loss: 1830.45
Epoch 52/200, Batch 200, Aver_Loss: 1771.87
Epoch 52/200, Batch 300, Aver_Loss: 1783.12
Epoch 52/200, Batch 400, Aver_Loss: 1813.91
Epoch 53/200, Batch 100, Aver_Loss: 1793.44
Epoch 53/200, Batch 200, Aver_Loss: 1775.11
Epoch 53/200, Batch 300, Aver_Loss: 1787.15
Epoch 53/200, Batch 400, Aver_Loss: 1794.43
Epoch 54/200, Batch 100, Aver_Loss: 1764.96
Epoch 54/200, Batch 200, Aver_Loss: 1804.23
Epoch 54/200, Batch 300, Aver_Loss: 1787.84
Epoch 54/200, Batch 400, Aver_Loss: 1775.17
Epoch 55/200, Batch 100, Aver_Loss: 1768.57
Epoch 55/200, Batch 200, Aver_Loss: 1796.57
Epoch 55/200, Batch 300, Aver_Loss: 1804.46
Epoch 55/200, Batch 400, Aver_Loss: 1844.49
Epoch 56/200, Batch 100, Aver_Loss: 1800.74
Epoch 56/200, Batch 200, Aver_Loss: 1733.61
Epoch 56/200, Batch 300, Aver_Loss: 1797.13
Epoch 56/200, Batch 400, Aver_Loss: 1813.79
Epoch 57/200, Batch 100, Aver_Loss: 1783.43
Epoch 57/200, Batch 200, Aver_Loss: 1764.32
Epoch 57/200, Batch 300, Aver_Loss: 1740.29
Epoch 57/200, Batch 400, Aver_Loss: 1748.82
Epoch 58/200, Batch 100, Aver_Loss: 1799.80
Epoch 58/200, Batch 200, Aver_Loss: 1728.60
Epoch 58/200, Batch 300, Aver_Loss: 1792.15
Epoch 58/200, Batch 400, Aver_Loss: 1702.35
Epoch 59/200, Batch 100, Aver_Loss: 1804.96
Epoch 59/200, Batch 200, Aver_Loss: 1792.74
Epoch 59/200, Batch 300, Aver_Loss: 1823.91
Epoch 59/200, Batch 400, Aver_Loss: 1833.82
Epoch 60/200, Batch 100, Aver_Loss: 1788.55
Epoch 60/200, Batch 200, Aver_Loss: 1786.13
Epoch 60/200, Batch 300, Aver_Loss: 1736.65
Epoch 60/200, Batch 400, Aver_Loss: 1799.69
Epoch 61/200, Batch 100, Aver_Loss: 1768.23
Epoch 61/200, Batch 200, Aver_Loss: 1790.36
Epoch 61/200, Batch 300, Aver_Loss: 1762.59
Epoch 61/200, Batch 400, Aver_Loss: 1776.32
Epoch 62/200, Batch 100, Aver_Loss: 1759.57
Epoch 62/200, Batch 200, Aver_Loss: 1755.67
Epoch 62/200, Batch 300, Aver_Loss: 1814.14
Epoch 62/200, Batch 400, Aver_Loss: 1768.72
Epoch 63/200, Batch 100, Aver_Loss: 1760.88
Epoch 63/200, Batch 200, Aver_Loss: 1777.87
Epoch 63/200, Batch 300, Aver_Loss: 1764.69
Epoch 63/200, Batch 400, Aver_Loss: 1768.15
Epoch 64/200, Batch 100, Aver_Loss: 1728.97
Epoch 64/200, Batch 200, Aver_Loss: 1772.59
Epoch 64/200, Batch 300, Aver_Loss: 1740.65
Epoch 64/200, Batch 400, Aver_Loss: 1771.02
Epoch 65/200, Batch 100, Aver_Loss: 1781.13
Epoch 65/200, Batch 200, Aver_Loss: 1803.63
Epoch 65/200, Batch 300, Aver_Loss: 1761.56
Epoch 65/200, Batch 400, Aver_Loss: 1739.42
Epoch 66/200, Batch 100, Aver_Loss: 1787.43
Epoch 66/200, Batch 200, Aver_Loss: 1776.17
Epoch 66/200, Batch 300, Aver_Loss: 1766.79
Epoch 66/200, Batch 400, Aver_Loss: 1742.07
Epoch 67/200, Batch 100, Aver_Loss: 1730.01
Epoch 67/200, Batch 200, Aver_Loss: 1775.97
Epoch 67/200, Batch 300, Aver_Loss: 1802.71
Epoch 67/200, Batch 400, Aver_Loss: 1792.37
Epoch 68/200, Batch 100, Aver_Loss: 1783.01
Epoch 68/200, Batch 200, Aver_Loss: 1760.11
Epoch 68/200, Batch 300, Aver_Loss: 1764.25
Epoch 68/200, Batch 400, Aver_Loss: 1786.91
Epoch 69/200, Batch 100, Aver_Loss: 1734.15
Epoch 69/200, Batch 200, Aver_Loss: 1749.86
Epoch 69/200, Batch 300, Aver_Loss: 1770.22
Epoch 69/200, Batch 400, Aver_Loss: 1748.79
Epoch 70/200, Batch 100, Aver_Loss: 1777.80
Epoch 70/200, Batch 200, Aver_Loss: 1785.57
Epoch 70/200, Batch 300, Aver_Loss: 1755.33
Epoch 70/200, Batch 400, Aver_Loss: 1805.82
Epoch 71/200, Batch 100, Aver_Loss: 1744.46
Epoch 71/200, Batch 200, Aver_Loss: 1736.14
Epoch 71/200, Batch 300, Aver_Loss: 1811.43
Epoch 71/200, Batch 400, Aver_Loss: 1782.39
Epoch 72/200, Batch 100, Aver_Loss: 1805.08
Epoch 72/200, Batch 200, Aver_Loss: 1741.71
Epoch 72/200, Batch 300, Aver_Loss: 1797.30
Epoch 72/200, Batch 400, Aver_Loss: 1788.27
Epoch 73/200, Batch 100, Aver_Loss: 1748.93
Epoch 73/200, Batch 200, Aver_Loss: 1834.72
Epoch 73/200, Batch 300, Aver_Loss: 1784.16
Epoch 73/200, Batch 400, Aver_Loss: 1768.05
Epoch 74/200, Batch 100, Aver_Loss: 1733.30
Epoch 74/200, Batch 200, Aver_Loss: 1774.22
Epoch 74/200, Batch 300, Aver_Loss: 1787.24
Epoch 74/200, Batch 400, Aver_Loss: 1795.23
Epoch 75/200, Batch 100, Aver_Loss: 1797.31
Epoch 75/200, Batch 200, Aver_Loss: 1772.07
Epoch 75/200, Batch 300, Aver_Loss: 1739.73
Epoch 75/200, Batch 400, Aver_Loss: 1775.29
Epoch 76/200, Batch 100, Aver_Loss: 1758.79
Epoch 76/200, Batch 200, Aver_Loss: 1796.01
Epoch 76/200, Batch 300, Aver_Loss: 1769.38
Epoch 76/200, Batch 400, Aver_Loss: 1771.82
Epoch 77/200, Batch 100, Aver_Loss: 1788.12
Epoch 77/200, Batch 200, Aver_Loss: 1719.25
Epoch 77/200, Batch 300, Aver_Loss: 1770.23
Epoch 77/200, Batch 400, Aver_Loss: 1817.94
Epoch 78/200, Batch 100, Aver_Loss: 1793.75
Epoch 78/200, Batch 200, Aver_Loss: 1790.96
Epoch 78/200, Batch 300, Aver_Loss: 1783.25
Epoch 78/200, Batch 400, Aver_Loss: 1750.07
Epoch 79/200, Batch 100, Aver_Loss: 1776.08
Epoch 79/200, Batch 200, Aver_Loss: 1791.86
Epoch 79/200, Batch 300, Aver_Loss: 1790.94
Epoch 79/200, Batch 400, Aver_Loss: 1758.94
Epoch 80/200, Batch 100, Aver_Loss: 1780.73
Epoch 80/200, Batch 200, Aver_Loss: 1753.01
Epoch 80/200, Batch 300, Aver_Loss: 1815.18
Epoch 80/200, Batch 400, Aver_Loss: 1720.28
Epoch 81/200, Batch 100, Aver_Loss: 1819.87
Epoch 81/200, Batch 200, Aver_Loss: 1838.90
Epoch 81/200, Batch 300, Aver_Loss: 1751.82
Epoch 81/200, Batch 400, Aver_Loss: 1810.59
Epoch 82/200, Batch 100, Aver_Loss: 1761.98
Epoch 82/200, Batch 200, Aver_Loss: 1798.46
Epoch 82/200, Batch 300, Aver_Loss: 1759.81
Epoch 82/200, Batch 400, Aver_Loss: 1784.36
Epoch 83/200, Batch 100, Aver_Loss: 1819.17
Epoch 83/200, Batch 200, Aver_Loss: 1762.01
Epoch 83/200, Batch 300, Aver_Loss: 1712.45
Epoch 83/200, Batch 400, Aver_Loss: 1766.51
Epoch 84/200, Batch 100, Aver_Loss: 1755.86
Epoch 84/200, Batch 200, Aver_Loss: 1747.22
Epoch 84/200, Batch 300, Aver_Loss: 1756.47
Epoch 84/200, Batch 400, Aver_Loss: 1710.37
Epoch 85/200, Batch 100, Aver_Loss: 1780.87
Epoch 85/200, Batch 200, Aver_Loss: 1775.04
Epoch 85/200, Batch 300, Aver_Loss: 1743.64
Epoch 85/200, Batch 400, Aver_Loss: 1768.53
Epoch 86/200, Batch 100, Aver_Loss: 1735.97
Epoch 86/200, Batch 200, Aver_Loss: 1761.69
Epoch 86/200, Batch 300, Aver_Loss: 1823.83
Epoch 86/200, Batch 400, Aver_Loss: 1760.07
Epoch 87/200, Batch 100, Aver_Loss: 1768.64
Epoch 87/200, Batch 200, Aver_Loss: 1802.90
Epoch 87/200, Batch 300, Aver_Loss: 1792.50
Epoch 87/200, Batch 400, Aver_Loss: 1748.17
Epoch 88/200, Batch 100, Aver_Loss: 1754.77
Epoch 88/200, Batch 200, Aver_Loss: 1850.99
Epoch 88/200, Batch 300, Aver_Loss: 1772.02
Epoch 88/200, Batch 400, Aver_Loss: 1781.34
Epoch 89/200, Batch 100, Aver_Loss: 1774.66
Epoch 89/200, Batch 200, Aver_Loss: 1747.59
Epoch 89/200, Batch 300, Aver_Loss: 1739.65
Epoch 89/200, Batch 400, Aver_Loss: 1811.77
Epoch 90/200, Batch 100, Aver_Loss: 1797.87
Epoch 90/200, Batch 200, Aver_Loss: 1796.15
Epoch 90/200, Batch 300, Aver_Loss: 1789.14
Epoch 90/200, Batch 400, Aver_Loss: 1743.63
Epoch 91/200, Batch 100, Aver_Loss: 1777.02
Epoch 91/200, Batch 200, Aver_Loss: 1754.96
Epoch 91/200, Batch 300, Aver_Loss: 1784.18
Epoch 91/200, Batch 400, Aver_Loss: 1737.40
Epoch 92/200, Batch 100, Aver_Loss: 1784.66
Epoch 92/200, Batch 200, Aver_Loss: 1810.73
Epoch 92/200, Batch 300, Aver_Loss: 1807.08
Epoch 92/200, Batch 400, Aver_Loss: 1742.42
Epoch 93/200, Batch 100, Aver_Loss: 1763.79
Epoch 93/200, Batch 200, Aver_Loss: 1754.85
Epoch 93/200, Batch 300, Aver_Loss: 1774.06
Epoch 93/200, Batch 400, Aver_Loss: 1731.20
Epoch 94/200, Batch 100, Aver_Loss: 1791.15
Epoch 94/200, Batch 200, Aver_Loss: 1741.04
Epoch 94/200, Batch 300, Aver_Loss: 1830.47
Epoch 94/200, Batch 400, Aver_Loss: 1764.62
Epoch 95/200, Batch 100, Aver_Loss: 1805.52
Epoch 95/200, Batch 200, Aver_Loss: 1773.52
Epoch 95/200, Batch 300, Aver_Loss: 1778.49
Epoch 95/200, Batch 400, Aver_Loss: 1746.30
Epoch 96/200, Batch 100, Aver_Loss: 1756.35
Epoch 96/200, Batch 200, Aver_Loss: 1758.72
Epoch 96/200, Batch 300, Aver_Loss: 1763.64
Epoch 96/200, Batch 400, Aver_Loss: 1813.83
Epoch 97/200, Batch 100, Aver_Loss: 1768.45
Epoch 97/200, Batch 200, Aver_Loss: 1772.83
Epoch 97/200, Batch 300, Aver_Loss: 1828.38
Epoch 97/200, Batch 400, Aver_Loss: 1793.22
Epoch 98/200, Batch 100, Aver_Loss: 1752.35
Epoch 98/200, Batch 200, Aver_Loss: 1771.76
Epoch 98/200, Batch 300, Aver_Loss: 1762.86
Epoch 98/200, Batch 400, Aver_Loss: 1745.73
Epoch 99/200, Batch 100, Aver_Loss: 1803.61
Epoch 99/200, Batch 200, Aver_Loss: 1752.09
Epoch 99/200, Batch 300, Aver_Loss: 1846.00
Epoch 99/200, Batch 400, Aver_Loss: 1776.12
Epoch 100/200, Batch 100, Aver_Loss: 1772.48
Epoch 100/200, Batch 200, Aver_Loss: 1785.41
Epoch 100/200, Batch 300, Aver_Loss: 1830.56
Epoch 100/200, Batch 400, Aver_Loss: 1778.63
Epoch 101/200, Batch 100, Aver_Loss: 1786.71
Epoch 101/200, Batch 200, Aver_Loss: 1818.82
Epoch 101/200, Batch 300, Aver_Loss: 1757.53
Epoch 101/200, Batch 400, Aver_Loss: 1725.14
Epoch 102/200, Batch 100, Aver_Loss: 1772.98
Epoch 102/200, Batch 200, Aver_Loss: 1802.71
Epoch 102/200, Batch 300, Aver_Loss: 1758.03
Epoch 102/200, Batch 400, Aver_Loss: 1745.54
Epoch 103/200, Batch 100, Aver_Loss: 1753.22
Epoch 103/200, Batch 200, Aver_Loss: 1688.53
Epoch 103/200, Batch 300, Aver_Loss: 1833.68
Epoch 103/200, Batch 400, Aver_Loss: 1735.75
Epoch 104/200, Batch 100, Aver_Loss: 1823.70
Epoch 104/200, Batch 200, Aver_Loss: 1759.70
Epoch 104/200, Batch 300, Aver_Loss: 1754.18
Epoch 104/200, Batch 400, Aver_Loss: 1739.56
Epoch 105/200, Batch 100, Aver_Loss: 1803.62
Epoch 105/200, Batch 200, Aver_Loss: 1779.73
Epoch 105/200, Batch 300, Aver_Loss: 1752.07
Epoch 105/200, Batch 400, Aver_Loss: 1755.64
Epoch 106/200, Batch 100, Aver_Loss: 1771.84
Epoch 106/200, Batch 200, Aver_Loss: 1776.45
Epoch 106/200, Batch 300, Aver_Loss: 1787.59
Epoch 106/200, Batch 400, Aver_Loss: 1746.73
Epoch 107/200, Batch 100, Aver_Loss: 1779.11
Epoch 107/200, Batch 200, Aver_Loss: 1770.46
Epoch 107/200, Batch 300, Aver_Loss: 1743.75
Epoch 107/200, Batch 400, Aver_Loss: 1749.34
Epoch 108/200, Batch 100, Aver_Loss: 1720.45
Epoch 108/200, Batch 200, Aver_Loss: 1749.92
Epoch 108/200, Batch 300, Aver_Loss: 1783.42
Epoch 108/200, Batch 400, Aver_Loss: 1782.95
Epoch 109/200, Batch 100, Aver_Loss: 1779.85
Epoch 109/200, Batch 200, Aver_Loss: 1827.72
Epoch 109/200, Batch 300, Aver_Loss: 1771.84
Epoch 109/200, Batch 400, Aver_Loss: 1759.30
Epoch 110/200, Batch 100, Aver_Loss: 1717.87
Epoch 110/200, Batch 200, Aver_Loss: 1734.31
Epoch 110/200, Batch 300, Aver_Loss: 1845.28
Epoch 110/200, Batch 400, Aver_Loss: 1730.18
Epoch 111/200, Batch 100, Aver_Loss: 1787.07
Epoch 111/200, Batch 200, Aver_Loss: 1812.42
Epoch 111/200, Batch 300, Aver_Loss: 1781.25
Epoch 111/200, Batch 400, Aver_Loss: 1684.80
Epoch 112/200, Batch 100, Aver_Loss: 1773.81
Epoch 112/200, Batch 200, Aver_Loss: 1777.79
Epoch 112/200, Batch 300, Aver_Loss: 1775.05
Epoch 112/200, Batch 400, Aver_Loss: 1779.41
Epoch 113/200, Batch 100, Aver_Loss: 1791.64
Epoch 113/200, Batch 200, Aver_Loss: 1798.30
Epoch 113/200, Batch 300, Aver_Loss: 1792.87
Epoch 113/200, Batch 400, Aver_Loss: 1736.90
Epoch 114/200, Batch 100, Aver_Loss: 1764.65
Epoch 114/200, Batch 200, Aver_Loss: 1788.32
Epoch 114/200, Batch 300, Aver_Loss: 1733.09
Epoch 114/200, Batch 400, Aver_Loss: 1788.15
Epoch 115/200, Batch 100, Aver_Loss: 1776.03
Epoch 115/200, Batch 200, Aver_Loss: 1731.25
Epoch 115/200, Batch 300, Aver_Loss: 1759.60
Epoch 115/200, Batch 400, Aver_Loss: 1777.90
Epoch 116/200, Batch 100, Aver_Loss: 1751.66
Epoch 116/200, Batch 200, Aver_Loss: 1784.23
Epoch 116/200, Batch 300, Aver_Loss: 1760.41
Epoch 116/200, Batch 400, Aver_Loss: 1789.39
Epoch 117/200, Batch 100, Aver_Loss: 1764.28
Epoch 117/200, Batch 200, Aver_Loss: 1766.57
Epoch 117/200, Batch 300, Aver_Loss: 1832.73
Epoch 117/200, Batch 400, Aver_Loss: 1755.48
Epoch 118/200, Batch 100, Aver_Loss: 1782.46
Epoch 118/200, Batch 200, Aver_Loss: 1781.05
Epoch 118/200, Batch 300, Aver_Loss: 1770.13
Epoch 118/200, Batch 400, Aver_Loss: 1805.57
Epoch 119/200, Batch 100, Aver_Loss: 1749.39
Epoch 119/200, Batch 200, Aver_Loss: 1772.93
Epoch 119/200, Batch 300, Aver_Loss: 1794.48
Epoch 119/200, Batch 400, Aver_Loss: 1807.41
Epoch 120/200, Batch 100, Aver_Loss: 1777.80
Epoch 120/200, Batch 200, Aver_Loss: 1783.65
Epoch 120/200, Batch 300, Aver_Loss: 1822.70
Epoch 120/200, Batch 400, Aver_Loss: 1786.18
Epoch 121/200, Batch 100, Aver_Loss: 1752.08
Epoch 121/200, Batch 200, Aver_Loss: 1785.88
Epoch 121/200, Batch 300, Aver_Loss: 1752.31
Epoch 121/200, Batch 400, Aver_Loss: 1772.66
Epoch 122/200, Batch 100, Aver_Loss: 1754.86
Epoch 122/200, Batch 200, Aver_Loss: 1812.58
Epoch 122/200, Batch 300, Aver_Loss: 1784.06
Epoch 122/200, Batch 400, Aver_Loss: 1748.79
Epoch 123/200, Batch 100, Aver_Loss: 1783.41
Epoch 123/200, Batch 200, Aver_Loss: 1799.64
Epoch 123/200, Batch 300, Aver_Loss: 1791.17
Epoch 123/200, Batch 400, Aver_Loss: 1755.43
Epoch 124/200, Batch 100, Aver_Loss: 1770.28
Epoch 124/200, Batch 200, Aver_Loss: 1806.24
Epoch 124/200, Batch 300, Aver_Loss: 1826.65
Epoch 124/200, Batch 400, Aver_Loss: 1780.04
Epoch 125/200, Batch 100, Aver_Loss: 1757.88
Epoch 125/200, Batch 200, Aver_Loss: 1774.14
Epoch 125/200, Batch 300, Aver_Loss: 1721.22
Epoch 125/200, Batch 400, Aver_Loss: 1771.86
Epoch 126/200, Batch 100, Aver_Loss: 1755.71
Epoch 126/200, Batch 200, Aver_Loss: 1799.87
Epoch 126/200, Batch 300, Aver_Loss: 1810.49
Epoch 126/200, Batch 400, Aver_Loss: 1753.53
Epoch 127/200, Batch 100, Aver_Loss: 1792.05
Epoch 127/200, Batch 200, Aver_Loss: 1817.58
Epoch 127/200, Batch 300, Aver_Loss: 1759.82
Epoch 127/200, Batch 400, Aver_Loss: 1784.03
Epoch 128/200, Batch 100, Aver_Loss: 1762.71
Epoch 128/200, Batch 200, Aver_Loss: 1802.51
Epoch 128/200, Batch 300, Aver_Loss: 1803.27
Epoch 128/200, Batch 400, Aver_Loss: 1759.86
Epoch 129/200, Batch 100, Aver_Loss: 1786.71
Epoch 129/200, Batch 200, Aver_Loss: 1781.36
Epoch 129/200, Batch 300, Aver_Loss: 1785.76
Epoch 129/200, Batch 400, Aver_Loss: 1756.52
Epoch 130/200, Batch 100, Aver_Loss: 1770.91
Epoch 130/200, Batch 200, Aver_Loss: 1762.15
Epoch 130/200, Batch 300, Aver_Loss: 1752.67
Epoch 130/200, Batch 400, Aver_Loss: 1780.12
Epoch 131/200, Batch 100, Aver_Loss: 1809.58
Epoch 131/200, Batch 200, Aver_Loss: 1776.02
Epoch 131/200, Batch 300, Aver_Loss: 1780.51
Epoch 131/200, Batch 400, Aver_Loss: 1727.68
Epoch 132/200, Batch 100, Aver_Loss: 1732.34
Epoch 132/200, Batch 200, Aver_Loss: 1791.31
Epoch 132/200, Batch 300, Aver_Loss: 1771.03
Epoch 132/200, Batch 400, Aver_Loss: 1803.09
Epoch 133/200, Batch 100, Aver_Loss: 1797.44
Epoch 133/200, Batch 200, Aver_Loss: 1766.12
Epoch 133/200, Batch 300, Aver_Loss: 1731.77
Epoch 133/200, Batch 400, Aver_Loss: 1732.72
Epoch 134/200, Batch 100, Aver_Loss: 1779.59
Epoch 134/200, Batch 200, Aver_Loss: 1722.92
Epoch 134/200, Batch 300, Aver_Loss: 1782.06
Epoch 134/200, Batch 400, Aver_Loss: 1809.91
Epoch 135/200, Batch 100, Aver_Loss: 1800.89
Epoch 135/200, Batch 200, Aver_Loss: 1816.83
Epoch 135/200, Batch 300, Aver_Loss: 1785.10
Epoch 135/200, Batch 400, Aver_Loss: 1780.33
Epoch 136/200, Batch 100, Aver_Loss: 1751.04
Epoch 136/200, Batch 200, Aver_Loss: 1769.51
Epoch 136/200, Batch 300, Aver_Loss: 1735.99
Epoch 136/200, Batch 400, Aver_Loss: 1746.57
Epoch 137/200, Batch 100, Aver_Loss: 1811.94
Epoch 137/200, Batch 200, Aver_Loss: 1767.16
Epoch 137/200, Batch 300, Aver_Loss: 1793.04
Epoch 137/200, Batch 400, Aver_Loss: 1780.40
Epoch 138/200, Batch 100, Aver_Loss: 1776.45
Epoch 138/200, Batch 200, Aver_Loss: 1784.23
Epoch 138/200, Batch 300, Aver_Loss: 1822.06
Epoch 138/200, Batch 400, Aver_Loss: 1774.35
Epoch 139/200, Batch 100, Aver_Loss: 1776.22
Epoch 139/200, Batch 200, Aver_Loss: 1727.47
Epoch 139/200, Batch 300, Aver_Loss: 1700.82
Epoch 139/200, Batch 400, Aver_Loss: 1752.45
Epoch 140/200, Batch 100, Aver_Loss: 1783.80
Epoch 140/200, Batch 200, Aver_Loss: 1791.68
Epoch 140/200, Batch 300, Aver_Loss: 1772.08
Epoch 140/200, Batch 400, Aver_Loss: 1730.70
Epoch 141/200, Batch 100, Aver_Loss: 1722.69
Epoch 141/200, Batch 200, Aver_Loss: 1778.28
Epoch 141/200, Batch 300, Aver_Loss: 1794.68
Epoch 141/200, Batch 400, Aver_Loss: 1810.07
Epoch 142/200, Batch 100, Aver_Loss: 1785.00
Epoch 142/200, Batch 200, Aver_Loss: 1794.80
Epoch 142/200, Batch 300, Aver_Loss: 1766.59
Epoch 142/200, Batch 400, Aver_Loss: 1735.88
Epoch 143/200, Batch 100, Aver_Loss: 1811.59
Epoch 143/200, Batch 200, Aver_Loss: 1757.41
Epoch 143/200, Batch 300, Aver_Loss: 1777.89
Epoch 143/200, Batch 400, Aver_Loss: 1803.79
Epoch 144/200, Batch 100, Aver_Loss: 1780.40
Epoch 144/200, Batch 200, Aver_Loss: 1732.53
Epoch 144/200, Batch 300, Aver_Loss: 1789.86
Epoch 144/200, Batch 400, Aver_Loss: 1795.14
Epoch 145/200, Batch 100, Aver_Loss: 1778.67
Epoch 145/200, Batch 200, Aver_Loss: 1834.30
Epoch 145/200, Batch 300, Aver_Loss: 1743.92
Epoch 145/200, Batch 400, Aver_Loss: 1756.29
Epoch 146/200, Batch 100, Aver_Loss: 1741.01
Epoch 146/200, Batch 200, Aver_Loss: 1792.84
Epoch 146/200, Batch 300, Aver_Loss: 1804.89
Epoch 146/200, Batch 400, Aver_Loss: 1748.49
Epoch 147/200, Batch 100, Aver_Loss: 1825.57
Epoch 147/200, Batch 200, Aver_Loss: 1845.21
Epoch 147/200, Batch 300, Aver_Loss: 1754.59
Epoch 147/200, Batch 400, Aver_Loss: 1783.18
Epoch 148/200, Batch 100, Aver_Loss: 1775.54
Epoch 148/200, Batch 200, Aver_Loss: 1784.56
Epoch 148/200, Batch 300, Aver_Loss: 1731.10
Epoch 148/200, Batch 400, Aver_Loss: 1719.61
Epoch 149/200, Batch 100, Aver_Loss: 1731.01
Epoch 149/200, Batch 200, Aver_Loss: 1778.18
Epoch 149/200, Batch 300, Aver_Loss: 1828.46
Epoch 149/200, Batch 400, Aver_Loss: 1786.14
Epoch 150/200, Batch 100, Aver_Loss: 1784.91
Epoch 150/200, Batch 200, Aver_Loss: 1810.46
Epoch 150/200, Batch 300, Aver_Loss: 1781.86
Epoch 150/200, Batch 400, Aver_Loss: 1787.60
Epoch 151/200, Batch 100, Aver_Loss: 1779.79
Epoch 151/200, Batch 200, Aver_Loss: 1816.67
Epoch 151/200, Batch 300, Aver_Loss: 1750.45
Epoch 151/200, Batch 400, Aver_Loss: 1789.19
Epoch 152/200, Batch 100, Aver_Loss: 1806.99
Epoch 152/200, Batch 200, Aver_Loss: 1795.16
Epoch 152/200, Batch 300, Aver_Loss: 1742.60
Epoch 152/200, Batch 400, Aver_Loss: 1779.88
Epoch 153/200, Batch 100, Aver_Loss: 1818.44
Epoch 153/200, Batch 200, Aver_Loss: 1793.71
Epoch 153/200, Batch 300, Aver_Loss: 1761.19
Epoch 153/200, Batch 400, Aver_Loss: 1755.74
Epoch 154/200, Batch 100, Aver_Loss: 1760.76
Epoch 154/200, Batch 200, Aver_Loss: 1768.91
Epoch 154/200, Batch 300, Aver_Loss: 1788.29
Epoch 154/200, Batch 400, Aver_Loss: 1776.41
Epoch 155/200, Batch 100, Aver_Loss: 1757.78
Epoch 155/200, Batch 200, Aver_Loss: 1821.98
Epoch 155/200, Batch 300, Aver_Loss: 1820.08
Epoch 155/200, Batch 400, Aver_Loss: 1761.12
Epoch 156/200, Batch 100, Aver_Loss: 1764.66
Epoch 156/200, Batch 200, Aver_Loss: 1754.94
Epoch 156/200, Batch 300, Aver_Loss: 1774.82
Epoch 156/200, Batch 400, Aver_Loss: 1768.66
Epoch 157/200, Batch 100, Aver_Loss: 1807.00
Epoch 157/200, Batch 200, Aver_Loss: 1795.58
Epoch 157/200, Batch 300, Aver_Loss: 1783.63
Epoch 157/200, Batch 400, Aver_Loss: 1694.31
Epoch 158/200, Batch 100, Aver_Loss: 1781.47
Epoch 158/200, Batch 200, Aver_Loss: 1803.89
Epoch 158/200, Batch 300, Aver_Loss: 1769.81
Epoch 158/200, Batch 400, Aver_Loss: 1806.17
Epoch 159/200, Batch 100, Aver_Loss: 1814.75
Epoch 159/200, Batch 200, Aver_Loss: 1773.67
Epoch 159/200, Batch 300, Aver_Loss: 1767.93
Epoch 159/200, Batch 400, Aver_Loss: 1769.56
Epoch 160/200, Batch 100, Aver_Loss: 1792.87
Epoch 160/200, Batch 200, Aver_Loss: 1773.67
Epoch 160/200, Batch 300, Aver_Loss: 1812.03
Epoch 160/200, Batch 400, Aver_Loss: 1757.82
Epoch 161/200, Batch 100, Aver_Loss: 1773.52
Epoch 161/200, Batch 200, Aver_Loss: 1747.91
Epoch 161/200, Batch 300, Aver_Loss: 1804.71
Epoch 161/200, Batch 400, Aver_Loss: 1775.25
Epoch 162/200, Batch 100, Aver_Loss: 1765.07
Epoch 162/200, Batch 200, Aver_Loss: 1775.04
Epoch 162/200, Batch 300, Aver_Loss: 1750.72
Epoch 162/200, Batch 400, Aver_Loss: 1802.73
Epoch 163/200, Batch 100, Aver_Loss: 1765.92
Epoch 163/200, Batch 200, Aver_Loss: 1701.19
Epoch 163/200, Batch 300, Aver_Loss: 1805.16
Epoch 163/200, Batch 400, Aver_Loss: 1754.12
Epoch 164/200, Batch 100, Aver_Loss: 1815.24
Epoch 164/200, Batch 200, Aver_Loss: 1764.33
Epoch 164/200, Batch 300, Aver_Loss: 1753.87
Epoch 164/200, Batch 400, Aver_Loss: 1809.16
Epoch 165/200, Batch 100, Aver_Loss: 1727.47
Epoch 165/200, Batch 200, Aver_Loss: 1780.70
Epoch 165/200, Batch 300, Aver_Loss: 1742.73
Epoch 165/200, Batch 400, Aver_Loss: 1757.38
Epoch 166/200, Batch 100, Aver_Loss: 1798.37
Epoch 166/200, Batch 200, Aver_Loss: 1812.66
Epoch 166/200, Batch 300, Aver_Loss: 1792.60
Epoch 166/200, Batch 400, Aver_Loss: 1788.49
Epoch 167/200, Batch 100, Aver_Loss: 1763.76
Epoch 167/200, Batch 200, Aver_Loss: 1796.47
Epoch 167/200, Batch 300, Aver_Loss: 1755.47
Epoch 167/200, Batch 400, Aver_Loss: 1792.67
Epoch 168/200, Batch 100, Aver_Loss: 1786.95
Epoch 168/200, Batch 200, Aver_Loss: 1721.56
Epoch 168/200, Batch 300, Aver_Loss: 1792.40
Epoch 168/200, Batch 400, Aver_Loss: 1779.39
Epoch 169/200, Batch 100, Aver_Loss: 1779.02
Epoch 169/200, Batch 200, Aver_Loss: 1834.71
Epoch 169/200, Batch 300, Aver_Loss: 1766.23
Epoch 169/200, Batch 400, Aver_Loss: 1802.47
Epoch 170/200, Batch 100, Aver_Loss: 1779.70
Epoch 170/200, Batch 200, Aver_Loss: 1740.97
Epoch 170/200, Batch 300, Aver_Loss: 1697.09
Epoch 170/200, Batch 400, Aver_Loss: 1755.98
Epoch 171/200, Batch 100, Aver_Loss: 1783.17
Epoch 171/200, Batch 200, Aver_Loss: 1755.81
Epoch 171/200, Batch 300, Aver_Loss: 1760.52
Epoch 171/200, Batch 400, Aver_Loss: 1780.36
Epoch 172/200, Batch 100, Aver_Loss: 1714.70
Epoch 172/200, Batch 200, Aver_Loss: 1749.33
Epoch 172/200, Batch 300, Aver_Loss: 1776.28
Epoch 172/200, Batch 400, Aver_Loss: 1807.38
Epoch 173/200, Batch 100, Aver_Loss: 1762.18
Epoch 173/200, Batch 200, Aver_Loss: 1814.79
Epoch 173/200, Batch 300, Aver_Loss: 1812.32
Epoch 173/200, Batch 400, Aver_Loss: 1714.52
Epoch 174/200, Batch 100, Aver_Loss: 1817.52
Epoch 174/200, Batch 200, Aver_Loss: 1760.71
Epoch 174/200, Batch 300, Aver_Loss: 1802.02
Epoch 174/200, Batch 400, Aver_Loss: 1767.57
Epoch 175/200, Batch 100, Aver_Loss: 1809.51
Epoch 175/200, Batch 200, Aver_Loss: 1802.94
Epoch 175/200, Batch 300, Aver_Loss: 1813.95
Epoch 175/200, Batch 400, Aver_Loss: 1735.36
Epoch 176/200, Batch 100, Aver_Loss: 1772.06
Epoch 176/200, Batch 200, Aver_Loss: 1769.31
Epoch 176/200, Batch 300, Aver_Loss: 1780.58
Epoch 176/200, Batch 400, Aver_Loss: 1783.77
Epoch 177/200, Batch 100, Aver_Loss: 1799.28
Epoch 177/200, Batch 200, Aver_Loss: 1726.35
Epoch 177/200, Batch 300, Aver_Loss: 1769.23
Epoch 177/200, Batch 400, Aver_Loss: 1764.61
Epoch 178/200, Batch 100, Aver_Loss: 1761.72
Epoch 178/200, Batch 200, Aver_Loss: 1763.94
Epoch 178/200, Batch 300, Aver_Loss: 1766.67
Epoch 178/200, Batch 400, Aver_Loss: 1722.09
Epoch 179/200, Batch 100, Aver_Loss: 1734.67
Epoch 179/200, Batch 200, Aver_Loss: 1825.63
Epoch 179/200, Batch 300, Aver_Loss: 1758.17
Epoch 179/200, Batch 400, Aver_Loss: 1782.60
Epoch 180/200, Batch 100, Aver_Loss: 1736.10
Epoch 180/200, Batch 200, Aver_Loss: 1751.30
Epoch 180/200, Batch 300, Aver_Loss: 1748.12
Epoch 180/200, Batch 400, Aver_Loss: 1764.03
Epoch 181/200, Batch 100, Aver_Loss: 1791.85
Epoch 181/200, Batch 200, Aver_Loss: 1789.20
Epoch 181/200, Batch 300, Aver_Loss: 1769.12
Epoch 181/200, Batch 400, Aver_Loss: 1776.75
Epoch 182/200, Batch 100, Aver_Loss: 1772.80
Epoch 182/200, Batch 200, Aver_Loss: 1780.96
Epoch 182/200, Batch 300, Aver_Loss: 1761.06
Epoch 182/200, Batch 400, Aver_Loss: 1770.57
Epoch 183/200, Batch 100, Aver_Loss: 1782.04
Epoch 183/200, Batch 200, Aver_Loss: 1737.20
Epoch 183/200, Batch 300, Aver_Loss: 1769.92
Epoch 183/200, Batch 400, Aver_Loss: 1755.09
Epoch 184/200, Batch 100, Aver_Loss: 1781.98
Epoch 184/200, Batch 200, Aver_Loss: 1780.57
Epoch 184/200, Batch 300, Aver_Loss: 1806.08
Epoch 184/200, Batch 400, Aver_Loss: 1822.77
Epoch 185/200, Batch 100, Aver_Loss: 1813.22
Epoch 185/200, Batch 200, Aver_Loss: 1825.55
Epoch 185/200, Batch 300, Aver_Loss: 1726.85
Epoch 185/200, Batch 400, Aver_Loss: 1765.08
Epoch 186/200, Batch 100, Aver_Loss: 1746.32
Epoch 186/200, Batch 200, Aver_Loss: 1731.00
Epoch 186/200, Batch 300, Aver_Loss: 1793.26
Epoch 186/200, Batch 400, Aver_Loss: 1718.60
Epoch 187/200, Batch 100, Aver_Loss: 1758.14
Epoch 187/200, Batch 200, Aver_Loss: 1794.35
Epoch 187/200, Batch 300, Aver_Loss: 1728.18
Epoch 187/200, Batch 400, Aver_Loss: 1763.49
Epoch 188/200, Batch 100, Aver_Loss: 1767.44
Epoch 188/200, Batch 200, Aver_Loss: 1738.17
Epoch 188/200, Batch 300, Aver_Loss: 1709.08
Epoch 188/200, Batch 400, Aver_Loss: 1753.37
Epoch 189/200, Batch 100, Aver_Loss: 1688.12
Epoch 189/200, Batch 200, Aver_Loss: 1753.12
Epoch 189/200, Batch 300, Aver_Loss: 1801.29
Epoch 189/200, Batch 400, Aver_Loss: 1755.59
Epoch 190/200, Batch 100, Aver_Loss: 1807.21
Epoch 190/200, Batch 200, Aver_Loss: 1784.65
Epoch 190/200, Batch 300, Aver_Loss: 1786.24
Epoch 190/200, Batch 400, Aver_Loss: 1795.26
Epoch 191/200, Batch 100, Aver_Loss: 1752.22
Epoch 191/200, Batch 200, Aver_Loss: 1824.35
Epoch 191/200, Batch 300, Aver_Loss: 1777.79
Epoch 191/200, Batch 400, Aver_Loss: 1787.76
Epoch 192/200, Batch 100, Aver_Loss: 1759.85
Epoch 192/200, Batch 200, Aver_Loss: 1766.82
Epoch 192/200, Batch 300, Aver_Loss: 1802.78
Epoch 192/200, Batch 400, Aver_Loss: 1756.57
Epoch 193/200, Batch 100, Aver_Loss: 1755.11
Epoch 193/200, Batch 200, Aver_Loss: 1743.82
Epoch 193/200, Batch 300, Aver_Loss: 1770.88
Epoch 193/200, Batch 400, Aver_Loss: 1794.11
Epoch 194/200, Batch 100, Aver_Loss: 1815.84
Epoch 194/200, Batch 200, Aver_Loss: 1761.88
Epoch 194/200, Batch 300, Aver_Loss: 1801.77
Epoch 194/200, Batch 400, Aver_Loss: 1786.92
Epoch 195/200, Batch 100, Aver_Loss: 1778.17
Epoch 195/200, Batch 200, Aver_Loss: 1806.83
Epoch 195/200, Batch 300, Aver_Loss: 1667.29
Epoch 195/200, Batch 400, Aver_Loss: 1788.13
Epoch 196/200, Batch 100, Aver_Loss: 1817.41
Epoch 196/200, Batch 200, Aver_Loss: 1776.15
Epoch 196/200, Batch 300, Aver_Loss: 1743.36
Epoch 196/200, Batch 400, Aver_Loss: 1786.18
Epoch 197/200, Batch 100, Aver_Loss: 1784.57
Epoch 197/200, Batch 200, Aver_Loss: 1786.97
Epoch 197/200, Batch 300, Aver_Loss: 1756.06
Epoch 197/200, Batch 400, Aver_Loss: 1800.84
Epoch 198/200, Batch 100, Aver_Loss: 1770.86
Epoch 198/200, Batch 200, Aver_Loss: 1799.43
Epoch 198/200, Batch 300, Aver_Loss: 1766.87
Epoch 198/200, Batch 400, Aver_Loss: 1770.59
Epoch 199/200, Batch 100, Aver_Loss: 1788.09
Epoch 199/200, Batch 200, Aver_Loss: 1821.65
Epoch 199/200, Batch 300, Aver_Loss: 1791.41
Epoch 199/200, Batch 400, Aver_Loss: 1819.09
Epoch 200/200, Batch 100, Aver_Loss: 1785.08
Epoch 200/200, Batch 200, Aver_Loss: 1753.93
Epoch 200/200, Batch 300, Aver_Loss: 1820.88
Epoch 200/200, Batch 400, Aver_Loss: 1751.76
[saved curves] ./results/CIFAR100/curves/cifar100_mvae_d256_s777.json

==== Evaluation Summary ====
                 model: mvae
   recon/mse_per_pixel: 0.015780
            elbo/train: -1777.567257
             elbo/test: -1781.003300
             mse/train: 0.015391
              mse/test: 0.015780
             probe/acc: 0.194417
             probe/nll: 3.504993
           probe/brier: 0.912266
             probe/ece: 0.025604
           cluster/nmi: 0.224598
           cluster/ari: 0.026444
============================

