/usr/bin/which: no fi_info in (/arf/home/meyavuz/.local/bin:/arf/sw/comp/python/intelpython3/condabin:/arf/sw/comp/python/intelpython3/bin:/usr/share/Modules/bin:/usr/local/bin:/usr/bin:/usr/local/sbin:/usr/sbin)
Extension for Scikit-learn* enabled (https://github.com/uxlfoundation/scikit-learn-intelex)
/arf/home/meyavuz/.conda/envs/sbn/lib/python3.9/site-packages/sklearn/linear_model/_logistic.py:1247: FutureWarning: 'multi_class' was deprecated in version 1.5 and will be removed in 1.7. From then on, it will always use 'multinomial'. Leave it to its default value to avoid this warning.
  warnings.warn(
/arf/home/meyavuz/.conda/envs/sbn/lib/python3.9/site-packages/sklearn/linear_model/_sag.py:348: ConvergenceWarning: The max_iter was reached which means the coef_ did not converge
  warnings.warn(
Epoch 1/200, Batch 100, Aver_Loss: 1970.39
Epoch 1/200, Batch 200, Aver_Loss: 1897.24
Epoch 1/200, Batch 300, Aver_Loss: 1967.14
Epoch 1/200, Batch 400, Aver_Loss: 1887.89
Epoch 2/200, Batch 100, Aver_Loss: 1910.91
Epoch 2/200, Batch 200, Aver_Loss: 1961.57
Epoch 2/200, Batch 300, Aver_Loss: 1972.80
Epoch 2/200, Batch 400, Aver_Loss: 1931.93
Epoch 3/200, Batch 100, Aver_Loss: 1931.69
Epoch 3/200, Batch 200, Aver_Loss: 1961.73
Epoch 3/200, Batch 300, Aver_Loss: 1977.48
Epoch 3/200, Batch 400, Aver_Loss: 1908.29
Epoch 4/200, Batch 100, Aver_Loss: 1968.24
Epoch 4/200, Batch 200, Aver_Loss: 1961.67
Epoch 4/200, Batch 300, Aver_Loss: 1895.99
Epoch 4/200, Batch 400, Aver_Loss: 1915.42
Epoch 5/200, Batch 100, Aver_Loss: 1900.39
Epoch 5/200, Batch 200, Aver_Loss: 1939.46
Epoch 5/200, Batch 300, Aver_Loss: 1939.61
Epoch 5/200, Batch 400, Aver_Loss: 1896.61
Epoch 6/200, Batch 100, Aver_Loss: 1924.48
Epoch 6/200, Batch 200, Aver_Loss: 1909.76
Epoch 6/200, Batch 300, Aver_Loss: 1919.52
Epoch 6/200, Batch 400, Aver_Loss: 1939.96
Epoch 7/200, Batch 100, Aver_Loss: 1953.15
Epoch 7/200, Batch 200, Aver_Loss: 1963.14
Epoch 7/200, Batch 300, Aver_Loss: 1876.80
Epoch 7/200, Batch 400, Aver_Loss: 1888.48
Epoch 8/200, Batch 100, Aver_Loss: 1937.79
Epoch 8/200, Batch 200, Aver_Loss: 1899.32
Epoch 8/200, Batch 300, Aver_Loss: 1923.76
Epoch 8/200, Batch 400, Aver_Loss: 1908.64
Epoch 9/200, Batch 100, Aver_Loss: 1901.23
Epoch 9/200, Batch 200, Aver_Loss: 1949.89
Epoch 9/200, Batch 300, Aver_Loss: 1919.88
Epoch 9/200, Batch 400, Aver_Loss: 1904.29
Epoch 10/200, Batch 100, Aver_Loss: 1916.11
Epoch 10/200, Batch 200, Aver_Loss: 1930.42
Epoch 10/200, Batch 300, Aver_Loss: 1909.21
Epoch 10/200, Batch 400, Aver_Loss: 1942.43
Epoch 11/200, Batch 100, Aver_Loss: 1935.60
Epoch 11/200, Batch 200, Aver_Loss: 1925.36
Epoch 11/200, Batch 300, Aver_Loss: 1866.18
Epoch 11/200, Batch 400, Aver_Loss: 1886.89
Epoch 12/200, Batch 100, Aver_Loss: 1901.75
Epoch 12/200, Batch 200, Aver_Loss: 1912.61
Epoch 12/200, Batch 300, Aver_Loss: 1923.83
Epoch 12/200, Batch 400, Aver_Loss: 1934.15
Epoch 13/200, Batch 100, Aver_Loss: 1930.51
Epoch 13/200, Batch 200, Aver_Loss: 1950.54
Epoch 13/200, Batch 300, Aver_Loss: 1921.13
Epoch 13/200, Batch 400, Aver_Loss: 1902.65
Epoch 14/200, Batch 100, Aver_Loss: 1895.66
Epoch 14/200, Batch 200, Aver_Loss: 1899.07
Epoch 14/200, Batch 300, Aver_Loss: 1918.20
Epoch 14/200, Batch 400, Aver_Loss: 1932.67
Epoch 15/200, Batch 100, Aver_Loss: 1887.32
Epoch 15/200, Batch 200, Aver_Loss: 1905.60
Epoch 15/200, Batch 300, Aver_Loss: 1927.90
Epoch 15/200, Batch 400, Aver_Loss: 1900.55
Epoch 16/200, Batch 100, Aver_Loss: 1943.51
Epoch 16/200, Batch 200, Aver_Loss: 1877.37
Epoch 16/200, Batch 300, Aver_Loss: 1886.84
Epoch 16/200, Batch 400, Aver_Loss: 1848.02
Epoch 17/200, Batch 100, Aver_Loss: 1942.59
Epoch 17/200, Batch 200, Aver_Loss: 1877.84
Epoch 17/200, Batch 300, Aver_Loss: 1862.23
Epoch 17/200, Batch 400, Aver_Loss: 1894.97
Epoch 18/200, Batch 100, Aver_Loss: 1894.99
Epoch 18/200, Batch 200, Aver_Loss: 1919.01
Epoch 18/200, Batch 300, Aver_Loss: 1893.19
Epoch 18/200, Batch 400, Aver_Loss: 1888.97
Epoch 19/200, Batch 100, Aver_Loss: 1926.74
Epoch 19/200, Batch 200, Aver_Loss: 1894.41
Epoch 19/200, Batch 300, Aver_Loss: 1857.82
Epoch 19/200, Batch 400, Aver_Loss: 1908.92
Epoch 20/200, Batch 100, Aver_Loss: 1904.68
Epoch 20/200, Batch 200, Aver_Loss: 1872.17
Epoch 20/200, Batch 300, Aver_Loss: 1890.79
Epoch 20/200, Batch 400, Aver_Loss: 1863.58
Epoch 21/200, Batch 100, Aver_Loss: 1927.90
Epoch 21/200, Batch 200, Aver_Loss: 1879.38
Epoch 21/200, Batch 300, Aver_Loss: 1897.24
Epoch 21/200, Batch 400, Aver_Loss: 1927.50
Epoch 22/200, Batch 100, Aver_Loss: 1925.91
Epoch 22/200, Batch 200, Aver_Loss: 1875.54
Epoch 22/200, Batch 300, Aver_Loss: 1901.85
Epoch 22/200, Batch 400, Aver_Loss: 1905.78
Epoch 23/200, Batch 100, Aver_Loss: 1939.77
Epoch 23/200, Batch 200, Aver_Loss: 1858.26
Epoch 23/200, Batch 300, Aver_Loss: 1914.84
Epoch 23/200, Batch 400, Aver_Loss: 1884.47
Epoch 24/200, Batch 100, Aver_Loss: 1954.26
Epoch 24/200, Batch 200, Aver_Loss: 1880.89
Epoch 24/200, Batch 300, Aver_Loss: 1936.31
Epoch 24/200, Batch 400, Aver_Loss: 1853.70
Epoch 25/200, Batch 100, Aver_Loss: 1925.03
Epoch 25/200, Batch 200, Aver_Loss: 1941.07
Epoch 25/200, Batch 300, Aver_Loss: 1859.77
Epoch 25/200, Batch 400, Aver_Loss: 1853.67
Epoch 26/200, Batch 100, Aver_Loss: 1915.02
Epoch 26/200, Batch 200, Aver_Loss: 1881.79
Epoch 26/200, Batch 300, Aver_Loss: 1905.73
Epoch 26/200, Batch 400, Aver_Loss: 1937.84
Epoch 27/200, Batch 100, Aver_Loss: 1874.16
Epoch 27/200, Batch 200, Aver_Loss: 1880.84
Epoch 27/200, Batch 300, Aver_Loss: 1902.00
Epoch 27/200, Batch 400, Aver_Loss: 1880.51
Epoch 28/200, Batch 100, Aver_Loss: 1888.04
Epoch 28/200, Batch 200, Aver_Loss: 1891.17
Epoch 28/200, Batch 300, Aver_Loss: 1912.63
Epoch 28/200, Batch 400, Aver_Loss: 1950.13
Epoch 29/200, Batch 100, Aver_Loss: 1946.32
Epoch 29/200, Batch 200, Aver_Loss: 1900.59
Epoch 29/200, Batch 300, Aver_Loss: 1904.49
Epoch 29/200, Batch 400, Aver_Loss: 1933.08
Epoch 30/200, Batch 100, Aver_Loss: 1938.77
Epoch 30/200, Batch 200, Aver_Loss: 1864.52
Epoch 30/200, Batch 300, Aver_Loss: 1952.30
Epoch 30/200, Batch 400, Aver_Loss: 1941.35
Epoch 31/200, Batch 100, Aver_Loss: 1911.28
Epoch 31/200, Batch 200, Aver_Loss: 1895.77
Epoch 31/200, Batch 300, Aver_Loss: 1908.70
Epoch 31/200, Batch 400, Aver_Loss: 1924.41
Epoch 32/200, Batch 100, Aver_Loss: 1925.15
Epoch 32/200, Batch 200, Aver_Loss: 1916.74
Epoch 32/200, Batch 300, Aver_Loss: 1913.62
Epoch 32/200, Batch 400, Aver_Loss: 1884.95
Epoch 33/200, Batch 100, Aver_Loss: 1956.49
Epoch 33/200, Batch 200, Aver_Loss: 1905.40
Epoch 33/200, Batch 300, Aver_Loss: 1904.62
Epoch 33/200, Batch 400, Aver_Loss: 1898.46
Epoch 34/200, Batch 100, Aver_Loss: 1936.43
Epoch 34/200, Batch 200, Aver_Loss: 1899.30
Epoch 34/200, Batch 300, Aver_Loss: 1904.64
Epoch 34/200, Batch 400, Aver_Loss: 1919.40
Epoch 35/200, Batch 100, Aver_Loss: 1939.96
Epoch 35/200, Batch 200, Aver_Loss: 1910.15
Epoch 35/200, Batch 300, Aver_Loss: 1890.07
Epoch 35/200, Batch 400, Aver_Loss: 1921.08
Epoch 36/200, Batch 100, Aver_Loss: 1908.64
Epoch 36/200, Batch 200, Aver_Loss: 1949.16
Epoch 36/200, Batch 300, Aver_Loss: 1886.01
Epoch 36/200, Batch 400, Aver_Loss: 1893.92
Epoch 37/200, Batch 100, Aver_Loss: 1922.74
Epoch 37/200, Batch 200, Aver_Loss: 1862.83
Epoch 37/200, Batch 300, Aver_Loss: 1888.85
Epoch 37/200, Batch 400, Aver_Loss: 1879.04
Epoch 38/200, Batch 100, Aver_Loss: 1871.54
Epoch 38/200, Batch 200, Aver_Loss: 1901.40
Epoch 38/200, Batch 300, Aver_Loss: 1931.69
Epoch 38/200, Batch 400, Aver_Loss: 1861.28
Epoch 39/200, Batch 100, Aver_Loss: 1920.38
Epoch 39/200, Batch 200, Aver_Loss: 1873.43
Epoch 39/200, Batch 300, Aver_Loss: 1921.77
Epoch 39/200, Batch 400, Aver_Loss: 1894.23
Epoch 40/200, Batch 100, Aver_Loss: 1886.34
Epoch 40/200, Batch 200, Aver_Loss: 1927.00
Epoch 40/200, Batch 300, Aver_Loss: 1870.06
Epoch 40/200, Batch 400, Aver_Loss: 1911.70
Epoch 41/200, Batch 100, Aver_Loss: 1872.63
Epoch 41/200, Batch 200, Aver_Loss: 1887.40
Epoch 41/200, Batch 300, Aver_Loss: 1876.83
Epoch 41/200, Batch 400, Aver_Loss: 1955.84
Epoch 42/200, Batch 100, Aver_Loss: 1891.73
Epoch 42/200, Batch 200, Aver_Loss: 1856.74
Epoch 42/200, Batch 300, Aver_Loss: 1911.37
Epoch 42/200, Batch 400, Aver_Loss: 1931.28
Epoch 43/200, Batch 100, Aver_Loss: 1901.04
Epoch 43/200, Batch 200, Aver_Loss: 1902.46
Epoch 43/200, Batch 300, Aver_Loss: 1926.75
Epoch 43/200, Batch 400, Aver_Loss: 1900.97
Epoch 44/200, Batch 100, Aver_Loss: 1933.14
Epoch 44/200, Batch 200, Aver_Loss: 1900.99
Epoch 44/200, Batch 300, Aver_Loss: 1930.01
Epoch 44/200, Batch 400, Aver_Loss: 1901.06
Epoch 45/200, Batch 100, Aver_Loss: 1877.28
Epoch 45/200, Batch 200, Aver_Loss: 1932.08
Epoch 45/200, Batch 300, Aver_Loss: 1932.49
Epoch 45/200, Batch 400, Aver_Loss: 1848.53
Epoch 46/200, Batch 100, Aver_Loss: 1819.33
Epoch 46/200, Batch 200, Aver_Loss: 1932.62
Epoch 46/200, Batch 300, Aver_Loss: 1927.46
Epoch 46/200, Batch 400, Aver_Loss: 1927.76
Epoch 47/200, Batch 100, Aver_Loss: 1917.81
Epoch 47/200, Batch 200, Aver_Loss: 1898.99
Epoch 47/200, Batch 300, Aver_Loss: 1943.55
Epoch 47/200, Batch 400, Aver_Loss: 1880.28
Epoch 48/200, Batch 100, Aver_Loss: 1873.76
Epoch 48/200, Batch 200, Aver_Loss: 1899.50
Epoch 48/200, Batch 300, Aver_Loss: 1888.39
Epoch 48/200, Batch 400, Aver_Loss: 1894.58
Epoch 49/200, Batch 100, Aver_Loss: 1927.59
Epoch 49/200, Batch 200, Aver_Loss: 1892.38
Epoch 49/200, Batch 300, Aver_Loss: 1929.18
Epoch 49/200, Batch 400, Aver_Loss: 1894.72
Epoch 50/200, Batch 100, Aver_Loss: 1888.62
Epoch 50/200, Batch 200, Aver_Loss: 1950.11
Epoch 50/200, Batch 300, Aver_Loss: 1902.89
Epoch 50/200, Batch 400, Aver_Loss: 1876.54
Epoch 51/200, Batch 100, Aver_Loss: 1889.87
Epoch 51/200, Batch 200, Aver_Loss: 1852.44
Epoch 51/200, Batch 300, Aver_Loss: 1902.11
Epoch 51/200, Batch 400, Aver_Loss: 1927.80
Epoch 52/200, Batch 100, Aver_Loss: 1896.69
Epoch 52/200, Batch 200, Aver_Loss: 1967.08
Epoch 52/200, Batch 300, Aver_Loss: 1892.12
Epoch 52/200, Batch 400, Aver_Loss: 1951.03
Epoch 53/200, Batch 100, Aver_Loss: 1898.54
Epoch 53/200, Batch 200, Aver_Loss: 1860.79
Epoch 53/200, Batch 300, Aver_Loss: 1898.88
Epoch 53/200, Batch 400, Aver_Loss: 1936.86
Epoch 54/200, Batch 100, Aver_Loss: 1952.14
Epoch 54/200, Batch 200, Aver_Loss: 1903.61
Epoch 54/200, Batch 300, Aver_Loss: 1896.89
Epoch 54/200, Batch 400, Aver_Loss: 1902.49
Epoch 55/200, Batch 100, Aver_Loss: 1938.79
Epoch 55/200, Batch 200, Aver_Loss: 1933.39
Epoch 55/200, Batch 300, Aver_Loss: 1932.94
Epoch 55/200, Batch 400, Aver_Loss: 1980.22
Epoch 56/200, Batch 100, Aver_Loss: 1917.64
Epoch 56/200, Batch 200, Aver_Loss: 1906.83
Epoch 56/200, Batch 300, Aver_Loss: 1964.38
Epoch 56/200, Batch 400, Aver_Loss: 1887.82
Epoch 57/200, Batch 100, Aver_Loss: 1953.28
Epoch 57/200, Batch 200, Aver_Loss: 1879.69
Epoch 57/200, Batch 300, Aver_Loss: 1930.63
Epoch 57/200, Batch 400, Aver_Loss: 1933.11
Epoch 58/200, Batch 100, Aver_Loss: 1867.97
Epoch 58/200, Batch 200, Aver_Loss: 1923.61
Epoch 58/200, Batch 300, Aver_Loss: 1947.56
Epoch 58/200, Batch 400, Aver_Loss: 1920.14
Epoch 59/200, Batch 100, Aver_Loss: 1885.48
Epoch 59/200, Batch 200, Aver_Loss: 1957.56
Epoch 59/200, Batch 300, Aver_Loss: 1900.33
Epoch 59/200, Batch 400, Aver_Loss: 1934.85
Epoch 60/200, Batch 100, Aver_Loss: 1904.10
Epoch 60/200, Batch 200, Aver_Loss: 1912.34
Epoch 60/200, Batch 300, Aver_Loss: 1936.14
Epoch 60/200, Batch 400, Aver_Loss: 1923.66
Epoch 61/200, Batch 100, Aver_Loss: 1912.64
Epoch 61/200, Batch 200, Aver_Loss: 1924.51
Epoch 61/200, Batch 300, Aver_Loss: 1922.14
Epoch 61/200, Batch 400, Aver_Loss: 1886.26
Epoch 62/200, Batch 100, Aver_Loss: 1849.80
Epoch 62/200, Batch 200, Aver_Loss: 1852.53
Epoch 62/200, Batch 300, Aver_Loss: 1905.66
Epoch 62/200, Batch 400, Aver_Loss: 1922.20
Epoch 63/200, Batch 100, Aver_Loss: 1892.33
Epoch 63/200, Batch 200, Aver_Loss: 1920.76
Epoch 63/200, Batch 300, Aver_Loss: 1914.20
Epoch 63/200, Batch 400, Aver_Loss: 1879.72
Epoch 64/200, Batch 100, Aver_Loss: 1924.98
Epoch 64/200, Batch 200, Aver_Loss: 1904.15
Epoch 64/200, Batch 300, Aver_Loss: 1883.25
Epoch 64/200, Batch 400, Aver_Loss: 1899.94
Epoch 65/200, Batch 100, Aver_Loss: 1890.39
Epoch 65/200, Batch 200, Aver_Loss: 1896.52
Epoch 65/200, Batch 300, Aver_Loss: 1851.59
Epoch 65/200, Batch 400, Aver_Loss: 1913.78
Epoch 66/200, Batch 100, Aver_Loss: 1907.64
Epoch 66/200, Batch 200, Aver_Loss: 1875.81
Epoch 66/200, Batch 300, Aver_Loss: 1873.45
Epoch 66/200, Batch 400, Aver_Loss: 1892.51
Epoch 67/200, Batch 100, Aver_Loss: 1903.02
Epoch 67/200, Batch 200, Aver_Loss: 1915.02
Epoch 67/200, Batch 300, Aver_Loss: 1940.92
Epoch 67/200, Batch 400, Aver_Loss: 1881.71
Epoch 68/200, Batch 100, Aver_Loss: 1923.03
Epoch 68/200, Batch 200, Aver_Loss: 1916.31
Epoch 68/200, Batch 300, Aver_Loss: 1925.25
Epoch 68/200, Batch 400, Aver_Loss: 1916.40
Epoch 69/200, Batch 100, Aver_Loss: 1872.25
Epoch 69/200, Batch 200, Aver_Loss: 1915.36
Epoch 69/200, Batch 300, Aver_Loss: 1917.04
Epoch 69/200, Batch 400, Aver_Loss: 1876.57
Epoch 70/200, Batch 100, Aver_Loss: 1886.89
Epoch 70/200, Batch 200, Aver_Loss: 1929.16
Epoch 70/200, Batch 300, Aver_Loss: 1913.13
Epoch 70/200, Batch 400, Aver_Loss: 1913.48
Epoch 71/200, Batch 100, Aver_Loss: 1910.93
Epoch 71/200, Batch 200, Aver_Loss: 1951.69
Epoch 71/200, Batch 300, Aver_Loss: 1918.49
Epoch 71/200, Batch 400, Aver_Loss: 1873.28
Epoch 72/200, Batch 100, Aver_Loss: 1860.78
Epoch 72/200, Batch 200, Aver_Loss: 1879.06
Epoch 72/200, Batch 300, Aver_Loss: 1862.79
Epoch 72/200, Batch 400, Aver_Loss: 1894.02
Epoch 73/200, Batch 100, Aver_Loss: 1901.10
Epoch 73/200, Batch 200, Aver_Loss: 1906.21
Epoch 73/200, Batch 300, Aver_Loss: 1888.82
Epoch 73/200, Batch 400, Aver_Loss: 1864.50
Epoch 74/200, Batch 100, Aver_Loss: 1913.30
Epoch 74/200, Batch 200, Aver_Loss: 1935.42
Epoch 74/200, Batch 300, Aver_Loss: 1882.84
Epoch 74/200, Batch 400, Aver_Loss: 1911.23
Epoch 75/200, Batch 100, Aver_Loss: 1883.89
Epoch 75/200, Batch 200, Aver_Loss: 1885.37
Epoch 75/200, Batch 300, Aver_Loss: 1944.23
Epoch 75/200, Batch 400, Aver_Loss: 1896.92
Epoch 76/200, Batch 100, Aver_Loss: 1859.43
Epoch 76/200, Batch 200, Aver_Loss: 1932.56
Epoch 76/200, Batch 300, Aver_Loss: 1900.82
Epoch 76/200, Batch 400, Aver_Loss: 1922.46
Epoch 77/200, Batch 100, Aver_Loss: 1871.41
Epoch 77/200, Batch 200, Aver_Loss: 1900.02
Epoch 77/200, Batch 300, Aver_Loss: 1915.67
Epoch 77/200, Batch 400, Aver_Loss: 1942.41
Epoch 78/200, Batch 100, Aver_Loss: 1887.16
Epoch 78/200, Batch 200, Aver_Loss: 1934.53
Epoch 78/200, Batch 300, Aver_Loss: 1871.86
Epoch 78/200, Batch 400, Aver_Loss: 1926.88
Epoch 79/200, Batch 100, Aver_Loss: 1925.87
Epoch 79/200, Batch 200, Aver_Loss: 1895.21
Epoch 79/200, Batch 300, Aver_Loss: 1877.31
Epoch 79/200, Batch 400, Aver_Loss: 1920.06
Epoch 80/200, Batch 100, Aver_Loss: 1909.22
Epoch 80/200, Batch 200, Aver_Loss: 1903.46
Epoch 80/200, Batch 300, Aver_Loss: 1901.91
Epoch 80/200, Batch 400, Aver_Loss: 1902.55
Epoch 81/200, Batch 100, Aver_Loss: 1931.44
Epoch 81/200, Batch 200, Aver_Loss: 1913.47
Epoch 81/200, Batch 300, Aver_Loss: 1889.21
Epoch 81/200, Batch 400, Aver_Loss: 1898.81
Epoch 82/200, Batch 100, Aver_Loss: 1886.44
Epoch 82/200, Batch 200, Aver_Loss: 1899.21
Epoch 82/200, Batch 300, Aver_Loss: 1903.24
Epoch 82/200, Batch 400, Aver_Loss: 1922.97
Epoch 83/200, Batch 100, Aver_Loss: 1901.00
Epoch 83/200, Batch 200, Aver_Loss: 1941.84
Epoch 83/200, Batch 300, Aver_Loss: 1861.12
Epoch 83/200, Batch 400, Aver_Loss: 1855.03
Epoch 84/200, Batch 100, Aver_Loss: 1931.96
Epoch 84/200, Batch 200, Aver_Loss: 1908.21
Epoch 84/200, Batch 300, Aver_Loss: 1928.87
Epoch 84/200, Batch 400, Aver_Loss: 1893.36
Epoch 85/200, Batch 100, Aver_Loss: 1900.39
Epoch 85/200, Batch 200, Aver_Loss: 1861.74
Epoch 85/200, Batch 300, Aver_Loss: 1920.49
Epoch 85/200, Batch 400, Aver_Loss: 1903.47
Epoch 86/200, Batch 100, Aver_Loss: 1914.17
Epoch 86/200, Batch 200, Aver_Loss: 1914.42
Epoch 86/200, Batch 300, Aver_Loss: 1930.30
Epoch 86/200, Batch 400, Aver_Loss: 1881.19
Epoch 87/200, Batch 100, Aver_Loss: 1907.22
Epoch 87/200, Batch 200, Aver_Loss: 1911.08
Epoch 87/200, Batch 300, Aver_Loss: 1923.75
Epoch 87/200, Batch 400, Aver_Loss: 1918.68
Epoch 88/200, Batch 100, Aver_Loss: 1924.31
Epoch 88/200, Batch 200, Aver_Loss: 1894.56
Epoch 88/200, Batch 300, Aver_Loss: 1917.63
Epoch 88/200, Batch 400, Aver_Loss: 1936.22
Epoch 89/200, Batch 100, Aver_Loss: 1851.13
Epoch 89/200, Batch 200, Aver_Loss: 1892.37
Epoch 89/200, Batch 300, Aver_Loss: 1900.67
Epoch 89/200, Batch 400, Aver_Loss: 1867.42
Epoch 90/200, Batch 100, Aver_Loss: 1908.55
Epoch 90/200, Batch 200, Aver_Loss: 1914.11
Epoch 90/200, Batch 300, Aver_Loss: 1904.68
Epoch 90/200, Batch 400, Aver_Loss: 1929.48
Epoch 91/200, Batch 100, Aver_Loss: 1880.04
Epoch 91/200, Batch 200, Aver_Loss: 1933.80
Epoch 91/200, Batch 300, Aver_Loss: 1922.61
Epoch 91/200, Batch 400, Aver_Loss: 1890.79
Epoch 92/200, Batch 100, Aver_Loss: 1908.61
Epoch 92/200, Batch 200, Aver_Loss: 1906.64
Epoch 92/200, Batch 300, Aver_Loss: 1909.04
Epoch 92/200, Batch 400, Aver_Loss: 1927.50
Epoch 93/200, Batch 100, Aver_Loss: 1872.79
Epoch 93/200, Batch 200, Aver_Loss: 1896.10
Epoch 93/200, Batch 300, Aver_Loss: 1927.97
Epoch 93/200, Batch 400, Aver_Loss: 1877.02
Epoch 94/200, Batch 100, Aver_Loss: 1923.03
Epoch 94/200, Batch 200, Aver_Loss: 1888.68
Epoch 94/200, Batch 300, Aver_Loss: 1912.12
Epoch 94/200, Batch 400, Aver_Loss: 1883.13
Epoch 95/200, Batch 100, Aver_Loss: 1890.62
Epoch 95/200, Batch 200, Aver_Loss: 1895.53
Epoch 95/200, Batch 300, Aver_Loss: 1913.91
Epoch 95/200, Batch 400, Aver_Loss: 1853.10
Epoch 96/200, Batch 100, Aver_Loss: 1904.50
Epoch 96/200, Batch 200, Aver_Loss: 1867.98
Epoch 96/200, Batch 300, Aver_Loss: 1899.40
Epoch 96/200, Batch 400, Aver_Loss: 1917.75
Epoch 97/200, Batch 100, Aver_Loss: 1842.25
Epoch 97/200, Batch 200, Aver_Loss: 1893.14
Epoch 97/200, Batch 300, Aver_Loss: 1916.01
Epoch 97/200, Batch 400, Aver_Loss: 1880.63
Epoch 98/200, Batch 100, Aver_Loss: 1881.57
Epoch 98/200, Batch 200, Aver_Loss: 1945.84
Epoch 98/200, Batch 300, Aver_Loss: 1909.23
Epoch 98/200, Batch 400, Aver_Loss: 1907.95
Epoch 99/200, Batch 100, Aver_Loss: 1921.13
Epoch 99/200, Batch 200, Aver_Loss: 1869.42
Epoch 99/200, Batch 300, Aver_Loss: 1895.88
Epoch 99/200, Batch 400, Aver_Loss: 1936.14
Epoch 100/200, Batch 100, Aver_Loss: 1919.10
Epoch 100/200, Batch 200, Aver_Loss: 1852.12
Epoch 100/200, Batch 300, Aver_Loss: 1872.49
Epoch 100/200, Batch 400, Aver_Loss: 1899.05
Epoch 101/200, Batch 100, Aver_Loss: 1892.35
Epoch 101/200, Batch 200, Aver_Loss: 1880.42
Epoch 101/200, Batch 300, Aver_Loss: 1949.87
Epoch 101/200, Batch 400, Aver_Loss: 1889.36
Epoch 102/200, Batch 100, Aver_Loss: 1921.79
Epoch 102/200, Batch 200, Aver_Loss: 1896.80
Epoch 102/200, Batch 300, Aver_Loss: 1904.34
Epoch 102/200, Batch 400, Aver_Loss: 1929.87
Epoch 103/200, Batch 100, Aver_Loss: 1844.01
Epoch 103/200, Batch 200, Aver_Loss: 1896.31
Epoch 103/200, Batch 300, Aver_Loss: 1893.08
Epoch 103/200, Batch 400, Aver_Loss: 1890.60
Epoch 104/200, Batch 100, Aver_Loss: 1874.71
Epoch 104/200, Batch 200, Aver_Loss: 1859.74
Epoch 104/200, Batch 300, Aver_Loss: 1917.62
Epoch 104/200, Batch 400, Aver_Loss: 1918.01
Epoch 105/200, Batch 100, Aver_Loss: 1866.34
Epoch 105/200, Batch 200, Aver_Loss: 1912.21
Epoch 105/200, Batch 300, Aver_Loss: 1916.89
Epoch 105/200, Batch 400, Aver_Loss: 1963.50
Epoch 106/200, Batch 100, Aver_Loss: 1927.22
Epoch 106/200, Batch 200, Aver_Loss: 1895.41
Epoch 106/200, Batch 300, Aver_Loss: 1937.14
Epoch 106/200, Batch 400, Aver_Loss: 1879.45
Epoch 107/200, Batch 100, Aver_Loss: 1923.02
Epoch 107/200, Batch 200, Aver_Loss: 1919.14
Epoch 107/200, Batch 300, Aver_Loss: 1886.49
Epoch 107/200, Batch 400, Aver_Loss: 1901.40
Epoch 108/200, Batch 100, Aver_Loss: 1841.03
Epoch 108/200, Batch 200, Aver_Loss: 1909.80
Epoch 108/200, Batch 300, Aver_Loss: 1918.02
Epoch 108/200, Batch 400, Aver_Loss: 1909.92
Epoch 109/200, Batch 100, Aver_Loss: 1879.04
Epoch 109/200, Batch 200, Aver_Loss: 1906.07
Epoch 109/200, Batch 300, Aver_Loss: 1911.59
Epoch 109/200, Batch 400, Aver_Loss: 1910.33
Epoch 110/200, Batch 100, Aver_Loss: 1894.58
Epoch 110/200, Batch 200, Aver_Loss: 1896.44
Epoch 110/200, Batch 300, Aver_Loss: 1903.39
Epoch 110/200, Batch 400, Aver_Loss: 1877.37
Epoch 111/200, Batch 100, Aver_Loss: 1915.21
Epoch 111/200, Batch 200, Aver_Loss: 1854.93
Epoch 111/200, Batch 300, Aver_Loss: 1873.57
Epoch 111/200, Batch 400, Aver_Loss: 1911.42
Epoch 112/200, Batch 100, Aver_Loss: 1890.24
Epoch 112/200, Batch 200, Aver_Loss: 1916.11
Epoch 112/200, Batch 300, Aver_Loss: 1893.36
Epoch 112/200, Batch 400, Aver_Loss: 1893.73
Epoch 113/200, Batch 100, Aver_Loss: 1871.23
Epoch 113/200, Batch 200, Aver_Loss: 1897.83
Epoch 113/200, Batch 300, Aver_Loss: 1923.68
Epoch 113/200, Batch 400, Aver_Loss: 1887.46
Epoch 114/200, Batch 100, Aver_Loss: 1901.55
Epoch 114/200, Batch 200, Aver_Loss: 1918.63
Epoch 114/200, Batch 300, Aver_Loss: 1922.49
Epoch 114/200, Batch 400, Aver_Loss: 1892.21
Epoch 115/200, Batch 100, Aver_Loss: 1901.98
Epoch 115/200, Batch 200, Aver_Loss: 1896.73
Epoch 115/200, Batch 300, Aver_Loss: 1915.52
Epoch 115/200, Batch 400, Aver_Loss: 1871.83
Epoch 116/200, Batch 100, Aver_Loss: 1882.88
Epoch 116/200, Batch 200, Aver_Loss: 1862.14
Epoch 116/200, Batch 300, Aver_Loss: 1908.91
Epoch 116/200, Batch 400, Aver_Loss: 1900.43
Epoch 117/200, Batch 100, Aver_Loss: 1907.58
Epoch 117/200, Batch 200, Aver_Loss: 1892.52
Epoch 117/200, Batch 300, Aver_Loss: 1837.32
Epoch 117/200, Batch 400, Aver_Loss: 1930.61
Epoch 118/200, Batch 100, Aver_Loss: 1875.58
Epoch 118/200, Batch 200, Aver_Loss: 1918.57
Epoch 118/200, Batch 300, Aver_Loss: 1935.08
Epoch 118/200, Batch 400, Aver_Loss: 1880.91
Epoch 119/200, Batch 100, Aver_Loss: 1909.50
Epoch 119/200, Batch 200, Aver_Loss: 1954.57
Epoch 119/200, Batch 300, Aver_Loss: 1909.62
Epoch 119/200, Batch 400, Aver_Loss: 1920.31
Epoch 120/200, Batch 100, Aver_Loss: 1892.19
Epoch 120/200, Batch 200, Aver_Loss: 1888.09
Epoch 120/200, Batch 300, Aver_Loss: 1913.10
Epoch 120/200, Batch 400, Aver_Loss: 1899.49
Epoch 121/200, Batch 100, Aver_Loss: 1933.18
Epoch 121/200, Batch 200, Aver_Loss: 1919.70
Epoch 121/200, Batch 300, Aver_Loss: 1873.36
Epoch 121/200, Batch 400, Aver_Loss: 1920.37
Epoch 122/200, Batch 100, Aver_Loss: 1898.30
Epoch 122/200, Batch 200, Aver_Loss: 1914.03
Epoch 122/200, Batch 300, Aver_Loss: 1923.97
Epoch 122/200, Batch 400, Aver_Loss: 1893.59
Epoch 123/200, Batch 100, Aver_Loss: 1901.51
Epoch 123/200, Batch 200, Aver_Loss: 1930.42
Epoch 123/200, Batch 300, Aver_Loss: 1880.00
Epoch 123/200, Batch 400, Aver_Loss: 1909.16
Epoch 124/200, Batch 100, Aver_Loss: 1933.44
Epoch 124/200, Batch 200, Aver_Loss: 1896.08
Epoch 124/200, Batch 300, Aver_Loss: 1907.84
Epoch 124/200, Batch 400, Aver_Loss: 1931.76
Epoch 125/200, Batch 100, Aver_Loss: 1899.04
Epoch 125/200, Batch 200, Aver_Loss: 1881.95
Epoch 125/200, Batch 300, Aver_Loss: 1896.01
Epoch 125/200, Batch 400, Aver_Loss: 1906.11
Epoch 126/200, Batch 100, Aver_Loss: 1920.73
Epoch 126/200, Batch 200, Aver_Loss: 1923.77
Epoch 126/200, Batch 300, Aver_Loss: 1888.73
Epoch 126/200, Batch 400, Aver_Loss: 1881.16
Epoch 127/200, Batch 100, Aver_Loss: 1936.33
Epoch 127/200, Batch 200, Aver_Loss: 1899.31
Epoch 127/200, Batch 300, Aver_Loss: 1913.09
Epoch 127/200, Batch 400, Aver_Loss: 1923.85
Epoch 128/200, Batch 100, Aver_Loss: 1930.98
Epoch 128/200, Batch 200, Aver_Loss: 1846.07
Epoch 128/200, Batch 300, Aver_Loss: 1958.46
Epoch 128/200, Batch 400, Aver_Loss: 1914.31
Epoch 129/200, Batch 100, Aver_Loss: 1910.40
Epoch 129/200, Batch 200, Aver_Loss: 1874.96
Epoch 129/200, Batch 300, Aver_Loss: 1901.93
Epoch 129/200, Batch 400, Aver_Loss: 1904.53
Epoch 130/200, Batch 100, Aver_Loss: 1914.45
Epoch 130/200, Batch 200, Aver_Loss: 1875.45
Epoch 130/200, Batch 300, Aver_Loss: 1897.13
Epoch 130/200, Batch 400, Aver_Loss: 1945.16
Epoch 131/200, Batch 100, Aver_Loss: 1895.82
Epoch 131/200, Batch 200, Aver_Loss: 1922.58
Epoch 131/200, Batch 300, Aver_Loss: 1942.53
Epoch 131/200, Batch 400, Aver_Loss: 1875.18
Epoch 132/200, Batch 100, Aver_Loss: 1851.12
Epoch 132/200, Batch 200, Aver_Loss: 1932.56
Epoch 132/200, Batch 300, Aver_Loss: 1908.53
Epoch 132/200, Batch 400, Aver_Loss: 1919.48
Epoch 133/200, Batch 100, Aver_Loss: 1923.60
Epoch 133/200, Batch 200, Aver_Loss: 1906.75
Epoch 133/200, Batch 300, Aver_Loss: 1873.35
Epoch 133/200, Batch 400, Aver_Loss: 1913.41
Epoch 134/200, Batch 100, Aver_Loss: 1876.63
Epoch 134/200, Batch 200, Aver_Loss: 1964.01
Epoch 134/200, Batch 300, Aver_Loss: 1904.33
Epoch 134/200, Batch 400, Aver_Loss: 1882.39
Epoch 135/200, Batch 100, Aver_Loss: 1890.03
Epoch 135/200, Batch 200, Aver_Loss: 1909.48
Epoch 135/200, Batch 300, Aver_Loss: 1925.72
Epoch 135/200, Batch 400, Aver_Loss: 1895.31
Epoch 136/200, Batch 100, Aver_Loss: 1961.21
Epoch 136/200, Batch 200, Aver_Loss: 1902.43
Epoch 136/200, Batch 300, Aver_Loss: 1896.09
Epoch 136/200, Batch 400, Aver_Loss: 1901.55
Epoch 137/200, Batch 100, Aver_Loss: 1889.28
Epoch 137/200, Batch 200, Aver_Loss: 1869.49
Epoch 137/200, Batch 300, Aver_Loss: 1902.98
Epoch 137/200, Batch 400, Aver_Loss: 1912.29
Epoch 138/200, Batch 100, Aver_Loss: 1921.28
Epoch 138/200, Batch 200, Aver_Loss: 1916.33
Epoch 138/200, Batch 300, Aver_Loss: 1921.85
Epoch 138/200, Batch 400, Aver_Loss: 1875.83
Epoch 139/200, Batch 100, Aver_Loss: 1910.01
Epoch 139/200, Batch 200, Aver_Loss: 1872.91
Epoch 139/200, Batch 300, Aver_Loss: 1852.76
Epoch 139/200, Batch 400, Aver_Loss: 1896.86
Epoch 140/200, Batch 100, Aver_Loss: 1903.72
Epoch 140/200, Batch 200, Aver_Loss: 1899.77
Epoch 140/200, Batch 300, Aver_Loss: 1879.43
Epoch 140/200, Batch 400, Aver_Loss: 1868.01
Epoch 141/200, Batch 100, Aver_Loss: 1899.05
Epoch 141/200, Batch 200, Aver_Loss: 1916.26
Epoch 141/200, Batch 300, Aver_Loss: 1901.86
Epoch 141/200, Batch 400, Aver_Loss: 1898.79
Epoch 142/200, Batch 100, Aver_Loss: 1884.26
Epoch 142/200, Batch 200, Aver_Loss: 1905.91
Epoch 142/200, Batch 300, Aver_Loss: 1946.72
Epoch 142/200, Batch 400, Aver_Loss: 1901.48
Epoch 143/200, Batch 100, Aver_Loss: 1923.94
Epoch 143/200, Batch 200, Aver_Loss: 1862.49
Epoch 143/200, Batch 300, Aver_Loss: 1911.07
Epoch 143/200, Batch 400, Aver_Loss: 1886.81
Epoch 144/200, Batch 100, Aver_Loss: 1913.40
Epoch 144/200, Batch 200, Aver_Loss: 1909.22
Epoch 144/200, Batch 300, Aver_Loss: 1943.17
Epoch 144/200, Batch 400, Aver_Loss: 1893.95
Epoch 145/200, Batch 100, Aver_Loss: 1895.15
Epoch 145/200, Batch 200, Aver_Loss: 1953.61
Epoch 145/200, Batch 300, Aver_Loss: 1874.79
Epoch 145/200, Batch 400, Aver_Loss: 1849.45
Epoch 146/200, Batch 100, Aver_Loss: 1910.59
Epoch 146/200, Batch 200, Aver_Loss: 1882.33
Epoch 146/200, Batch 300, Aver_Loss: 1902.13
Epoch 146/200, Batch 400, Aver_Loss: 1906.04
Epoch 147/200, Batch 100, Aver_Loss: 1861.48
Epoch 147/200, Batch 200, Aver_Loss: 1909.56
Epoch 147/200, Batch 300, Aver_Loss: 1875.51
Epoch 147/200, Batch 400, Aver_Loss: 1886.76
Epoch 148/200, Batch 100, Aver_Loss: 1901.50
Epoch 148/200, Batch 200, Aver_Loss: 1893.35
Epoch 148/200, Batch 300, Aver_Loss: 1921.67
Epoch 148/200, Batch 400, Aver_Loss: 1885.53
Epoch 149/200, Batch 100, Aver_Loss: 1902.53
Epoch 149/200, Batch 200, Aver_Loss: 1935.24
Epoch 149/200, Batch 300, Aver_Loss: 1915.42
Epoch 149/200, Batch 400, Aver_Loss: 1858.65
Epoch 150/200, Batch 100, Aver_Loss: 1904.25
Epoch 150/200, Batch 200, Aver_Loss: 1874.37
Epoch 150/200, Batch 300, Aver_Loss: 1887.72
Epoch 150/200, Batch 400, Aver_Loss: 1934.01
Epoch 151/200, Batch 100, Aver_Loss: 1907.04
Epoch 151/200, Batch 200, Aver_Loss: 1937.51
Epoch 151/200, Batch 300, Aver_Loss: 1929.02
Epoch 151/200, Batch 400, Aver_Loss: 1904.96
Epoch 152/200, Batch 100, Aver_Loss: 1925.52
Epoch 152/200, Batch 200, Aver_Loss: 1872.99
Epoch 152/200, Batch 300, Aver_Loss: 1913.09
Epoch 152/200, Batch 400, Aver_Loss: 1869.61
Epoch 153/200, Batch 100, Aver_Loss: 1877.20
Epoch 153/200, Batch 200, Aver_Loss: 1895.32
Epoch 153/200, Batch 300, Aver_Loss: 1855.06
Epoch 153/200, Batch 400, Aver_Loss: 1924.42
Epoch 154/200, Batch 100, Aver_Loss: 1850.40
Epoch 154/200, Batch 200, Aver_Loss: 1913.12
Epoch 154/200, Batch 300, Aver_Loss: 1948.55
Epoch 154/200, Batch 400, Aver_Loss: 1935.07
Epoch 155/200, Batch 100, Aver_Loss: 1877.73
Epoch 155/200, Batch 200, Aver_Loss: 1880.17
Epoch 155/200, Batch 300, Aver_Loss: 1905.03
Epoch 155/200, Batch 400, Aver_Loss: 1932.69
Epoch 156/200, Batch 100, Aver_Loss: 1869.67
Epoch 156/200, Batch 200, Aver_Loss: 1868.35
Epoch 156/200, Batch 300, Aver_Loss: 1912.08
Epoch 156/200, Batch 400, Aver_Loss: 1888.40
Epoch 157/200, Batch 100, Aver_Loss: 1864.67
Epoch 157/200, Batch 200, Aver_Loss: 1837.51
Epoch 157/200, Batch 300, Aver_Loss: 1897.98
Epoch 157/200, Batch 400, Aver_Loss: 1895.37
Epoch 158/200, Batch 100, Aver_Loss: 1912.87
Epoch 158/200, Batch 200, Aver_Loss: 1889.90
Epoch 158/200, Batch 300, Aver_Loss: 1812.70
Epoch 158/200, Batch 400, Aver_Loss: 1936.96
Epoch 159/200, Batch 100, Aver_Loss: 1918.33
Epoch 159/200, Batch 200, Aver_Loss: 1880.67
Epoch 159/200, Batch 300, Aver_Loss: 1940.88
Epoch 159/200, Batch 400, Aver_Loss: 1886.66
Epoch 160/200, Batch 100, Aver_Loss: 1875.56
Epoch 160/200, Batch 200, Aver_Loss: 1918.04
Epoch 160/200, Batch 300, Aver_Loss: 1921.82
Epoch 160/200, Batch 400, Aver_Loss: 1903.16
Epoch 161/200, Batch 100, Aver_Loss: 1910.43
Epoch 161/200, Batch 200, Aver_Loss: 1915.51
Epoch 161/200, Batch 300, Aver_Loss: 1922.91
Epoch 161/200, Batch 400, Aver_Loss: 1870.58
Epoch 162/200, Batch 100, Aver_Loss: 1929.84
Epoch 162/200, Batch 200, Aver_Loss: 1933.75
Epoch 162/200, Batch 300, Aver_Loss: 1932.39
Epoch 162/200, Batch 400, Aver_Loss: 1885.47
Epoch 163/200, Batch 100, Aver_Loss: 1911.07
Epoch 163/200, Batch 200, Aver_Loss: 1923.27
Epoch 163/200, Batch 300, Aver_Loss: 1876.00
Epoch 163/200, Batch 400, Aver_Loss: 1861.33
Epoch 164/200, Batch 100, Aver_Loss: 1893.08
Epoch 164/200, Batch 200, Aver_Loss: 1885.88
Epoch 164/200, Batch 300, Aver_Loss: 1920.55
Epoch 164/200, Batch 400, Aver_Loss: 1891.67
Epoch 165/200, Batch 100, Aver_Loss: 1846.25
Epoch 165/200, Batch 200, Aver_Loss: 1876.22
Epoch 165/200, Batch 300, Aver_Loss: 1915.32
Epoch 165/200, Batch 400, Aver_Loss: 1861.12
Epoch 166/200, Batch 100, Aver_Loss: 1912.42
Epoch 166/200, Batch 200, Aver_Loss: 1882.74
Epoch 166/200, Batch 300, Aver_Loss: 1907.52
Epoch 166/200, Batch 400, Aver_Loss: 1909.14
Epoch 167/200, Batch 100, Aver_Loss: 1881.88
Epoch 167/200, Batch 200, Aver_Loss: 1918.87
Epoch 167/200, Batch 300, Aver_Loss: 1924.81
Epoch 167/200, Batch 400, Aver_Loss: 1938.44
Epoch 168/200, Batch 100, Aver_Loss: 1914.30
Epoch 168/200, Batch 200, Aver_Loss: 1880.43
Epoch 168/200, Batch 300, Aver_Loss: 1879.99
Epoch 168/200, Batch 400, Aver_Loss: 1896.63
Epoch 169/200, Batch 100, Aver_Loss: 1849.80
Epoch 169/200, Batch 200, Aver_Loss: 1904.08
Epoch 169/200, Batch 300, Aver_Loss: 1892.45
Epoch 169/200, Batch 400, Aver_Loss: 1915.01
Epoch 170/200, Batch 100, Aver_Loss: 1862.88
Epoch 170/200, Batch 200, Aver_Loss: 1888.99
Epoch 170/200, Batch 300, Aver_Loss: 1879.88
Epoch 170/200, Batch 400, Aver_Loss: 1914.33
Epoch 171/200, Batch 100, Aver_Loss: 1911.45
Epoch 171/200, Batch 200, Aver_Loss: 1871.32
Epoch 171/200, Batch 300, Aver_Loss: 1881.50
Epoch 171/200, Batch 400, Aver_Loss: 1880.14
Epoch 172/200, Batch 100, Aver_Loss: 1877.69
Epoch 172/200, Batch 200, Aver_Loss: 1885.74
Epoch 172/200, Batch 300, Aver_Loss: 1892.48
Epoch 172/200, Batch 400, Aver_Loss: 1874.12
Epoch 173/200, Batch 100, Aver_Loss: 1910.49
Epoch 173/200, Batch 200, Aver_Loss: 1928.03
Epoch 173/200, Batch 300, Aver_Loss: 1903.09
Epoch 173/200, Batch 400, Aver_Loss: 1852.10
Epoch 174/200, Batch 100, Aver_Loss: 1889.30
Epoch 174/200, Batch 200, Aver_Loss: 1956.06
Epoch 174/200, Batch 300, Aver_Loss: 1898.74
Epoch 174/200, Batch 400, Aver_Loss: 1920.90
Epoch 175/200, Batch 100, Aver_Loss: 1876.76
Epoch 175/200, Batch 200, Aver_Loss: 1865.15
Epoch 175/200, Batch 300, Aver_Loss: 1929.26
Epoch 175/200, Batch 400, Aver_Loss: 1883.53
Epoch 176/200, Batch 100, Aver_Loss: 1890.81
Epoch 176/200, Batch 200, Aver_Loss: 1907.18
Epoch 176/200, Batch 300, Aver_Loss: 1893.09
Epoch 176/200, Batch 400, Aver_Loss: 1945.95
Epoch 177/200, Batch 100, Aver_Loss: 1863.06
Epoch 177/200, Batch 200, Aver_Loss: 1888.28
Epoch 177/200, Batch 300, Aver_Loss: 1916.36
Epoch 177/200, Batch 400, Aver_Loss: 1914.93
Epoch 178/200, Batch 100, Aver_Loss: 1895.47
Epoch 178/200, Batch 200, Aver_Loss: 1843.36
Epoch 178/200, Batch 300, Aver_Loss: 1882.45
Epoch 178/200, Batch 400, Aver_Loss: 1899.52
Epoch 179/200, Batch 100, Aver_Loss: 1909.78
Epoch 179/200, Batch 200, Aver_Loss: 1909.68
Epoch 179/200, Batch 300, Aver_Loss: 1900.87
Epoch 179/200, Batch 400, Aver_Loss: 1924.62
Epoch 180/200, Batch 100, Aver_Loss: 1954.65
Epoch 180/200, Batch 200, Aver_Loss: 1936.10
Epoch 180/200, Batch 300, Aver_Loss: 1902.99
Epoch 180/200, Batch 400, Aver_Loss: 1954.70
Epoch 181/200, Batch 100, Aver_Loss: 1875.36
Epoch 181/200, Batch 200, Aver_Loss: 1896.83
Epoch 181/200, Batch 300, Aver_Loss: 1916.71
Epoch 181/200, Batch 400, Aver_Loss: 1872.09
Epoch 182/200, Batch 100, Aver_Loss: 1853.07
Epoch 182/200, Batch 200, Aver_Loss: 1907.54
Epoch 182/200, Batch 300, Aver_Loss: 1865.30
Epoch 182/200, Batch 400, Aver_Loss: 1953.84
Epoch 183/200, Batch 100, Aver_Loss: 1858.12
Epoch 183/200, Batch 200, Aver_Loss: 1901.58
Epoch 183/200, Batch 300, Aver_Loss: 1895.01
Epoch 183/200, Batch 400, Aver_Loss: 1914.51
Epoch 184/200, Batch 100, Aver_Loss: 1875.56
Epoch 184/200, Batch 200, Aver_Loss: 1906.39
Epoch 184/200, Batch 300, Aver_Loss: 1905.75
Epoch 184/200, Batch 400, Aver_Loss: 1902.79
Epoch 185/200, Batch 100, Aver_Loss: 1855.46
Epoch 185/200, Batch 200, Aver_Loss: 1887.50
Epoch 185/200, Batch 300, Aver_Loss: 1940.72
Epoch 185/200, Batch 400, Aver_Loss: 1888.68
Epoch 186/200, Batch 100, Aver_Loss: 1913.97
Epoch 186/200, Batch 200, Aver_Loss: 1857.23
Epoch 186/200, Batch 300, Aver_Loss: 1911.38
Epoch 186/200, Batch 400, Aver_Loss: 1894.11
Epoch 187/200, Batch 100, Aver_Loss: 1900.01
Epoch 187/200, Batch 200, Aver_Loss: 1922.16
Epoch 187/200, Batch 300, Aver_Loss: 1925.10
Epoch 187/200, Batch 400, Aver_Loss: 1906.13
Epoch 188/200, Batch 100, Aver_Loss: 1912.20
Epoch 188/200, Batch 200, Aver_Loss: 1960.27
Epoch 188/200, Batch 300, Aver_Loss: 1841.50
Epoch 188/200, Batch 400, Aver_Loss: 1872.27
Epoch 189/200, Batch 100, Aver_Loss: 1926.93
Epoch 189/200, Batch 200, Aver_Loss: 1905.22
Epoch 189/200, Batch 300, Aver_Loss: 1873.09
Epoch 189/200, Batch 400, Aver_Loss: 1893.72
Epoch 190/200, Batch 100, Aver_Loss: 1898.81
Epoch 190/200, Batch 200, Aver_Loss: 1896.22
Epoch 190/200, Batch 300, Aver_Loss: 1862.31
Epoch 190/200, Batch 400, Aver_Loss: 1858.57
Epoch 191/200, Batch 100, Aver_Loss: 1890.10
Epoch 191/200, Batch 200, Aver_Loss: 1895.67
Epoch 191/200, Batch 300, Aver_Loss: 1879.66
Epoch 191/200, Batch 400, Aver_Loss: 1906.02
Epoch 192/200, Batch 100, Aver_Loss: 1873.11
Epoch 192/200, Batch 200, Aver_Loss: 1913.06
Epoch 192/200, Batch 300, Aver_Loss: 1924.50
Epoch 192/200, Batch 400, Aver_Loss: 1896.39
Epoch 193/200, Batch 100, Aver_Loss: 1939.94
Epoch 193/200, Batch 200, Aver_Loss: 1900.36
Epoch 193/200, Batch 300, Aver_Loss: 1855.45
Epoch 193/200, Batch 400, Aver_Loss: 1866.60
Epoch 194/200, Batch 100, Aver_Loss: 1908.29
Epoch 194/200, Batch 200, Aver_Loss: 1912.39
Epoch 194/200, Batch 300, Aver_Loss: 1942.51
Epoch 194/200, Batch 400, Aver_Loss: 1866.78
Epoch 195/200, Batch 100, Aver_Loss: 1902.89
Epoch 195/200, Batch 200, Aver_Loss: 1903.17
Epoch 195/200, Batch 300, Aver_Loss: 1901.04
Epoch 195/200, Batch 400, Aver_Loss: 1876.73
Epoch 196/200, Batch 100, Aver_Loss: 1908.11
Epoch 196/200, Batch 200, Aver_Loss: 1896.30
Epoch 196/200, Batch 300, Aver_Loss: 1910.50
Epoch 196/200, Batch 400, Aver_Loss: 1890.63
Epoch 197/200, Batch 100, Aver_Loss: 1920.58
Epoch 197/200, Batch 200, Aver_Loss: 1878.67
Epoch 197/200, Batch 300, Aver_Loss: 1876.29
Epoch 197/200, Batch 400, Aver_Loss: 1927.25
Epoch 198/200, Batch 100, Aver_Loss: 1898.43
Epoch 198/200, Batch 200, Aver_Loss: 1904.19
Epoch 198/200, Batch 300, Aver_Loss: 1937.09
Epoch 198/200, Batch 400, Aver_Loss: 1913.62
Epoch 199/200, Batch 100, Aver_Loss: 1907.88
Epoch 199/200, Batch 200, Aver_Loss: 1891.19
Epoch 199/200, Batch 300, Aver_Loss: 1884.82
Epoch 199/200, Batch 400, Aver_Loss: 1945.23
Epoch 200/200, Batch 100, Aver_Loss: 1914.85
Epoch 200/200, Batch 200, Aver_Loss: 1924.74
Epoch 200/200, Batch 300, Aver_Loss: 1907.71
Epoch 200/200, Batch 400, Aver_Loss: 1911.46
[saved curves] ./results/CIFAR100/curves/cifar100_mvae_d2_s777.json

==== Evaluation Summary ====
                 model: mvae
   recon/mse_per_pixel: 0.037235
            elbo/train: -1896.765978
             elbo/test: -1899.956724
             mse/train: 0.036782
              mse/test: 0.037235
             probe/acc: 0.035917
             probe/nll: 4.428632
           probe/brier: 0.984589
             probe/ece: 0.007307
           cluster/nmi: 0.175275
           cluster/ari: 0.012492
============================

