/usr/bin/which: no fi_info in (/arf/home/meyavuz/.local/bin:/arf/sw/comp/python/intelpython3/condabin:/arf/sw/comp/python/intelpython3/bin:/usr/share/Modules/bin:/usr/local/bin:/usr/bin:/usr/local/sbin:/usr/sbin)
Extension for Scikit-learn* enabled (https://github.com/uxlfoundation/scikit-learn-intelex)
/arf/home/meyavuz/.conda/envs/sbn/lib/python3.9/site-packages/sklearn/linear_model/_logistic.py:1247: FutureWarning: 'multi_class' was deprecated in version 1.5 and will be removed in 1.7. From then on, it will always use 'multinomial'. Leave it to its default value to avoid this warning.
  warnings.warn(
/arf/home/meyavuz/.conda/envs/sbn/lib/python3.9/site-packages/sklearn/linear_model/_sag.py:348: ConvergenceWarning: The max_iter was reached which means the coef_ did not converge
  warnings.warn(
Epoch 1/200, Batch 100, Aver_Loss: 2033.52
Epoch 1/200, Batch 200, Aver_Loss: 2026.15
Epoch 1/200, Batch 300, Aver_Loss: 1953.83
Epoch 1/200, Batch 400, Aver_Loss: 1914.35
Epoch 2/200, Batch 100, Aver_Loss: 1896.85
Epoch 2/200, Batch 200, Aver_Loss: 1913.11
Epoch 2/200, Batch 300, Aver_Loss: 1851.62
Epoch 2/200, Batch 400, Aver_Loss: 1905.29
Epoch 3/200, Batch 100, Aver_Loss: 1862.55
Epoch 3/200, Batch 200, Aver_Loss: 1922.26
Epoch 3/200, Batch 300, Aver_Loss: 1892.26
Epoch 3/200, Batch 400, Aver_Loss: 1877.74
Epoch 4/200, Batch 100, Aver_Loss: 1902.63
Epoch 4/200, Batch 200, Aver_Loss: 1891.06
Epoch 4/200, Batch 300, Aver_Loss: 1872.63
Epoch 4/200, Batch 400, Aver_Loss: 1835.76
Epoch 5/200, Batch 100, Aver_Loss: 1864.11
Epoch 5/200, Batch 200, Aver_Loss: 1875.87
Epoch 5/200, Batch 300, Aver_Loss: 1867.73
Epoch 5/200, Batch 400, Aver_Loss: 1866.77
Epoch 6/200, Batch 100, Aver_Loss: 1922.55
Epoch 6/200, Batch 200, Aver_Loss: 1892.71
Epoch 6/200, Batch 300, Aver_Loss: 1868.53
Epoch 6/200, Batch 400, Aver_Loss: 1918.68
Epoch 7/200, Batch 100, Aver_Loss: 1877.51
Epoch 7/200, Batch 200, Aver_Loss: 1823.84
Epoch 7/200, Batch 300, Aver_Loss: 1842.11
Epoch 7/200, Batch 400, Aver_Loss: 1855.18
Epoch 8/200, Batch 100, Aver_Loss: 1860.61
Epoch 8/200, Batch 200, Aver_Loss: 1854.61
Epoch 8/200, Batch 300, Aver_Loss: 1851.61
Epoch 8/200, Batch 400, Aver_Loss: 1863.68
Epoch 9/200, Batch 100, Aver_Loss: 1894.67
Epoch 9/200, Batch 200, Aver_Loss: 1849.58
Epoch 9/200, Batch 300, Aver_Loss: 1875.25
Epoch 9/200, Batch 400, Aver_Loss: 1881.79
Epoch 10/200, Batch 100, Aver_Loss: 1846.90
Epoch 10/200, Batch 200, Aver_Loss: 1887.43
Epoch 10/200, Batch 300, Aver_Loss: 1837.64
Epoch 10/200, Batch 400, Aver_Loss: 1867.72
Epoch 11/200, Batch 100, Aver_Loss: 1880.23
Epoch 11/200, Batch 200, Aver_Loss: 1861.38
Epoch 11/200, Batch 300, Aver_Loss: 1835.72
Epoch 11/200, Batch 400, Aver_Loss: 1850.12
Epoch 12/200, Batch 100, Aver_Loss: 1867.67
Epoch 12/200, Batch 200, Aver_Loss: 1815.50
Epoch 12/200, Batch 300, Aver_Loss: 1847.94
Epoch 12/200, Batch 400, Aver_Loss: 1859.17
Epoch 13/200, Batch 100, Aver_Loss: 1859.24
Epoch 13/200, Batch 200, Aver_Loss: 1861.34
Epoch 13/200, Batch 300, Aver_Loss: 1869.72
Epoch 13/200, Batch 400, Aver_Loss: 1857.56
Epoch 14/200, Batch 100, Aver_Loss: 1823.60
Epoch 14/200, Batch 200, Aver_Loss: 1845.14
Epoch 14/200, Batch 300, Aver_Loss: 1864.53
Epoch 14/200, Batch 400, Aver_Loss: 1845.76
Epoch 15/200, Batch 100, Aver_Loss: 1837.54
Epoch 15/200, Batch 200, Aver_Loss: 1863.63
Epoch 15/200, Batch 300, Aver_Loss: 1853.30
Epoch 15/200, Batch 400, Aver_Loss: 1847.48
Epoch 16/200, Batch 100, Aver_Loss: 1857.00
Epoch 16/200, Batch 200, Aver_Loss: 1838.07
Epoch 16/200, Batch 300, Aver_Loss: 1827.79
Epoch 16/200, Batch 400, Aver_Loss: 1896.73
Epoch 17/200, Batch 100, Aver_Loss: 1869.60
Epoch 17/200, Batch 200, Aver_Loss: 1819.34
Epoch 17/200, Batch 300, Aver_Loss: 1844.43
Epoch 17/200, Batch 400, Aver_Loss: 1824.90
Epoch 18/200, Batch 100, Aver_Loss: 1878.88
Epoch 18/200, Batch 200, Aver_Loss: 1870.97
Epoch 18/200, Batch 300, Aver_Loss: 1864.08
Epoch 18/200, Batch 400, Aver_Loss: 1867.47
Epoch 19/200, Batch 100, Aver_Loss: 1842.34
Epoch 19/200, Batch 200, Aver_Loss: 1834.94
Epoch 19/200, Batch 300, Aver_Loss: 1878.52
Epoch 19/200, Batch 400, Aver_Loss: 1828.67
Epoch 20/200, Batch 100, Aver_Loss: 1860.95
Epoch 20/200, Batch 200, Aver_Loss: 1846.68
Epoch 20/200, Batch 300, Aver_Loss: 1845.20
Epoch 20/200, Batch 400, Aver_Loss: 1869.69
Epoch 21/200, Batch 100, Aver_Loss: 1894.87
Epoch 21/200, Batch 200, Aver_Loss: 1842.19
Epoch 21/200, Batch 300, Aver_Loss: 1849.07
Epoch 21/200, Batch 400, Aver_Loss: 1877.12
Epoch 22/200, Batch 100, Aver_Loss: 1873.57
Epoch 22/200, Batch 200, Aver_Loss: 1856.10
Epoch 22/200, Batch 300, Aver_Loss: 1895.68
Epoch 22/200, Batch 400, Aver_Loss: 1849.73
Epoch 23/200, Batch 100, Aver_Loss: 1851.45
Epoch 23/200, Batch 200, Aver_Loss: 1863.74
Epoch 23/200, Batch 300, Aver_Loss: 1835.69
Epoch 23/200, Batch 400, Aver_Loss: 1849.73
Epoch 24/200, Batch 100, Aver_Loss: 1820.93
Epoch 24/200, Batch 200, Aver_Loss: 1892.67
Epoch 24/200, Batch 300, Aver_Loss: 1851.25
Epoch 24/200, Batch 400, Aver_Loss: 1865.08
Epoch 25/200, Batch 100, Aver_Loss: 1840.17
Epoch 25/200, Batch 200, Aver_Loss: 1832.59
Epoch 25/200, Batch 300, Aver_Loss: 1868.56
Epoch 25/200, Batch 400, Aver_Loss: 1860.53
Epoch 26/200, Batch 100, Aver_Loss: 1869.13
Epoch 26/200, Batch 200, Aver_Loss: 1860.47
Epoch 26/200, Batch 300, Aver_Loss: 1844.14
Epoch 26/200, Batch 400, Aver_Loss: 1840.05
Epoch 27/200, Batch 100, Aver_Loss: 1819.13
Epoch 27/200, Batch 200, Aver_Loss: 1822.68
Epoch 27/200, Batch 300, Aver_Loss: 1842.65
Epoch 27/200, Batch 400, Aver_Loss: 1846.43
Epoch 28/200, Batch 100, Aver_Loss: 1845.95
Epoch 28/200, Batch 200, Aver_Loss: 1858.52
Epoch 28/200, Batch 300, Aver_Loss: 1852.27
Epoch 28/200, Batch 400, Aver_Loss: 1843.70
Epoch 29/200, Batch 100, Aver_Loss: 1857.73
Epoch 29/200, Batch 200, Aver_Loss: 1840.56
Epoch 29/200, Batch 300, Aver_Loss: 1881.64
Epoch 29/200, Batch 400, Aver_Loss: 1856.36
Epoch 30/200, Batch 100, Aver_Loss: 1845.55
Epoch 30/200, Batch 200, Aver_Loss: 1828.71
Epoch 30/200, Batch 300, Aver_Loss: 1812.36
Epoch 30/200, Batch 400, Aver_Loss: 1820.29
Epoch 31/200, Batch 100, Aver_Loss: 1856.63
Epoch 31/200, Batch 200, Aver_Loss: 1844.20
Epoch 31/200, Batch 300, Aver_Loss: 1837.43
Epoch 31/200, Batch 400, Aver_Loss: 1859.93
Epoch 32/200, Batch 100, Aver_Loss: 1888.04
Epoch 32/200, Batch 200, Aver_Loss: 1847.07
Epoch 32/200, Batch 300, Aver_Loss: 1836.95
Epoch 32/200, Batch 400, Aver_Loss: 1836.01
Epoch 33/200, Batch 100, Aver_Loss: 1832.78
Epoch 33/200, Batch 200, Aver_Loss: 1853.06
Epoch 33/200, Batch 300, Aver_Loss: 1824.52
Epoch 33/200, Batch 400, Aver_Loss: 1881.90
Epoch 34/200, Batch 100, Aver_Loss: 1804.34
Epoch 34/200, Batch 200, Aver_Loss: 1839.78
Epoch 34/200, Batch 300, Aver_Loss: 1781.81
Epoch 34/200, Batch 400, Aver_Loss: 1806.70
Epoch 35/200, Batch 100, Aver_Loss: 1845.22
Epoch 35/200, Batch 200, Aver_Loss: 1868.21
Epoch 35/200, Batch 300, Aver_Loss: 1884.05
Epoch 35/200, Batch 400, Aver_Loss: 1859.74
Epoch 36/200, Batch 100, Aver_Loss: 1838.83
Epoch 36/200, Batch 200, Aver_Loss: 1827.98
Epoch 36/200, Batch 300, Aver_Loss: 1868.19
Epoch 36/200, Batch 400, Aver_Loss: 1851.60
Epoch 37/200, Batch 100, Aver_Loss: 1853.92
Epoch 37/200, Batch 200, Aver_Loss: 1834.13
Epoch 37/200, Batch 300, Aver_Loss: 1856.37
Epoch 37/200, Batch 400, Aver_Loss: 1851.28
Epoch 38/200, Batch 100, Aver_Loss: 1817.21
Epoch 38/200, Batch 200, Aver_Loss: 1863.40
Epoch 38/200, Batch 300, Aver_Loss: 1770.90
Epoch 38/200, Batch 400, Aver_Loss: 1834.97
Epoch 39/200, Batch 100, Aver_Loss: 1833.73
Epoch 39/200, Batch 200, Aver_Loss: 1827.24
Epoch 39/200, Batch 300, Aver_Loss: 1836.47
Epoch 39/200, Batch 400, Aver_Loss: 1859.52
Epoch 40/200, Batch 100, Aver_Loss: 1799.54
Epoch 40/200, Batch 200, Aver_Loss: 1865.72
Epoch 40/200, Batch 300, Aver_Loss: 1867.93
Epoch 40/200, Batch 400, Aver_Loss: 1854.81
Epoch 41/200, Batch 100, Aver_Loss: 1854.59
Epoch 41/200, Batch 200, Aver_Loss: 1845.68
Epoch 41/200, Batch 300, Aver_Loss: 1852.79
Epoch 41/200, Batch 400, Aver_Loss: 1846.73
Epoch 42/200, Batch 100, Aver_Loss: 1854.74
Epoch 42/200, Batch 200, Aver_Loss: 1868.89
Epoch 42/200, Batch 300, Aver_Loss: 1848.69
Epoch 42/200, Batch 400, Aver_Loss: 1815.85
Epoch 43/200, Batch 100, Aver_Loss: 1841.18
Epoch 43/200, Batch 200, Aver_Loss: 1881.80
Epoch 43/200, Batch 300, Aver_Loss: 1836.95
Epoch 43/200, Batch 400, Aver_Loss: 1793.69
Epoch 44/200, Batch 100, Aver_Loss: 1860.87
Epoch 44/200, Batch 200, Aver_Loss: 1835.41
Epoch 44/200, Batch 300, Aver_Loss: 1854.59
Epoch 44/200, Batch 400, Aver_Loss: 1843.14
Epoch 45/200, Batch 100, Aver_Loss: 1842.76
Epoch 45/200, Batch 200, Aver_Loss: 1825.07
Epoch 45/200, Batch 300, Aver_Loss: 1821.88
Epoch 45/200, Batch 400, Aver_Loss: 1827.01
Epoch 46/200, Batch 100, Aver_Loss: 1846.68
Epoch 46/200, Batch 200, Aver_Loss: 1830.47
Epoch 46/200, Batch 300, Aver_Loss: 1847.06
Epoch 46/200, Batch 400, Aver_Loss: 1827.60
Epoch 47/200, Batch 100, Aver_Loss: 1825.42
Epoch 47/200, Batch 200, Aver_Loss: 1834.22
Epoch 47/200, Batch 300, Aver_Loss: 1854.51
Epoch 47/200, Batch 400, Aver_Loss: 1824.93
Epoch 48/200, Batch 100, Aver_Loss: 1829.87
Epoch 48/200, Batch 200, Aver_Loss: 1819.12
Epoch 48/200, Batch 300, Aver_Loss: 1878.56
Epoch 48/200, Batch 400, Aver_Loss: 1892.86
Epoch 49/200, Batch 100, Aver_Loss: 1821.92
Epoch 49/200, Batch 200, Aver_Loss: 1858.18
Epoch 49/200, Batch 300, Aver_Loss: 1864.40
Epoch 49/200, Batch 400, Aver_Loss: 1841.22
Epoch 50/200, Batch 100, Aver_Loss: 1835.32
Epoch 50/200, Batch 200, Aver_Loss: 1851.30
Epoch 50/200, Batch 300, Aver_Loss: 1850.34
Epoch 50/200, Batch 400, Aver_Loss: 1867.72
Epoch 51/200, Batch 100, Aver_Loss: 1859.58
Epoch 51/200, Batch 200, Aver_Loss: 1879.58
Epoch 51/200, Batch 300, Aver_Loss: 1820.90
Epoch 51/200, Batch 400, Aver_Loss: 1802.15
Epoch 52/200, Batch 100, Aver_Loss: 1866.99
Epoch 52/200, Batch 200, Aver_Loss: 1856.25
Epoch 52/200, Batch 300, Aver_Loss: 1835.27
Epoch 52/200, Batch 400, Aver_Loss: 1815.42
Epoch 53/200, Batch 100, Aver_Loss: 1851.93
Epoch 53/200, Batch 200, Aver_Loss: 1850.26
Epoch 53/200, Batch 300, Aver_Loss: 1847.94
Epoch 53/200, Batch 400, Aver_Loss: 1831.81
Epoch 54/200, Batch 100, Aver_Loss: 1819.94
Epoch 54/200, Batch 200, Aver_Loss: 1834.08
Epoch 54/200, Batch 300, Aver_Loss: 1815.69
Epoch 54/200, Batch 400, Aver_Loss: 1834.43
Epoch 55/200, Batch 100, Aver_Loss: 1841.21
Epoch 55/200, Batch 200, Aver_Loss: 1877.33
Epoch 55/200, Batch 300, Aver_Loss: 1828.52
Epoch 55/200, Batch 400, Aver_Loss: 1875.73
Epoch 56/200, Batch 100, Aver_Loss: 1879.49
Epoch 56/200, Batch 200, Aver_Loss: 1832.60
Epoch 56/200, Batch 300, Aver_Loss: 1811.33
Epoch 56/200, Batch 400, Aver_Loss: 1833.85
Epoch 57/200, Batch 100, Aver_Loss: 1851.18
Epoch 57/200, Batch 200, Aver_Loss: 1840.39
Epoch 57/200, Batch 300, Aver_Loss: 1872.37
Epoch 57/200, Batch 400, Aver_Loss: 1813.13
Epoch 58/200, Batch 100, Aver_Loss: 1836.40
Epoch 58/200, Batch 200, Aver_Loss: 1859.42
Epoch 58/200, Batch 300, Aver_Loss: 1847.44
Epoch 58/200, Batch 400, Aver_Loss: 1857.84
Epoch 59/200, Batch 100, Aver_Loss: 1805.26
Epoch 59/200, Batch 200, Aver_Loss: 1829.81
Epoch 59/200, Batch 300, Aver_Loss: 1814.77
Epoch 59/200, Batch 400, Aver_Loss: 1828.07
Epoch 60/200, Batch 100, Aver_Loss: 1877.21
Epoch 60/200, Batch 200, Aver_Loss: 1830.25
Epoch 60/200, Batch 300, Aver_Loss: 1837.64
Epoch 60/200, Batch 400, Aver_Loss: 1861.22
Epoch 61/200, Batch 100, Aver_Loss: 1859.03
Epoch 61/200, Batch 200, Aver_Loss: 1853.01
Epoch 61/200, Batch 300, Aver_Loss: 1816.72
Epoch 61/200, Batch 400, Aver_Loss: 1838.15
Epoch 62/200, Batch 100, Aver_Loss: 1818.33
Epoch 62/200, Batch 200, Aver_Loss: 1835.46
Epoch 62/200, Batch 300, Aver_Loss: 1815.97
Epoch 62/200, Batch 400, Aver_Loss: 1862.72
Epoch 63/200, Batch 100, Aver_Loss: 1806.71
Epoch 63/200, Batch 200, Aver_Loss: 1830.63
Epoch 63/200, Batch 300, Aver_Loss: 1856.92
Epoch 63/200, Batch 400, Aver_Loss: 1832.89
Epoch 64/200, Batch 100, Aver_Loss: 1833.21
Epoch 64/200, Batch 200, Aver_Loss: 1838.77
Epoch 64/200, Batch 300, Aver_Loss: 1828.23
Epoch 64/200, Batch 400, Aver_Loss: 1817.30
Epoch 65/200, Batch 100, Aver_Loss: 1859.52
Epoch 65/200, Batch 200, Aver_Loss: 1866.28
Epoch 65/200, Batch 300, Aver_Loss: 1818.01
Epoch 65/200, Batch 400, Aver_Loss: 1872.98
Epoch 66/200, Batch 100, Aver_Loss: 1849.97
Epoch 66/200, Batch 200, Aver_Loss: 1865.43
Epoch 66/200, Batch 300, Aver_Loss: 1838.59
Epoch 66/200, Batch 400, Aver_Loss: 1815.17
Epoch 67/200, Batch 100, Aver_Loss: 1843.83
Epoch 67/200, Batch 200, Aver_Loss: 1846.38
Epoch 67/200, Batch 300, Aver_Loss: 1838.89
Epoch 67/200, Batch 400, Aver_Loss: 1838.65
Epoch 68/200, Batch 100, Aver_Loss: 1810.87
Epoch 68/200, Batch 200, Aver_Loss: 1841.12
Epoch 68/200, Batch 300, Aver_Loss: 1772.86
Epoch 68/200, Batch 400, Aver_Loss: 1892.57
Epoch 69/200, Batch 100, Aver_Loss: 1834.17
Epoch 69/200, Batch 200, Aver_Loss: 1856.01
Epoch 69/200, Batch 300, Aver_Loss: 1853.75
Epoch 69/200, Batch 400, Aver_Loss: 1845.53
Epoch 70/200, Batch 100, Aver_Loss: 1853.74
Epoch 70/200, Batch 200, Aver_Loss: 1860.62
Epoch 70/200, Batch 300, Aver_Loss: 1846.18
Epoch 70/200, Batch 400, Aver_Loss: 1854.23
Epoch 71/200, Batch 100, Aver_Loss: 1872.66
Epoch 71/200, Batch 200, Aver_Loss: 1784.80
Epoch 71/200, Batch 300, Aver_Loss: 1828.27
Epoch 71/200, Batch 400, Aver_Loss: 1836.84
Epoch 72/200, Batch 100, Aver_Loss: 1849.54
Epoch 72/200, Batch 200, Aver_Loss: 1813.10
Epoch 72/200, Batch 300, Aver_Loss: 1830.93
Epoch 72/200, Batch 400, Aver_Loss: 1833.67
Epoch 73/200, Batch 100, Aver_Loss: 1837.35
Epoch 73/200, Batch 200, Aver_Loss: 1841.48
Epoch 73/200, Batch 300, Aver_Loss: 1834.86
Epoch 73/200, Batch 400, Aver_Loss: 1840.86
Epoch 74/200, Batch 100, Aver_Loss: 1832.92
Epoch 74/200, Batch 200, Aver_Loss: 1837.13
Epoch 74/200, Batch 300, Aver_Loss: 1812.54
Epoch 74/200, Batch 400, Aver_Loss: 1824.36
Epoch 75/200, Batch 100, Aver_Loss: 1807.97
Epoch 75/200, Batch 200, Aver_Loss: 1865.24
Epoch 75/200, Batch 300, Aver_Loss: 1827.12
Epoch 75/200, Batch 400, Aver_Loss: 1833.53
Epoch 76/200, Batch 100, Aver_Loss: 1847.41
Epoch 76/200, Batch 200, Aver_Loss: 1840.18
Epoch 76/200, Batch 300, Aver_Loss: 1829.50
Epoch 76/200, Batch 400, Aver_Loss: 1856.40
Epoch 77/200, Batch 100, Aver_Loss: 1849.68
Epoch 77/200, Batch 200, Aver_Loss: 1828.72
Epoch 77/200, Batch 300, Aver_Loss: 1866.65
Epoch 77/200, Batch 400, Aver_Loss: 1789.86
Epoch 78/200, Batch 100, Aver_Loss: 1833.57
Epoch 78/200, Batch 200, Aver_Loss: 1794.16
Epoch 78/200, Batch 300, Aver_Loss: 1829.15
Epoch 78/200, Batch 400, Aver_Loss: 1822.80
Epoch 79/200, Batch 100, Aver_Loss: 1856.42
Epoch 79/200, Batch 200, Aver_Loss: 1868.08
Epoch 79/200, Batch 300, Aver_Loss: 1849.18
Epoch 79/200, Batch 400, Aver_Loss: 1821.55
Epoch 80/200, Batch 100, Aver_Loss: 1825.85
Epoch 80/200, Batch 200, Aver_Loss: 1833.39
Epoch 80/200, Batch 300, Aver_Loss: 1814.04
Epoch 80/200, Batch 400, Aver_Loss: 1818.08
Epoch 81/200, Batch 100, Aver_Loss: 1870.14
Epoch 81/200, Batch 200, Aver_Loss: 1835.08
Epoch 81/200, Batch 300, Aver_Loss: 1875.74
Epoch 81/200, Batch 400, Aver_Loss: 1832.20
Epoch 82/200, Batch 100, Aver_Loss: 1831.84
Epoch 82/200, Batch 200, Aver_Loss: 1844.29
Epoch 82/200, Batch 300, Aver_Loss: 1862.38
Epoch 82/200, Batch 400, Aver_Loss: 1837.20
Epoch 83/200, Batch 100, Aver_Loss: 1826.74
Epoch 83/200, Batch 200, Aver_Loss: 1821.49
Epoch 83/200, Batch 300, Aver_Loss: 1832.17
Epoch 83/200, Batch 400, Aver_Loss: 1865.03
Epoch 84/200, Batch 100, Aver_Loss: 1830.38
Epoch 84/200, Batch 200, Aver_Loss: 1869.53
Epoch 84/200, Batch 300, Aver_Loss: 1872.34
Epoch 84/200, Batch 400, Aver_Loss: 1835.38
Epoch 85/200, Batch 100, Aver_Loss: 1844.25
Epoch 85/200, Batch 200, Aver_Loss: 1810.31
Epoch 85/200, Batch 300, Aver_Loss: 1874.34
Epoch 85/200, Batch 400, Aver_Loss: 1829.19
Epoch 86/200, Batch 100, Aver_Loss: 1851.83
Epoch 86/200, Batch 200, Aver_Loss: 1807.29
Epoch 86/200, Batch 300, Aver_Loss: 1834.31
Epoch 86/200, Batch 400, Aver_Loss: 1858.39
Epoch 87/200, Batch 100, Aver_Loss: 1825.25
Epoch 87/200, Batch 200, Aver_Loss: 1816.50
Epoch 87/200, Batch 300, Aver_Loss: 1795.04
Epoch 87/200, Batch 400, Aver_Loss: 1820.02
Epoch 88/200, Batch 100, Aver_Loss: 1807.73
Epoch 88/200, Batch 200, Aver_Loss: 1826.62
Epoch 88/200, Batch 300, Aver_Loss: 1792.61
Epoch 88/200, Batch 400, Aver_Loss: 1866.33
Epoch 89/200, Batch 100, Aver_Loss: 1811.83
Epoch 89/200, Batch 200, Aver_Loss: 1789.12
Epoch 89/200, Batch 300, Aver_Loss: 1869.56
Epoch 89/200, Batch 400, Aver_Loss: 1856.40
Epoch 90/200, Batch 100, Aver_Loss: 1842.19
Epoch 90/200, Batch 200, Aver_Loss: 1850.76
Epoch 90/200, Batch 300, Aver_Loss: 1834.40
Epoch 90/200, Batch 400, Aver_Loss: 1825.79
Epoch 91/200, Batch 100, Aver_Loss: 1837.09
Epoch 91/200, Batch 200, Aver_Loss: 1830.66
Epoch 91/200, Batch 300, Aver_Loss: 1876.76
Epoch 91/200, Batch 400, Aver_Loss: 1787.02
Epoch 92/200, Batch 100, Aver_Loss: 1801.30
Epoch 92/200, Batch 200, Aver_Loss: 1845.55
Epoch 92/200, Batch 300, Aver_Loss: 1838.82
Epoch 92/200, Batch 400, Aver_Loss: 1842.28
Epoch 93/200, Batch 100, Aver_Loss: 1862.47
Epoch 93/200, Batch 200, Aver_Loss: 1856.61
Epoch 93/200, Batch 300, Aver_Loss: 1853.53
Epoch 93/200, Batch 400, Aver_Loss: 1828.57
Epoch 94/200, Batch 100, Aver_Loss: 1831.62
Epoch 94/200, Batch 200, Aver_Loss: 1825.75
Epoch 94/200, Batch 300, Aver_Loss: 1824.67
Epoch 94/200, Batch 400, Aver_Loss: 1838.53
Epoch 95/200, Batch 100, Aver_Loss: 1829.05
Epoch 95/200, Batch 200, Aver_Loss: 1771.93
Epoch 95/200, Batch 300, Aver_Loss: 1829.93
Epoch 95/200, Batch 400, Aver_Loss: 1855.61
Epoch 96/200, Batch 100, Aver_Loss: 1839.60
Epoch 96/200, Batch 200, Aver_Loss: 1867.38
Epoch 96/200, Batch 300, Aver_Loss: 1870.40
Epoch 96/200, Batch 400, Aver_Loss: 1855.46
Epoch 97/200, Batch 100, Aver_Loss: 1806.97
Epoch 97/200, Batch 200, Aver_Loss: 1867.67
Epoch 97/200, Batch 300, Aver_Loss: 1817.83
Epoch 97/200, Batch 400, Aver_Loss: 1863.65
Epoch 98/200, Batch 100, Aver_Loss: 1823.65
Epoch 98/200, Batch 200, Aver_Loss: 1796.42
Epoch 98/200, Batch 300, Aver_Loss: 1851.54
Epoch 98/200, Batch 400, Aver_Loss: 1881.46
Epoch 99/200, Batch 100, Aver_Loss: 1849.25
Epoch 99/200, Batch 200, Aver_Loss: 1842.34
Epoch 99/200, Batch 300, Aver_Loss: 1829.85
Epoch 99/200, Batch 400, Aver_Loss: 1854.97
Epoch 100/200, Batch 100, Aver_Loss: 1847.34
Epoch 100/200, Batch 200, Aver_Loss: 1875.83
Epoch 100/200, Batch 300, Aver_Loss: 1847.35
Epoch 100/200, Batch 400, Aver_Loss: 1856.05
Epoch 101/200, Batch 100, Aver_Loss: 1804.11
Epoch 101/200, Batch 200, Aver_Loss: 1886.41
Epoch 101/200, Batch 300, Aver_Loss: 1867.80
Epoch 101/200, Batch 400, Aver_Loss: 1835.85
Epoch 102/200, Batch 100, Aver_Loss: 1829.94
Epoch 102/200, Batch 200, Aver_Loss: 1844.43
Epoch 102/200, Batch 300, Aver_Loss: 1811.50
Epoch 102/200, Batch 400, Aver_Loss: 1858.10
Epoch 103/200, Batch 100, Aver_Loss: 1850.34
Epoch 103/200, Batch 200, Aver_Loss: 1834.01
Epoch 103/200, Batch 300, Aver_Loss: 1832.65
Epoch 103/200, Batch 400, Aver_Loss: 1827.07
Epoch 104/200, Batch 100, Aver_Loss: 1839.96
Epoch 104/200, Batch 200, Aver_Loss: 1846.31
Epoch 104/200, Batch 300, Aver_Loss: 1823.68
Epoch 104/200, Batch 400, Aver_Loss: 1825.87
Epoch 105/200, Batch 100, Aver_Loss: 1840.65
Epoch 105/200, Batch 200, Aver_Loss: 1834.22
Epoch 105/200, Batch 300, Aver_Loss: 1858.23
Epoch 105/200, Batch 400, Aver_Loss: 1823.47
Epoch 106/200, Batch 100, Aver_Loss: 1796.45
Epoch 106/200, Batch 200, Aver_Loss: 1845.25
Epoch 106/200, Batch 300, Aver_Loss: 1822.35
Epoch 106/200, Batch 400, Aver_Loss: 1854.35
Epoch 107/200, Batch 100, Aver_Loss: 1824.61
Epoch 107/200, Batch 200, Aver_Loss: 1842.42
Epoch 107/200, Batch 300, Aver_Loss: 1824.16
Epoch 107/200, Batch 400, Aver_Loss: 1826.51
Epoch 108/200, Batch 100, Aver_Loss: 1841.23
Epoch 108/200, Batch 200, Aver_Loss: 1839.23
Epoch 108/200, Batch 300, Aver_Loss: 1852.20
Epoch 108/200, Batch 400, Aver_Loss: 1810.58
Epoch 109/200, Batch 100, Aver_Loss: 1805.30
Epoch 109/200, Batch 200, Aver_Loss: 1846.71
Epoch 109/200, Batch 300, Aver_Loss: 1847.64
Epoch 109/200, Batch 400, Aver_Loss: 1841.73
Epoch 110/200, Batch 100, Aver_Loss: 1834.76
Epoch 110/200, Batch 200, Aver_Loss: 1823.36
Epoch 110/200, Batch 300, Aver_Loss: 1873.42
Epoch 110/200, Batch 400, Aver_Loss: 1814.83
Epoch 111/200, Batch 100, Aver_Loss: 1805.53
Epoch 111/200, Batch 200, Aver_Loss: 1831.02
Epoch 111/200, Batch 300, Aver_Loss: 1806.89
Epoch 111/200, Batch 400, Aver_Loss: 1839.58
Epoch 112/200, Batch 100, Aver_Loss: 1835.66
Epoch 112/200, Batch 200, Aver_Loss: 1827.72
Epoch 112/200, Batch 300, Aver_Loss: 1851.41
Epoch 112/200, Batch 400, Aver_Loss: 1843.89
Epoch 113/200, Batch 100, Aver_Loss: 1829.94
Epoch 113/200, Batch 200, Aver_Loss: 1857.35
Epoch 113/200, Batch 300, Aver_Loss: 1842.29
Epoch 113/200, Batch 400, Aver_Loss: 1844.79
Epoch 114/200, Batch 100, Aver_Loss: 1853.26
Epoch 114/200, Batch 200, Aver_Loss: 1839.16
Epoch 114/200, Batch 300, Aver_Loss: 1817.17
Epoch 114/200, Batch 400, Aver_Loss: 1823.76
Epoch 115/200, Batch 100, Aver_Loss: 1810.72
Epoch 115/200, Batch 200, Aver_Loss: 1855.41
Epoch 115/200, Batch 300, Aver_Loss: 1848.49
Epoch 115/200, Batch 400, Aver_Loss: 1847.34
Epoch 116/200, Batch 100, Aver_Loss: 1843.02
Epoch 116/200, Batch 200, Aver_Loss: 1866.27
Epoch 116/200, Batch 300, Aver_Loss: 1845.96
Epoch 116/200, Batch 400, Aver_Loss: 1819.01
Epoch 117/200, Batch 100, Aver_Loss: 1822.78
Epoch 117/200, Batch 200, Aver_Loss: 1803.81
Epoch 117/200, Batch 300, Aver_Loss: 1818.07
Epoch 117/200, Batch 400, Aver_Loss: 1858.30
Epoch 118/200, Batch 100, Aver_Loss: 1813.43
Epoch 118/200, Batch 200, Aver_Loss: 1842.79
Epoch 118/200, Batch 300, Aver_Loss: 1835.30
Epoch 118/200, Batch 400, Aver_Loss: 1834.21
Epoch 119/200, Batch 100, Aver_Loss: 1849.37
Epoch 119/200, Batch 200, Aver_Loss: 1850.85
Epoch 119/200, Batch 300, Aver_Loss: 1870.13
Epoch 119/200, Batch 400, Aver_Loss: 1788.35
Epoch 120/200, Batch 100, Aver_Loss: 1898.13
Epoch 120/200, Batch 200, Aver_Loss: 1837.32
Epoch 120/200, Batch 300, Aver_Loss: 1864.07
Epoch 120/200, Batch 400, Aver_Loss: 1858.67
Epoch 121/200, Batch 100, Aver_Loss: 1854.60
Epoch 121/200, Batch 200, Aver_Loss: 1861.89
Epoch 121/200, Batch 300, Aver_Loss: 1842.92
Epoch 121/200, Batch 400, Aver_Loss: 1825.49
Epoch 122/200, Batch 100, Aver_Loss: 1832.46
Epoch 122/200, Batch 200, Aver_Loss: 1852.06
Epoch 122/200, Batch 300, Aver_Loss: 1833.49
Epoch 122/200, Batch 400, Aver_Loss: 1807.28
Epoch 123/200, Batch 100, Aver_Loss: 1868.42
Epoch 123/200, Batch 200, Aver_Loss: 1834.09
Epoch 123/200, Batch 300, Aver_Loss: 1845.69
Epoch 123/200, Batch 400, Aver_Loss: 1833.90
Epoch 124/200, Batch 100, Aver_Loss: 1839.69
Epoch 124/200, Batch 200, Aver_Loss: 1854.11
Epoch 124/200, Batch 300, Aver_Loss: 1827.49
Epoch 124/200, Batch 400, Aver_Loss: 1864.43
Epoch 125/200, Batch 100, Aver_Loss: 1836.24
Epoch 125/200, Batch 200, Aver_Loss: 1811.33
Epoch 125/200, Batch 300, Aver_Loss: 1870.68
Epoch 125/200, Batch 400, Aver_Loss: 1832.34
Epoch 126/200, Batch 100, Aver_Loss: 1860.05
Epoch 126/200, Batch 200, Aver_Loss: 1799.31
Epoch 126/200, Batch 300, Aver_Loss: 1839.00
Epoch 126/200, Batch 400, Aver_Loss: 1851.18
Epoch 127/200, Batch 100, Aver_Loss: 1788.88
Epoch 127/200, Batch 200, Aver_Loss: 1830.43
Epoch 127/200, Batch 300, Aver_Loss: 1844.73
Epoch 127/200, Batch 400, Aver_Loss: 1832.72
Epoch 128/200, Batch 100, Aver_Loss: 1831.54
Epoch 128/200, Batch 200, Aver_Loss: 1812.52
Epoch 128/200, Batch 300, Aver_Loss: 1859.64
Epoch 128/200, Batch 400, Aver_Loss: 1853.62
Epoch 129/200, Batch 100, Aver_Loss: 1861.14
Epoch 129/200, Batch 200, Aver_Loss: 1856.95
Epoch 129/200, Batch 300, Aver_Loss: 1829.23
Epoch 129/200, Batch 400, Aver_Loss: 1792.87
Epoch 130/200, Batch 100, Aver_Loss: 1833.66
Epoch 130/200, Batch 200, Aver_Loss: 1843.55
Epoch 130/200, Batch 300, Aver_Loss: 1842.72
Epoch 130/200, Batch 400, Aver_Loss: 1829.62
Epoch 131/200, Batch 100, Aver_Loss: 1863.48
Epoch 131/200, Batch 200, Aver_Loss: 1837.13
Epoch 131/200, Batch 300, Aver_Loss: 1855.64
Epoch 131/200, Batch 400, Aver_Loss: 1850.94
Epoch 132/200, Batch 100, Aver_Loss: 1851.40
Epoch 132/200, Batch 200, Aver_Loss: 1806.68
Epoch 132/200, Batch 300, Aver_Loss: 1854.10
Epoch 132/200, Batch 400, Aver_Loss: 1848.17
Epoch 133/200, Batch 100, Aver_Loss: 1834.72
Epoch 133/200, Batch 200, Aver_Loss: 1823.16
Epoch 133/200, Batch 300, Aver_Loss: 1847.81
Epoch 133/200, Batch 400, Aver_Loss: 1820.02
Epoch 134/200, Batch 100, Aver_Loss: 1854.55
Epoch 134/200, Batch 200, Aver_Loss: 1837.34
Epoch 134/200, Batch 300, Aver_Loss: 1815.95
Epoch 134/200, Batch 400, Aver_Loss: 1844.14
Epoch 135/200, Batch 100, Aver_Loss: 1861.84
Epoch 135/200, Batch 200, Aver_Loss: 1868.84
Epoch 135/200, Batch 300, Aver_Loss: 1796.84
Epoch 135/200, Batch 400, Aver_Loss: 1826.57
Epoch 136/200, Batch 100, Aver_Loss: 1824.12
Epoch 136/200, Batch 200, Aver_Loss: 1854.71
Epoch 136/200, Batch 300, Aver_Loss: 1858.77
Epoch 136/200, Batch 400, Aver_Loss: 1881.17
Epoch 137/200, Batch 100, Aver_Loss: 1824.45
Epoch 137/200, Batch 200, Aver_Loss: 1823.66
Epoch 137/200, Batch 300, Aver_Loss: 1836.73
Epoch 137/200, Batch 400, Aver_Loss: 1838.23
Epoch 138/200, Batch 100, Aver_Loss: 1845.52
Epoch 138/200, Batch 200, Aver_Loss: 1836.70
Epoch 138/200, Batch 300, Aver_Loss: 1844.14
Epoch 138/200, Batch 400, Aver_Loss: 1828.55
Epoch 139/200, Batch 100, Aver_Loss: 1834.19
Epoch 139/200, Batch 200, Aver_Loss: 1827.39
Epoch 139/200, Batch 300, Aver_Loss: 1851.77
Epoch 139/200, Batch 400, Aver_Loss: 1793.97
Epoch 140/200, Batch 100, Aver_Loss: 1856.01
Epoch 140/200, Batch 200, Aver_Loss: 1860.15
Epoch 140/200, Batch 300, Aver_Loss: 1829.04
Epoch 140/200, Batch 400, Aver_Loss: 1870.96
Epoch 141/200, Batch 100, Aver_Loss: 1824.65
Epoch 141/200, Batch 200, Aver_Loss: 1872.93
Epoch 141/200, Batch 300, Aver_Loss: 1802.64
Epoch 141/200, Batch 400, Aver_Loss: 1861.57
Epoch 142/200, Batch 100, Aver_Loss: 1786.22
Epoch 142/200, Batch 200, Aver_Loss: 1844.41
Epoch 142/200, Batch 300, Aver_Loss: 1808.89
Epoch 142/200, Batch 400, Aver_Loss: 1815.86
Epoch 143/200, Batch 100, Aver_Loss: 1839.01
Epoch 143/200, Batch 200, Aver_Loss: 1832.05
Epoch 143/200, Batch 300, Aver_Loss: 1888.88
Epoch 143/200, Batch 400, Aver_Loss: 1829.26
Epoch 144/200, Batch 100, Aver_Loss: 1840.92
Epoch 144/200, Batch 200, Aver_Loss: 1844.24
Epoch 144/200, Batch 300, Aver_Loss: 1864.64
Epoch 144/200, Batch 400, Aver_Loss: 1835.15
Epoch 145/200, Batch 100, Aver_Loss: 1873.26
Epoch 145/200, Batch 200, Aver_Loss: 1881.95
Epoch 145/200, Batch 300, Aver_Loss: 1866.02
Epoch 145/200, Batch 400, Aver_Loss: 1821.57
Epoch 146/200, Batch 100, Aver_Loss: 1835.80
Epoch 146/200, Batch 200, Aver_Loss: 1866.15
Epoch 146/200, Batch 300, Aver_Loss: 1827.07
Epoch 146/200, Batch 400, Aver_Loss: 1809.10
Epoch 147/200, Batch 100, Aver_Loss: 1866.33
Epoch 147/200, Batch 200, Aver_Loss: 1860.36
Epoch 147/200, Batch 300, Aver_Loss: 1836.11
Epoch 147/200, Batch 400, Aver_Loss: 1867.01
Epoch 148/200, Batch 100, Aver_Loss: 1850.77
Epoch 148/200, Batch 200, Aver_Loss: 1834.57
Epoch 148/200, Batch 300, Aver_Loss: 1826.10
Epoch 148/200, Batch 400, Aver_Loss: 1836.81
Epoch 149/200, Batch 100, Aver_Loss: 1824.44
Epoch 149/200, Batch 200, Aver_Loss: 1838.39
Epoch 149/200, Batch 300, Aver_Loss: 1852.90
Epoch 149/200, Batch 400, Aver_Loss: 1830.53
Epoch 150/200, Batch 100, Aver_Loss: 1829.20
Epoch 150/200, Batch 200, Aver_Loss: 1823.68
Epoch 150/200, Batch 300, Aver_Loss: 1831.97
Epoch 150/200, Batch 400, Aver_Loss: 1859.39
Epoch 151/200, Batch 100, Aver_Loss: 1846.92
Epoch 151/200, Batch 200, Aver_Loss: 1854.98
Epoch 151/200, Batch 300, Aver_Loss: 1843.44
Epoch 151/200, Batch 400, Aver_Loss: 1856.86
Epoch 152/200, Batch 100, Aver_Loss: 1803.61
Epoch 152/200, Batch 200, Aver_Loss: 1863.08
Epoch 152/200, Batch 300, Aver_Loss: 1858.28
Epoch 152/200, Batch 400, Aver_Loss: 1847.03
Epoch 153/200, Batch 100, Aver_Loss: 1853.73
Epoch 153/200, Batch 200, Aver_Loss: 1838.18
Epoch 153/200, Batch 300, Aver_Loss: 1855.43
Epoch 153/200, Batch 400, Aver_Loss: 1826.26
Epoch 154/200, Batch 100, Aver_Loss: 1886.39
Epoch 154/200, Batch 200, Aver_Loss: 1823.85
Epoch 154/200, Batch 300, Aver_Loss: 1813.19
Epoch 154/200, Batch 400, Aver_Loss: 1816.94
Epoch 155/200, Batch 100, Aver_Loss: 1871.18
Epoch 155/200, Batch 200, Aver_Loss: 1866.27
Epoch 155/200, Batch 300, Aver_Loss: 1855.35
Epoch 155/200, Batch 400, Aver_Loss: 1817.61
Epoch 156/200, Batch 100, Aver_Loss: 1853.86
Epoch 156/200, Batch 200, Aver_Loss: 1842.47
Epoch 156/200, Batch 300, Aver_Loss: 1797.39
Epoch 156/200, Batch 400, Aver_Loss: 1823.63
Epoch 157/200, Batch 100, Aver_Loss: 1817.26
Epoch 157/200, Batch 200, Aver_Loss: 1818.72
Epoch 157/200, Batch 300, Aver_Loss: 1799.20
Epoch 157/200, Batch 400, Aver_Loss: 1847.14
Epoch 158/200, Batch 100, Aver_Loss: 1841.87
Epoch 158/200, Batch 200, Aver_Loss: 1843.81
Epoch 158/200, Batch 300, Aver_Loss: 1861.07
Epoch 158/200, Batch 400, Aver_Loss: 1820.42
Epoch 159/200, Batch 100, Aver_Loss: 1815.36
Epoch 159/200, Batch 200, Aver_Loss: 1834.10
Epoch 159/200, Batch 300, Aver_Loss: 1839.20
Epoch 159/200, Batch 400, Aver_Loss: 1850.70
Epoch 160/200, Batch 100, Aver_Loss: 1856.08
Epoch 160/200, Batch 200, Aver_Loss: 1841.64
Epoch 160/200, Batch 300, Aver_Loss: 1877.81
Epoch 160/200, Batch 400, Aver_Loss: 1868.68
Epoch 161/200, Batch 100, Aver_Loss: 1825.45
Epoch 161/200, Batch 200, Aver_Loss: 1833.81
Epoch 161/200, Batch 300, Aver_Loss: 1857.98
Epoch 161/200, Batch 400, Aver_Loss: 1816.27
Epoch 162/200, Batch 100, Aver_Loss: 1839.60
Epoch 162/200, Batch 200, Aver_Loss: 1846.51
Epoch 162/200, Batch 300, Aver_Loss: 1882.97
Epoch 162/200, Batch 400, Aver_Loss: 1855.22
Epoch 163/200, Batch 100, Aver_Loss: 1834.40
Epoch 163/200, Batch 200, Aver_Loss: 1851.89
Epoch 163/200, Batch 300, Aver_Loss: 1847.44
Epoch 163/200, Batch 400, Aver_Loss: 1835.67
Epoch 164/200, Batch 100, Aver_Loss: 1872.38
Epoch 164/200, Batch 200, Aver_Loss: 1834.04
Epoch 164/200, Batch 300, Aver_Loss: 1866.85
Epoch 164/200, Batch 400, Aver_Loss: 1818.74
Epoch 165/200, Batch 100, Aver_Loss: 1891.81
Epoch 165/200, Batch 200, Aver_Loss: 1852.89
Epoch 165/200, Batch 300, Aver_Loss: 1815.37
Epoch 165/200, Batch 400, Aver_Loss: 1871.44
Epoch 166/200, Batch 100, Aver_Loss: 1856.19
Epoch 166/200, Batch 200, Aver_Loss: 1823.11
Epoch 166/200, Batch 300, Aver_Loss: 1842.34
Epoch 166/200, Batch 400, Aver_Loss: 1843.46
Epoch 167/200, Batch 100, Aver_Loss: 1830.09
Epoch 167/200, Batch 200, Aver_Loss: 1831.05
Epoch 167/200, Batch 300, Aver_Loss: 1857.25
Epoch 167/200, Batch 400, Aver_Loss: 1829.83
Epoch 168/200, Batch 100, Aver_Loss: 1805.42
Epoch 168/200, Batch 200, Aver_Loss: 1843.95
Epoch 168/200, Batch 300, Aver_Loss: 1855.96
Epoch 168/200, Batch 400, Aver_Loss: 1836.43
Epoch 169/200, Batch 100, Aver_Loss: 1809.14
Epoch 169/200, Batch 200, Aver_Loss: 1852.66
Epoch 169/200, Batch 300, Aver_Loss: 1817.12
Epoch 169/200, Batch 400, Aver_Loss: 1860.28
Epoch 170/200, Batch 100, Aver_Loss: 1831.55
Epoch 170/200, Batch 200, Aver_Loss: 1841.05
Epoch 170/200, Batch 300, Aver_Loss: 1786.27
Epoch 170/200, Batch 400, Aver_Loss: 1824.06
Epoch 171/200, Batch 100, Aver_Loss: 1852.76
Epoch 171/200, Batch 200, Aver_Loss: 1822.99
Epoch 171/200, Batch 300, Aver_Loss: 1855.18
Epoch 171/200, Batch 400, Aver_Loss: 1845.37
Epoch 172/200, Batch 100, Aver_Loss: 1815.06
Epoch 172/200, Batch 200, Aver_Loss: 1829.28
Epoch 172/200, Batch 300, Aver_Loss: 1839.07
Epoch 172/200, Batch 400, Aver_Loss: 1832.38
Epoch 173/200, Batch 100, Aver_Loss: 1864.93
Epoch 173/200, Batch 200, Aver_Loss: 1799.49
Epoch 173/200, Batch 300, Aver_Loss: 1850.12
Epoch 173/200, Batch 400, Aver_Loss: 1864.82
Epoch 174/200, Batch 100, Aver_Loss: 1867.75
Epoch 174/200, Batch 200, Aver_Loss: 1812.89
Epoch 174/200, Batch 300, Aver_Loss: 1835.68
Epoch 174/200, Batch 400, Aver_Loss: 1838.85
Epoch 175/200, Batch 100, Aver_Loss: 1820.54
Epoch 175/200, Batch 200, Aver_Loss: 1840.70
Epoch 175/200, Batch 300, Aver_Loss: 1857.11
Epoch 175/200, Batch 400, Aver_Loss: 1850.77
Epoch 176/200, Batch 100, Aver_Loss: 1836.87
Epoch 176/200, Batch 200, Aver_Loss: 1836.73
Epoch 176/200, Batch 300, Aver_Loss: 1838.57
Epoch 176/200, Batch 400, Aver_Loss: 1784.70
Epoch 177/200, Batch 100, Aver_Loss: 1789.18
Epoch 177/200, Batch 200, Aver_Loss: 1824.17
Epoch 177/200, Batch 300, Aver_Loss: 1825.84
Epoch 177/200, Batch 400, Aver_Loss: 1862.01
Epoch 178/200, Batch 100, Aver_Loss: 1823.10
Epoch 178/200, Batch 200, Aver_Loss: 1816.06
Epoch 178/200, Batch 300, Aver_Loss: 1847.72
Epoch 178/200, Batch 400, Aver_Loss: 1813.54
Epoch 179/200, Batch 100, Aver_Loss: 1819.24
Epoch 179/200, Batch 200, Aver_Loss: 1855.83
Epoch 179/200, Batch 300, Aver_Loss: 1822.88
Epoch 179/200, Batch 400, Aver_Loss: 1809.81
Epoch 180/200, Batch 100, Aver_Loss: 1815.70
Epoch 180/200, Batch 200, Aver_Loss: 1828.43
Epoch 180/200, Batch 300, Aver_Loss: 1845.73
Epoch 180/200, Batch 400, Aver_Loss: 1837.68
Epoch 181/200, Batch 100, Aver_Loss: 1788.34
Epoch 181/200, Batch 200, Aver_Loss: 1879.14
Epoch 181/200, Batch 300, Aver_Loss: 1849.43
Epoch 181/200, Batch 400, Aver_Loss: 1806.64
Epoch 182/200, Batch 100, Aver_Loss: 1834.08
Epoch 182/200, Batch 200, Aver_Loss: 1848.03
Epoch 182/200, Batch 300, Aver_Loss: 1876.19
Epoch 182/200, Batch 400, Aver_Loss: 1824.53
Epoch 183/200, Batch 100, Aver_Loss: 1830.92
Epoch 183/200, Batch 200, Aver_Loss: 1831.91
Epoch 183/200, Batch 300, Aver_Loss: 1803.97
Epoch 183/200, Batch 400, Aver_Loss: 1825.74
Epoch 184/200, Batch 100, Aver_Loss: 1831.04
Epoch 184/200, Batch 200, Aver_Loss: 1842.84
Epoch 184/200, Batch 300, Aver_Loss: 1827.80
Epoch 184/200, Batch 400, Aver_Loss: 1839.69
Epoch 185/200, Batch 100, Aver_Loss: 1821.87
Epoch 185/200, Batch 200, Aver_Loss: 1838.77
Epoch 185/200, Batch 300, Aver_Loss: 1855.50
Epoch 185/200, Batch 400, Aver_Loss: 1878.07
Epoch 186/200, Batch 100, Aver_Loss: 1826.78
Epoch 186/200, Batch 200, Aver_Loss: 1815.74
Epoch 186/200, Batch 300, Aver_Loss: 1867.17
Epoch 186/200, Batch 400, Aver_Loss: 1820.04
Epoch 187/200, Batch 100, Aver_Loss: 1858.28
Epoch 187/200, Batch 200, Aver_Loss: 1819.23
Epoch 187/200, Batch 300, Aver_Loss: 1852.75
Epoch 187/200, Batch 400, Aver_Loss: 1828.94
Epoch 188/200, Batch 100, Aver_Loss: 1860.08
Epoch 188/200, Batch 200, Aver_Loss: 1843.35
Epoch 188/200, Batch 300, Aver_Loss: 1876.49
Epoch 188/200, Batch 400, Aver_Loss: 1769.96
Epoch 189/200, Batch 100, Aver_Loss: 1796.01
Epoch 189/200, Batch 200, Aver_Loss: 1816.18
Epoch 189/200, Batch 300, Aver_Loss: 1841.22
Epoch 189/200, Batch 400, Aver_Loss: 1815.17
Epoch 190/200, Batch 100, Aver_Loss: 1867.15
Epoch 190/200, Batch 200, Aver_Loss: 1848.43
Epoch 190/200, Batch 300, Aver_Loss: 1836.10
Epoch 190/200, Batch 400, Aver_Loss: 1844.28
Epoch 191/200, Batch 100, Aver_Loss: 1832.35
Epoch 191/200, Batch 200, Aver_Loss: 1795.80
Epoch 191/200, Batch 300, Aver_Loss: 1813.01
Epoch 191/200, Batch 400, Aver_Loss: 1879.68
Epoch 192/200, Batch 100, Aver_Loss: 1842.17
Epoch 192/200, Batch 200, Aver_Loss: 1870.95
Epoch 192/200, Batch 300, Aver_Loss: 1840.32
Epoch 192/200, Batch 400, Aver_Loss: 1833.81
Epoch 193/200, Batch 100, Aver_Loss: 1868.68
Epoch 193/200, Batch 200, Aver_Loss: 1815.60
Epoch 193/200, Batch 300, Aver_Loss: 1863.49
Epoch 193/200, Batch 400, Aver_Loss: 1835.68
Epoch 194/200, Batch 100, Aver_Loss: 1839.26
Epoch 194/200, Batch 200, Aver_Loss: 1827.17
Epoch 194/200, Batch 300, Aver_Loss: 1837.52
Epoch 194/200, Batch 400, Aver_Loss: 1867.04
Epoch 195/200, Batch 100, Aver_Loss: 1829.94
Epoch 195/200, Batch 200, Aver_Loss: 1853.59
Epoch 195/200, Batch 300, Aver_Loss: 1842.38
Epoch 195/200, Batch 400, Aver_Loss: 1817.58
Epoch 196/200, Batch 100, Aver_Loss: 1822.72
Epoch 196/200, Batch 200, Aver_Loss: 1822.55
Epoch 196/200, Batch 300, Aver_Loss: 1834.63
Epoch 196/200, Batch 400, Aver_Loss: 1808.13
Epoch 197/200, Batch 100, Aver_Loss: 1829.47
Epoch 197/200, Batch 200, Aver_Loss: 1799.81
Epoch 197/200, Batch 300, Aver_Loss: 1814.73
Epoch 197/200, Batch 400, Aver_Loss: 1851.53
Epoch 198/200, Batch 100, Aver_Loss: 1797.28
Epoch 198/200, Batch 200, Aver_Loss: 1811.48
Epoch 198/200, Batch 300, Aver_Loss: 1857.85
Epoch 198/200, Batch 400, Aver_Loss: 1822.83
Epoch 199/200, Batch 100, Aver_Loss: 1814.83
Epoch 199/200, Batch 200, Aver_Loss: 1851.43
Epoch 199/200, Batch 300, Aver_Loss: 1827.43
Epoch 199/200, Batch 400, Aver_Loss: 1835.38
Epoch 200/200, Batch 100, Aver_Loss: 1843.50
Epoch 200/200, Batch 200, Aver_Loss: 1857.21
Epoch 200/200, Batch 300, Aver_Loss: 1809.65
Epoch 200/200, Batch 400, Aver_Loss: 1846.66
[saved curves] ./results/CIFAR10/curves/cifar10_mvae_d256_s777.json

==== Evaluation Summary ====
                 model: mvae
   recon/mse_per_pixel: 0.014611
            elbo/train: -1833.705064
             elbo/test: -1834.964230
             mse/train: 0.014298
              mse/test: 0.014611
             probe/acc: 0.419333
             probe/nll: 1.658686
           probe/brier: 0.720349
             probe/ece: 0.029772
           cluster/nmi: 0.110637
           cluster/ari: 0.059337
============================

