/usr/bin/which: no fi_info in (/arf/home/meyavuz/.local/bin:/arf/sw/comp/python/intelpython3/condabin:/arf/sw/comp/python/intelpython3/bin:/usr/share/Modules/bin:/usr/local/bin:/usr/bin:/usr/local/sbin:/usr/sbin)
Extension for Scikit-learn* enabled (https://github.com/uxlfoundation/scikit-learn-intelex)
/arf/home/meyavuz/.conda/envs/sbn/lib/python3.9/site-packages/sklearn/linear_model/_logistic.py:1247: FutureWarning: 'multi_class' was deprecated in version 1.5 and will be removed in 1.7. From then on, it will always use 'multinomial'. Leave it to its default value to avoid this warning.
  warnings.warn(
/arf/home/meyavuz/.conda/envs/sbn/lib/python3.9/site-packages/sklearn/linear_model/_sag.py:348: ConvergenceWarning: The max_iter was reached which means the coef_ did not converge
  warnings.warn(
Epoch 1/200, Batch 100, Aver_Loss: 1899.51
Epoch 1/200, Batch 200, Aver_Loss: 1923.52
Epoch 1/200, Batch 300, Aver_Loss: 1897.89
Epoch 1/200, Batch 400, Aver_Loss: 1904.81
Epoch 2/200, Batch 100, Aver_Loss: 1821.94
Epoch 2/200, Batch 200, Aver_Loss: 1877.43
Epoch 2/200, Batch 300, Aver_Loss: 1882.80
Epoch 2/200, Batch 400, Aver_Loss: 1886.76
Epoch 3/200, Batch 100, Aver_Loss: 1824.17
Epoch 3/200, Batch 200, Aver_Loss: 1825.98
Epoch 3/200, Batch 300, Aver_Loss: 1817.72
Epoch 3/200, Batch 400, Aver_Loss: 1886.53
Epoch 4/200, Batch 100, Aver_Loss: 1814.46
Epoch 4/200, Batch 200, Aver_Loss: 1838.43
Epoch 4/200, Batch 300, Aver_Loss: 1774.17
Epoch 4/200, Batch 400, Aver_Loss: 1833.15
Epoch 5/200, Batch 100, Aver_Loss: 1818.97
Epoch 5/200, Batch 200, Aver_Loss: 1821.41
Epoch 5/200, Batch 300, Aver_Loss: 1797.70
Epoch 5/200, Batch 400, Aver_Loss: 1826.04
Epoch 6/200, Batch 100, Aver_Loss: 1819.72
Epoch 6/200, Batch 200, Aver_Loss: 1775.20
Epoch 6/200, Batch 300, Aver_Loss: 1802.45
Epoch 6/200, Batch 400, Aver_Loss: 1809.74
Epoch 7/200, Batch 100, Aver_Loss: 1848.91
Epoch 7/200, Batch 200, Aver_Loss: 1804.67
Epoch 7/200, Batch 300, Aver_Loss: 1757.84
Epoch 7/200, Batch 400, Aver_Loss: 1777.39
Epoch 8/200, Batch 100, Aver_Loss: 1793.83
Epoch 8/200, Batch 200, Aver_Loss: 1803.18
Epoch 8/200, Batch 300, Aver_Loss: 1833.08
Epoch 8/200, Batch 400, Aver_Loss: 1769.58
Epoch 9/200, Batch 100, Aver_Loss: 1759.20
Epoch 9/200, Batch 200, Aver_Loss: 1799.40
Epoch 9/200, Batch 300, Aver_Loss: 1813.06
Epoch 9/200, Batch 400, Aver_Loss: 1778.75
Epoch 10/200, Batch 100, Aver_Loss: 1778.59
Epoch 10/200, Batch 200, Aver_Loss: 1772.37
Epoch 10/200, Batch 300, Aver_Loss: 1886.61
Epoch 10/200, Batch 400, Aver_Loss: 1719.16
Epoch 11/200, Batch 100, Aver_Loss: 1820.79
Epoch 11/200, Batch 200, Aver_Loss: 1819.71
Epoch 11/200, Batch 300, Aver_Loss: 1803.32
Epoch 11/200, Batch 400, Aver_Loss: 1791.03
Epoch 12/200, Batch 100, Aver_Loss: 1797.28
Epoch 12/200, Batch 200, Aver_Loss: 1777.66
Epoch 12/200, Batch 300, Aver_Loss: 1822.06
Epoch 12/200, Batch 400, Aver_Loss: 1778.50
Epoch 13/200, Batch 100, Aver_Loss: 1785.53
Epoch 13/200, Batch 200, Aver_Loss: 1826.42
Epoch 13/200, Batch 300, Aver_Loss: 1811.47
Epoch 13/200, Batch 400, Aver_Loss: 1821.14
Epoch 14/200, Batch 100, Aver_Loss: 1743.60
Epoch 14/200, Batch 200, Aver_Loss: 1798.93
Epoch 14/200, Batch 300, Aver_Loss: 1793.83
Epoch 14/200, Batch 400, Aver_Loss: 1809.34
Epoch 15/200, Batch 100, Aver_Loss: 1831.50
Epoch 15/200, Batch 200, Aver_Loss: 1771.79
Epoch 15/200, Batch 300, Aver_Loss: 1810.59
Epoch 15/200, Batch 400, Aver_Loss: 1787.79
Epoch 16/200, Batch 100, Aver_Loss: 1784.81
Epoch 16/200, Batch 200, Aver_Loss: 1798.41
Epoch 16/200, Batch 300, Aver_Loss: 1798.79
Epoch 16/200, Batch 400, Aver_Loss: 1809.91
Epoch 17/200, Batch 100, Aver_Loss: 1799.06
Epoch 17/200, Batch 200, Aver_Loss: 1764.90
Epoch 17/200, Batch 300, Aver_Loss: 1802.15
Epoch 17/200, Batch 400, Aver_Loss: 1804.11
Epoch 18/200, Batch 100, Aver_Loss: 1776.71
Epoch 18/200, Batch 200, Aver_Loss: 1782.69
Epoch 18/200, Batch 300, Aver_Loss: 1785.80
Epoch 18/200, Batch 400, Aver_Loss: 1764.59
Epoch 19/200, Batch 100, Aver_Loss: 1825.65
Epoch 19/200, Batch 200, Aver_Loss: 1810.10
Epoch 19/200, Batch 300, Aver_Loss: 1795.88
Epoch 19/200, Batch 400, Aver_Loss: 1836.78
Epoch 20/200, Batch 100, Aver_Loss: 1795.78
Epoch 20/200, Batch 200, Aver_Loss: 1740.07
Epoch 20/200, Batch 300, Aver_Loss: 1790.86
Epoch 20/200, Batch 400, Aver_Loss: 1736.23
Epoch 21/200, Batch 100, Aver_Loss: 1761.03
Epoch 21/200, Batch 200, Aver_Loss: 1837.75
Epoch 21/200, Batch 300, Aver_Loss: 1808.02
Epoch 21/200, Batch 400, Aver_Loss: 1776.18
Epoch 22/200, Batch 100, Aver_Loss: 1808.51
Epoch 22/200, Batch 200, Aver_Loss: 1809.33
Epoch 22/200, Batch 300, Aver_Loss: 1827.49
Epoch 22/200, Batch 400, Aver_Loss: 1774.30
Epoch 23/200, Batch 100, Aver_Loss: 1741.79
Epoch 23/200, Batch 200, Aver_Loss: 1827.85
Epoch 23/200, Batch 300, Aver_Loss: 1807.96
Epoch 23/200, Batch 400, Aver_Loss: 1763.67
Epoch 24/200, Batch 100, Aver_Loss: 1768.71
Epoch 24/200, Batch 200, Aver_Loss: 1877.27
Epoch 24/200, Batch 300, Aver_Loss: 1837.36
Epoch 24/200, Batch 400, Aver_Loss: 1779.69
Epoch 25/200, Batch 100, Aver_Loss: 1836.56
Epoch 25/200, Batch 200, Aver_Loss: 1848.96
Epoch 25/200, Batch 300, Aver_Loss: 1878.19
Epoch 25/200, Batch 400, Aver_Loss: 1733.08
Epoch 26/200, Batch 100, Aver_Loss: 1858.79
Epoch 26/200, Batch 200, Aver_Loss: 1751.93
Epoch 26/200, Batch 300, Aver_Loss: 1778.14
Epoch 26/200, Batch 400, Aver_Loss: 1788.49
Epoch 27/200, Batch 100, Aver_Loss: 1830.63
Epoch 27/200, Batch 200, Aver_Loss: 1720.17
Epoch 27/200, Batch 300, Aver_Loss: 1745.43
Epoch 27/200, Batch 400, Aver_Loss: 1827.60
Epoch 28/200, Batch 100, Aver_Loss: 1765.13
Epoch 28/200, Batch 200, Aver_Loss: 1781.91
Epoch 28/200, Batch 300, Aver_Loss: 1783.02
Epoch 28/200, Batch 400, Aver_Loss: 1778.53
Epoch 29/200, Batch 100, Aver_Loss: 1779.26
Epoch 29/200, Batch 200, Aver_Loss: 1781.76
Epoch 29/200, Batch 300, Aver_Loss: 1814.67
Epoch 29/200, Batch 400, Aver_Loss: 1816.44
Epoch 30/200, Batch 100, Aver_Loss: 1728.04
Epoch 30/200, Batch 200, Aver_Loss: 1761.68
Epoch 30/200, Batch 300, Aver_Loss: 1790.36
Epoch 30/200, Batch 400, Aver_Loss: 1816.34
Epoch 31/200, Batch 100, Aver_Loss: 1805.48
Epoch 31/200, Batch 200, Aver_Loss: 1829.23
Epoch 31/200, Batch 300, Aver_Loss: 1791.41
Epoch 31/200, Batch 400, Aver_Loss: 1761.90
Epoch 32/200, Batch 100, Aver_Loss: 1788.06
Epoch 32/200, Batch 200, Aver_Loss: 1746.97
Epoch 32/200, Batch 300, Aver_Loss: 1741.80
Epoch 32/200, Batch 400, Aver_Loss: 1809.32
Epoch 33/200, Batch 100, Aver_Loss: 1807.75
Epoch 33/200, Batch 200, Aver_Loss: 1742.64
Epoch 33/200, Batch 300, Aver_Loss: 1751.00
Epoch 33/200, Batch 400, Aver_Loss: 1737.93
Epoch 34/200, Batch 100, Aver_Loss: 1764.77
Epoch 34/200, Batch 200, Aver_Loss: 1771.22
Epoch 34/200, Batch 300, Aver_Loss: 1815.70
Epoch 34/200, Batch 400, Aver_Loss: 1760.53
Epoch 35/200, Batch 100, Aver_Loss: 1804.44
Epoch 35/200, Batch 200, Aver_Loss: 1791.12
Epoch 35/200, Batch 300, Aver_Loss: 1793.84
Epoch 35/200, Batch 400, Aver_Loss: 1814.68
Epoch 36/200, Batch 100, Aver_Loss: 1768.96
Epoch 36/200, Batch 200, Aver_Loss: 1782.99
Epoch 36/200, Batch 300, Aver_Loss: 1820.88
Epoch 36/200, Batch 400, Aver_Loss: 1816.96
Epoch 37/200, Batch 100, Aver_Loss: 1852.97
Epoch 37/200, Batch 200, Aver_Loss: 1816.12
Epoch 37/200, Batch 300, Aver_Loss: 1800.04
Epoch 37/200, Batch 400, Aver_Loss: 1804.32
Epoch 38/200, Batch 100, Aver_Loss: 1763.41
Epoch 38/200, Batch 200, Aver_Loss: 1781.01
Epoch 38/200, Batch 300, Aver_Loss: 1791.00
Epoch 38/200, Batch 400, Aver_Loss: 1805.60
Epoch 39/200, Batch 100, Aver_Loss: 1855.68
Epoch 39/200, Batch 200, Aver_Loss: 1732.96
Epoch 39/200, Batch 300, Aver_Loss: 1780.89
Epoch 39/200, Batch 400, Aver_Loss: 1802.04
Epoch 40/200, Batch 100, Aver_Loss: 1777.40
Epoch 40/200, Batch 200, Aver_Loss: 1784.12
Epoch 40/200, Batch 300, Aver_Loss: 1761.10
Epoch 40/200, Batch 400, Aver_Loss: 1763.57
Epoch 41/200, Batch 100, Aver_Loss: 1815.80
Epoch 41/200, Batch 200, Aver_Loss: 1754.16
Epoch 41/200, Batch 300, Aver_Loss: 1749.48
Epoch 41/200, Batch 400, Aver_Loss: 1796.38
Epoch 42/200, Batch 100, Aver_Loss: 1755.64
Epoch 42/200, Batch 200, Aver_Loss: 1760.54
Epoch 42/200, Batch 300, Aver_Loss: 1836.89
Epoch 42/200, Batch 400, Aver_Loss: 1810.10
Epoch 43/200, Batch 100, Aver_Loss: 1788.36
Epoch 43/200, Batch 200, Aver_Loss: 1766.51
Epoch 43/200, Batch 300, Aver_Loss: 1783.15
Epoch 43/200, Batch 400, Aver_Loss: 1810.71
Epoch 44/200, Batch 100, Aver_Loss: 1821.10
Epoch 44/200, Batch 200, Aver_Loss: 1803.07
Epoch 44/200, Batch 300, Aver_Loss: 1822.60
Epoch 44/200, Batch 400, Aver_Loss: 1801.73
Epoch 45/200, Batch 100, Aver_Loss: 1797.33
Epoch 45/200, Batch 200, Aver_Loss: 1815.48
Epoch 45/200, Batch 300, Aver_Loss: 1739.12
Epoch 45/200, Batch 400, Aver_Loss: 1782.30
Epoch 46/200, Batch 100, Aver_Loss: 1782.09
Epoch 46/200, Batch 200, Aver_Loss: 1788.98
Epoch 46/200, Batch 300, Aver_Loss: 1793.41
Epoch 46/200, Batch 400, Aver_Loss: 1760.92
Epoch 47/200, Batch 100, Aver_Loss: 1760.91
Epoch 47/200, Batch 200, Aver_Loss: 1757.99
Epoch 47/200, Batch 300, Aver_Loss: 1797.10
Epoch 47/200, Batch 400, Aver_Loss: 1750.73
Epoch 48/200, Batch 100, Aver_Loss: 1778.02
Epoch 48/200, Batch 200, Aver_Loss: 1728.94
Epoch 48/200, Batch 300, Aver_Loss: 1841.36
Epoch 48/200, Batch 400, Aver_Loss: 1768.14
Epoch 49/200, Batch 100, Aver_Loss: 1783.36
Epoch 49/200, Batch 200, Aver_Loss: 1765.20
Epoch 49/200, Batch 300, Aver_Loss: 1820.35
Epoch 49/200, Batch 400, Aver_Loss: 1791.09
Epoch 50/200, Batch 100, Aver_Loss: 1845.74
Epoch 50/200, Batch 200, Aver_Loss: 1811.18
Epoch 50/200, Batch 300, Aver_Loss: 1850.28
Epoch 50/200, Batch 400, Aver_Loss: 1774.07
Epoch 51/200, Batch 100, Aver_Loss: 1833.86
Epoch 51/200, Batch 200, Aver_Loss: 1828.20
Epoch 51/200, Batch 300, Aver_Loss: 1780.36
Epoch 51/200, Batch 400, Aver_Loss: 1732.07
Epoch 52/200, Batch 100, Aver_Loss: 1783.19
Epoch 52/200, Batch 200, Aver_Loss: 1709.81
Epoch 52/200, Batch 300, Aver_Loss: 1730.76
Epoch 52/200, Batch 400, Aver_Loss: 1833.21
Epoch 53/200, Batch 100, Aver_Loss: 1815.14
Epoch 53/200, Batch 200, Aver_Loss: 1780.56
Epoch 53/200, Batch 300, Aver_Loss: 1788.03
Epoch 53/200, Batch 400, Aver_Loss: 1722.16
Epoch 54/200, Batch 100, Aver_Loss: 1786.40
Epoch 54/200, Batch 200, Aver_Loss: 1780.39
Epoch 54/200, Batch 300, Aver_Loss: 1752.06
Epoch 54/200, Batch 400, Aver_Loss: 1800.29
Epoch 55/200, Batch 100, Aver_Loss: 1746.22
Epoch 55/200, Batch 200, Aver_Loss: 1764.19
Epoch 55/200, Batch 300, Aver_Loss: 1764.19
Epoch 55/200, Batch 400, Aver_Loss: 1810.28
Epoch 56/200, Batch 100, Aver_Loss: 1800.57
Epoch 56/200, Batch 200, Aver_Loss: 1750.27
Epoch 56/200, Batch 300, Aver_Loss: 1808.04
Epoch 56/200, Batch 400, Aver_Loss: 1740.29
Epoch 57/200, Batch 100, Aver_Loss: 1824.12
Epoch 57/200, Batch 200, Aver_Loss: 1770.61
Epoch 57/200, Batch 300, Aver_Loss: 1787.22
Epoch 57/200, Batch 400, Aver_Loss: 1751.55
Epoch 58/200, Batch 100, Aver_Loss: 1772.83
Epoch 58/200, Batch 200, Aver_Loss: 1787.26
Epoch 58/200, Batch 300, Aver_Loss: 1787.02
Epoch 58/200, Batch 400, Aver_Loss: 1788.67
Epoch 59/200, Batch 100, Aver_Loss: 1756.89
Epoch 59/200, Batch 200, Aver_Loss: 1811.83
Epoch 59/200, Batch 300, Aver_Loss: 1773.19
Epoch 59/200, Batch 400, Aver_Loss: 1738.88
Epoch 60/200, Batch 100, Aver_Loss: 1800.83
Epoch 60/200, Batch 200, Aver_Loss: 1754.58
Epoch 60/200, Batch 300, Aver_Loss: 1802.68
Epoch 60/200, Batch 400, Aver_Loss: 1790.45
Epoch 61/200, Batch 100, Aver_Loss: 1764.48
Epoch 61/200, Batch 200, Aver_Loss: 1771.25
Epoch 61/200, Batch 300, Aver_Loss: 1751.33
Epoch 61/200, Batch 400, Aver_Loss: 1727.54
Epoch 62/200, Batch 100, Aver_Loss: 1763.55
Epoch 62/200, Batch 200, Aver_Loss: 1751.19
Epoch 62/200, Batch 300, Aver_Loss: 1822.11
Epoch 62/200, Batch 400, Aver_Loss: 1806.85
Epoch 63/200, Batch 100, Aver_Loss: 1806.37
Epoch 63/200, Batch 200, Aver_Loss: 1822.13
Epoch 63/200, Batch 300, Aver_Loss: 1794.77
Epoch 63/200, Batch 400, Aver_Loss: 1718.48
Epoch 64/200, Batch 100, Aver_Loss: 1772.93
Epoch 64/200, Batch 200, Aver_Loss: 1800.27
Epoch 64/200, Batch 300, Aver_Loss: 1739.73
Epoch 64/200, Batch 400, Aver_Loss: 1746.31
Epoch 65/200, Batch 100, Aver_Loss: 1761.35
Epoch 65/200, Batch 200, Aver_Loss: 1804.57
Epoch 65/200, Batch 300, Aver_Loss: 1800.22
Epoch 65/200, Batch 400, Aver_Loss: 1797.02
Epoch 66/200, Batch 100, Aver_Loss: 1823.38
Epoch 66/200, Batch 200, Aver_Loss: 1780.92
Epoch 66/200, Batch 300, Aver_Loss: 1790.08
Epoch 66/200, Batch 400, Aver_Loss: 1764.55
Epoch 67/200, Batch 100, Aver_Loss: 1808.65
Epoch 67/200, Batch 200, Aver_Loss: 1763.40
Epoch 67/200, Batch 300, Aver_Loss: 1784.53
Epoch 67/200, Batch 400, Aver_Loss: 1758.57
Epoch 68/200, Batch 100, Aver_Loss: 1830.99
Epoch 68/200, Batch 200, Aver_Loss: 1821.78
Epoch 68/200, Batch 300, Aver_Loss: 1782.26
Epoch 68/200, Batch 400, Aver_Loss: 1824.69
Epoch 69/200, Batch 100, Aver_Loss: 1782.84
Epoch 69/200, Batch 200, Aver_Loss: 1748.37
Epoch 69/200, Batch 300, Aver_Loss: 1838.81
Epoch 69/200, Batch 400, Aver_Loss: 1811.35
Epoch 70/200, Batch 100, Aver_Loss: 1790.13
Epoch 70/200, Batch 200, Aver_Loss: 1719.18
Epoch 70/200, Batch 300, Aver_Loss: 1791.30
Epoch 70/200, Batch 400, Aver_Loss: 1763.75
Epoch 71/200, Batch 100, Aver_Loss: 1794.80
Epoch 71/200, Batch 200, Aver_Loss: 1787.18
Epoch 71/200, Batch 300, Aver_Loss: 1784.58
Epoch 71/200, Batch 400, Aver_Loss: 1744.90
Epoch 72/200, Batch 100, Aver_Loss: 1791.69
Epoch 72/200, Batch 200, Aver_Loss: 1762.63
Epoch 72/200, Batch 300, Aver_Loss: 1791.47
Epoch 72/200, Batch 400, Aver_Loss: 1771.51
Epoch 73/200, Batch 100, Aver_Loss: 1763.71
Epoch 73/200, Batch 200, Aver_Loss: 1750.20
Epoch 73/200, Batch 300, Aver_Loss: 1723.63
Epoch 73/200, Batch 400, Aver_Loss: 1778.50
Epoch 74/200, Batch 100, Aver_Loss: 1790.11
Epoch 74/200, Batch 200, Aver_Loss: 1789.80
Epoch 74/200, Batch 300, Aver_Loss: 1792.95
Epoch 74/200, Batch 400, Aver_Loss: 1770.28
Epoch 75/200, Batch 100, Aver_Loss: 1796.07
Epoch 75/200, Batch 200, Aver_Loss: 1793.15
Epoch 75/200, Batch 300, Aver_Loss: 1780.56
Epoch 75/200, Batch 400, Aver_Loss: 1779.81
Epoch 76/200, Batch 100, Aver_Loss: 1756.99
Epoch 76/200, Batch 200, Aver_Loss: 1797.53
Epoch 76/200, Batch 300, Aver_Loss: 1811.79
Epoch 76/200, Batch 400, Aver_Loss: 1770.88
Epoch 77/200, Batch 100, Aver_Loss: 1763.84
Epoch 77/200, Batch 200, Aver_Loss: 1775.53
Epoch 77/200, Batch 300, Aver_Loss: 1776.43
Epoch 77/200, Batch 400, Aver_Loss: 1786.33
Epoch 78/200, Batch 100, Aver_Loss: 1769.24
Epoch 78/200, Batch 200, Aver_Loss: 1773.46
Epoch 78/200, Batch 300, Aver_Loss: 1794.25
Epoch 78/200, Batch 400, Aver_Loss: 1756.23
Epoch 79/200, Batch 100, Aver_Loss: 1799.20
Epoch 79/200, Batch 200, Aver_Loss: 1782.60
Epoch 79/200, Batch 300, Aver_Loss: 1751.09
Epoch 79/200, Batch 400, Aver_Loss: 1824.15
Epoch 80/200, Batch 100, Aver_Loss: 1817.58
Epoch 80/200, Batch 200, Aver_Loss: 1745.12
Epoch 80/200, Batch 300, Aver_Loss: 1755.99
Epoch 80/200, Batch 400, Aver_Loss: 1775.59
Epoch 81/200, Batch 100, Aver_Loss: 1761.16
Epoch 81/200, Batch 200, Aver_Loss: 1745.41
Epoch 81/200, Batch 300, Aver_Loss: 1849.49
Epoch 81/200, Batch 400, Aver_Loss: 1759.44
Epoch 82/200, Batch 100, Aver_Loss: 1765.74
Epoch 82/200, Batch 200, Aver_Loss: 1796.75
Epoch 82/200, Batch 300, Aver_Loss: 1763.44
Epoch 82/200, Batch 400, Aver_Loss: 1811.50
Epoch 83/200, Batch 100, Aver_Loss: 1797.12
Epoch 83/200, Batch 200, Aver_Loss: 1766.27
Epoch 83/200, Batch 300, Aver_Loss: 1848.28
Epoch 83/200, Batch 400, Aver_Loss: 1750.77
Epoch 84/200, Batch 100, Aver_Loss: 1737.42
Epoch 84/200, Batch 200, Aver_Loss: 1754.22
Epoch 84/200, Batch 300, Aver_Loss: 1795.87
Epoch 84/200, Batch 400, Aver_Loss: 1747.09
Epoch 85/200, Batch 100, Aver_Loss: 1752.80
Epoch 85/200, Batch 200, Aver_Loss: 1795.43
Epoch 85/200, Batch 300, Aver_Loss: 1791.08
Epoch 85/200, Batch 400, Aver_Loss: 1782.77
Epoch 86/200, Batch 100, Aver_Loss: 1732.30
Epoch 86/200, Batch 200, Aver_Loss: 1785.10
Epoch 86/200, Batch 300, Aver_Loss: 1796.46
Epoch 86/200, Batch 400, Aver_Loss: 1743.53
Epoch 87/200, Batch 100, Aver_Loss: 1797.34
Epoch 87/200, Batch 200, Aver_Loss: 1786.39
Epoch 87/200, Batch 300, Aver_Loss: 1803.80
Epoch 87/200, Batch 400, Aver_Loss: 1810.38
Epoch 88/200, Batch 100, Aver_Loss: 1742.32
Epoch 88/200, Batch 200, Aver_Loss: 1788.60
Epoch 88/200, Batch 300, Aver_Loss: 1809.65
Epoch 88/200, Batch 400, Aver_Loss: 1772.71
Epoch 89/200, Batch 100, Aver_Loss: 1788.58
Epoch 89/200, Batch 200, Aver_Loss: 1789.11
Epoch 89/200, Batch 300, Aver_Loss: 1754.66
Epoch 89/200, Batch 400, Aver_Loss: 1780.88
Epoch 90/200, Batch 100, Aver_Loss: 1790.28
Epoch 90/200, Batch 200, Aver_Loss: 1745.80
Epoch 90/200, Batch 300, Aver_Loss: 1823.77
Epoch 90/200, Batch 400, Aver_Loss: 1756.86
Epoch 91/200, Batch 100, Aver_Loss: 1726.76
Epoch 91/200, Batch 200, Aver_Loss: 1865.94
Epoch 91/200, Batch 300, Aver_Loss: 1739.70
Epoch 91/200, Batch 400, Aver_Loss: 1719.70
Epoch 92/200, Batch 100, Aver_Loss: 1810.48
Epoch 92/200, Batch 200, Aver_Loss: 1761.01
Epoch 92/200, Batch 300, Aver_Loss: 1736.68
Epoch 92/200, Batch 400, Aver_Loss: 1815.84
Epoch 93/200, Batch 100, Aver_Loss: 1820.53
Epoch 93/200, Batch 200, Aver_Loss: 1754.25
Epoch 93/200, Batch 300, Aver_Loss: 1783.12
Epoch 93/200, Batch 400, Aver_Loss: 1787.87
Epoch 94/200, Batch 100, Aver_Loss: 1775.58
Epoch 94/200, Batch 200, Aver_Loss: 1802.62
Epoch 94/200, Batch 300, Aver_Loss: 1791.25
Epoch 94/200, Batch 400, Aver_Loss: 1758.06
Epoch 95/200, Batch 100, Aver_Loss: 1782.34
Epoch 95/200, Batch 200, Aver_Loss: 1761.15
Epoch 95/200, Batch 300, Aver_Loss: 1747.00
Epoch 95/200, Batch 400, Aver_Loss: 1809.99
Epoch 96/200, Batch 100, Aver_Loss: 1800.69
Epoch 96/200, Batch 200, Aver_Loss: 1828.34
Epoch 96/200, Batch 300, Aver_Loss: 1780.71
Epoch 96/200, Batch 400, Aver_Loss: 1739.34
Epoch 97/200, Batch 100, Aver_Loss: 1767.92
Epoch 97/200, Batch 200, Aver_Loss: 1810.27
Epoch 97/200, Batch 300, Aver_Loss: 1769.82
Epoch 97/200, Batch 400, Aver_Loss: 1785.33
Epoch 98/200, Batch 100, Aver_Loss: 1790.96
Epoch 98/200, Batch 200, Aver_Loss: 1760.01
Epoch 98/200, Batch 300, Aver_Loss: 1719.22
Epoch 98/200, Batch 400, Aver_Loss: 1803.30
Epoch 99/200, Batch 100, Aver_Loss: 1782.70
Epoch 99/200, Batch 200, Aver_Loss: 1805.83
Epoch 99/200, Batch 300, Aver_Loss: 1753.73
Epoch 99/200, Batch 400, Aver_Loss: 1788.43
Epoch 100/200, Batch 100, Aver_Loss: 1744.14
Epoch 100/200, Batch 200, Aver_Loss: 1822.71
Epoch 100/200, Batch 300, Aver_Loss: 1797.13
Epoch 100/200, Batch 400, Aver_Loss: 1763.59
Epoch 101/200, Batch 100, Aver_Loss: 1727.32
Epoch 101/200, Batch 200, Aver_Loss: 1761.46
Epoch 101/200, Batch 300, Aver_Loss: 1800.62
Epoch 101/200, Batch 400, Aver_Loss: 1774.10
Epoch 102/200, Batch 100, Aver_Loss: 1758.08
Epoch 102/200, Batch 200, Aver_Loss: 1773.99
Epoch 102/200, Batch 300, Aver_Loss: 1752.56
Epoch 102/200, Batch 400, Aver_Loss: 1787.61
Epoch 103/200, Batch 100, Aver_Loss: 1746.08
Epoch 103/200, Batch 200, Aver_Loss: 1787.05
Epoch 103/200, Batch 300, Aver_Loss: 1820.90
Epoch 103/200, Batch 400, Aver_Loss: 1758.16
Epoch 104/200, Batch 100, Aver_Loss: 1763.06
Epoch 104/200, Batch 200, Aver_Loss: 1759.74
Epoch 104/200, Batch 300, Aver_Loss: 1789.11
Epoch 104/200, Batch 400, Aver_Loss: 1798.10
Epoch 105/200, Batch 100, Aver_Loss: 1756.77
Epoch 105/200, Batch 200, Aver_Loss: 1799.42
Epoch 105/200, Batch 300, Aver_Loss: 1769.00
Epoch 105/200, Batch 400, Aver_Loss: 1773.30
Epoch 106/200, Batch 100, Aver_Loss: 1760.18
Epoch 106/200, Batch 200, Aver_Loss: 1757.06
Epoch 106/200, Batch 300, Aver_Loss: 1793.52
Epoch 106/200, Batch 400, Aver_Loss: 1773.07
Epoch 107/200, Batch 100, Aver_Loss: 1725.85
Epoch 107/200, Batch 200, Aver_Loss: 1782.38
Epoch 107/200, Batch 300, Aver_Loss: 1820.57
Epoch 107/200, Batch 400, Aver_Loss: 1753.70
Epoch 108/200, Batch 100, Aver_Loss: 1791.70
Epoch 108/200, Batch 200, Aver_Loss: 1796.84
Epoch 108/200, Batch 300, Aver_Loss: 1804.54
Epoch 108/200, Batch 400, Aver_Loss: 1786.00
Epoch 109/200, Batch 100, Aver_Loss: 1751.07
Epoch 109/200, Batch 200, Aver_Loss: 1784.29
Epoch 109/200, Batch 300, Aver_Loss: 1761.44
Epoch 109/200, Batch 400, Aver_Loss: 1795.57
Epoch 110/200, Batch 100, Aver_Loss: 1797.47
Epoch 110/200, Batch 200, Aver_Loss: 1747.54
Epoch 110/200, Batch 300, Aver_Loss: 1734.91
Epoch 110/200, Batch 400, Aver_Loss: 1778.20
Epoch 111/200, Batch 100, Aver_Loss: 1771.42
Epoch 111/200, Batch 200, Aver_Loss: 1807.51
Epoch 111/200, Batch 300, Aver_Loss: 1783.85
Epoch 111/200, Batch 400, Aver_Loss: 1767.49
Epoch 112/200, Batch 100, Aver_Loss: 1818.77
Epoch 112/200, Batch 200, Aver_Loss: 1842.74
Epoch 112/200, Batch 300, Aver_Loss: 1743.55
Epoch 112/200, Batch 400, Aver_Loss: 1816.07
Epoch 113/200, Batch 100, Aver_Loss: 1817.48
Epoch 113/200, Batch 200, Aver_Loss: 1775.80
Epoch 113/200, Batch 300, Aver_Loss: 1738.14
Epoch 113/200, Batch 400, Aver_Loss: 1833.61
Epoch 114/200, Batch 100, Aver_Loss: 1758.73
Epoch 114/200, Batch 200, Aver_Loss: 1721.25
Epoch 114/200, Batch 300, Aver_Loss: 1804.25
Epoch 114/200, Batch 400, Aver_Loss: 1734.87
Epoch 115/200, Batch 100, Aver_Loss: 1724.55
Epoch 115/200, Batch 200, Aver_Loss: 1779.66
Epoch 115/200, Batch 300, Aver_Loss: 1789.65
Epoch 115/200, Batch 400, Aver_Loss: 1795.84
Epoch 116/200, Batch 100, Aver_Loss: 1789.65
Epoch 116/200, Batch 200, Aver_Loss: 1817.81
Epoch 116/200, Batch 300, Aver_Loss: 1790.44
Epoch 116/200, Batch 400, Aver_Loss: 1797.13
Epoch 117/200, Batch 100, Aver_Loss: 1773.65
Epoch 117/200, Batch 200, Aver_Loss: 1776.58
Epoch 117/200, Batch 300, Aver_Loss: 1781.38
Epoch 117/200, Batch 400, Aver_Loss: 1781.37
Epoch 118/200, Batch 100, Aver_Loss: 1793.17
Epoch 118/200, Batch 200, Aver_Loss: 1761.58
Epoch 118/200, Batch 300, Aver_Loss: 1815.40
Epoch 118/200, Batch 400, Aver_Loss: 1758.22
Epoch 119/200, Batch 100, Aver_Loss: 1733.17
Epoch 119/200, Batch 200, Aver_Loss: 1782.67
Epoch 119/200, Batch 300, Aver_Loss: 1728.56
Epoch 119/200, Batch 400, Aver_Loss: 1822.27
Epoch 120/200, Batch 100, Aver_Loss: 1747.55
Epoch 120/200, Batch 200, Aver_Loss: 1802.56
Epoch 120/200, Batch 300, Aver_Loss: 1802.19
Epoch 120/200, Batch 400, Aver_Loss: 1725.39
Epoch 121/200, Batch 100, Aver_Loss: 1828.71
Epoch 121/200, Batch 200, Aver_Loss: 1792.55
Epoch 121/200, Batch 300, Aver_Loss: 1776.46
Epoch 121/200, Batch 400, Aver_Loss: 1772.52
Epoch 122/200, Batch 100, Aver_Loss: 1786.85
Epoch 122/200, Batch 200, Aver_Loss: 1707.51
Epoch 122/200, Batch 300, Aver_Loss: 1755.27
Epoch 122/200, Batch 400, Aver_Loss: 1748.72
Epoch 123/200, Batch 100, Aver_Loss: 1734.25
Epoch 123/200, Batch 200, Aver_Loss: 1726.87
Epoch 123/200, Batch 300, Aver_Loss: 1797.90
Epoch 123/200, Batch 400, Aver_Loss: 1753.45
Epoch 124/200, Batch 100, Aver_Loss: 1756.10
Epoch 124/200, Batch 200, Aver_Loss: 1825.09
Epoch 124/200, Batch 300, Aver_Loss: 1731.69
Epoch 124/200, Batch 400, Aver_Loss: 1763.04
Epoch 125/200, Batch 100, Aver_Loss: 1704.09
Epoch 125/200, Batch 200, Aver_Loss: 1796.08
Epoch 125/200, Batch 300, Aver_Loss: 1770.30
Epoch 125/200, Batch 400, Aver_Loss: 1739.13
Epoch 126/200, Batch 100, Aver_Loss: 1741.37
Epoch 126/200, Batch 200, Aver_Loss: 1813.26
Epoch 126/200, Batch 300, Aver_Loss: 1794.41
Epoch 126/200, Batch 400, Aver_Loss: 1799.07
Epoch 127/200, Batch 100, Aver_Loss: 1758.50
Epoch 127/200, Batch 200, Aver_Loss: 1742.41
Epoch 127/200, Batch 300, Aver_Loss: 1787.15
Epoch 127/200, Batch 400, Aver_Loss: 1780.44
Epoch 128/200, Batch 100, Aver_Loss: 1772.88
Epoch 128/200, Batch 200, Aver_Loss: 1762.66
Epoch 128/200, Batch 300, Aver_Loss: 1825.07
Epoch 128/200, Batch 400, Aver_Loss: 1778.89
Epoch 129/200, Batch 100, Aver_Loss: 1833.69
Epoch 129/200, Batch 200, Aver_Loss: 1804.95
Epoch 129/200, Batch 300, Aver_Loss: 1766.96
Epoch 129/200, Batch 400, Aver_Loss: 1759.61
Epoch 130/200, Batch 100, Aver_Loss: 1784.63
Epoch 130/200, Batch 200, Aver_Loss: 1804.49
Epoch 130/200, Batch 300, Aver_Loss: 1795.59
Epoch 130/200, Batch 400, Aver_Loss: 1815.11
Epoch 131/200, Batch 100, Aver_Loss: 1754.18
Epoch 131/200, Batch 200, Aver_Loss: 1787.53
Epoch 131/200, Batch 300, Aver_Loss: 1793.09
Epoch 131/200, Batch 400, Aver_Loss: 1738.50
Epoch 132/200, Batch 100, Aver_Loss: 1756.53
Epoch 132/200, Batch 200, Aver_Loss: 1720.32
Epoch 132/200, Batch 300, Aver_Loss: 1798.18
Epoch 132/200, Batch 400, Aver_Loss: 1788.22
Epoch 133/200, Batch 100, Aver_Loss: 1771.27
Epoch 133/200, Batch 200, Aver_Loss: 1837.05
Epoch 133/200, Batch 300, Aver_Loss: 1787.85
Epoch 133/200, Batch 400, Aver_Loss: 1795.84
Epoch 134/200, Batch 100, Aver_Loss: 1735.11
Epoch 134/200, Batch 200, Aver_Loss: 1816.85
Epoch 134/200, Batch 300, Aver_Loss: 1770.89
Epoch 134/200, Batch 400, Aver_Loss: 1794.11
Epoch 135/200, Batch 100, Aver_Loss: 1808.09
Epoch 135/200, Batch 200, Aver_Loss: 1735.15
Epoch 135/200, Batch 300, Aver_Loss: 1753.49
Epoch 135/200, Batch 400, Aver_Loss: 1791.76
Epoch 136/200, Batch 100, Aver_Loss: 1773.98
Epoch 136/200, Batch 200, Aver_Loss: 1814.68
Epoch 136/200, Batch 300, Aver_Loss: 1772.56
Epoch 136/200, Batch 400, Aver_Loss: 1821.80
Epoch 137/200, Batch 100, Aver_Loss: 1775.66
Epoch 137/200, Batch 200, Aver_Loss: 1790.51
Epoch 137/200, Batch 300, Aver_Loss: 1826.45
Epoch 137/200, Batch 400, Aver_Loss: 1732.23
Epoch 138/200, Batch 100, Aver_Loss: 1778.34
Epoch 138/200, Batch 200, Aver_Loss: 1782.26
Epoch 138/200, Batch 300, Aver_Loss: 1748.75
Epoch 138/200, Batch 400, Aver_Loss: 1789.97
Epoch 139/200, Batch 100, Aver_Loss: 1819.10
Epoch 139/200, Batch 200, Aver_Loss: 1749.66
Epoch 139/200, Batch 300, Aver_Loss: 1778.71
Epoch 139/200, Batch 400, Aver_Loss: 1773.12
Epoch 140/200, Batch 100, Aver_Loss: 1777.15
Epoch 140/200, Batch 200, Aver_Loss: 1750.63
Epoch 140/200, Batch 300, Aver_Loss: 1769.13
Epoch 140/200, Batch 400, Aver_Loss: 1740.27
Epoch 141/200, Batch 100, Aver_Loss: 1756.26
Epoch 141/200, Batch 200, Aver_Loss: 1755.06
Epoch 141/200, Batch 300, Aver_Loss: 1775.80
Epoch 141/200, Batch 400, Aver_Loss: 1777.26
Epoch 142/200, Batch 100, Aver_Loss: 1805.25
Epoch 142/200, Batch 200, Aver_Loss: 1761.77
Epoch 142/200, Batch 300, Aver_Loss: 1806.66
Epoch 142/200, Batch 400, Aver_Loss: 1745.78
Epoch 143/200, Batch 100, Aver_Loss: 1805.55
Epoch 143/200, Batch 200, Aver_Loss: 1837.99
Epoch 143/200, Batch 300, Aver_Loss: 1798.83
Epoch 143/200, Batch 400, Aver_Loss: 1768.69
Epoch 144/200, Batch 100, Aver_Loss: 1789.39
Epoch 144/200, Batch 200, Aver_Loss: 1787.54
Epoch 144/200, Batch 300, Aver_Loss: 1723.93
Epoch 144/200, Batch 400, Aver_Loss: 1809.20
Epoch 145/200, Batch 100, Aver_Loss: 1747.42
Epoch 145/200, Batch 200, Aver_Loss: 1739.33
Epoch 145/200, Batch 300, Aver_Loss: 1812.39
Epoch 145/200, Batch 400, Aver_Loss: 1740.20
Epoch 146/200, Batch 100, Aver_Loss: 1767.53
Epoch 146/200, Batch 200, Aver_Loss: 1784.61
Epoch 146/200, Batch 300, Aver_Loss: 1791.81
Epoch 146/200, Batch 400, Aver_Loss: 1827.44
Epoch 147/200, Batch 100, Aver_Loss: 1768.29
Epoch 147/200, Batch 200, Aver_Loss: 1708.86
Epoch 147/200, Batch 300, Aver_Loss: 1818.07
Epoch 147/200, Batch 400, Aver_Loss: 1822.54
Epoch 148/200, Batch 100, Aver_Loss: 1792.61
Epoch 148/200, Batch 200, Aver_Loss: 1817.68
Epoch 148/200, Batch 300, Aver_Loss: 1821.50
Epoch 148/200, Batch 400, Aver_Loss: 1777.79
Epoch 149/200, Batch 100, Aver_Loss: 1760.29
Epoch 149/200, Batch 200, Aver_Loss: 1805.37
Epoch 149/200, Batch 300, Aver_Loss: 1823.43
Epoch 149/200, Batch 400, Aver_Loss: 1753.75
Epoch 150/200, Batch 100, Aver_Loss: 1780.95
Epoch 150/200, Batch 200, Aver_Loss: 1749.89
Epoch 150/200, Batch 300, Aver_Loss: 1777.82
Epoch 150/200, Batch 400, Aver_Loss: 1747.75
Epoch 151/200, Batch 100, Aver_Loss: 1718.69
Epoch 151/200, Batch 200, Aver_Loss: 1827.17
Epoch 151/200, Batch 300, Aver_Loss: 1811.88
Epoch 151/200, Batch 400, Aver_Loss: 1783.32
Epoch 152/200, Batch 100, Aver_Loss: 1778.87
Epoch 152/200, Batch 200, Aver_Loss: 1727.88
Epoch 152/200, Batch 300, Aver_Loss: 1763.69
Epoch 152/200, Batch 400, Aver_Loss: 1784.01
Epoch 153/200, Batch 100, Aver_Loss: 1789.95
Epoch 153/200, Batch 200, Aver_Loss: 1774.67
Epoch 153/200, Batch 300, Aver_Loss: 1773.82
Epoch 153/200, Batch 400, Aver_Loss: 1783.04
Epoch 154/200, Batch 100, Aver_Loss: 1758.88
Epoch 154/200, Batch 200, Aver_Loss: 1770.14
Epoch 154/200, Batch 300, Aver_Loss: 1764.99
Epoch 154/200, Batch 400, Aver_Loss: 1802.03
Epoch 155/200, Batch 100, Aver_Loss: 1802.02
Epoch 155/200, Batch 200, Aver_Loss: 1764.25
Epoch 155/200, Batch 300, Aver_Loss: 1787.34
Epoch 155/200, Batch 400, Aver_Loss: 1788.88
Epoch 156/200, Batch 100, Aver_Loss: 1791.03
Epoch 156/200, Batch 200, Aver_Loss: 1759.08
Epoch 156/200, Batch 300, Aver_Loss: 1707.60
Epoch 156/200, Batch 400, Aver_Loss: 1768.23
Epoch 157/200, Batch 100, Aver_Loss: 1733.75
Epoch 157/200, Batch 200, Aver_Loss: 1740.25
Epoch 157/200, Batch 300, Aver_Loss: 1760.66
Epoch 157/200, Batch 400, Aver_Loss: 1815.69
Epoch 158/200, Batch 100, Aver_Loss: 1758.62
Epoch 158/200, Batch 200, Aver_Loss: 1741.17
Epoch 158/200, Batch 300, Aver_Loss: 1800.75
Epoch 158/200, Batch 400, Aver_Loss: 1806.38
Epoch 159/200, Batch 100, Aver_Loss: 1731.91
Epoch 159/200, Batch 200, Aver_Loss: 1766.04
Epoch 159/200, Batch 300, Aver_Loss: 1728.94
Epoch 159/200, Batch 400, Aver_Loss: 1782.51
Epoch 160/200, Batch 100, Aver_Loss: 1772.31
Epoch 160/200, Batch 200, Aver_Loss: 1781.25
Epoch 160/200, Batch 300, Aver_Loss: 1740.00
Epoch 160/200, Batch 400, Aver_Loss: 1798.94
Epoch 161/200, Batch 100, Aver_Loss: 1745.36
Epoch 161/200, Batch 200, Aver_Loss: 1784.11
Epoch 161/200, Batch 300, Aver_Loss: 1695.52
Epoch 161/200, Batch 400, Aver_Loss: 1764.89
Epoch 162/200, Batch 100, Aver_Loss: 1787.04
Epoch 162/200, Batch 200, Aver_Loss: 1748.09
Epoch 162/200, Batch 300, Aver_Loss: 1794.55
Epoch 162/200, Batch 400, Aver_Loss: 1758.51
Epoch 163/200, Batch 100, Aver_Loss: 1782.70
Epoch 163/200, Batch 200, Aver_Loss: 1771.40
Epoch 163/200, Batch 300, Aver_Loss: 1718.05
Epoch 163/200, Batch 400, Aver_Loss: 1751.43
Epoch 164/200, Batch 100, Aver_Loss: 1779.14
Epoch 164/200, Batch 200, Aver_Loss: 1774.74
Epoch 164/200, Batch 300, Aver_Loss: 1727.77
Epoch 164/200, Batch 400, Aver_Loss: 1756.69
Epoch 165/200, Batch 100, Aver_Loss: 1751.71
Epoch 165/200, Batch 200, Aver_Loss: 1780.45
Epoch 165/200, Batch 300, Aver_Loss: 1787.88
Epoch 165/200, Batch 400, Aver_Loss: 1747.07
Epoch 166/200, Batch 100, Aver_Loss: 1756.09
Epoch 166/200, Batch 200, Aver_Loss: 1769.04
Epoch 166/200, Batch 300, Aver_Loss: 1777.44
Epoch 166/200, Batch 400, Aver_Loss: 1765.62
Epoch 167/200, Batch 100, Aver_Loss: 1766.46
Epoch 167/200, Batch 200, Aver_Loss: 1756.21
Epoch 167/200, Batch 300, Aver_Loss: 1789.92
Epoch 167/200, Batch 400, Aver_Loss: 1731.33
Epoch 168/200, Batch 100, Aver_Loss: 1820.03
Epoch 168/200, Batch 200, Aver_Loss: 1749.43
Epoch 168/200, Batch 300, Aver_Loss: 1765.21
Epoch 168/200, Batch 400, Aver_Loss: 1804.81
Epoch 169/200, Batch 100, Aver_Loss: 1794.36
Epoch 169/200, Batch 200, Aver_Loss: 1822.73
Epoch 169/200, Batch 300, Aver_Loss: 1759.97
Epoch 169/200, Batch 400, Aver_Loss: 1756.26
Epoch 170/200, Batch 100, Aver_Loss: 1796.96
Epoch 170/200, Batch 200, Aver_Loss: 1745.63
Epoch 170/200, Batch 300, Aver_Loss: 1703.37
Epoch 170/200, Batch 400, Aver_Loss: 1781.76
Epoch 171/200, Batch 100, Aver_Loss: 1796.22
Epoch 171/200, Batch 200, Aver_Loss: 1736.60
Epoch 171/200, Batch 300, Aver_Loss: 1793.55
Epoch 171/200, Batch 400, Aver_Loss: 1792.58
Epoch 172/200, Batch 100, Aver_Loss: 1785.05
Epoch 172/200, Batch 200, Aver_Loss: 1783.85
Epoch 172/200, Batch 300, Aver_Loss: 1818.29
Epoch 172/200, Batch 400, Aver_Loss: 1793.02
Epoch 173/200, Batch 100, Aver_Loss: 1763.26
Epoch 173/200, Batch 200, Aver_Loss: 1789.87
Epoch 173/200, Batch 300, Aver_Loss: 1732.01
Epoch 173/200, Batch 400, Aver_Loss: 1758.17
Epoch 174/200, Batch 100, Aver_Loss: 1714.82
Epoch 174/200, Batch 200, Aver_Loss: 1781.94
Epoch 174/200, Batch 300, Aver_Loss: 1752.90
Epoch 174/200, Batch 400, Aver_Loss: 1796.54
Epoch 175/200, Batch 100, Aver_Loss: 1788.35
Epoch 175/200, Batch 200, Aver_Loss: 1798.26
Epoch 175/200, Batch 300, Aver_Loss: 1784.33
Epoch 175/200, Batch 400, Aver_Loss: 1715.56
Epoch 176/200, Batch 100, Aver_Loss: 1733.81
Epoch 176/200, Batch 200, Aver_Loss: 1795.64
Epoch 176/200, Batch 300, Aver_Loss: 1751.59
Epoch 176/200, Batch 400, Aver_Loss: 1770.80
Epoch 177/200, Batch 100, Aver_Loss: 1741.77
Epoch 177/200, Batch 200, Aver_Loss: 1754.27
Epoch 177/200, Batch 300, Aver_Loss: 1781.91
Epoch 177/200, Batch 400, Aver_Loss: 1795.25
Epoch 178/200, Batch 100, Aver_Loss: 1754.26
Epoch 178/200, Batch 200, Aver_Loss: 1783.93
Epoch 178/200, Batch 300, Aver_Loss: 1760.40
Epoch 178/200, Batch 400, Aver_Loss: 1866.43
Epoch 179/200, Batch 100, Aver_Loss: 1748.49
Epoch 179/200, Batch 200, Aver_Loss: 1717.85
Epoch 179/200, Batch 300, Aver_Loss: 1788.36
Epoch 179/200, Batch 400, Aver_Loss: 1799.84
Epoch 180/200, Batch 100, Aver_Loss: 1771.89
Epoch 180/200, Batch 200, Aver_Loss: 1776.44
Epoch 180/200, Batch 300, Aver_Loss: 1787.72
Epoch 180/200, Batch 400, Aver_Loss: 1748.52
Epoch 181/200, Batch 100, Aver_Loss: 1821.22
Epoch 181/200, Batch 200, Aver_Loss: 1766.01
Epoch 181/200, Batch 300, Aver_Loss: 1802.69
Epoch 181/200, Batch 400, Aver_Loss: 1758.50
Epoch 182/200, Batch 100, Aver_Loss: 1797.82
Epoch 182/200, Batch 200, Aver_Loss: 1780.67
Epoch 182/200, Batch 300, Aver_Loss: 1742.88
Epoch 182/200, Batch 400, Aver_Loss: 1797.32
Epoch 183/200, Batch 100, Aver_Loss: 1781.39
Epoch 183/200, Batch 200, Aver_Loss: 1762.84
Epoch 183/200, Batch 300, Aver_Loss: 1749.84
Epoch 183/200, Batch 400, Aver_Loss: 1800.76
Epoch 184/200, Batch 100, Aver_Loss: 1789.98
Epoch 184/200, Batch 200, Aver_Loss: 1793.84
Epoch 184/200, Batch 300, Aver_Loss: 1777.48
Epoch 184/200, Batch 400, Aver_Loss: 1749.32
Epoch 185/200, Batch 100, Aver_Loss: 1778.44
Epoch 185/200, Batch 200, Aver_Loss: 1754.71
Epoch 185/200, Batch 300, Aver_Loss: 1791.09
Epoch 185/200, Batch 400, Aver_Loss: 1788.05
Epoch 186/200, Batch 100, Aver_Loss: 1770.88
Epoch 186/200, Batch 200, Aver_Loss: 1792.10
Epoch 186/200, Batch 300, Aver_Loss: 1777.51
Epoch 186/200, Batch 400, Aver_Loss: 1807.62
Epoch 187/200, Batch 100, Aver_Loss: 1776.73
Epoch 187/200, Batch 200, Aver_Loss: 1828.54
Epoch 187/200, Batch 300, Aver_Loss: 1820.71
Epoch 187/200, Batch 400, Aver_Loss: 1738.67
Epoch 188/200, Batch 100, Aver_Loss: 1746.76
Epoch 188/200, Batch 200, Aver_Loss: 1781.23
Epoch 188/200, Batch 300, Aver_Loss: 1729.82
Epoch 188/200, Batch 400, Aver_Loss: 1759.46
Epoch 189/200, Batch 100, Aver_Loss: 1803.79
Epoch 189/200, Batch 200, Aver_Loss: 1778.37
Epoch 189/200, Batch 300, Aver_Loss: 1780.70
Epoch 189/200, Batch 400, Aver_Loss: 1818.30
Epoch 190/200, Batch 100, Aver_Loss: 1770.44
Epoch 190/200, Batch 200, Aver_Loss: 1827.50
Epoch 190/200, Batch 300, Aver_Loss: 1691.05
Epoch 190/200, Batch 400, Aver_Loss: 1817.38
Epoch 191/200, Batch 100, Aver_Loss: 1741.30
Epoch 191/200, Batch 200, Aver_Loss: 1806.07
Epoch 191/200, Batch 300, Aver_Loss: 1780.60
Epoch 191/200, Batch 400, Aver_Loss: 1767.73
Epoch 192/200, Batch 100, Aver_Loss: 1787.17
Epoch 192/200, Batch 200, Aver_Loss: 1739.29
Epoch 192/200, Batch 300, Aver_Loss: 1752.11
Epoch 192/200, Batch 400, Aver_Loss: 1776.97
Epoch 193/200, Batch 100, Aver_Loss: 1751.86
Epoch 193/200, Batch 200, Aver_Loss: 1739.11
Epoch 193/200, Batch 300, Aver_Loss: 1736.38
Epoch 193/200, Batch 400, Aver_Loss: 1769.69
Epoch 194/200, Batch 100, Aver_Loss: 1772.35
Epoch 194/200, Batch 200, Aver_Loss: 1773.44
Epoch 194/200, Batch 300, Aver_Loss: 1729.16
Epoch 194/200, Batch 400, Aver_Loss: 1808.57
Epoch 195/200, Batch 100, Aver_Loss: 1731.06
Epoch 195/200, Batch 200, Aver_Loss: 1812.13
Epoch 195/200, Batch 300, Aver_Loss: 1766.98
Epoch 195/200, Batch 400, Aver_Loss: 1766.56
Epoch 196/200, Batch 100, Aver_Loss: 1705.08
Epoch 196/200, Batch 200, Aver_Loss: 1791.67
Epoch 196/200, Batch 300, Aver_Loss: 1790.90
Epoch 196/200, Batch 400, Aver_Loss: 1752.32
Epoch 197/200, Batch 100, Aver_Loss: 1757.04
Epoch 197/200, Batch 200, Aver_Loss: 1811.42
Epoch 197/200, Batch 300, Aver_Loss: 1815.69
Epoch 197/200, Batch 400, Aver_Loss: 1807.56
Epoch 198/200, Batch 100, Aver_Loss: 1766.57
Epoch 198/200, Batch 200, Aver_Loss: 1790.00
Epoch 198/200, Batch 300, Aver_Loss: 1803.24
Epoch 198/200, Batch 400, Aver_Loss: 1804.70
Epoch 199/200, Batch 100, Aver_Loss: 1827.23
Epoch 199/200, Batch 200, Aver_Loss: 1723.40
Epoch 199/200, Batch 300, Aver_Loss: 1736.24
Epoch 199/200, Batch 400, Aver_Loss: 1814.75
Epoch 200/200, Batch 100, Aver_Loss: 1762.94
Epoch 200/200, Batch 200, Aver_Loss: 1778.48
Epoch 200/200, Batch 300, Aver_Loss: 1778.37
Epoch 200/200, Batch 400, Aver_Loss: 1810.04

==== Evaluation Summary ====
                 model: vae
   recon/mse_per_pixel: 0.015783
            elbo/train: -1774.525278
             elbo/test: -1777.954189
             mse/train: 0.015351
              mse/test: 0.015783
             probe/acc: 0.199417
             probe/nll: 3.471175
           probe/brier: 0.908055
             probe/ece: 0.024905
           cluster/nmi: 0.223192
           cluster/ari: 0.026957
============================

[saved curves] ./results/CIFAR100/curves/cifar100_vae_d512_s777.json
