/usr/bin/which: no fi_info in (/arf/home/meyavuz/.local/bin:/arf/sw/comp/python/intelpython3/condabin:/arf/sw/comp/python/intelpython3/bin:/usr/share/Modules/bin:/usr/local/bin:/usr/bin:/usr/local/sbin:/usr/sbin)
Extension for Scikit-learn* enabled (https://github.com/uxlfoundation/scikit-learn-intelex)
/arf/home/meyavuz/.conda/envs/sbn/lib/python3.9/site-packages/sklearn/linear_model/_logistic.py:1247: FutureWarning: 'multi_class' was deprecated in version 1.5 and will be removed in 1.7. From then on, it will always use 'multinomial'. Leave it to its default value to avoid this warning.
  warnings.warn(
/arf/home/meyavuz/.conda/envs/sbn/lib/python3.9/site-packages/sklearn/linear_model/_sag.py:348: ConvergenceWarning: The max_iter was reached which means the coef_ did not converge
  warnings.warn(
Epoch 1/200, Batch 100, Aver_Loss: 2033.22
Epoch 1/200, Batch 200, Aver_Loss: 1980.43
Epoch 1/200, Batch 300, Aver_Loss: 1967.87
Epoch 1/200, Batch 400, Aver_Loss: 1949.49
Epoch 2/200, Batch 100, Aver_Loss: 1933.98
Epoch 2/200, Batch 200, Aver_Loss: 1927.81
Epoch 2/200, Batch 300, Aver_Loss: 1923.58
Epoch 2/200, Batch 400, Aver_Loss: 1908.79
Epoch 3/200, Batch 100, Aver_Loss: 1904.50
Epoch 3/200, Batch 200, Aver_Loss: 1899.79
Epoch 3/200, Batch 300, Aver_Loss: 1915.41
Epoch 3/200, Batch 400, Aver_Loss: 1915.10
Epoch 4/200, Batch 100, Aver_Loss: 1882.34
Epoch 4/200, Batch 200, Aver_Loss: 1869.65
Epoch 4/200, Batch 300, Aver_Loss: 1885.70
Epoch 4/200, Batch 400, Aver_Loss: 1900.51
Epoch 5/200, Batch 100, Aver_Loss: 1875.19
Epoch 5/200, Batch 200, Aver_Loss: 1880.77
Epoch 5/200, Batch 300, Aver_Loss: 1871.17
Epoch 5/200, Batch 400, Aver_Loss: 1880.01
Epoch 6/200, Batch 100, Aver_Loss: 1888.71
Epoch 6/200, Batch 200, Aver_Loss: 1876.51
Epoch 6/200, Batch 300, Aver_Loss: 1838.03
Epoch 6/200, Batch 400, Aver_Loss: 1876.29
Epoch 7/200, Batch 100, Aver_Loss: 1918.62
Epoch 7/200, Batch 200, Aver_Loss: 1876.00
Epoch 7/200, Batch 300, Aver_Loss: 1843.48
Epoch 7/200, Batch 400, Aver_Loss: 1877.86
Epoch 8/200, Batch 100, Aver_Loss: 1859.20
Epoch 8/200, Batch 200, Aver_Loss: 1880.33
Epoch 8/200, Batch 300, Aver_Loss: 1887.90
Epoch 8/200, Batch 400, Aver_Loss: 1870.69
Epoch 9/200, Batch 100, Aver_Loss: 1874.66
Epoch 9/200, Batch 200, Aver_Loss: 1877.69
Epoch 9/200, Batch 300, Aver_Loss: 1839.75
Epoch 9/200, Batch 400, Aver_Loss: 1871.65
Epoch 10/200, Batch 100, Aver_Loss: 1884.50
Epoch 10/200, Batch 200, Aver_Loss: 1881.32
Epoch 10/200, Batch 300, Aver_Loss: 1886.62
Epoch 10/200, Batch 400, Aver_Loss: 1864.72
Epoch 11/200, Batch 100, Aver_Loss: 1841.92
Epoch 11/200, Batch 200, Aver_Loss: 1909.24
Epoch 11/200, Batch 300, Aver_Loss: 1874.31
Epoch 11/200, Batch 400, Aver_Loss: 1818.29
Epoch 12/200, Batch 100, Aver_Loss: 1863.18
Epoch 12/200, Batch 200, Aver_Loss: 1866.66
Epoch 12/200, Batch 300, Aver_Loss: 1883.39
Epoch 12/200, Batch 400, Aver_Loss: 1871.49
Epoch 13/200, Batch 100, Aver_Loss: 1824.72
Epoch 13/200, Batch 200, Aver_Loss: 1829.37
Epoch 13/200, Batch 300, Aver_Loss: 1867.96
Epoch 13/200, Batch 400, Aver_Loss: 1879.53
Epoch 14/200, Batch 100, Aver_Loss: 1858.35
Epoch 14/200, Batch 200, Aver_Loss: 1854.24
Epoch 14/200, Batch 300, Aver_Loss: 1842.93
Epoch 14/200, Batch 400, Aver_Loss: 1876.00
Epoch 15/200, Batch 100, Aver_Loss: 1872.06
Epoch 15/200, Batch 200, Aver_Loss: 1898.61
Epoch 15/200, Batch 300, Aver_Loss: 1862.58
Epoch 15/200, Batch 400, Aver_Loss: 1882.23
Epoch 16/200, Batch 100, Aver_Loss: 1860.44
Epoch 16/200, Batch 200, Aver_Loss: 1814.16
Epoch 16/200, Batch 300, Aver_Loss: 1857.56
Epoch 16/200, Batch 400, Aver_Loss: 1852.27
Epoch 17/200, Batch 100, Aver_Loss: 1842.47
Epoch 17/200, Batch 200, Aver_Loss: 1807.26
Epoch 17/200, Batch 300, Aver_Loss: 1871.47
Epoch 17/200, Batch 400, Aver_Loss: 1825.18
Epoch 18/200, Batch 100, Aver_Loss: 1887.16
Epoch 18/200, Batch 200, Aver_Loss: 1855.12
Epoch 18/200, Batch 300, Aver_Loss: 1888.13
Epoch 18/200, Batch 400, Aver_Loss: 1897.28
Epoch 19/200, Batch 100, Aver_Loss: 1857.38
Epoch 19/200, Batch 200, Aver_Loss: 1833.88
Epoch 19/200, Batch 300, Aver_Loss: 1857.51
Epoch 19/200, Batch 400, Aver_Loss: 1870.99
Epoch 20/200, Batch 100, Aver_Loss: 1862.67
Epoch 20/200, Batch 200, Aver_Loss: 1898.13
Epoch 20/200, Batch 300, Aver_Loss: 1855.64
Epoch 20/200, Batch 400, Aver_Loss: 1845.48
Epoch 21/200, Batch 100, Aver_Loss: 1891.19
Epoch 21/200, Batch 200, Aver_Loss: 1863.03
Epoch 21/200, Batch 300, Aver_Loss: 1855.85
Epoch 21/200, Batch 400, Aver_Loss: 1844.78
Epoch 22/200, Batch 100, Aver_Loss: 1826.33
Epoch 22/200, Batch 200, Aver_Loss: 1829.01
Epoch 22/200, Batch 300, Aver_Loss: 1869.29
Epoch 22/200, Batch 400, Aver_Loss: 1859.09
Epoch 23/200, Batch 100, Aver_Loss: 1830.98
Epoch 23/200, Batch 200, Aver_Loss: 1847.81
Epoch 23/200, Batch 300, Aver_Loss: 1849.82
Epoch 23/200, Batch 400, Aver_Loss: 1883.71
Epoch 24/200, Batch 100, Aver_Loss: 1849.81
Epoch 24/200, Batch 200, Aver_Loss: 1885.86
Epoch 24/200, Batch 300, Aver_Loss: 1885.21
Epoch 24/200, Batch 400, Aver_Loss: 1843.98
Epoch 25/200, Batch 100, Aver_Loss: 1834.40
Epoch 25/200, Batch 200, Aver_Loss: 1858.01
Epoch 25/200, Batch 300, Aver_Loss: 1849.62
Epoch 25/200, Batch 400, Aver_Loss: 1874.46
Epoch 26/200, Batch 100, Aver_Loss: 1882.67
Epoch 26/200, Batch 200, Aver_Loss: 1808.09
Epoch 26/200, Batch 300, Aver_Loss: 1833.24
Epoch 26/200, Batch 400, Aver_Loss: 1901.77
Epoch 27/200, Batch 100, Aver_Loss: 1857.87
Epoch 27/200, Batch 200, Aver_Loss: 1871.67
Epoch 27/200, Batch 300, Aver_Loss: 1834.37
Epoch 27/200, Batch 400, Aver_Loss: 1819.96
Epoch 28/200, Batch 100, Aver_Loss: 1867.95
Epoch 28/200, Batch 200, Aver_Loss: 1849.39
Epoch 28/200, Batch 300, Aver_Loss: 1888.77
Epoch 28/200, Batch 400, Aver_Loss: 1878.04
Epoch 29/200, Batch 100, Aver_Loss: 1836.34
Epoch 29/200, Batch 200, Aver_Loss: 1841.00
Epoch 29/200, Batch 300, Aver_Loss: 1836.49
Epoch 29/200, Batch 400, Aver_Loss: 1852.01
Epoch 30/200, Batch 100, Aver_Loss: 1858.71
Epoch 30/200, Batch 200, Aver_Loss: 1868.32
Epoch 30/200, Batch 300, Aver_Loss: 1935.45
Epoch 30/200, Batch 400, Aver_Loss: 1919.99
Epoch 31/200, Batch 100, Aver_Loss: 1847.81
Epoch 31/200, Batch 200, Aver_Loss: 1853.25
Epoch 31/200, Batch 300, Aver_Loss: 1858.42
Epoch 31/200, Batch 400, Aver_Loss: 1888.13
Epoch 32/200, Batch 100, Aver_Loss: 1848.09
Epoch 32/200, Batch 200, Aver_Loss: 1816.10
Epoch 32/200, Batch 300, Aver_Loss: 1894.34
Epoch 32/200, Batch 400, Aver_Loss: 1850.89
Epoch 33/200, Batch 100, Aver_Loss: 1880.91
Epoch 33/200, Batch 200, Aver_Loss: 1837.20
Epoch 33/200, Batch 300, Aver_Loss: 1867.73
Epoch 33/200, Batch 400, Aver_Loss: 1854.76
Epoch 34/200, Batch 100, Aver_Loss: 1853.72
Epoch 34/200, Batch 200, Aver_Loss: 1831.10
Epoch 34/200, Batch 300, Aver_Loss: 1814.34
Epoch 34/200, Batch 400, Aver_Loss: 1803.29
Epoch 35/200, Batch 100, Aver_Loss: 1818.92
Epoch 35/200, Batch 200, Aver_Loss: 1872.77
Epoch 35/200, Batch 300, Aver_Loss: 1888.78
Epoch 35/200, Batch 400, Aver_Loss: 1805.72
Epoch 36/200, Batch 100, Aver_Loss: 1826.04
Epoch 36/200, Batch 200, Aver_Loss: 1832.58
Epoch 36/200, Batch 300, Aver_Loss: 1827.15
Epoch 36/200, Batch 400, Aver_Loss: 1825.13
Epoch 37/200, Batch 100, Aver_Loss: 1865.17
Epoch 37/200, Batch 200, Aver_Loss: 1862.59
Epoch 37/200, Batch 300, Aver_Loss: 1855.90
Epoch 37/200, Batch 400, Aver_Loss: 1852.27
Epoch 38/200, Batch 100, Aver_Loss: 1843.13
Epoch 38/200, Batch 200, Aver_Loss: 1868.27
Epoch 38/200, Batch 300, Aver_Loss: 1828.34
Epoch 38/200, Batch 400, Aver_Loss: 1874.61
Epoch 39/200, Batch 100, Aver_Loss: 1873.80
Epoch 39/200, Batch 200, Aver_Loss: 1852.65
Epoch 39/200, Batch 300, Aver_Loss: 1886.70
Epoch 39/200, Batch 400, Aver_Loss: 1849.26
Epoch 40/200, Batch 100, Aver_Loss: 1857.30
Epoch 40/200, Batch 200, Aver_Loss: 1809.37
Epoch 40/200, Batch 300, Aver_Loss: 1803.67
Epoch 40/200, Batch 400, Aver_Loss: 1848.68
Epoch 41/200, Batch 100, Aver_Loss: 1872.96
Epoch 41/200, Batch 200, Aver_Loss: 1885.95
Epoch 41/200, Batch 300, Aver_Loss: 1856.64
Epoch 41/200, Batch 400, Aver_Loss: 1887.27
Epoch 42/200, Batch 100, Aver_Loss: 1797.55
Epoch 42/200, Batch 200, Aver_Loss: 1858.48
Epoch 42/200, Batch 300, Aver_Loss: 1828.35
Epoch 42/200, Batch 400, Aver_Loss: 1831.75
Epoch 43/200, Batch 100, Aver_Loss: 1835.47
Epoch 43/200, Batch 200, Aver_Loss: 1885.24
Epoch 43/200, Batch 300, Aver_Loss: 1851.87
Epoch 43/200, Batch 400, Aver_Loss: 1866.30
Epoch 44/200, Batch 100, Aver_Loss: 1887.94
Epoch 44/200, Batch 200, Aver_Loss: 1827.41
Epoch 44/200, Batch 300, Aver_Loss: 1839.44
Epoch 44/200, Batch 400, Aver_Loss: 1871.99
Epoch 45/200, Batch 100, Aver_Loss: 1832.63
Epoch 45/200, Batch 200, Aver_Loss: 1829.84
Epoch 45/200, Batch 300, Aver_Loss: 1895.64
Epoch 45/200, Batch 400, Aver_Loss: 1854.59
Epoch 46/200, Batch 100, Aver_Loss: 1823.75
Epoch 46/200, Batch 200, Aver_Loss: 1831.90
Epoch 46/200, Batch 300, Aver_Loss: 1855.83
Epoch 46/200, Batch 400, Aver_Loss: 1845.50
Epoch 47/200, Batch 100, Aver_Loss: 1859.56
Epoch 47/200, Batch 200, Aver_Loss: 1817.35
Epoch 47/200, Batch 300, Aver_Loss: 1865.44
Epoch 47/200, Batch 400, Aver_Loss: 1840.55
Epoch 48/200, Batch 100, Aver_Loss: 1846.23
Epoch 48/200, Batch 200, Aver_Loss: 1832.16
Epoch 48/200, Batch 300, Aver_Loss: 1804.78
Epoch 48/200, Batch 400, Aver_Loss: 1829.17
Epoch 49/200, Batch 100, Aver_Loss: 1810.24
Epoch 49/200, Batch 200, Aver_Loss: 1867.46
Epoch 49/200, Batch 300, Aver_Loss: 1847.55
Epoch 49/200, Batch 400, Aver_Loss: 1826.30
Epoch 50/200, Batch 100, Aver_Loss: 1846.64
Epoch 50/200, Batch 200, Aver_Loss: 1842.18
Epoch 50/200, Batch 300, Aver_Loss: 1852.96
Epoch 50/200, Batch 400, Aver_Loss: 1870.02
Epoch 51/200, Batch 100, Aver_Loss: 1879.18
Epoch 51/200, Batch 200, Aver_Loss: 1830.46
Epoch 51/200, Batch 300, Aver_Loss: 1840.90
Epoch 51/200, Batch 400, Aver_Loss: 1827.30
Epoch 52/200, Batch 100, Aver_Loss: 1853.39
Epoch 52/200, Batch 200, Aver_Loss: 1853.01
Epoch 52/200, Batch 300, Aver_Loss: 1838.67
Epoch 52/200, Batch 400, Aver_Loss: 1817.73
Epoch 53/200, Batch 100, Aver_Loss: 1822.24
Epoch 53/200, Batch 200, Aver_Loss: 1814.29
Epoch 53/200, Batch 300, Aver_Loss: 1836.46
Epoch 53/200, Batch 400, Aver_Loss: 1856.45
Epoch 54/200, Batch 100, Aver_Loss: 1800.27
Epoch 54/200, Batch 200, Aver_Loss: 1881.46
Epoch 54/200, Batch 300, Aver_Loss: 1828.85
Epoch 54/200, Batch 400, Aver_Loss: 1874.21
Epoch 55/200, Batch 100, Aver_Loss: 1852.47
Epoch 55/200, Batch 200, Aver_Loss: 1875.20
Epoch 55/200, Batch 300, Aver_Loss: 1821.00
Epoch 55/200, Batch 400, Aver_Loss: 1838.12
Epoch 56/200, Batch 100, Aver_Loss: 1859.75
Epoch 56/200, Batch 200, Aver_Loss: 1846.42
Epoch 56/200, Batch 300, Aver_Loss: 1827.11
Epoch 56/200, Batch 400, Aver_Loss: 1859.40
Epoch 57/200, Batch 100, Aver_Loss: 1865.12
Epoch 57/200, Batch 200, Aver_Loss: 1876.35
Epoch 57/200, Batch 300, Aver_Loss: 1834.23
Epoch 57/200, Batch 400, Aver_Loss: 1861.88
Epoch 58/200, Batch 100, Aver_Loss: 1879.77
Epoch 58/200, Batch 200, Aver_Loss: 1892.96
Epoch 58/200, Batch 300, Aver_Loss: 1832.63
Epoch 58/200, Batch 400, Aver_Loss: 1861.97
Epoch 59/200, Batch 100, Aver_Loss: 1841.41
Epoch 59/200, Batch 200, Aver_Loss: 1857.82
Epoch 59/200, Batch 300, Aver_Loss: 1846.11
Epoch 59/200, Batch 400, Aver_Loss: 1850.61
Epoch 60/200, Batch 100, Aver_Loss: 1867.17
Epoch 60/200, Batch 200, Aver_Loss: 1842.43
Epoch 60/200, Batch 300, Aver_Loss: 1845.03
Epoch 60/200, Batch 400, Aver_Loss: 1838.98
Epoch 61/200, Batch 100, Aver_Loss: 1860.54
Epoch 61/200, Batch 200, Aver_Loss: 1868.80
Epoch 61/200, Batch 300, Aver_Loss: 1820.30
Epoch 61/200, Batch 400, Aver_Loss: 1832.45
Epoch 62/200, Batch 100, Aver_Loss: 1875.83
Epoch 62/200, Batch 200, Aver_Loss: 1838.14
Epoch 62/200, Batch 300, Aver_Loss: 1856.72
Epoch 62/200, Batch 400, Aver_Loss: 1873.26
Epoch 63/200, Batch 100, Aver_Loss: 1855.86
Epoch 63/200, Batch 200, Aver_Loss: 1855.15
Epoch 63/200, Batch 300, Aver_Loss: 1855.01
Epoch 63/200, Batch 400, Aver_Loss: 1831.60
Epoch 64/200, Batch 100, Aver_Loss: 1866.57
Epoch 64/200, Batch 200, Aver_Loss: 1875.31
Epoch 64/200, Batch 300, Aver_Loss: 1835.73
Epoch 64/200, Batch 400, Aver_Loss: 1850.32
Epoch 65/200, Batch 100, Aver_Loss: 1868.72
Epoch 65/200, Batch 200, Aver_Loss: 1862.70
Epoch 65/200, Batch 300, Aver_Loss: 1877.84
Epoch 65/200, Batch 400, Aver_Loss: 1797.61
Epoch 66/200, Batch 100, Aver_Loss: 1825.11
Epoch 66/200, Batch 200, Aver_Loss: 1853.70
Epoch 66/200, Batch 300, Aver_Loss: 1828.21
Epoch 66/200, Batch 400, Aver_Loss: 1868.71
Epoch 67/200, Batch 100, Aver_Loss: 1836.94
Epoch 67/200, Batch 200, Aver_Loss: 1841.58
Epoch 67/200, Batch 300, Aver_Loss: 1848.32
Epoch 67/200, Batch 400, Aver_Loss: 1843.52
Epoch 68/200, Batch 100, Aver_Loss: 1845.15
Epoch 68/200, Batch 200, Aver_Loss: 1863.36
Epoch 68/200, Batch 300, Aver_Loss: 1799.34
Epoch 68/200, Batch 400, Aver_Loss: 1889.18
Epoch 69/200, Batch 100, Aver_Loss: 1877.49
Epoch 69/200, Batch 200, Aver_Loss: 1788.73
Epoch 69/200, Batch 300, Aver_Loss: 1821.53
Epoch 69/200, Batch 400, Aver_Loss: 1827.20
Epoch 70/200, Batch 100, Aver_Loss: 1820.31
Epoch 70/200, Batch 200, Aver_Loss: 1818.86
Epoch 70/200, Batch 300, Aver_Loss: 1858.39
Epoch 70/200, Batch 400, Aver_Loss: 1870.36
Epoch 71/200, Batch 100, Aver_Loss: 1846.88
Epoch 71/200, Batch 200, Aver_Loss: 1797.08
Epoch 71/200, Batch 300, Aver_Loss: 1852.62
Epoch 71/200, Batch 400, Aver_Loss: 1853.83
Epoch 72/200, Batch 100, Aver_Loss: 1838.18
Epoch 72/200, Batch 200, Aver_Loss: 1819.05
Epoch 72/200, Batch 300, Aver_Loss: 1829.24
Epoch 72/200, Batch 400, Aver_Loss: 1846.23
Epoch 73/200, Batch 100, Aver_Loss: 1817.37
Epoch 73/200, Batch 200, Aver_Loss: 1858.12
Epoch 73/200, Batch 300, Aver_Loss: 1826.97
Epoch 73/200, Batch 400, Aver_Loss: 1850.65
Epoch 74/200, Batch 100, Aver_Loss: 1825.79
Epoch 74/200, Batch 200, Aver_Loss: 1841.52
Epoch 74/200, Batch 300, Aver_Loss: 1873.07
Epoch 74/200, Batch 400, Aver_Loss: 1832.83
Epoch 75/200, Batch 100, Aver_Loss: 1799.61
Epoch 75/200, Batch 200, Aver_Loss: 1817.21
Epoch 75/200, Batch 300, Aver_Loss: 1866.08
Epoch 75/200, Batch 400, Aver_Loss: 1842.59
Epoch 76/200, Batch 100, Aver_Loss: 1843.72
Epoch 76/200, Batch 200, Aver_Loss: 1839.33
Epoch 76/200, Batch 300, Aver_Loss: 1807.57
Epoch 76/200, Batch 400, Aver_Loss: 1820.69
Epoch 77/200, Batch 100, Aver_Loss: 1809.64
Epoch 77/200, Batch 200, Aver_Loss: 1870.38
Epoch 77/200, Batch 300, Aver_Loss: 1833.64
Epoch 77/200, Batch 400, Aver_Loss: 1864.93
Epoch 78/200, Batch 100, Aver_Loss: 1831.16
Epoch 78/200, Batch 200, Aver_Loss: 1865.29
Epoch 78/200, Batch 300, Aver_Loss: 1838.29
Epoch 78/200, Batch 400, Aver_Loss: 1876.08
Epoch 79/200, Batch 100, Aver_Loss: 1826.51
Epoch 79/200, Batch 200, Aver_Loss: 1809.05
Epoch 79/200, Batch 300, Aver_Loss: 1837.37
Epoch 79/200, Batch 400, Aver_Loss: 1875.53
Epoch 80/200, Batch 100, Aver_Loss: 1868.98
Epoch 80/200, Batch 200, Aver_Loss: 1840.44
Epoch 80/200, Batch 300, Aver_Loss: 1855.61
Epoch 80/200, Batch 400, Aver_Loss: 1892.46
Epoch 81/200, Batch 100, Aver_Loss: 1839.31
Epoch 81/200, Batch 200, Aver_Loss: 1847.36
Epoch 81/200, Batch 300, Aver_Loss: 1847.07
Epoch 81/200, Batch 400, Aver_Loss: 1832.58
Epoch 82/200, Batch 100, Aver_Loss: 1843.80
Epoch 82/200, Batch 200, Aver_Loss: 1863.92
Epoch 82/200, Batch 300, Aver_Loss: 1852.25
Epoch 82/200, Batch 400, Aver_Loss: 1854.01
Epoch 83/200, Batch 100, Aver_Loss: 1839.91
Epoch 83/200, Batch 200, Aver_Loss: 1853.05
Epoch 83/200, Batch 300, Aver_Loss: 1880.96
Epoch 83/200, Batch 400, Aver_Loss: 1849.04
Epoch 84/200, Batch 100, Aver_Loss: 1832.71
Epoch 84/200, Batch 200, Aver_Loss: 1877.18
Epoch 84/200, Batch 300, Aver_Loss: 1834.20
Epoch 84/200, Batch 400, Aver_Loss: 1836.99
Epoch 85/200, Batch 100, Aver_Loss: 1882.80
Epoch 85/200, Batch 200, Aver_Loss: 1848.90
Epoch 85/200, Batch 300, Aver_Loss: 1836.97
Epoch 85/200, Batch 400, Aver_Loss: 1824.40
Epoch 86/200, Batch 100, Aver_Loss: 1858.88
Epoch 86/200, Batch 200, Aver_Loss: 1858.54
Epoch 86/200, Batch 300, Aver_Loss: 1870.30
Epoch 86/200, Batch 400, Aver_Loss: 1825.87
Epoch 87/200, Batch 100, Aver_Loss: 1862.59
Epoch 87/200, Batch 200, Aver_Loss: 1818.88
Epoch 87/200, Batch 300, Aver_Loss: 1819.47
Epoch 87/200, Batch 400, Aver_Loss: 1804.59
Epoch 88/200, Batch 100, Aver_Loss: 1813.92
Epoch 88/200, Batch 200, Aver_Loss: 1870.20
Epoch 88/200, Batch 300, Aver_Loss: 1863.65
Epoch 88/200, Batch 400, Aver_Loss: 1827.09
Epoch 89/200, Batch 100, Aver_Loss: 1889.25
Epoch 89/200, Batch 200, Aver_Loss: 1844.03
Epoch 89/200, Batch 300, Aver_Loss: 1832.73
Epoch 89/200, Batch 400, Aver_Loss: 1874.29
Epoch 90/200, Batch 100, Aver_Loss: 1835.98
Epoch 90/200, Batch 200, Aver_Loss: 1856.55
Epoch 90/200, Batch 300, Aver_Loss: 1880.15
Epoch 90/200, Batch 400, Aver_Loss: 1848.31
Epoch 91/200, Batch 100, Aver_Loss: 1844.57
Epoch 91/200, Batch 200, Aver_Loss: 1868.49
Epoch 91/200, Batch 300, Aver_Loss: 1827.52
Epoch 91/200, Batch 400, Aver_Loss: 1838.93
Epoch 92/200, Batch 100, Aver_Loss: 1851.16
Epoch 92/200, Batch 200, Aver_Loss: 1825.47
Epoch 92/200, Batch 300, Aver_Loss: 1880.98
Epoch 92/200, Batch 400, Aver_Loss: 1847.43
Epoch 93/200, Batch 100, Aver_Loss: 1850.50
Epoch 93/200, Batch 200, Aver_Loss: 1845.83
Epoch 93/200, Batch 300, Aver_Loss: 1827.23
Epoch 93/200, Batch 400, Aver_Loss: 1846.42
Epoch 94/200, Batch 100, Aver_Loss: 1818.89
Epoch 94/200, Batch 200, Aver_Loss: 1814.92
Epoch 94/200, Batch 300, Aver_Loss: 1854.05
Epoch 94/200, Batch 400, Aver_Loss: 1854.68
Epoch 95/200, Batch 100, Aver_Loss: 1836.24
Epoch 95/200, Batch 200, Aver_Loss: 1868.74
Epoch 95/200, Batch 300, Aver_Loss: 1887.76
Epoch 95/200, Batch 400, Aver_Loss: 1826.17
Epoch 96/200, Batch 100, Aver_Loss: 1884.26
Epoch 96/200, Batch 200, Aver_Loss: 1823.48
Epoch 96/200, Batch 300, Aver_Loss: 1845.44
Epoch 96/200, Batch 400, Aver_Loss: 1865.14
Epoch 97/200, Batch 100, Aver_Loss: 1805.42
Epoch 97/200, Batch 200, Aver_Loss: 1851.92
Epoch 97/200, Batch 300, Aver_Loss: 1853.75
Epoch 97/200, Batch 400, Aver_Loss: 1836.19
Epoch 98/200, Batch 100, Aver_Loss: 1843.50
Epoch 98/200, Batch 200, Aver_Loss: 1880.37
Epoch 98/200, Batch 300, Aver_Loss: 1841.82
Epoch 98/200, Batch 400, Aver_Loss: 1853.54
Epoch 99/200, Batch 100, Aver_Loss: 1844.20
Epoch 99/200, Batch 200, Aver_Loss: 1776.13
Epoch 99/200, Batch 300, Aver_Loss: 1832.41
Epoch 99/200, Batch 400, Aver_Loss: 1867.44
Epoch 100/200, Batch 100, Aver_Loss: 1813.66
Epoch 100/200, Batch 200, Aver_Loss: 1841.44
Epoch 100/200, Batch 300, Aver_Loss: 1813.61
Epoch 100/200, Batch 400, Aver_Loss: 1827.63
Epoch 101/200, Batch 100, Aver_Loss: 1864.69
Epoch 101/200, Batch 200, Aver_Loss: 1844.16
Epoch 101/200, Batch 300, Aver_Loss: 1854.89
Epoch 101/200, Batch 400, Aver_Loss: 1825.53
Epoch 102/200, Batch 100, Aver_Loss: 1850.49
Epoch 102/200, Batch 200, Aver_Loss: 1860.25
Epoch 102/200, Batch 300, Aver_Loss: 1849.20
Epoch 102/200, Batch 400, Aver_Loss: 1881.69
Epoch 103/200, Batch 100, Aver_Loss: 1836.16
Epoch 103/200, Batch 200, Aver_Loss: 1831.53
Epoch 103/200, Batch 300, Aver_Loss: 1864.11
Epoch 103/200, Batch 400, Aver_Loss: 1797.94
Epoch 104/200, Batch 100, Aver_Loss: 1826.73
Epoch 104/200, Batch 200, Aver_Loss: 1854.66
Epoch 104/200, Batch 300, Aver_Loss: 1867.30
Epoch 104/200, Batch 400, Aver_Loss: 1847.13
Epoch 105/200, Batch 100, Aver_Loss: 1839.09
Epoch 105/200, Batch 200, Aver_Loss: 1814.04
Epoch 105/200, Batch 300, Aver_Loss: 1837.19
Epoch 105/200, Batch 400, Aver_Loss: 1888.19
Epoch 106/200, Batch 100, Aver_Loss: 1817.60
Epoch 106/200, Batch 200, Aver_Loss: 1817.30
Epoch 106/200, Batch 300, Aver_Loss: 1861.75
Epoch 106/200, Batch 400, Aver_Loss: 1858.74
Epoch 107/200, Batch 100, Aver_Loss: 1846.98
Epoch 107/200, Batch 200, Aver_Loss: 1841.53
Epoch 107/200, Batch 300, Aver_Loss: 1826.86
Epoch 107/200, Batch 400, Aver_Loss: 1844.69
Epoch 108/200, Batch 100, Aver_Loss: 1879.30
Epoch 108/200, Batch 200, Aver_Loss: 1864.91
Epoch 108/200, Batch 300, Aver_Loss: 1858.37
Epoch 108/200, Batch 400, Aver_Loss: 1850.06
Epoch 109/200, Batch 100, Aver_Loss: 1871.56
Epoch 109/200, Batch 200, Aver_Loss: 1844.51
Epoch 109/200, Batch 300, Aver_Loss: 1841.93
Epoch 109/200, Batch 400, Aver_Loss: 1829.55
Epoch 110/200, Batch 100, Aver_Loss: 1845.67
Epoch 110/200, Batch 200, Aver_Loss: 1860.62
Epoch 110/200, Batch 300, Aver_Loss: 1878.21
Epoch 110/200, Batch 400, Aver_Loss: 1827.87
Epoch 111/200, Batch 100, Aver_Loss: 1825.74
Epoch 111/200, Batch 200, Aver_Loss: 1845.59
Epoch 111/200, Batch 300, Aver_Loss: 1825.45
Epoch 111/200, Batch 400, Aver_Loss: 1843.76
Epoch 112/200, Batch 100, Aver_Loss: 1849.67
Epoch 112/200, Batch 200, Aver_Loss: 1863.41
Epoch 112/200, Batch 300, Aver_Loss: 1808.63
Epoch 112/200, Batch 400, Aver_Loss: 1837.04
Epoch 113/200, Batch 100, Aver_Loss: 1856.63
Epoch 113/200, Batch 200, Aver_Loss: 1861.69
Epoch 113/200, Batch 300, Aver_Loss: 1828.00
Epoch 113/200, Batch 400, Aver_Loss: 1832.40
Epoch 114/200, Batch 100, Aver_Loss: 1827.67
Epoch 114/200, Batch 200, Aver_Loss: 1891.14
Epoch 114/200, Batch 300, Aver_Loss: 1835.12
Epoch 114/200, Batch 400, Aver_Loss: 1845.39
Epoch 115/200, Batch 100, Aver_Loss: 1840.09
Epoch 115/200, Batch 200, Aver_Loss: 1816.36
Epoch 115/200, Batch 300, Aver_Loss: 1862.97
Epoch 115/200, Batch 400, Aver_Loss: 1879.17
Epoch 116/200, Batch 100, Aver_Loss: 1857.23
Epoch 116/200, Batch 200, Aver_Loss: 1842.15
Epoch 116/200, Batch 300, Aver_Loss: 1861.33
Epoch 116/200, Batch 400, Aver_Loss: 1822.08
Epoch 117/200, Batch 100, Aver_Loss: 1863.69
Epoch 117/200, Batch 200, Aver_Loss: 1885.80
Epoch 117/200, Batch 300, Aver_Loss: 1864.93
Epoch 117/200, Batch 400, Aver_Loss: 1845.57
Epoch 118/200, Batch 100, Aver_Loss: 1808.88
Epoch 118/200, Batch 200, Aver_Loss: 1858.45
Epoch 118/200, Batch 300, Aver_Loss: 1827.38
Epoch 118/200, Batch 400, Aver_Loss: 1834.83
Epoch 119/200, Batch 100, Aver_Loss: 1840.18
Epoch 119/200, Batch 200, Aver_Loss: 1814.56
Epoch 119/200, Batch 300, Aver_Loss: 1844.32
Epoch 119/200, Batch 400, Aver_Loss: 1868.20
Epoch 120/200, Batch 100, Aver_Loss: 1837.62
Epoch 120/200, Batch 200, Aver_Loss: 1851.31
Epoch 120/200, Batch 300, Aver_Loss: 1883.91
Epoch 120/200, Batch 400, Aver_Loss: 1834.76
Epoch 121/200, Batch 100, Aver_Loss: 1840.84
Epoch 121/200, Batch 200, Aver_Loss: 1839.15
Epoch 121/200, Batch 300, Aver_Loss: 1890.93
Epoch 121/200, Batch 400, Aver_Loss: 1817.59
Epoch 122/200, Batch 100, Aver_Loss: 1806.59
Epoch 122/200, Batch 200, Aver_Loss: 1821.69
Epoch 122/200, Batch 300, Aver_Loss: 1829.83
Epoch 122/200, Batch 400, Aver_Loss: 1833.86
Epoch 123/200, Batch 100, Aver_Loss: 1791.04
Epoch 123/200, Batch 200, Aver_Loss: 1842.69
Epoch 123/200, Batch 300, Aver_Loss: 1840.05
Epoch 123/200, Batch 400, Aver_Loss: 1838.72
Epoch 124/200, Batch 100, Aver_Loss: 1846.50
Epoch 124/200, Batch 200, Aver_Loss: 1836.55
Epoch 124/200, Batch 300, Aver_Loss: 1831.48
Epoch 124/200, Batch 400, Aver_Loss: 1836.75
Epoch 125/200, Batch 100, Aver_Loss: 1845.27
Epoch 125/200, Batch 200, Aver_Loss: 1845.63
Epoch 125/200, Batch 300, Aver_Loss: 1829.37
Epoch 125/200, Batch 400, Aver_Loss: 1846.90
Epoch 126/200, Batch 100, Aver_Loss: 1859.45
Epoch 126/200, Batch 200, Aver_Loss: 1869.87
Epoch 126/200, Batch 300, Aver_Loss: 1835.15
Epoch 126/200, Batch 400, Aver_Loss: 1875.33
Epoch 127/200, Batch 100, Aver_Loss: 1835.91
Epoch 127/200, Batch 200, Aver_Loss: 1798.68
Epoch 127/200, Batch 300, Aver_Loss: 1876.71
Epoch 127/200, Batch 400, Aver_Loss: 1870.62
Epoch 128/200, Batch 100, Aver_Loss: 1800.24
Epoch 128/200, Batch 200, Aver_Loss: 1843.74
Epoch 128/200, Batch 300, Aver_Loss: 1856.73
Epoch 128/200, Batch 400, Aver_Loss: 1799.01
Epoch 129/200, Batch 100, Aver_Loss: 1836.08
Epoch 129/200, Batch 200, Aver_Loss: 1852.77
Epoch 129/200, Batch 300, Aver_Loss: 1796.50
Epoch 129/200, Batch 400, Aver_Loss: 1846.43
Epoch 130/200, Batch 100, Aver_Loss: 1838.01
Epoch 130/200, Batch 200, Aver_Loss: 1846.12
Epoch 130/200, Batch 300, Aver_Loss: 1828.46
Epoch 130/200, Batch 400, Aver_Loss: 1835.72
Epoch 131/200, Batch 100, Aver_Loss: 1857.39
Epoch 131/200, Batch 200, Aver_Loss: 1851.98
Epoch 131/200, Batch 300, Aver_Loss: 1829.73
Epoch 131/200, Batch 400, Aver_Loss: 1845.19
Epoch 132/200, Batch 100, Aver_Loss: 1825.24
Epoch 132/200, Batch 200, Aver_Loss: 1878.58
Epoch 132/200, Batch 300, Aver_Loss: 1842.06
Epoch 132/200, Batch 400, Aver_Loss: 1854.66
Epoch 133/200, Batch 100, Aver_Loss: 1866.83
Epoch 133/200, Batch 200, Aver_Loss: 1830.94
Epoch 133/200, Batch 300, Aver_Loss: 1811.92
Epoch 133/200, Batch 400, Aver_Loss: 1840.41
Epoch 134/200, Batch 100, Aver_Loss: 1824.37
Epoch 134/200, Batch 200, Aver_Loss: 1860.67
Epoch 134/200, Batch 300, Aver_Loss: 1838.33
Epoch 134/200, Batch 400, Aver_Loss: 1842.73
Epoch 135/200, Batch 100, Aver_Loss: 1810.46
Epoch 135/200, Batch 200, Aver_Loss: 1840.54
Epoch 135/200, Batch 300, Aver_Loss: 1840.94
Epoch 135/200, Batch 400, Aver_Loss: 1813.81
Epoch 136/200, Batch 100, Aver_Loss: 1819.14
Epoch 136/200, Batch 200, Aver_Loss: 1857.03
Epoch 136/200, Batch 300, Aver_Loss: 1800.49
Epoch 136/200, Batch 400, Aver_Loss: 1861.90
Epoch 137/200, Batch 100, Aver_Loss: 1818.22
Epoch 137/200, Batch 200, Aver_Loss: 1843.85
Epoch 137/200, Batch 300, Aver_Loss: 1836.27
Epoch 137/200, Batch 400, Aver_Loss: 1869.40
Epoch 138/200, Batch 100, Aver_Loss: 1818.12
Epoch 138/200, Batch 200, Aver_Loss: 1810.32
Epoch 138/200, Batch 300, Aver_Loss: 1812.73
Epoch 138/200, Batch 400, Aver_Loss: 1866.83
Epoch 139/200, Batch 100, Aver_Loss: 1839.37
Epoch 139/200, Batch 200, Aver_Loss: 1829.76
Epoch 139/200, Batch 300, Aver_Loss: 1835.60
Epoch 139/200, Batch 400, Aver_Loss: 1839.65
Epoch 140/200, Batch 100, Aver_Loss: 1839.16
Epoch 140/200, Batch 200, Aver_Loss: 1839.57
Epoch 140/200, Batch 300, Aver_Loss: 1836.99
Epoch 140/200, Batch 400, Aver_Loss: 1852.14
Epoch 141/200, Batch 100, Aver_Loss: 1837.85
Epoch 141/200, Batch 200, Aver_Loss: 1848.55
Epoch 141/200, Batch 300, Aver_Loss: 1835.79
Epoch 141/200, Batch 400, Aver_Loss: 1837.27
Epoch 142/200, Batch 100, Aver_Loss: 1833.69
Epoch 142/200, Batch 200, Aver_Loss: 1861.35
Epoch 142/200, Batch 300, Aver_Loss: 1855.91
Epoch 142/200, Batch 400, Aver_Loss: 1814.68
Epoch 143/200, Batch 100, Aver_Loss: 1809.14
Epoch 143/200, Batch 200, Aver_Loss: 1860.09
Epoch 143/200, Batch 300, Aver_Loss: 1844.65
Epoch 143/200, Batch 400, Aver_Loss: 1833.19
Epoch 144/200, Batch 100, Aver_Loss: 1813.43
Epoch 144/200, Batch 200, Aver_Loss: 1824.84
Epoch 144/200, Batch 300, Aver_Loss: 1828.44
Epoch 144/200, Batch 400, Aver_Loss: 1845.62
Epoch 145/200, Batch 100, Aver_Loss: 1828.17
Epoch 145/200, Batch 200, Aver_Loss: 1862.25
Epoch 145/200, Batch 300, Aver_Loss: 1865.77
Epoch 145/200, Batch 400, Aver_Loss: 1829.15
Epoch 146/200, Batch 100, Aver_Loss: 1882.39
Epoch 146/200, Batch 200, Aver_Loss: 1868.80
Epoch 146/200, Batch 300, Aver_Loss: 1853.44
Epoch 146/200, Batch 400, Aver_Loss: 1841.35
Epoch 147/200, Batch 100, Aver_Loss: 1855.12
Epoch 147/200, Batch 200, Aver_Loss: 1820.80
Epoch 147/200, Batch 300, Aver_Loss: 1857.31
Epoch 147/200, Batch 400, Aver_Loss: 1846.62
Epoch 148/200, Batch 100, Aver_Loss: 1853.51
Epoch 148/200, Batch 200, Aver_Loss: 1862.22
Epoch 148/200, Batch 300, Aver_Loss: 1843.95
Epoch 148/200, Batch 400, Aver_Loss: 1795.95
Epoch 149/200, Batch 100, Aver_Loss: 1815.44
Epoch 149/200, Batch 200, Aver_Loss: 1820.71
Epoch 149/200, Batch 300, Aver_Loss: 1852.06
Epoch 149/200, Batch 400, Aver_Loss: 1799.55
Epoch 150/200, Batch 100, Aver_Loss: 1820.98
Epoch 150/200, Batch 200, Aver_Loss: 1844.03
Epoch 150/200, Batch 300, Aver_Loss: 1823.79
Epoch 150/200, Batch 400, Aver_Loss: 1841.76
Epoch 151/200, Batch 100, Aver_Loss: 1846.48
Epoch 151/200, Batch 200, Aver_Loss: 1844.91
Epoch 151/200, Batch 300, Aver_Loss: 1839.26
Epoch 151/200, Batch 400, Aver_Loss: 1875.79
Epoch 152/200, Batch 100, Aver_Loss: 1835.80
Epoch 152/200, Batch 200, Aver_Loss: 1824.20
Epoch 152/200, Batch 300, Aver_Loss: 1823.54
Epoch 152/200, Batch 400, Aver_Loss: 1834.44
Epoch 153/200, Batch 100, Aver_Loss: 1848.07
Epoch 153/200, Batch 200, Aver_Loss: 1787.39
Epoch 153/200, Batch 300, Aver_Loss: 1857.70
Epoch 153/200, Batch 400, Aver_Loss: 1882.92
Epoch 154/200, Batch 100, Aver_Loss: 1822.06
Epoch 154/200, Batch 200, Aver_Loss: 1870.94
Epoch 154/200, Batch 300, Aver_Loss: 1867.30
Epoch 154/200, Batch 400, Aver_Loss: 1816.92
Epoch 155/200, Batch 100, Aver_Loss: 1800.25
Epoch 155/200, Batch 200, Aver_Loss: 1820.84
Epoch 155/200, Batch 300, Aver_Loss: 1799.62
Epoch 155/200, Batch 400, Aver_Loss: 1901.48
Epoch 156/200, Batch 100, Aver_Loss: 1801.14
Epoch 156/200, Batch 200, Aver_Loss: 1846.68
Epoch 156/200, Batch 300, Aver_Loss: 1843.29
Epoch 156/200, Batch 400, Aver_Loss: 1797.02
Epoch 157/200, Batch 100, Aver_Loss: 1854.95
Epoch 157/200, Batch 200, Aver_Loss: 1854.77
Epoch 157/200, Batch 300, Aver_Loss: 1776.28
Epoch 157/200, Batch 400, Aver_Loss: 1833.27
Epoch 158/200, Batch 100, Aver_Loss: 1876.43
Epoch 158/200, Batch 200, Aver_Loss: 1827.04
Epoch 158/200, Batch 300, Aver_Loss: 1845.52
Epoch 158/200, Batch 400, Aver_Loss: 1838.21
Epoch 159/200, Batch 100, Aver_Loss: 1843.64
Epoch 159/200, Batch 200, Aver_Loss: 1831.38
Epoch 159/200, Batch 300, Aver_Loss: 1854.69
Epoch 159/200, Batch 400, Aver_Loss: 1861.39
Epoch 160/200, Batch 100, Aver_Loss: 1813.89
Epoch 160/200, Batch 200, Aver_Loss: 1833.21
Epoch 160/200, Batch 300, Aver_Loss: 1846.39
Epoch 160/200, Batch 400, Aver_Loss: 1849.01
Epoch 161/200, Batch 100, Aver_Loss: 1868.09
Epoch 161/200, Batch 200, Aver_Loss: 1851.50
Epoch 161/200, Batch 300, Aver_Loss: 1836.71
Epoch 161/200, Batch 400, Aver_Loss: 1854.00
Epoch 162/200, Batch 100, Aver_Loss: 1841.65
Epoch 162/200, Batch 200, Aver_Loss: 1840.40
Epoch 162/200, Batch 300, Aver_Loss: 1836.44
Epoch 162/200, Batch 400, Aver_Loss: 1851.70
Epoch 163/200, Batch 100, Aver_Loss: 1835.37
Epoch 163/200, Batch 200, Aver_Loss: 1838.45
Epoch 163/200, Batch 300, Aver_Loss: 1842.53
Epoch 163/200, Batch 400, Aver_Loss: 1839.91
Epoch 164/200, Batch 100, Aver_Loss: 1814.69
Epoch 164/200, Batch 200, Aver_Loss: 1845.67
Epoch 164/200, Batch 300, Aver_Loss: 1844.53
Epoch 164/200, Batch 400, Aver_Loss: 1860.78
Epoch 165/200, Batch 100, Aver_Loss: 1875.21
Epoch 165/200, Batch 200, Aver_Loss: 1862.04
Epoch 165/200, Batch 300, Aver_Loss: 1835.23
Epoch 165/200, Batch 400, Aver_Loss: 1873.11
Epoch 166/200, Batch 100, Aver_Loss: 1867.68
Epoch 166/200, Batch 200, Aver_Loss: 1769.25
Epoch 166/200, Batch 300, Aver_Loss: 1838.17
Epoch 166/200, Batch 400, Aver_Loss: 1855.09
Epoch 167/200, Batch 100, Aver_Loss: 1856.51
Epoch 167/200, Batch 200, Aver_Loss: 1837.41
Epoch 167/200, Batch 300, Aver_Loss: 1835.97
Epoch 167/200, Batch 400, Aver_Loss: 1830.98
Epoch 168/200, Batch 100, Aver_Loss: 1847.96
Epoch 168/200, Batch 200, Aver_Loss: 1861.23
Epoch 168/200, Batch 300, Aver_Loss: 1848.02
Epoch 168/200, Batch 400, Aver_Loss: 1825.27
Epoch 169/200, Batch 100, Aver_Loss: 1875.55
Epoch 169/200, Batch 200, Aver_Loss: 1805.21
Epoch 169/200, Batch 300, Aver_Loss: 1849.55
Epoch 169/200, Batch 400, Aver_Loss: 1853.00
Epoch 170/200, Batch 100, Aver_Loss: 1825.35
Epoch 170/200, Batch 200, Aver_Loss: 1824.73
Epoch 170/200, Batch 300, Aver_Loss: 1851.98
Epoch 170/200, Batch 400, Aver_Loss: 1888.95
Epoch 171/200, Batch 100, Aver_Loss: 1858.55
Epoch 171/200, Batch 200, Aver_Loss: 1818.07
Epoch 171/200, Batch 300, Aver_Loss: 1848.82
Epoch 171/200, Batch 400, Aver_Loss: 1859.71
Epoch 172/200, Batch 100, Aver_Loss: 1896.48
Epoch 172/200, Batch 200, Aver_Loss: 1837.58
Epoch 172/200, Batch 300, Aver_Loss: 1846.40
Epoch 172/200, Batch 400, Aver_Loss: 1836.98
Epoch 173/200, Batch 100, Aver_Loss: 1772.05
Epoch 173/200, Batch 200, Aver_Loss: 1872.63
Epoch 173/200, Batch 300, Aver_Loss: 1854.72
Epoch 173/200, Batch 400, Aver_Loss: 1836.90
Epoch 174/200, Batch 100, Aver_Loss: 1786.51
Epoch 174/200, Batch 200, Aver_Loss: 1853.18
Epoch 174/200, Batch 300, Aver_Loss: 1862.90
Epoch 174/200, Batch 400, Aver_Loss: 1875.99
Epoch 175/200, Batch 100, Aver_Loss: 1847.19
Epoch 175/200, Batch 200, Aver_Loss: 1858.62
Epoch 175/200, Batch 300, Aver_Loss: 1824.05
Epoch 175/200, Batch 400, Aver_Loss: 1873.57
Epoch 176/200, Batch 100, Aver_Loss: 1825.54
Epoch 176/200, Batch 200, Aver_Loss: 1853.21
Epoch 176/200, Batch 300, Aver_Loss: 1814.27
Epoch 176/200, Batch 400, Aver_Loss: 1858.28
Epoch 177/200, Batch 100, Aver_Loss: 1852.34
Epoch 177/200, Batch 200, Aver_Loss: 1846.58
Epoch 177/200, Batch 300, Aver_Loss: 1880.97
Epoch 177/200, Batch 400, Aver_Loss: 1854.69
Epoch 178/200, Batch 100, Aver_Loss: 1841.99
Epoch 178/200, Batch 200, Aver_Loss: 1833.42
Epoch 178/200, Batch 300, Aver_Loss: 1826.99
Epoch 178/200, Batch 400, Aver_Loss: 1848.96
Epoch 179/200, Batch 100, Aver_Loss: 1854.51
Epoch 179/200, Batch 200, Aver_Loss: 1855.02
Epoch 179/200, Batch 300, Aver_Loss: 1837.37
Epoch 179/200, Batch 400, Aver_Loss: 1848.47
Epoch 180/200, Batch 100, Aver_Loss: 1835.41
Epoch 180/200, Batch 200, Aver_Loss: 1813.17
Epoch 180/200, Batch 300, Aver_Loss: 1787.80
Epoch 180/200, Batch 400, Aver_Loss: 1828.59
Epoch 181/200, Batch 100, Aver_Loss: 1842.48
Epoch 181/200, Batch 200, Aver_Loss: 1850.10
Epoch 181/200, Batch 300, Aver_Loss: 1839.95
Epoch 181/200, Batch 400, Aver_Loss: 1828.65
Epoch 182/200, Batch 100, Aver_Loss: 1845.10
Epoch 182/200, Batch 200, Aver_Loss: 1803.96
Epoch 182/200, Batch 300, Aver_Loss: 1863.41
Epoch 182/200, Batch 400, Aver_Loss: 1826.33
Epoch 183/200, Batch 100, Aver_Loss: 1858.08
Epoch 183/200, Batch 200, Aver_Loss: 1855.03
Epoch 183/200, Batch 300, Aver_Loss: 1840.49
Epoch 183/200, Batch 400, Aver_Loss: 1852.01
Epoch 184/200, Batch 100, Aver_Loss: 1826.63
Epoch 184/200, Batch 200, Aver_Loss: 1818.01
Epoch 184/200, Batch 300, Aver_Loss: 1890.30
Epoch 184/200, Batch 400, Aver_Loss: 1834.96
Epoch 185/200, Batch 100, Aver_Loss: 1841.76
Epoch 185/200, Batch 200, Aver_Loss: 1829.16
Epoch 185/200, Batch 300, Aver_Loss: 1806.89
Epoch 185/200, Batch 400, Aver_Loss: 1850.80
Epoch 186/200, Batch 100, Aver_Loss: 1854.46
Epoch 186/200, Batch 200, Aver_Loss: 1829.07
Epoch 186/200, Batch 300, Aver_Loss: 1851.46
Epoch 186/200, Batch 400, Aver_Loss: 1822.55
Epoch 187/200, Batch 100, Aver_Loss: 1835.07
Epoch 187/200, Batch 200, Aver_Loss: 1830.34
Epoch 187/200, Batch 300, Aver_Loss: 1857.41
Epoch 187/200, Batch 400, Aver_Loss: 1825.07
Epoch 188/200, Batch 100, Aver_Loss: 1853.12
Epoch 188/200, Batch 200, Aver_Loss: 1832.71
Epoch 188/200, Batch 300, Aver_Loss: 1835.53
Epoch 188/200, Batch 400, Aver_Loss: 1815.19
Epoch 189/200, Batch 100, Aver_Loss: 1861.16
Epoch 189/200, Batch 200, Aver_Loss: 1797.96
Epoch 189/200, Batch 300, Aver_Loss: 1826.59
Epoch 189/200, Batch 400, Aver_Loss: 1853.65
Epoch 190/200, Batch 100, Aver_Loss: 1820.01
Epoch 190/200, Batch 200, Aver_Loss: 1841.88
Epoch 190/200, Batch 300, Aver_Loss: 1839.26
Epoch 190/200, Batch 400, Aver_Loss: 1847.84
Epoch 191/200, Batch 100, Aver_Loss: 1846.86
Epoch 191/200, Batch 200, Aver_Loss: 1859.75
Epoch 191/200, Batch 300, Aver_Loss: 1862.20
Epoch 191/200, Batch 400, Aver_Loss: 1823.03
Epoch 192/200, Batch 100, Aver_Loss: 1845.99
Epoch 192/200, Batch 200, Aver_Loss: 1827.39
Epoch 192/200, Batch 300, Aver_Loss: 1820.32
Epoch 192/200, Batch 400, Aver_Loss: 1862.97
Epoch 193/200, Batch 100, Aver_Loss: 1787.22
Epoch 193/200, Batch 200, Aver_Loss: 1849.19
Epoch 193/200, Batch 300, Aver_Loss: 1826.83
Epoch 193/200, Batch 400, Aver_Loss: 1860.62
Epoch 194/200, Batch 100, Aver_Loss: 1849.43
Epoch 194/200, Batch 200, Aver_Loss: 1829.39
Epoch 194/200, Batch 300, Aver_Loss: 1830.17
Epoch 194/200, Batch 400, Aver_Loss: 1838.85
Epoch 195/200, Batch 100, Aver_Loss: 1820.13
Epoch 195/200, Batch 200, Aver_Loss: 1854.45
Epoch 195/200, Batch 300, Aver_Loss: 1831.11
Epoch 195/200, Batch 400, Aver_Loss: 1857.53
Epoch 196/200, Batch 100, Aver_Loss: 1868.40
Epoch 196/200, Batch 200, Aver_Loss: 1892.63
Epoch 196/200, Batch 300, Aver_Loss: 1836.78
Epoch 196/200, Batch 400, Aver_Loss: 1850.80
Epoch 197/200, Batch 100, Aver_Loss: 1853.53
Epoch 197/200, Batch 200, Aver_Loss: 1829.26
Epoch 197/200, Batch 300, Aver_Loss: 1860.02
Epoch 197/200, Batch 400, Aver_Loss: 1775.41
Epoch 198/200, Batch 100, Aver_Loss: 1837.79
Epoch 198/200, Batch 200, Aver_Loss: 1863.75
Epoch 198/200, Batch 300, Aver_Loss: 1852.15
Epoch 198/200, Batch 400, Aver_Loss: 1873.18
Epoch 199/200, Batch 100, Aver_Loss: 1832.34
Epoch 199/200, Batch 200, Aver_Loss: 1870.42
Epoch 199/200, Batch 300, Aver_Loss: 1836.62
Epoch 199/200, Batch 400, Aver_Loss: 1859.70
Epoch 200/200, Batch 100, Aver_Loss: 1838.60
Epoch 200/200, Batch 200, Aver_Loss: 1841.41
Epoch 200/200, Batch 300, Aver_Loss: 1825.53
Epoch 200/200, Batch 400, Aver_Loss: 1808.86
[saved curves] ./results/CIFAR10/curves/cifar10_mvae_d512_s777.json

==== Evaluation Summary ====
                 model: mvae
   recon/mse_per_pixel: 0.016481
            elbo/train: -1848.561163
             elbo/test: -1850.494732
             mse/train: 0.016089
              mse/test: 0.016481
             probe/acc: 0.420083
             probe/nll: 1.678717
           probe/brier: 0.724809
             probe/ece: 0.030842
           cluster/nmi: 0.117109
           cluster/ari: 0.061995
============================

