/usr/bin/which: no fi_info in (/arf/home/meyavuz/.local/bin:/arf/sw/comp/python/intelpython3/condabin:/arf/sw/comp/python/intelpython3/bin:/usr/share/Modules/bin:/usr/local/bin:/usr/bin:/usr/local/sbin:/usr/sbin)
Extension for Scikit-learn* enabled (https://github.com/uxlfoundation/scikit-learn-intelex)
/arf/home/meyavuz/.conda/envs/sbn/lib/python3.9/site-packages/sklearn/linear_model/_logistic.py:1247: FutureWarning: 'multi_class' was deprecated in version 1.5 and will be removed in 1.7. From then on, it will always use 'multinomial'. Leave it to its default value to avoid this warning.
  warnings.warn(
/arf/home/meyavuz/.conda/envs/sbn/lib/python3.9/site-packages/sklearn/linear_model/_sag.py:348: ConvergenceWarning: The max_iter was reached which means the coef_ did not converge
  warnings.warn(
Epoch 1/200, Batch 100, Aver_Loss: 1997.18
Epoch 1/200, Batch 200, Aver_Loss: 1930.32
Epoch 1/200, Batch 300, Aver_Loss: 1931.86
Epoch 1/200, Batch 400, Aver_Loss: 1918.55
Epoch 2/200, Batch 100, Aver_Loss: 1895.50
Epoch 2/200, Batch 200, Aver_Loss: 1876.64
Epoch 2/200, Batch 300, Aver_Loss: 1888.76
Epoch 2/200, Batch 400, Aver_Loss: 1873.12
Epoch 3/200, Batch 100, Aver_Loss: 1816.06
Epoch 3/200, Batch 200, Aver_Loss: 1844.62
Epoch 3/200, Batch 300, Aver_Loss: 1864.62
Epoch 3/200, Batch 400, Aver_Loss: 1901.66
Epoch 4/200, Batch 100, Aver_Loss: 1823.63
Epoch 4/200, Batch 200, Aver_Loss: 1823.93
Epoch 4/200, Batch 300, Aver_Loss: 1834.87
Epoch 4/200, Batch 400, Aver_Loss: 1856.35
Epoch 5/200, Batch 100, Aver_Loss: 1876.94
Epoch 5/200, Batch 200, Aver_Loss: 1865.97
Epoch 5/200, Batch 300, Aver_Loss: 1847.86
Epoch 5/200, Batch 400, Aver_Loss: 1843.63
Epoch 6/200, Batch 100, Aver_Loss: 1845.23
Epoch 6/200, Batch 200, Aver_Loss: 1761.32
Epoch 6/200, Batch 300, Aver_Loss: 1800.71
Epoch 6/200, Batch 400, Aver_Loss: 1843.71
Epoch 7/200, Batch 100, Aver_Loss: 1839.92
Epoch 7/200, Batch 200, Aver_Loss: 1782.24
Epoch 7/200, Batch 300, Aver_Loss: 1852.74
Epoch 7/200, Batch 400, Aver_Loss: 1800.56
Epoch 8/200, Batch 100, Aver_Loss: 1793.22
Epoch 8/200, Batch 200, Aver_Loss: 1790.32
Epoch 8/200, Batch 300, Aver_Loss: 1840.60
Epoch 8/200, Batch 400, Aver_Loss: 1826.35
Epoch 9/200, Batch 100, Aver_Loss: 1867.80
Epoch 9/200, Batch 200, Aver_Loss: 1849.13
Epoch 9/200, Batch 300, Aver_Loss: 1809.40
Epoch 9/200, Batch 400, Aver_Loss: 1824.77
Epoch 10/200, Batch 100, Aver_Loss: 1777.11
Epoch 10/200, Batch 200, Aver_Loss: 1842.36
Epoch 10/200, Batch 300, Aver_Loss: 1748.89
Epoch 10/200, Batch 400, Aver_Loss: 1804.18
Epoch 11/200, Batch 100, Aver_Loss: 1835.59
Epoch 11/200, Batch 200, Aver_Loss: 1824.46
Epoch 11/200, Batch 300, Aver_Loss: 1792.66
Epoch 11/200, Batch 400, Aver_Loss: 1806.95
Epoch 12/200, Batch 100, Aver_Loss: 1822.51
Epoch 12/200, Batch 200, Aver_Loss: 1796.45
Epoch 12/200, Batch 300, Aver_Loss: 1792.28
Epoch 12/200, Batch 400, Aver_Loss: 1767.54
Epoch 13/200, Batch 100, Aver_Loss: 1834.13
Epoch 13/200, Batch 200, Aver_Loss: 1844.60
Epoch 13/200, Batch 300, Aver_Loss: 1843.82
Epoch 13/200, Batch 400, Aver_Loss: 1805.31
Epoch 14/200, Batch 100, Aver_Loss: 1795.52
Epoch 14/200, Batch 200, Aver_Loss: 1842.82
Epoch 14/200, Batch 300, Aver_Loss: 1827.03
Epoch 14/200, Batch 400, Aver_Loss: 1790.31
Epoch 15/200, Batch 100, Aver_Loss: 1774.36
Epoch 15/200, Batch 200, Aver_Loss: 1835.17
Epoch 15/200, Batch 300, Aver_Loss: 1819.85
Epoch 15/200, Batch 400, Aver_Loss: 1872.46
Epoch 16/200, Batch 100, Aver_Loss: 1848.96
Epoch 16/200, Batch 200, Aver_Loss: 1788.79
Epoch 16/200, Batch 300, Aver_Loss: 1792.17
Epoch 16/200, Batch 400, Aver_Loss: 1790.40
Epoch 17/200, Batch 100, Aver_Loss: 1830.39
Epoch 17/200, Batch 200, Aver_Loss: 1837.24
Epoch 17/200, Batch 300, Aver_Loss: 1781.46
Epoch 17/200, Batch 400, Aver_Loss: 1817.11
Epoch 18/200, Batch 100, Aver_Loss: 1777.19
Epoch 18/200, Batch 200, Aver_Loss: 1756.01
Epoch 18/200, Batch 300, Aver_Loss: 1862.44
Epoch 18/200, Batch 400, Aver_Loss: 1809.97
Epoch 19/200, Batch 100, Aver_Loss: 1780.18
Epoch 19/200, Batch 200, Aver_Loss: 1799.34
Epoch 19/200, Batch 300, Aver_Loss: 1794.50
Epoch 19/200, Batch 400, Aver_Loss: 1817.42
Epoch 20/200, Batch 100, Aver_Loss: 1822.35
Epoch 20/200, Batch 200, Aver_Loss: 1796.92
Epoch 20/200, Batch 300, Aver_Loss: 1823.01
Epoch 20/200, Batch 400, Aver_Loss: 1775.45
Epoch 21/200, Batch 100, Aver_Loss: 1770.06
Epoch 21/200, Batch 200, Aver_Loss: 1766.05
Epoch 21/200, Batch 300, Aver_Loss: 1753.61
Epoch 21/200, Batch 400, Aver_Loss: 1814.33
Epoch 22/200, Batch 100, Aver_Loss: 1798.55
Epoch 22/200, Batch 200, Aver_Loss: 1807.46
Epoch 22/200, Batch 300, Aver_Loss: 1810.92
Epoch 22/200, Batch 400, Aver_Loss: 1856.04
Epoch 23/200, Batch 100, Aver_Loss: 1806.13
Epoch 23/200, Batch 200, Aver_Loss: 1809.89
Epoch 23/200, Batch 300, Aver_Loss: 1809.84
Epoch 23/200, Batch 400, Aver_Loss: 1803.28
Epoch 24/200, Batch 100, Aver_Loss: 1757.63
Epoch 24/200, Batch 200, Aver_Loss: 1782.63
Epoch 24/200, Batch 300, Aver_Loss: 1750.22
Epoch 24/200, Batch 400, Aver_Loss: 1771.77
Epoch 25/200, Batch 100, Aver_Loss: 1774.69
Epoch 25/200, Batch 200, Aver_Loss: 1816.56
Epoch 25/200, Batch 300, Aver_Loss: 1773.51
Epoch 25/200, Batch 400, Aver_Loss: 1802.78
Epoch 26/200, Batch 100, Aver_Loss: 1789.71
Epoch 26/200, Batch 200, Aver_Loss: 1798.78
Epoch 26/200, Batch 300, Aver_Loss: 1758.28
Epoch 26/200, Batch 400, Aver_Loss: 1804.13
Epoch 27/200, Batch 100, Aver_Loss: 1846.26
Epoch 27/200, Batch 200, Aver_Loss: 1806.66
Epoch 27/200, Batch 300, Aver_Loss: 1791.69
Epoch 27/200, Batch 400, Aver_Loss: 1734.84
Epoch 28/200, Batch 100, Aver_Loss: 1790.68
Epoch 28/200, Batch 200, Aver_Loss: 1833.41
Epoch 28/200, Batch 300, Aver_Loss: 1814.00
Epoch 28/200, Batch 400, Aver_Loss: 1775.86
Epoch 29/200, Batch 100, Aver_Loss: 1809.94
Epoch 29/200, Batch 200, Aver_Loss: 1784.08
Epoch 29/200, Batch 300, Aver_Loss: 1797.54
Epoch 29/200, Batch 400, Aver_Loss: 1823.94
Epoch 30/200, Batch 100, Aver_Loss: 1805.40
Epoch 30/200, Batch 200, Aver_Loss: 1791.81
Epoch 30/200, Batch 300, Aver_Loss: 1791.89
Epoch 30/200, Batch 400, Aver_Loss: 1794.31
Epoch 31/200, Batch 100, Aver_Loss: 1759.53
Epoch 31/200, Batch 200, Aver_Loss: 1827.08
Epoch 31/200, Batch 300, Aver_Loss: 1786.30
Epoch 31/200, Batch 400, Aver_Loss: 1821.35
Epoch 32/200, Batch 100, Aver_Loss: 1791.45
Epoch 32/200, Batch 200, Aver_Loss: 1727.57
Epoch 32/200, Batch 300, Aver_Loss: 1773.63
Epoch 32/200, Batch 400, Aver_Loss: 1848.73
Epoch 33/200, Batch 100, Aver_Loss: 1774.16
Epoch 33/200, Batch 200, Aver_Loss: 1801.72
Epoch 33/200, Batch 300, Aver_Loss: 1747.26
Epoch 33/200, Batch 400, Aver_Loss: 1750.44
Epoch 34/200, Batch 100, Aver_Loss: 1805.92
Epoch 34/200, Batch 200, Aver_Loss: 1768.37
Epoch 34/200, Batch 300, Aver_Loss: 1769.96
Epoch 34/200, Batch 400, Aver_Loss: 1798.50
Epoch 35/200, Batch 100, Aver_Loss: 1740.06
Epoch 35/200, Batch 200, Aver_Loss: 1784.84
Epoch 35/200, Batch 300, Aver_Loss: 1780.67
Epoch 35/200, Batch 400, Aver_Loss: 1815.72
Epoch 36/200, Batch 100, Aver_Loss: 1760.36
Epoch 36/200, Batch 200, Aver_Loss: 1772.53
Epoch 36/200, Batch 300, Aver_Loss: 1805.10
Epoch 36/200, Batch 400, Aver_Loss: 1791.63
Epoch 37/200, Batch 100, Aver_Loss: 1765.29
Epoch 37/200, Batch 200, Aver_Loss: 1809.85
Epoch 37/200, Batch 300, Aver_Loss: 1782.59
Epoch 37/200, Batch 400, Aver_Loss: 1841.66
Epoch 38/200, Batch 100, Aver_Loss: 1757.37
Epoch 38/200, Batch 200, Aver_Loss: 1774.07
Epoch 38/200, Batch 300, Aver_Loss: 1783.96
Epoch 38/200, Batch 400, Aver_Loss: 1816.42
Epoch 39/200, Batch 100, Aver_Loss: 1797.20
Epoch 39/200, Batch 200, Aver_Loss: 1781.11
Epoch 39/200, Batch 300, Aver_Loss: 1837.26
Epoch 39/200, Batch 400, Aver_Loss: 1766.33
Epoch 40/200, Batch 100, Aver_Loss: 1816.00
Epoch 40/200, Batch 200, Aver_Loss: 1770.90
Epoch 40/200, Batch 300, Aver_Loss: 1763.28
Epoch 40/200, Batch 400, Aver_Loss: 1792.15
Epoch 41/200, Batch 100, Aver_Loss: 1781.28
Epoch 41/200, Batch 200, Aver_Loss: 1764.88
Epoch 41/200, Batch 300, Aver_Loss: 1764.20
Epoch 41/200, Batch 400, Aver_Loss: 1794.37
Epoch 42/200, Batch 100, Aver_Loss: 1770.82
Epoch 42/200, Batch 200, Aver_Loss: 1799.60
Epoch 42/200, Batch 300, Aver_Loss: 1779.87
Epoch 42/200, Batch 400, Aver_Loss: 1789.91
Epoch 43/200, Batch 100, Aver_Loss: 1822.64
Epoch 43/200, Batch 200, Aver_Loss: 1771.84
Epoch 43/200, Batch 300, Aver_Loss: 1778.06
Epoch 43/200, Batch 400, Aver_Loss: 1794.77
Epoch 44/200, Batch 100, Aver_Loss: 1800.86
Epoch 44/200, Batch 200, Aver_Loss: 1756.29
Epoch 44/200, Batch 300, Aver_Loss: 1751.32
Epoch 44/200, Batch 400, Aver_Loss: 1807.41
Epoch 45/200, Batch 100, Aver_Loss: 1775.92
Epoch 45/200, Batch 200, Aver_Loss: 1769.20
Epoch 45/200, Batch 300, Aver_Loss: 1737.55
Epoch 45/200, Batch 400, Aver_Loss: 1803.80
Epoch 46/200, Batch 100, Aver_Loss: 1806.21
Epoch 46/200, Batch 200, Aver_Loss: 1760.01
Epoch 46/200, Batch 300, Aver_Loss: 1783.65
Epoch 46/200, Batch 400, Aver_Loss: 1757.71
Epoch 47/200, Batch 100, Aver_Loss: 1773.19
Epoch 47/200, Batch 200, Aver_Loss: 1803.43
Epoch 47/200, Batch 300, Aver_Loss: 1763.43
Epoch 47/200, Batch 400, Aver_Loss: 1800.33
Epoch 48/200, Batch 100, Aver_Loss: 1770.84
Epoch 48/200, Batch 200, Aver_Loss: 1768.69
Epoch 48/200, Batch 300, Aver_Loss: 1795.02
Epoch 48/200, Batch 400, Aver_Loss: 1736.19
Epoch 49/200, Batch 100, Aver_Loss: 1785.49
Epoch 49/200, Batch 200, Aver_Loss: 1804.89
Epoch 49/200, Batch 300, Aver_Loss: 1798.91
Epoch 49/200, Batch 400, Aver_Loss: 1784.54
Epoch 50/200, Batch 100, Aver_Loss: 1817.05
Epoch 50/200, Batch 200, Aver_Loss: 1736.69
Epoch 50/200, Batch 300, Aver_Loss: 1798.02
Epoch 50/200, Batch 400, Aver_Loss: 1800.36
Epoch 51/200, Batch 100, Aver_Loss: 1832.67
Epoch 51/200, Batch 200, Aver_Loss: 1767.83
Epoch 51/200, Batch 300, Aver_Loss: 1781.01
Epoch 51/200, Batch 400, Aver_Loss: 1786.06
Epoch 52/200, Batch 100, Aver_Loss: 1809.51
Epoch 52/200, Batch 200, Aver_Loss: 1740.93
Epoch 52/200, Batch 300, Aver_Loss: 1794.33
Epoch 52/200, Batch 400, Aver_Loss: 1778.69
Epoch 53/200, Batch 100, Aver_Loss: 1741.49
Epoch 53/200, Batch 200, Aver_Loss: 1773.94
Epoch 53/200, Batch 300, Aver_Loss: 1764.52
Epoch 53/200, Batch 400, Aver_Loss: 1770.09
Epoch 54/200, Batch 100, Aver_Loss: 1792.96
Epoch 54/200, Batch 200, Aver_Loss: 1817.99
Epoch 54/200, Batch 300, Aver_Loss: 1751.57
Epoch 54/200, Batch 400, Aver_Loss: 1796.61
Epoch 55/200, Batch 100, Aver_Loss: 1780.30
Epoch 55/200, Batch 200, Aver_Loss: 1768.13
Epoch 55/200, Batch 300, Aver_Loss: 1768.86
Epoch 55/200, Batch 400, Aver_Loss: 1809.14
Epoch 56/200, Batch 100, Aver_Loss: 1814.90
Epoch 56/200, Batch 200, Aver_Loss: 1792.77
Epoch 56/200, Batch 300, Aver_Loss: 1761.77
Epoch 56/200, Batch 400, Aver_Loss: 1805.14
Epoch 57/200, Batch 100, Aver_Loss: 1794.25
Epoch 57/200, Batch 200, Aver_Loss: 1773.63
Epoch 57/200, Batch 300, Aver_Loss: 1782.31
Epoch 57/200, Batch 400, Aver_Loss: 1738.62
Epoch 58/200, Batch 100, Aver_Loss: 1755.19
Epoch 58/200, Batch 200, Aver_Loss: 1803.91
Epoch 58/200, Batch 300, Aver_Loss: 1827.67
Epoch 58/200, Batch 400, Aver_Loss: 1770.79
Epoch 59/200, Batch 100, Aver_Loss: 1809.95
Epoch 59/200, Batch 200, Aver_Loss: 1767.62
Epoch 59/200, Batch 300, Aver_Loss: 1804.23
Epoch 59/200, Batch 400, Aver_Loss: 1824.81
Epoch 60/200, Batch 100, Aver_Loss: 1823.73
Epoch 60/200, Batch 200, Aver_Loss: 1783.08
Epoch 60/200, Batch 300, Aver_Loss: 1757.89
Epoch 60/200, Batch 400, Aver_Loss: 1792.31
Epoch 61/200, Batch 100, Aver_Loss: 1794.00
Epoch 61/200, Batch 200, Aver_Loss: 1795.66
Epoch 61/200, Batch 300, Aver_Loss: 1792.07
Epoch 61/200, Batch 400, Aver_Loss: 1839.47
Epoch 62/200, Batch 100, Aver_Loss: 1727.44
Epoch 62/200, Batch 200, Aver_Loss: 1761.68
Epoch 62/200, Batch 300, Aver_Loss: 1802.35
Epoch 62/200, Batch 400, Aver_Loss: 1819.28
Epoch 63/200, Batch 100, Aver_Loss: 1738.61
Epoch 63/200, Batch 200, Aver_Loss: 1787.54
Epoch 63/200, Batch 300, Aver_Loss: 1797.45
Epoch 63/200, Batch 400, Aver_Loss: 1849.16
Epoch 64/200, Batch 100, Aver_Loss: 1775.29
Epoch 64/200, Batch 200, Aver_Loss: 1777.72
Epoch 64/200, Batch 300, Aver_Loss: 1757.39
Epoch 64/200, Batch 400, Aver_Loss: 1783.95
Epoch 65/200, Batch 100, Aver_Loss: 1784.89
Epoch 65/200, Batch 200, Aver_Loss: 1715.52
Epoch 65/200, Batch 300, Aver_Loss: 1794.71
Epoch 65/200, Batch 400, Aver_Loss: 1720.13
Epoch 66/200, Batch 100, Aver_Loss: 1731.24
Epoch 66/200, Batch 200, Aver_Loss: 1789.06
Epoch 66/200, Batch 300, Aver_Loss: 1805.04
Epoch 66/200, Batch 400, Aver_Loss: 1802.45
Epoch 67/200, Batch 100, Aver_Loss: 1743.76
Epoch 67/200, Batch 200, Aver_Loss: 1792.74
Epoch 67/200, Batch 300, Aver_Loss: 1695.75
Epoch 67/200, Batch 400, Aver_Loss: 1785.13
Epoch 68/200, Batch 100, Aver_Loss: 1783.28
Epoch 68/200, Batch 200, Aver_Loss: 1767.20
Epoch 68/200, Batch 300, Aver_Loss: 1733.39
Epoch 68/200, Batch 400, Aver_Loss: 1791.53
Epoch 69/200, Batch 100, Aver_Loss: 1786.31
Epoch 69/200, Batch 200, Aver_Loss: 1765.00
Epoch 69/200, Batch 300, Aver_Loss: 1811.54
Epoch 69/200, Batch 400, Aver_Loss: 1785.53
Epoch 70/200, Batch 100, Aver_Loss: 1801.29
Epoch 70/200, Batch 200, Aver_Loss: 1826.32
Epoch 70/200, Batch 300, Aver_Loss: 1788.19
Epoch 70/200, Batch 400, Aver_Loss: 1829.13
Epoch 71/200, Batch 100, Aver_Loss: 1854.99
Epoch 71/200, Batch 200, Aver_Loss: 1781.41
Epoch 71/200, Batch 300, Aver_Loss: 1774.19
Epoch 71/200, Batch 400, Aver_Loss: 1773.34
Epoch 72/200, Batch 100, Aver_Loss: 1760.10
Epoch 72/200, Batch 200, Aver_Loss: 1725.57
Epoch 72/200, Batch 300, Aver_Loss: 1836.04
Epoch 72/200, Batch 400, Aver_Loss: 1756.31
Epoch 73/200, Batch 100, Aver_Loss: 1780.40
Epoch 73/200, Batch 200, Aver_Loss: 1719.75
Epoch 73/200, Batch 300, Aver_Loss: 1779.48
Epoch 73/200, Batch 400, Aver_Loss: 1766.12
Epoch 74/200, Batch 100, Aver_Loss: 1772.83
Epoch 74/200, Batch 200, Aver_Loss: 1795.86
Epoch 74/200, Batch 300, Aver_Loss: 1786.58
Epoch 74/200, Batch 400, Aver_Loss: 1802.45
Epoch 75/200, Batch 100, Aver_Loss: 1794.60
Epoch 75/200, Batch 200, Aver_Loss: 1793.86
Epoch 75/200, Batch 300, Aver_Loss: 1717.17
Epoch 75/200, Batch 400, Aver_Loss: 1810.54
Epoch 76/200, Batch 100, Aver_Loss: 1783.79
Epoch 76/200, Batch 200, Aver_Loss: 1832.28
Epoch 76/200, Batch 300, Aver_Loss: 1772.40
Epoch 76/200, Batch 400, Aver_Loss: 1792.06
Epoch 77/200, Batch 100, Aver_Loss: 1804.43
Epoch 77/200, Batch 200, Aver_Loss: 1750.24
Epoch 77/200, Batch 300, Aver_Loss: 1703.18
Epoch 77/200, Batch 400, Aver_Loss: 1726.67
Epoch 78/200, Batch 100, Aver_Loss: 1821.15
Epoch 78/200, Batch 200, Aver_Loss: 1755.56
Epoch 78/200, Batch 300, Aver_Loss: 1742.52
Epoch 78/200, Batch 400, Aver_Loss: 1757.39
Epoch 79/200, Batch 100, Aver_Loss: 1815.87
Epoch 79/200, Batch 200, Aver_Loss: 1790.64
Epoch 79/200, Batch 300, Aver_Loss: 1769.93
Epoch 79/200, Batch 400, Aver_Loss: 1798.26
Epoch 80/200, Batch 100, Aver_Loss: 1770.86
Epoch 80/200, Batch 200, Aver_Loss: 1772.99
Epoch 80/200, Batch 300, Aver_Loss: 1802.04
Epoch 80/200, Batch 400, Aver_Loss: 1817.14
Epoch 81/200, Batch 100, Aver_Loss: 1785.15
Epoch 81/200, Batch 200, Aver_Loss: 1749.11
Epoch 81/200, Batch 300, Aver_Loss: 1760.04
Epoch 81/200, Batch 400, Aver_Loss: 1712.67
Epoch 82/200, Batch 100, Aver_Loss: 1800.24
Epoch 82/200, Batch 200, Aver_Loss: 1753.51
Epoch 82/200, Batch 300, Aver_Loss: 1757.65
Epoch 82/200, Batch 400, Aver_Loss: 1799.24
Epoch 83/200, Batch 100, Aver_Loss: 1734.15
Epoch 83/200, Batch 200, Aver_Loss: 1761.56
Epoch 83/200, Batch 300, Aver_Loss: 1759.94
Epoch 83/200, Batch 400, Aver_Loss: 1835.53
Epoch 84/200, Batch 100, Aver_Loss: 1759.32
Epoch 84/200, Batch 200, Aver_Loss: 1709.43
Epoch 84/200, Batch 300, Aver_Loss: 1779.34
Epoch 84/200, Batch 400, Aver_Loss: 1809.55
Epoch 85/200, Batch 100, Aver_Loss: 1778.50
Epoch 85/200, Batch 200, Aver_Loss: 1741.49
Epoch 85/200, Batch 300, Aver_Loss: 1795.86
Epoch 85/200, Batch 400, Aver_Loss: 1791.84
Epoch 86/200, Batch 100, Aver_Loss: 1713.77
Epoch 86/200, Batch 200, Aver_Loss: 1755.27
Epoch 86/200, Batch 300, Aver_Loss: 1793.96
Epoch 86/200, Batch 400, Aver_Loss: 1801.91
Epoch 87/200, Batch 100, Aver_Loss: 1840.43
Epoch 87/200, Batch 200, Aver_Loss: 1785.69
Epoch 87/200, Batch 300, Aver_Loss: 1833.44
Epoch 87/200, Batch 400, Aver_Loss: 1779.64
Epoch 88/200, Batch 100, Aver_Loss: 1735.48
Epoch 88/200, Batch 200, Aver_Loss: 1793.50
Epoch 88/200, Batch 300, Aver_Loss: 1748.89
Epoch 88/200, Batch 400, Aver_Loss: 1793.77
Epoch 89/200, Batch 100, Aver_Loss: 1722.35
Epoch 89/200, Batch 200, Aver_Loss: 1781.06
Epoch 89/200, Batch 300, Aver_Loss: 1811.38
Epoch 89/200, Batch 400, Aver_Loss: 1784.28
Epoch 90/200, Batch 100, Aver_Loss: 1799.88
Epoch 90/200, Batch 200, Aver_Loss: 1782.67
Epoch 90/200, Batch 300, Aver_Loss: 1758.22
Epoch 90/200, Batch 400, Aver_Loss: 1791.92
Epoch 91/200, Batch 100, Aver_Loss: 1786.97
Epoch 91/200, Batch 200, Aver_Loss: 1784.59
Epoch 91/200, Batch 300, Aver_Loss: 1842.08
Epoch 91/200, Batch 400, Aver_Loss: 1711.41
Epoch 92/200, Batch 100, Aver_Loss: 1821.36
Epoch 92/200, Batch 200, Aver_Loss: 1774.75
Epoch 92/200, Batch 300, Aver_Loss: 1759.41
Epoch 92/200, Batch 400, Aver_Loss: 1798.51
Epoch 93/200, Batch 100, Aver_Loss: 1792.17
Epoch 93/200, Batch 200, Aver_Loss: 1728.98
Epoch 93/200, Batch 300, Aver_Loss: 1772.62
Epoch 93/200, Batch 400, Aver_Loss: 1791.66
Epoch 94/200, Batch 100, Aver_Loss: 1798.48
Epoch 94/200, Batch 200, Aver_Loss: 1778.44
Epoch 94/200, Batch 300, Aver_Loss: 1770.71
Epoch 94/200, Batch 400, Aver_Loss: 1789.11
Epoch 95/200, Batch 100, Aver_Loss: 1790.93
Epoch 95/200, Batch 200, Aver_Loss: 1756.86
Epoch 95/200, Batch 300, Aver_Loss: 1766.79
Epoch 95/200, Batch 400, Aver_Loss: 1811.04
Epoch 96/200, Batch 100, Aver_Loss: 1776.71
Epoch 96/200, Batch 200, Aver_Loss: 1755.81
Epoch 96/200, Batch 300, Aver_Loss: 1794.20
Epoch 96/200, Batch 400, Aver_Loss: 1810.63
Epoch 97/200, Batch 100, Aver_Loss: 1793.72
Epoch 97/200, Batch 200, Aver_Loss: 1788.33
Epoch 97/200, Batch 300, Aver_Loss: 1799.93
Epoch 97/200, Batch 400, Aver_Loss: 1776.84
Epoch 98/200, Batch 100, Aver_Loss: 1750.52
Epoch 98/200, Batch 200, Aver_Loss: 1728.50
Epoch 98/200, Batch 300, Aver_Loss: 1797.34
Epoch 98/200, Batch 400, Aver_Loss: 1797.11
Epoch 99/200, Batch 100, Aver_Loss: 1790.60
Epoch 99/200, Batch 200, Aver_Loss: 1779.03
Epoch 99/200, Batch 300, Aver_Loss: 1731.81
Epoch 99/200, Batch 400, Aver_Loss: 1830.15
Epoch 100/200, Batch 100, Aver_Loss: 1762.89
Epoch 100/200, Batch 200, Aver_Loss: 1833.13
Epoch 100/200, Batch 300, Aver_Loss: 1786.40
Epoch 100/200, Batch 400, Aver_Loss: 1730.60
Epoch 101/200, Batch 100, Aver_Loss: 1800.78
Epoch 101/200, Batch 200, Aver_Loss: 1785.53
Epoch 101/200, Batch 300, Aver_Loss: 1783.74
Epoch 101/200, Batch 400, Aver_Loss: 1756.51
Epoch 102/200, Batch 100, Aver_Loss: 1767.32
Epoch 102/200, Batch 200, Aver_Loss: 1816.66
Epoch 102/200, Batch 300, Aver_Loss: 1832.10
Epoch 102/200, Batch 400, Aver_Loss: 1762.24
Epoch 103/200, Batch 100, Aver_Loss: 1808.22
Epoch 103/200, Batch 200, Aver_Loss: 1772.15
Epoch 103/200, Batch 300, Aver_Loss: 1707.86
Epoch 103/200, Batch 400, Aver_Loss: 1814.92
Epoch 104/200, Batch 100, Aver_Loss: 1787.53
Epoch 104/200, Batch 200, Aver_Loss: 1815.87
Epoch 104/200, Batch 300, Aver_Loss: 1791.98
Epoch 104/200, Batch 400, Aver_Loss: 1815.68
Epoch 105/200, Batch 100, Aver_Loss: 1747.65
Epoch 105/200, Batch 200, Aver_Loss: 1759.89
Epoch 105/200, Batch 300, Aver_Loss: 1789.04
Epoch 105/200, Batch 400, Aver_Loss: 1772.15
Epoch 106/200, Batch 100, Aver_Loss: 1728.14
Epoch 106/200, Batch 200, Aver_Loss: 1815.16
Epoch 106/200, Batch 300, Aver_Loss: 1766.47
Epoch 106/200, Batch 400, Aver_Loss: 1760.53
Epoch 107/200, Batch 100, Aver_Loss: 1776.59
Epoch 107/200, Batch 200, Aver_Loss: 1788.62
Epoch 107/200, Batch 300, Aver_Loss: 1763.77
Epoch 107/200, Batch 400, Aver_Loss: 1814.59
Epoch 108/200, Batch 100, Aver_Loss: 1808.58
Epoch 108/200, Batch 200, Aver_Loss: 1793.45
Epoch 108/200, Batch 300, Aver_Loss: 1788.57
Epoch 108/200, Batch 400, Aver_Loss: 1759.36
Epoch 109/200, Batch 100, Aver_Loss: 1773.12
Epoch 109/200, Batch 200, Aver_Loss: 1779.53
Epoch 109/200, Batch 300, Aver_Loss: 1741.66
Epoch 109/200, Batch 400, Aver_Loss: 1774.49
Epoch 110/200, Batch 100, Aver_Loss: 1790.46
Epoch 110/200, Batch 200, Aver_Loss: 1801.63
Epoch 110/200, Batch 300, Aver_Loss: 1767.19
Epoch 110/200, Batch 400, Aver_Loss: 1741.20
Epoch 111/200, Batch 100, Aver_Loss: 1777.69
Epoch 111/200, Batch 200, Aver_Loss: 1787.29
Epoch 111/200, Batch 300, Aver_Loss: 1775.34
Epoch 111/200, Batch 400, Aver_Loss: 1788.56
Epoch 112/200, Batch 100, Aver_Loss: 1817.97
Epoch 112/200, Batch 200, Aver_Loss: 1751.67
Epoch 112/200, Batch 300, Aver_Loss: 1827.01
Epoch 112/200, Batch 400, Aver_Loss: 1727.56
Epoch 113/200, Batch 100, Aver_Loss: 1808.99
Epoch 113/200, Batch 200, Aver_Loss: 1802.00
Epoch 113/200, Batch 300, Aver_Loss: 1782.83
Epoch 113/200, Batch 400, Aver_Loss: 1768.24
Epoch 114/200, Batch 100, Aver_Loss: 1773.92
Epoch 114/200, Batch 200, Aver_Loss: 1783.61
Epoch 114/200, Batch 300, Aver_Loss: 1795.51
Epoch 114/200, Batch 400, Aver_Loss: 1802.93
Epoch 115/200, Batch 100, Aver_Loss: 1784.45
Epoch 115/200, Batch 200, Aver_Loss: 1767.95
Epoch 115/200, Batch 300, Aver_Loss: 1751.36
Epoch 115/200, Batch 400, Aver_Loss: 1771.72
Epoch 116/200, Batch 100, Aver_Loss: 1788.61
Epoch 116/200, Batch 200, Aver_Loss: 1797.62
Epoch 116/200, Batch 300, Aver_Loss: 1725.69
Epoch 116/200, Batch 400, Aver_Loss: 1809.52
Epoch 117/200, Batch 100, Aver_Loss: 1769.71
Epoch 117/200, Batch 200, Aver_Loss: 1784.53
Epoch 117/200, Batch 300, Aver_Loss: 1781.18
Epoch 117/200, Batch 400, Aver_Loss: 1719.52
Epoch 118/200, Batch 100, Aver_Loss: 1743.89
Epoch 118/200, Batch 200, Aver_Loss: 1785.04
Epoch 118/200, Batch 300, Aver_Loss: 1741.78
Epoch 118/200, Batch 400, Aver_Loss: 1801.50
Epoch 119/200, Batch 100, Aver_Loss: 1799.13
Epoch 119/200, Batch 200, Aver_Loss: 1760.20
Epoch 119/200, Batch 300, Aver_Loss: 1792.97
Epoch 119/200, Batch 400, Aver_Loss: 1753.34
Epoch 120/200, Batch 100, Aver_Loss: 1792.08
Epoch 120/200, Batch 200, Aver_Loss: 1777.42
Epoch 120/200, Batch 300, Aver_Loss: 1780.06
Epoch 120/200, Batch 400, Aver_Loss: 1737.97
Epoch 121/200, Batch 100, Aver_Loss: 1758.07
Epoch 121/200, Batch 200, Aver_Loss: 1814.31
Epoch 121/200, Batch 300, Aver_Loss: 1792.64
Epoch 121/200, Batch 400, Aver_Loss: 1796.43
Epoch 122/200, Batch 100, Aver_Loss: 1760.72
Epoch 122/200, Batch 200, Aver_Loss: 1719.35
Epoch 122/200, Batch 300, Aver_Loss: 1813.24
Epoch 122/200, Batch 400, Aver_Loss: 1805.96
Epoch 123/200, Batch 100, Aver_Loss: 1770.81
Epoch 123/200, Batch 200, Aver_Loss: 1732.03
Epoch 123/200, Batch 300, Aver_Loss: 1779.59
Epoch 123/200, Batch 400, Aver_Loss: 1737.47
Epoch 124/200, Batch 100, Aver_Loss: 1777.07
Epoch 124/200, Batch 200, Aver_Loss: 1747.44
Epoch 124/200, Batch 300, Aver_Loss: 1734.69
Epoch 124/200, Batch 400, Aver_Loss: 1773.54
Epoch 125/200, Batch 100, Aver_Loss: 1792.97
Epoch 125/200, Batch 200, Aver_Loss: 1844.29
Epoch 125/200, Batch 300, Aver_Loss: 1774.33
Epoch 125/200, Batch 400, Aver_Loss: 1759.72
Epoch 126/200, Batch 100, Aver_Loss: 1750.91
Epoch 126/200, Batch 200, Aver_Loss: 1786.35
Epoch 126/200, Batch 300, Aver_Loss: 1746.62
Epoch 126/200, Batch 400, Aver_Loss: 1776.47
Epoch 127/200, Batch 100, Aver_Loss: 1754.93
Epoch 127/200, Batch 200, Aver_Loss: 1804.20
Epoch 127/200, Batch 300, Aver_Loss: 1814.21
Epoch 127/200, Batch 400, Aver_Loss: 1793.03
Epoch 128/200, Batch 100, Aver_Loss: 1784.13
Epoch 128/200, Batch 200, Aver_Loss: 1786.51
Epoch 128/200, Batch 300, Aver_Loss: 1783.99
Epoch 128/200, Batch 400, Aver_Loss: 1800.02
Epoch 129/200, Batch 100, Aver_Loss: 1775.12
Epoch 129/200, Batch 200, Aver_Loss: 1779.87
Epoch 129/200, Batch 300, Aver_Loss: 1745.98
Epoch 129/200, Batch 400, Aver_Loss: 1808.10
Epoch 130/200, Batch 100, Aver_Loss: 1766.37
Epoch 130/200, Batch 200, Aver_Loss: 1763.03
Epoch 130/200, Batch 300, Aver_Loss: 1807.89
Epoch 130/200, Batch 400, Aver_Loss: 1780.92
Epoch 131/200, Batch 100, Aver_Loss: 1743.50
Epoch 131/200, Batch 200, Aver_Loss: 1843.47
Epoch 131/200, Batch 300, Aver_Loss: 1748.98
Epoch 131/200, Batch 400, Aver_Loss: 1742.05
Epoch 132/200, Batch 100, Aver_Loss: 1818.17
Epoch 132/200, Batch 200, Aver_Loss: 1756.79
Epoch 132/200, Batch 300, Aver_Loss: 1836.01
Epoch 132/200, Batch 400, Aver_Loss: 1807.61
Epoch 133/200, Batch 100, Aver_Loss: 1793.83
Epoch 133/200, Batch 200, Aver_Loss: 1783.47
Epoch 133/200, Batch 300, Aver_Loss: 1774.36
Epoch 133/200, Batch 400, Aver_Loss: 1821.28
Epoch 134/200, Batch 100, Aver_Loss: 1788.36
Epoch 134/200, Batch 200, Aver_Loss: 1823.26
Epoch 134/200, Batch 300, Aver_Loss: 1775.84
Epoch 134/200, Batch 400, Aver_Loss: 1787.20
Epoch 135/200, Batch 100, Aver_Loss: 1768.91
Epoch 135/200, Batch 200, Aver_Loss: 1796.90
Epoch 135/200, Batch 300, Aver_Loss: 1826.02
Epoch 135/200, Batch 400, Aver_Loss: 1780.58
Epoch 136/200, Batch 100, Aver_Loss: 1762.17
Epoch 136/200, Batch 200, Aver_Loss: 1771.96
Epoch 136/200, Batch 300, Aver_Loss: 1771.74
Epoch 136/200, Batch 400, Aver_Loss: 1770.13
Epoch 137/200, Batch 100, Aver_Loss: 1782.45
Epoch 137/200, Batch 200, Aver_Loss: 1773.34
Epoch 137/200, Batch 300, Aver_Loss: 1768.45
Epoch 137/200, Batch 400, Aver_Loss: 1810.72
Epoch 138/200, Batch 100, Aver_Loss: 1765.84
Epoch 138/200, Batch 200, Aver_Loss: 1822.30
Epoch 138/200, Batch 300, Aver_Loss: 1787.04
Epoch 138/200, Batch 400, Aver_Loss: 1780.32
Epoch 139/200, Batch 100, Aver_Loss: 1839.14
Epoch 139/200, Batch 200, Aver_Loss: 1804.17
Epoch 139/200, Batch 300, Aver_Loss: 1749.73
Epoch 139/200, Batch 400, Aver_Loss: 1785.58
Epoch 140/200, Batch 100, Aver_Loss: 1739.15
Epoch 140/200, Batch 200, Aver_Loss: 1725.72
Epoch 140/200, Batch 300, Aver_Loss: 1780.00
Epoch 140/200, Batch 400, Aver_Loss: 1753.22
Epoch 141/200, Batch 100, Aver_Loss: 1790.67
Epoch 141/200, Batch 200, Aver_Loss: 1786.34
Epoch 141/200, Batch 300, Aver_Loss: 1769.95
Epoch 141/200, Batch 400, Aver_Loss: 1778.80
Epoch 142/200, Batch 100, Aver_Loss: 1785.99
Epoch 142/200, Batch 200, Aver_Loss: 1780.47
Epoch 142/200, Batch 300, Aver_Loss: 1711.17
Epoch 142/200, Batch 400, Aver_Loss: 1753.78
Epoch 143/200, Batch 100, Aver_Loss: 1796.67
Epoch 143/200, Batch 200, Aver_Loss: 1804.68
Epoch 143/200, Batch 300, Aver_Loss: 1755.01
Epoch 143/200, Batch 400, Aver_Loss: 1804.22
Epoch 144/200, Batch 100, Aver_Loss: 1698.84
Epoch 144/200, Batch 200, Aver_Loss: 1798.85
Epoch 144/200, Batch 300, Aver_Loss: 1776.41
Epoch 144/200, Batch 400, Aver_Loss: 1753.34
Epoch 145/200, Batch 100, Aver_Loss: 1777.40
Epoch 145/200, Batch 200, Aver_Loss: 1762.73
Epoch 145/200, Batch 300, Aver_Loss: 1737.57
Epoch 145/200, Batch 400, Aver_Loss: 1798.27
Epoch 146/200, Batch 100, Aver_Loss: 1796.71
Epoch 146/200, Batch 200, Aver_Loss: 1773.15
Epoch 146/200, Batch 300, Aver_Loss: 1706.31
Epoch 146/200, Batch 400, Aver_Loss: 1771.72
Epoch 147/200, Batch 100, Aver_Loss: 1759.61
Epoch 147/200, Batch 200, Aver_Loss: 1761.27
Epoch 147/200, Batch 300, Aver_Loss: 1764.58
Epoch 147/200, Batch 400, Aver_Loss: 1758.37
Epoch 148/200, Batch 100, Aver_Loss: 1809.75
Epoch 148/200, Batch 200, Aver_Loss: 1793.64
Epoch 148/200, Batch 300, Aver_Loss: 1805.27
Epoch 148/200, Batch 400, Aver_Loss: 1736.38
Epoch 149/200, Batch 100, Aver_Loss: 1769.95
Epoch 149/200, Batch 200, Aver_Loss: 1807.54
Epoch 149/200, Batch 300, Aver_Loss: 1795.18
Epoch 149/200, Batch 400, Aver_Loss: 1782.82
Epoch 150/200, Batch 100, Aver_Loss: 1735.64
Epoch 150/200, Batch 200, Aver_Loss: 1758.51
Epoch 150/200, Batch 300, Aver_Loss: 1786.92
Epoch 150/200, Batch 400, Aver_Loss: 1764.87
Epoch 151/200, Batch 100, Aver_Loss: 1754.35
Epoch 151/200, Batch 200, Aver_Loss: 1782.75
Epoch 151/200, Batch 300, Aver_Loss: 1756.43
Epoch 151/200, Batch 400, Aver_Loss: 1708.21
Epoch 152/200, Batch 100, Aver_Loss: 1715.41
Epoch 152/200, Batch 200, Aver_Loss: 1753.16
Epoch 152/200, Batch 300, Aver_Loss: 1766.11
Epoch 152/200, Batch 400, Aver_Loss: 1776.97
Epoch 153/200, Batch 100, Aver_Loss: 1701.45
Epoch 153/200, Batch 200, Aver_Loss: 1775.84
Epoch 153/200, Batch 300, Aver_Loss: 1826.57
Epoch 153/200, Batch 400, Aver_Loss: 1791.92
Epoch 154/200, Batch 100, Aver_Loss: 1777.20
Epoch 154/200, Batch 200, Aver_Loss: 1771.70
Epoch 154/200, Batch 300, Aver_Loss: 1793.80
Epoch 154/200, Batch 400, Aver_Loss: 1812.70
Epoch 155/200, Batch 100, Aver_Loss: 1790.32
Epoch 155/200, Batch 200, Aver_Loss: 1780.30
Epoch 155/200, Batch 300, Aver_Loss: 1712.74
Epoch 155/200, Batch 400, Aver_Loss: 1805.42
Epoch 156/200, Batch 100, Aver_Loss: 1754.75
Epoch 156/200, Batch 200, Aver_Loss: 1678.60
Epoch 156/200, Batch 300, Aver_Loss: 1800.41
Epoch 156/200, Batch 400, Aver_Loss: 1769.20
Epoch 157/200, Batch 100, Aver_Loss: 1803.50
Epoch 157/200, Batch 200, Aver_Loss: 1799.66
Epoch 157/200, Batch 300, Aver_Loss: 1771.43
Epoch 157/200, Batch 400, Aver_Loss: 1795.31
Epoch 158/200, Batch 100, Aver_Loss: 1829.07
Epoch 158/200, Batch 200, Aver_Loss: 1813.82
Epoch 158/200, Batch 300, Aver_Loss: 1742.35
Epoch 158/200, Batch 400, Aver_Loss: 1770.07
Epoch 159/200, Batch 100, Aver_Loss: 1777.89
Epoch 159/200, Batch 200, Aver_Loss: 1794.30
Epoch 159/200, Batch 300, Aver_Loss: 1803.60
Epoch 159/200, Batch 400, Aver_Loss: 1796.09
Epoch 160/200, Batch 100, Aver_Loss: 1746.16
Epoch 160/200, Batch 200, Aver_Loss: 1789.17
Epoch 160/200, Batch 300, Aver_Loss: 1796.46
Epoch 160/200, Batch 400, Aver_Loss: 1804.20
Epoch 161/200, Batch 100, Aver_Loss: 1760.53
Epoch 161/200, Batch 200, Aver_Loss: 1742.46
Epoch 161/200, Batch 300, Aver_Loss: 1764.65
Epoch 161/200, Batch 400, Aver_Loss: 1781.35
Epoch 162/200, Batch 100, Aver_Loss: 1772.25
Epoch 162/200, Batch 200, Aver_Loss: 1779.62
Epoch 162/200, Batch 300, Aver_Loss: 1792.59
Epoch 162/200, Batch 400, Aver_Loss: 1764.10
Epoch 163/200, Batch 100, Aver_Loss: 1746.61
Epoch 163/200, Batch 200, Aver_Loss: 1742.94
Epoch 163/200, Batch 300, Aver_Loss: 1771.07
Epoch 163/200, Batch 400, Aver_Loss: 1724.47
Epoch 164/200, Batch 100, Aver_Loss: 1812.19
Epoch 164/200, Batch 200, Aver_Loss: 1805.75
Epoch 164/200, Batch 300, Aver_Loss: 1757.45
Epoch 164/200, Batch 400, Aver_Loss: 1815.25
Epoch 165/200, Batch 100, Aver_Loss: 1770.14
Epoch 165/200, Batch 200, Aver_Loss: 1833.98
Epoch 165/200, Batch 300, Aver_Loss: 1752.27
Epoch 165/200, Batch 400, Aver_Loss: 1764.99
Epoch 166/200, Batch 100, Aver_Loss: 1774.02
Epoch 166/200, Batch 200, Aver_Loss: 1781.92
Epoch 166/200, Batch 300, Aver_Loss: 1802.76
Epoch 166/200, Batch 400, Aver_Loss: 1782.43
Epoch 167/200, Batch 100, Aver_Loss: 1781.83
Epoch 167/200, Batch 200, Aver_Loss: 1753.03
Epoch 167/200, Batch 300, Aver_Loss: 1803.93
Epoch 167/200, Batch 400, Aver_Loss: 1833.65
Epoch 168/200, Batch 100, Aver_Loss: 1782.71
Epoch 168/200, Batch 200, Aver_Loss: 1806.02
Epoch 168/200, Batch 300, Aver_Loss: 1815.33
Epoch 168/200, Batch 400, Aver_Loss: 1822.85
Epoch 169/200, Batch 100, Aver_Loss: 1749.33
Epoch 169/200, Batch 200, Aver_Loss: 1786.79
Epoch 169/200, Batch 300, Aver_Loss: 1783.65
Epoch 169/200, Batch 400, Aver_Loss: 1770.21
Epoch 170/200, Batch 100, Aver_Loss: 1762.61
Epoch 170/200, Batch 200, Aver_Loss: 1793.79
Epoch 170/200, Batch 300, Aver_Loss: 1779.91
Epoch 170/200, Batch 400, Aver_Loss: 1755.82
Epoch 171/200, Batch 100, Aver_Loss: 1766.94
Epoch 171/200, Batch 200, Aver_Loss: 1789.14
Epoch 171/200, Batch 300, Aver_Loss: 1764.59
Epoch 171/200, Batch 400, Aver_Loss: 1762.16
Epoch 172/200, Batch 100, Aver_Loss: 1751.21
Epoch 172/200, Batch 200, Aver_Loss: 1772.08
Epoch 172/200, Batch 300, Aver_Loss: 1794.37
Epoch 172/200, Batch 400, Aver_Loss: 1778.61
Epoch 173/200, Batch 100, Aver_Loss: 1727.86
Epoch 173/200, Batch 200, Aver_Loss: 1766.35
Epoch 173/200, Batch 300, Aver_Loss: 1805.45
Epoch 173/200, Batch 400, Aver_Loss: 1743.82
Epoch 174/200, Batch 100, Aver_Loss: 1787.14
Epoch 174/200, Batch 200, Aver_Loss: 1808.58
Epoch 174/200, Batch 300, Aver_Loss: 1798.80
Epoch 174/200, Batch 400, Aver_Loss: 1754.55
Epoch 175/200, Batch 100, Aver_Loss: 1732.25
Epoch 175/200, Batch 200, Aver_Loss: 1772.43
Epoch 175/200, Batch 300, Aver_Loss: 1752.19
Epoch 175/200, Batch 400, Aver_Loss: 1803.15
Epoch 176/200, Batch 100, Aver_Loss: 1818.52
Epoch 176/200, Batch 200, Aver_Loss: 1763.63
Epoch 176/200, Batch 300, Aver_Loss: 1765.48
Epoch 176/200, Batch 400, Aver_Loss: 1765.93
Epoch 177/200, Batch 100, Aver_Loss: 1720.39
Epoch 177/200, Batch 200, Aver_Loss: 1811.48
Epoch 177/200, Batch 300, Aver_Loss: 1731.98
Epoch 177/200, Batch 400, Aver_Loss: 1747.65
Epoch 178/200, Batch 100, Aver_Loss: 1777.32
Epoch 178/200, Batch 200, Aver_Loss: 1787.44
Epoch 178/200, Batch 300, Aver_Loss: 1771.53
Epoch 178/200, Batch 400, Aver_Loss: 1773.77
Epoch 179/200, Batch 100, Aver_Loss: 1744.59
Epoch 179/200, Batch 200, Aver_Loss: 1739.13
Epoch 179/200, Batch 300, Aver_Loss: 1784.94
Epoch 179/200, Batch 400, Aver_Loss: 1828.79
Epoch 180/200, Batch 100, Aver_Loss: 1845.61
Epoch 180/200, Batch 200, Aver_Loss: 1759.96
Epoch 180/200, Batch 300, Aver_Loss: 1753.90
Epoch 180/200, Batch 400, Aver_Loss: 1773.25
Epoch 181/200, Batch 100, Aver_Loss: 1756.32
Epoch 181/200, Batch 200, Aver_Loss: 1819.01
Epoch 181/200, Batch 300, Aver_Loss: 1813.56
Epoch 181/200, Batch 400, Aver_Loss: 1789.32
Epoch 182/200, Batch 100, Aver_Loss: 1739.76
Epoch 182/200, Batch 200, Aver_Loss: 1785.46
Epoch 182/200, Batch 300, Aver_Loss: 1761.75
Epoch 182/200, Batch 400, Aver_Loss: 1821.39
Epoch 183/200, Batch 100, Aver_Loss: 1743.85
Epoch 183/200, Batch 200, Aver_Loss: 1793.26
Epoch 183/200, Batch 300, Aver_Loss: 1712.55
Epoch 183/200, Batch 400, Aver_Loss: 1813.67
Epoch 184/200, Batch 100, Aver_Loss: 1754.13
Epoch 184/200, Batch 200, Aver_Loss: 1788.91
Epoch 184/200, Batch 300, Aver_Loss: 1737.94
Epoch 184/200, Batch 400, Aver_Loss: 1765.49
Epoch 185/200, Batch 100, Aver_Loss: 1755.48
Epoch 185/200, Batch 200, Aver_Loss: 1765.70
Epoch 185/200, Batch 300, Aver_Loss: 1791.64
Epoch 185/200, Batch 400, Aver_Loss: 1746.73
Epoch 186/200, Batch 100, Aver_Loss: 1768.89
Epoch 186/200, Batch 200, Aver_Loss: 1810.08
Epoch 186/200, Batch 300, Aver_Loss: 1786.60
Epoch 186/200, Batch 400, Aver_Loss: 1802.79
Epoch 187/200, Batch 100, Aver_Loss: 1774.37
Epoch 187/200, Batch 200, Aver_Loss: 1742.07
Epoch 187/200, Batch 300, Aver_Loss: 1728.39
Epoch 187/200, Batch 400, Aver_Loss: 1741.02
Epoch 188/200, Batch 100, Aver_Loss: 1758.58
Epoch 188/200, Batch 200, Aver_Loss: 1781.29
Epoch 188/200, Batch 300, Aver_Loss: 1750.12
Epoch 188/200, Batch 400, Aver_Loss: 1811.71
Epoch 189/200, Batch 100, Aver_Loss: 1783.22
Epoch 189/200, Batch 200, Aver_Loss: 1765.94
Epoch 189/200, Batch 300, Aver_Loss: 1746.33
Epoch 189/200, Batch 400, Aver_Loss: 1768.74
Epoch 190/200, Batch 100, Aver_Loss: 1801.33
Epoch 190/200, Batch 200, Aver_Loss: 1821.32
Epoch 190/200, Batch 300, Aver_Loss: 1796.04
Epoch 190/200, Batch 400, Aver_Loss: 1739.03
Epoch 191/200, Batch 100, Aver_Loss: 1780.75
Epoch 191/200, Batch 200, Aver_Loss: 1748.89
Epoch 191/200, Batch 300, Aver_Loss: 1803.50
Epoch 191/200, Batch 400, Aver_Loss: 1776.08
Epoch 192/200, Batch 100, Aver_Loss: 1748.06
Epoch 192/200, Batch 200, Aver_Loss: 1807.76
Epoch 192/200, Batch 300, Aver_Loss: 1810.28
Epoch 192/200, Batch 400, Aver_Loss: 1757.95
Epoch 193/200, Batch 100, Aver_Loss: 1783.10
Epoch 193/200, Batch 200, Aver_Loss: 1787.56
Epoch 193/200, Batch 300, Aver_Loss: 1722.61
Epoch 193/200, Batch 400, Aver_Loss: 1792.82
Epoch 194/200, Batch 100, Aver_Loss: 1744.00
Epoch 194/200, Batch 200, Aver_Loss: 1790.70
Epoch 194/200, Batch 300, Aver_Loss: 1763.00
Epoch 194/200, Batch 400, Aver_Loss: 1763.80
Epoch 195/200, Batch 100, Aver_Loss: 1779.36
Epoch 195/200, Batch 200, Aver_Loss: 1795.48
Epoch 195/200, Batch 300, Aver_Loss: 1752.91
Epoch 195/200, Batch 400, Aver_Loss: 1742.40
Epoch 196/200, Batch 100, Aver_Loss: 1784.78
Epoch 196/200, Batch 200, Aver_Loss: 1787.87
Epoch 196/200, Batch 300, Aver_Loss: 1824.13
Epoch 196/200, Batch 400, Aver_Loss: 1805.08
Epoch 197/200, Batch 100, Aver_Loss: 1828.76
Epoch 197/200, Batch 200, Aver_Loss: 1803.51
Epoch 197/200, Batch 300, Aver_Loss: 1765.44
Epoch 197/200, Batch 400, Aver_Loss: 1795.90
Epoch 198/200, Batch 100, Aver_Loss: 1793.06
Epoch 198/200, Batch 200, Aver_Loss: 1735.42
Epoch 198/200, Batch 300, Aver_Loss: 1809.48
Epoch 198/200, Batch 400, Aver_Loss: 1817.52
Epoch 199/200, Batch 100, Aver_Loss: 1765.85
Epoch 199/200, Batch 200, Aver_Loss: 1823.39
Epoch 199/200, Batch 300, Aver_Loss: 1748.41
Epoch 199/200, Batch 400, Aver_Loss: 1761.27
Epoch 200/200, Batch 100, Aver_Loss: 1793.40
Epoch 200/200, Batch 200, Aver_Loss: 1824.73
Epoch 200/200, Batch 300, Aver_Loss: 1808.74
Epoch 200/200, Batch 400, Aver_Loss: 1781.40
[saved curves] ./results/CIFAR100/curves/cifar100_mvae_d512_s777.json

==== Evaluation Summary ====
                 model: mvae
   recon/mse_per_pixel: 0.016365
            elbo/train: -1784.044163
             elbo/test: -1787.513250
             mse/train: 0.015926
              mse/test: 0.016365
             probe/acc: 0.202083
             probe/nll: 3.468655
           probe/brier: 0.906978
             probe/ece: 0.022654
           cluster/nmi: 0.224174
           cluster/ari: 0.028333
============================

