/usr/bin/which: no fi_info in (/arf/home/meyavuz/.local/bin:/arf/sw/comp/python/intelpython3/condabin:/arf/sw/comp/python/intelpython3/bin:/usr/share/Modules/bin:/usr/local/bin:/usr/bin:/usr/local/sbin:/usr/sbin)
Extension for Scikit-learn* enabled (https://github.com/uxlfoundation/scikit-learn-intelex)
/arf/home/meyavuz/.conda/envs/sbn/lib/python3.9/site-packages/sklearn/linear_model/_logistic.py:1247: FutureWarning: 'multi_class' was deprecated in version 1.5 and will be removed in 1.7. From then on, it will always use 'multinomial'. Leave it to its default value to avoid this warning.
  warnings.warn(
/arf/home/meyavuz/.conda/envs/sbn/lib/python3.9/site-packages/sklearn/linear_model/_sag.py:348: ConvergenceWarning: The max_iter was reached which means the coef_ did not converge
  warnings.warn(
Epoch 1/200, Batch 100, Aver_Loss: 2034.91
Epoch 1/200, Batch 200, Aver_Loss: 1934.08
Epoch 1/200, Batch 300, Aver_Loss: 1903.00
Epoch 1/200, Batch 400, Aver_Loss: 1884.14
Epoch 2/200, Batch 100, Aver_Loss: 1891.66
Epoch 2/200, Batch 200, Aver_Loss: 1831.60
Epoch 2/200, Batch 300, Aver_Loss: 1832.97
Epoch 2/200, Batch 400, Aver_Loss: 1876.51
Epoch 3/200, Batch 100, Aver_Loss: 1840.39
Epoch 3/200, Batch 200, Aver_Loss: 1830.80
Epoch 3/200, Batch 300, Aver_Loss: 1806.19
Epoch 3/200, Batch 400, Aver_Loss: 1816.16
Epoch 4/200, Batch 100, Aver_Loss: 1811.45
Epoch 4/200, Batch 200, Aver_Loss: 1837.38
Epoch 4/200, Batch 300, Aver_Loss: 1853.94
Epoch 4/200, Batch 400, Aver_Loss: 1837.43
Epoch 5/200, Batch 100, Aver_Loss: 1833.37
Epoch 5/200, Batch 200, Aver_Loss: 1794.44
Epoch 5/200, Batch 300, Aver_Loss: 1810.04
Epoch 5/200, Batch 400, Aver_Loss: 1794.60
Epoch 6/200, Batch 100, Aver_Loss: 1808.50
Epoch 6/200, Batch 200, Aver_Loss: 1795.82
Epoch 6/200, Batch 300, Aver_Loss: 1779.44
Epoch 6/200, Batch 400, Aver_Loss: 1837.09
Epoch 7/200, Batch 100, Aver_Loss: 1821.53
Epoch 7/200, Batch 200, Aver_Loss: 1831.88
Epoch 7/200, Batch 300, Aver_Loss: 1786.49
Epoch 7/200, Batch 400, Aver_Loss: 1822.45
Epoch 8/200, Batch 100, Aver_Loss: 1788.02
Epoch 8/200, Batch 200, Aver_Loss: 1755.37
Epoch 8/200, Batch 300, Aver_Loss: 1849.38
Epoch 8/200, Batch 400, Aver_Loss: 1758.27
Epoch 9/200, Batch 100, Aver_Loss: 1774.02
Epoch 9/200, Batch 200, Aver_Loss: 1786.66
Epoch 9/200, Batch 300, Aver_Loss: 1800.89
Epoch 9/200, Batch 400, Aver_Loss: 1765.48
Epoch 10/200, Batch 100, Aver_Loss: 1833.65
Epoch 10/200, Batch 200, Aver_Loss: 1802.80
Epoch 10/200, Batch 300, Aver_Loss: 1796.56
Epoch 10/200, Batch 400, Aver_Loss: 1768.37
Epoch 11/200, Batch 100, Aver_Loss: 1831.35
Epoch 11/200, Batch 200, Aver_Loss: 1781.62
Epoch 11/200, Batch 300, Aver_Loss: 1762.86
Epoch 11/200, Batch 400, Aver_Loss: 1861.05
Epoch 12/200, Batch 100, Aver_Loss: 1827.67
Epoch 12/200, Batch 200, Aver_Loss: 1782.53
Epoch 12/200, Batch 300, Aver_Loss: 1825.38
Epoch 12/200, Batch 400, Aver_Loss: 1800.36
Epoch 13/200, Batch 100, Aver_Loss: 1781.28
Epoch 13/200, Batch 200, Aver_Loss: 1746.21
Epoch 13/200, Batch 300, Aver_Loss: 1835.89
Epoch 13/200, Batch 400, Aver_Loss: 1808.27
Epoch 14/200, Batch 100, Aver_Loss: 1850.26
Epoch 14/200, Batch 200, Aver_Loss: 1785.44
Epoch 14/200, Batch 300, Aver_Loss: 1768.80
Epoch 14/200, Batch 400, Aver_Loss: 1771.86
Epoch 15/200, Batch 100, Aver_Loss: 1780.16
Epoch 15/200, Batch 200, Aver_Loss: 1843.21
Epoch 15/200, Batch 300, Aver_Loss: 1783.38
Epoch 15/200, Batch 400, Aver_Loss: 1788.18
Epoch 16/200, Batch 100, Aver_Loss: 1782.59
Epoch 16/200, Batch 200, Aver_Loss: 1789.31
Epoch 16/200, Batch 300, Aver_Loss: 1789.80
Epoch 16/200, Batch 400, Aver_Loss: 1783.03
Epoch 17/200, Batch 100, Aver_Loss: 1755.08
Epoch 17/200, Batch 200, Aver_Loss: 1791.57
Epoch 17/200, Batch 300, Aver_Loss: 1778.57
Epoch 17/200, Batch 400, Aver_Loss: 1794.35
Epoch 18/200, Batch 100, Aver_Loss: 1796.38
Epoch 18/200, Batch 200, Aver_Loss: 1833.74
Epoch 18/200, Batch 300, Aver_Loss: 1767.43
Epoch 18/200, Batch 400, Aver_Loss: 1799.46
Epoch 19/200, Batch 100, Aver_Loss: 1797.16
Epoch 19/200, Batch 200, Aver_Loss: 1798.45
Epoch 19/200, Batch 300, Aver_Loss: 1731.01
Epoch 19/200, Batch 400, Aver_Loss: 1783.43
Epoch 20/200, Batch 100, Aver_Loss: 1774.07
Epoch 20/200, Batch 200, Aver_Loss: 1752.47
Epoch 20/200, Batch 300, Aver_Loss: 1799.12
Epoch 20/200, Batch 400, Aver_Loss: 1764.92
Epoch 21/200, Batch 100, Aver_Loss: 1821.09
Epoch 21/200, Batch 200, Aver_Loss: 1727.58
Epoch 21/200, Batch 300, Aver_Loss: 1719.08
Epoch 21/200, Batch 400, Aver_Loss: 1805.82
Epoch 22/200, Batch 100, Aver_Loss: 1766.53
Epoch 22/200, Batch 200, Aver_Loss: 1780.68
Epoch 22/200, Batch 300, Aver_Loss: 1850.27
Epoch 22/200, Batch 400, Aver_Loss: 1762.62
Epoch 23/200, Batch 100, Aver_Loss: 1754.94
Epoch 23/200, Batch 200, Aver_Loss: 1817.20
Epoch 23/200, Batch 300, Aver_Loss: 1773.32
Epoch 23/200, Batch 400, Aver_Loss: 1797.38
Epoch 24/200, Batch 100, Aver_Loss: 1805.44
Epoch 24/200, Batch 200, Aver_Loss: 1755.78
Epoch 24/200, Batch 300, Aver_Loss: 1724.02
Epoch 24/200, Batch 400, Aver_Loss: 1721.56
Epoch 25/200, Batch 100, Aver_Loss: 1778.28
Epoch 25/200, Batch 200, Aver_Loss: 1809.73
Epoch 25/200, Batch 300, Aver_Loss: 1794.97
Epoch 25/200, Batch 400, Aver_Loss: 1813.93
Epoch 26/200, Batch 100, Aver_Loss: 1770.53
Epoch 26/200, Batch 200, Aver_Loss: 1745.18
Epoch 26/200, Batch 300, Aver_Loss: 1818.31
Epoch 26/200, Batch 400, Aver_Loss: 1792.23
Epoch 27/200, Batch 100, Aver_Loss: 1734.04
Epoch 27/200, Batch 200, Aver_Loss: 1825.56
Epoch 27/200, Batch 300, Aver_Loss: 1768.15
Epoch 27/200, Batch 400, Aver_Loss: 1799.64
Epoch 28/200, Batch 100, Aver_Loss: 1801.28
Epoch 28/200, Batch 200, Aver_Loss: 1791.79
Epoch 28/200, Batch 300, Aver_Loss: 1763.04
Epoch 28/200, Batch 400, Aver_Loss: 1795.48
Epoch 29/200, Batch 100, Aver_Loss: 1750.40
Epoch 29/200, Batch 200, Aver_Loss: 1784.41
Epoch 29/200, Batch 300, Aver_Loss: 1822.04
Epoch 29/200, Batch 400, Aver_Loss: 1776.53
Epoch 30/200, Batch 100, Aver_Loss: 1789.98
Epoch 30/200, Batch 200, Aver_Loss: 1809.00
Epoch 30/200, Batch 300, Aver_Loss: 1749.30
Epoch 30/200, Batch 400, Aver_Loss: 1738.90
Epoch 31/200, Batch 100, Aver_Loss: 1766.81
Epoch 31/200, Batch 200, Aver_Loss: 1749.85
Epoch 31/200, Batch 300, Aver_Loss: 1806.21
Epoch 31/200, Batch 400, Aver_Loss: 1800.42
Epoch 32/200, Batch 100, Aver_Loss: 1793.84
Epoch 32/200, Batch 200, Aver_Loss: 1812.24
Epoch 32/200, Batch 300, Aver_Loss: 1760.11
Epoch 32/200, Batch 400, Aver_Loss: 1747.29
Epoch 33/200, Batch 100, Aver_Loss: 1800.76
Epoch 33/200, Batch 200, Aver_Loss: 1782.11
Epoch 33/200, Batch 300, Aver_Loss: 1836.76
Epoch 33/200, Batch 400, Aver_Loss: 1752.76
Epoch 34/200, Batch 100, Aver_Loss: 1782.28
Epoch 34/200, Batch 200, Aver_Loss: 1763.23
Epoch 34/200, Batch 300, Aver_Loss: 1760.38
Epoch 34/200, Batch 400, Aver_Loss: 1769.48
Epoch 35/200, Batch 100, Aver_Loss: 1721.38
Epoch 35/200, Batch 200, Aver_Loss: 1732.61
Epoch 35/200, Batch 300, Aver_Loss: 1759.00
Epoch 35/200, Batch 400, Aver_Loss: 1773.59
Epoch 36/200, Batch 100, Aver_Loss: 1736.98
Epoch 36/200, Batch 200, Aver_Loss: 1755.05
Epoch 36/200, Batch 300, Aver_Loss: 1773.07
Epoch 36/200, Batch 400, Aver_Loss: 1748.96
Epoch 37/200, Batch 100, Aver_Loss: 1810.05
Epoch 37/200, Batch 200, Aver_Loss: 1781.95
Epoch 37/200, Batch 300, Aver_Loss: 1757.49
Epoch 37/200, Batch 400, Aver_Loss: 1815.53
Epoch 38/200, Batch 100, Aver_Loss: 1785.69
Epoch 38/200, Batch 200, Aver_Loss: 1789.25
Epoch 38/200, Batch 300, Aver_Loss: 1781.69
Epoch 38/200, Batch 400, Aver_Loss: 1755.99
Epoch 39/200, Batch 100, Aver_Loss: 1797.27
Epoch 39/200, Batch 200, Aver_Loss: 1769.54
Epoch 39/200, Batch 300, Aver_Loss: 1799.37
Epoch 39/200, Batch 400, Aver_Loss: 1726.82
Epoch 40/200, Batch 100, Aver_Loss: 1753.61
Epoch 40/200, Batch 200, Aver_Loss: 1792.49
Epoch 40/200, Batch 300, Aver_Loss: 1852.04
Epoch 40/200, Batch 400, Aver_Loss: 1792.65
Epoch 41/200, Batch 100, Aver_Loss: 1793.62
Epoch 41/200, Batch 200, Aver_Loss: 1738.54
Epoch 41/200, Batch 300, Aver_Loss: 1827.32
Epoch 41/200, Batch 400, Aver_Loss: 1763.62
Epoch 42/200, Batch 100, Aver_Loss: 1829.40
Epoch 42/200, Batch 200, Aver_Loss: 1805.01
Epoch 42/200, Batch 300, Aver_Loss: 1710.81
Epoch 42/200, Batch 400, Aver_Loss: 1777.44
Epoch 43/200, Batch 100, Aver_Loss: 1748.19
Epoch 43/200, Batch 200, Aver_Loss: 1770.42
Epoch 43/200, Batch 300, Aver_Loss: 1745.75
Epoch 43/200, Batch 400, Aver_Loss: 1755.04
Epoch 44/200, Batch 100, Aver_Loss: 1738.72
Epoch 44/200, Batch 200, Aver_Loss: 1784.52
Epoch 44/200, Batch 300, Aver_Loss: 1787.99
Epoch 44/200, Batch 400, Aver_Loss: 1798.00
Epoch 45/200, Batch 100, Aver_Loss: 1800.69
Epoch 45/200, Batch 200, Aver_Loss: 1779.51
Epoch 45/200, Batch 300, Aver_Loss: 1759.24
Epoch 45/200, Batch 400, Aver_Loss: 1786.59
Epoch 46/200, Batch 100, Aver_Loss: 1802.47
Epoch 46/200, Batch 200, Aver_Loss: 1749.02
Epoch 46/200, Batch 300, Aver_Loss: 1764.75
Epoch 46/200, Batch 400, Aver_Loss: 1757.47
Epoch 47/200, Batch 100, Aver_Loss: 1804.89
Epoch 47/200, Batch 200, Aver_Loss: 1793.15
Epoch 47/200, Batch 300, Aver_Loss: 1818.19
Epoch 47/200, Batch 400, Aver_Loss: 1758.70
Epoch 48/200, Batch 100, Aver_Loss: 1762.96
Epoch 48/200, Batch 200, Aver_Loss: 1818.83
Epoch 48/200, Batch 300, Aver_Loss: 1704.89
Epoch 48/200, Batch 400, Aver_Loss: 1741.97
Epoch 49/200, Batch 100, Aver_Loss: 1696.68
Epoch 49/200, Batch 200, Aver_Loss: 1845.33
Epoch 49/200, Batch 300, Aver_Loss: 1738.21
Epoch 49/200, Batch 400, Aver_Loss: 1785.68
Epoch 50/200, Batch 100, Aver_Loss: 1737.48
Epoch 50/200, Batch 200, Aver_Loss: 1722.77
Epoch 50/200, Batch 300, Aver_Loss: 1767.22
Epoch 50/200, Batch 400, Aver_Loss: 1801.53
Epoch 51/200, Batch 100, Aver_Loss: 1805.31
Epoch 51/200, Batch 200, Aver_Loss: 1743.64
Epoch 51/200, Batch 300, Aver_Loss: 1787.51
Epoch 51/200, Batch 400, Aver_Loss: 1825.16
Epoch 52/200, Batch 100, Aver_Loss: 1818.55
Epoch 52/200, Batch 200, Aver_Loss: 1765.24
Epoch 52/200, Batch 300, Aver_Loss: 1801.07
Epoch 52/200, Batch 400, Aver_Loss: 1797.62
Epoch 53/200, Batch 100, Aver_Loss: 1802.58
Epoch 53/200, Batch 200, Aver_Loss: 1769.95
Epoch 53/200, Batch 300, Aver_Loss: 1769.57
Epoch 53/200, Batch 400, Aver_Loss: 1782.18
Epoch 54/200, Batch 100, Aver_Loss: 1784.80
Epoch 54/200, Batch 200, Aver_Loss: 1784.48
Epoch 54/200, Batch 300, Aver_Loss: 1740.24
Epoch 54/200, Batch 400, Aver_Loss: 1781.92
Epoch 55/200, Batch 100, Aver_Loss: 1754.54
Epoch 55/200, Batch 200, Aver_Loss: 1764.36
Epoch 55/200, Batch 300, Aver_Loss: 1752.10
Epoch 55/200, Batch 400, Aver_Loss: 1775.70
Epoch 56/200, Batch 100, Aver_Loss: 1767.48
Epoch 56/200, Batch 200, Aver_Loss: 1791.70
Epoch 56/200, Batch 300, Aver_Loss: 1765.63
Epoch 56/200, Batch 400, Aver_Loss: 1795.62
Epoch 57/200, Batch 100, Aver_Loss: 1755.89
Epoch 57/200, Batch 200, Aver_Loss: 1758.22
Epoch 57/200, Batch 300, Aver_Loss: 1772.87
Epoch 57/200, Batch 400, Aver_Loss: 1766.80
Epoch 58/200, Batch 100, Aver_Loss: 1751.35
Epoch 58/200, Batch 200, Aver_Loss: 1828.15
Epoch 58/200, Batch 300, Aver_Loss: 1798.64
Epoch 58/200, Batch 400, Aver_Loss: 1838.03
Epoch 59/200, Batch 100, Aver_Loss: 1759.23
Epoch 59/200, Batch 200, Aver_Loss: 1768.82
Epoch 59/200, Batch 300, Aver_Loss: 1780.97
Epoch 59/200, Batch 400, Aver_Loss: 1781.14
Epoch 60/200, Batch 100, Aver_Loss: 1761.95
Epoch 60/200, Batch 200, Aver_Loss: 1809.11
Epoch 60/200, Batch 300, Aver_Loss: 1719.67
Epoch 60/200, Batch 400, Aver_Loss: 1752.95
Epoch 61/200, Batch 100, Aver_Loss: 1750.91
Epoch 61/200, Batch 200, Aver_Loss: 1829.18
Epoch 61/200, Batch 300, Aver_Loss: 1795.13
Epoch 61/200, Batch 400, Aver_Loss: 1804.05
Epoch 62/200, Batch 100, Aver_Loss: 1769.87
Epoch 62/200, Batch 200, Aver_Loss: 1781.58
Epoch 62/200, Batch 300, Aver_Loss: 1831.91
Epoch 62/200, Batch 400, Aver_Loss: 1764.04
Epoch 63/200, Batch 100, Aver_Loss: 1786.66
Epoch 63/200, Batch 200, Aver_Loss: 1805.64
Epoch 63/200, Batch 300, Aver_Loss: 1813.80
Epoch 63/200, Batch 400, Aver_Loss: 1781.11
Epoch 64/200, Batch 100, Aver_Loss: 1792.84
Epoch 64/200, Batch 200, Aver_Loss: 1811.39
Epoch 64/200, Batch 300, Aver_Loss: 1842.91
Epoch 64/200, Batch 400, Aver_Loss: 1778.28
Epoch 65/200, Batch 100, Aver_Loss: 1769.17
Epoch 65/200, Batch 200, Aver_Loss: 1825.41
Epoch 65/200, Batch 300, Aver_Loss: 1798.56
Epoch 65/200, Batch 400, Aver_Loss: 1743.97
Epoch 66/200, Batch 100, Aver_Loss: 1688.89
Epoch 66/200, Batch 200, Aver_Loss: 1784.99
Epoch 66/200, Batch 300, Aver_Loss: 1768.43
Epoch 66/200, Batch 400, Aver_Loss: 1828.44
Epoch 67/200, Batch 100, Aver_Loss: 1755.30
Epoch 67/200, Batch 200, Aver_Loss: 1781.64
Epoch 67/200, Batch 300, Aver_Loss: 1754.07
Epoch 67/200, Batch 400, Aver_Loss: 1755.80
Epoch 68/200, Batch 100, Aver_Loss: 1758.20
Epoch 68/200, Batch 200, Aver_Loss: 1753.74
Epoch 68/200, Batch 300, Aver_Loss: 1739.29
Epoch 68/200, Batch 400, Aver_Loss: 1746.68
Epoch 69/200, Batch 100, Aver_Loss: 1767.24
Epoch 69/200, Batch 200, Aver_Loss: 1779.78
Epoch 69/200, Batch 300, Aver_Loss: 1820.58
Epoch 69/200, Batch 400, Aver_Loss: 1785.76
Epoch 70/200, Batch 100, Aver_Loss: 1707.63
Epoch 70/200, Batch 200, Aver_Loss: 1760.60
Epoch 70/200, Batch 300, Aver_Loss: 1775.09
Epoch 70/200, Batch 400, Aver_Loss: 1802.95
Epoch 71/200, Batch 100, Aver_Loss: 1754.27
Epoch 71/200, Batch 200, Aver_Loss: 1789.30
Epoch 71/200, Batch 300, Aver_Loss: 1782.04
Epoch 71/200, Batch 400, Aver_Loss: 1773.55
Epoch 72/200, Batch 100, Aver_Loss: 1780.47
Epoch 72/200, Batch 200, Aver_Loss: 1805.42
Epoch 72/200, Batch 300, Aver_Loss: 1796.66
Epoch 72/200, Batch 400, Aver_Loss: 1774.89
Epoch 73/200, Batch 100, Aver_Loss: 1748.29
Epoch 73/200, Batch 200, Aver_Loss: 1779.38
Epoch 73/200, Batch 300, Aver_Loss: 1721.75
Epoch 73/200, Batch 400, Aver_Loss: 1775.86
Epoch 74/200, Batch 100, Aver_Loss: 1801.28
Epoch 74/200, Batch 200, Aver_Loss: 1742.15
Epoch 74/200, Batch 300, Aver_Loss: 1757.52
Epoch 74/200, Batch 400, Aver_Loss: 1806.81
Epoch 75/200, Batch 100, Aver_Loss: 1806.18
Epoch 75/200, Batch 200, Aver_Loss: 1806.05
Epoch 75/200, Batch 300, Aver_Loss: 1776.22
Epoch 75/200, Batch 400, Aver_Loss: 1778.45
Epoch 76/200, Batch 100, Aver_Loss: 1825.17
Epoch 76/200, Batch 200, Aver_Loss: 1772.47
Epoch 76/200, Batch 300, Aver_Loss: 1768.52
Epoch 76/200, Batch 400, Aver_Loss: 1762.26
Epoch 77/200, Batch 100, Aver_Loss: 1744.30
Epoch 77/200, Batch 200, Aver_Loss: 1811.40
Epoch 77/200, Batch 300, Aver_Loss: 1709.38
Epoch 77/200, Batch 400, Aver_Loss: 1783.60
Epoch 78/200, Batch 100, Aver_Loss: 1794.07
Epoch 78/200, Batch 200, Aver_Loss: 1780.45
Epoch 78/200, Batch 300, Aver_Loss: 1771.25
Epoch 78/200, Batch 400, Aver_Loss: 1774.49
Epoch 79/200, Batch 100, Aver_Loss: 1778.53
Epoch 79/200, Batch 200, Aver_Loss: 1769.86
Epoch 79/200, Batch 300, Aver_Loss: 1815.88
Epoch 79/200, Batch 400, Aver_Loss: 1773.36
Epoch 80/200, Batch 100, Aver_Loss: 1733.19
Epoch 80/200, Batch 200, Aver_Loss: 1821.88
Epoch 80/200, Batch 300, Aver_Loss: 1831.84
Epoch 80/200, Batch 400, Aver_Loss: 1736.37
Epoch 81/200, Batch 100, Aver_Loss: 1738.78
Epoch 81/200, Batch 200, Aver_Loss: 1749.05
Epoch 81/200, Batch 300, Aver_Loss: 1802.61
Epoch 81/200, Batch 400, Aver_Loss: 1804.56
Epoch 82/200, Batch 100, Aver_Loss: 1783.50
Epoch 82/200, Batch 200, Aver_Loss: 1761.20
Epoch 82/200, Batch 300, Aver_Loss: 1746.51
Epoch 82/200, Batch 400, Aver_Loss: 1821.83
Epoch 83/200, Batch 100, Aver_Loss: 1756.95
Epoch 83/200, Batch 200, Aver_Loss: 1824.72
Epoch 83/200, Batch 300, Aver_Loss: 1761.98
Epoch 83/200, Batch 400, Aver_Loss: 1810.34
Epoch 84/200, Batch 100, Aver_Loss: 1719.35
Epoch 84/200, Batch 200, Aver_Loss: 1743.72
Epoch 84/200, Batch 300, Aver_Loss: 1757.40
Epoch 84/200, Batch 400, Aver_Loss: 1767.00
Epoch 85/200, Batch 100, Aver_Loss: 1756.92
Epoch 85/200, Batch 200, Aver_Loss: 1745.42
Epoch 85/200, Batch 300, Aver_Loss: 1792.60
Epoch 85/200, Batch 400, Aver_Loss: 1727.91
Epoch 86/200, Batch 100, Aver_Loss: 1725.00
Epoch 86/200, Batch 200, Aver_Loss: 1794.81
Epoch 86/200, Batch 300, Aver_Loss: 1792.60
Epoch 86/200, Batch 400, Aver_Loss: 1757.15
Epoch 87/200, Batch 100, Aver_Loss: 1768.01
Epoch 87/200, Batch 200, Aver_Loss: 1750.81
Epoch 87/200, Batch 300, Aver_Loss: 1710.77
Epoch 87/200, Batch 400, Aver_Loss: 1809.95
Epoch 88/200, Batch 100, Aver_Loss: 1754.02
Epoch 88/200, Batch 200, Aver_Loss: 1805.35
Epoch 88/200, Batch 300, Aver_Loss: 1821.02
Epoch 88/200, Batch 400, Aver_Loss: 1801.41
Epoch 89/200, Batch 100, Aver_Loss: 1783.46
Epoch 89/200, Batch 200, Aver_Loss: 1796.47
Epoch 89/200, Batch 300, Aver_Loss: 1756.16
Epoch 89/200, Batch 400, Aver_Loss: 1820.41
Epoch 90/200, Batch 100, Aver_Loss: 1779.15
Epoch 90/200, Batch 200, Aver_Loss: 1784.48
Epoch 90/200, Batch 300, Aver_Loss: 1727.38
Epoch 90/200, Batch 400, Aver_Loss: 1747.82
Epoch 91/200, Batch 100, Aver_Loss: 1814.36
Epoch 91/200, Batch 200, Aver_Loss: 1792.12
Epoch 91/200, Batch 300, Aver_Loss: 1738.26
Epoch 91/200, Batch 400, Aver_Loss: 1765.62
Epoch 92/200, Batch 100, Aver_Loss: 1829.91
Epoch 92/200, Batch 200, Aver_Loss: 1736.24
Epoch 92/200, Batch 300, Aver_Loss: 1779.13
Epoch 92/200, Batch 400, Aver_Loss: 1810.18
Epoch 93/200, Batch 100, Aver_Loss: 1821.56
Epoch 93/200, Batch 200, Aver_Loss: 1773.11
Epoch 93/200, Batch 300, Aver_Loss: 1776.94
Epoch 93/200, Batch 400, Aver_Loss: 1774.98
Epoch 94/200, Batch 100, Aver_Loss: 1788.12
Epoch 94/200, Batch 200, Aver_Loss: 1755.34
Epoch 94/200, Batch 300, Aver_Loss: 1757.00
Epoch 94/200, Batch 400, Aver_Loss: 1764.81
Epoch 95/200, Batch 100, Aver_Loss: 1747.08
Epoch 95/200, Batch 200, Aver_Loss: 1820.06
Epoch 95/200, Batch 300, Aver_Loss: 1807.75
Epoch 95/200, Batch 400, Aver_Loss: 1782.22
Epoch 96/200, Batch 100, Aver_Loss: 1722.25
Epoch 96/200, Batch 200, Aver_Loss: 1767.51
Epoch 96/200, Batch 300, Aver_Loss: 1749.56
Epoch 96/200, Batch 400, Aver_Loss: 1789.93
Epoch 97/200, Batch 100, Aver_Loss: 1745.87
Epoch 97/200, Batch 200, Aver_Loss: 1797.47
Epoch 97/200, Batch 300, Aver_Loss: 1782.55
Epoch 97/200, Batch 400, Aver_Loss: 1772.47
Epoch 98/200, Batch 100, Aver_Loss: 1761.37
Epoch 98/200, Batch 200, Aver_Loss: 1789.09
Epoch 98/200, Batch 300, Aver_Loss: 1781.26
Epoch 98/200, Batch 400, Aver_Loss: 1799.19
Epoch 99/200, Batch 100, Aver_Loss: 1792.42
Epoch 99/200, Batch 200, Aver_Loss: 1751.43
Epoch 99/200, Batch 300, Aver_Loss: 1744.93
Epoch 99/200, Batch 400, Aver_Loss: 1805.43
Epoch 100/200, Batch 100, Aver_Loss: 1727.64
Epoch 100/200, Batch 200, Aver_Loss: 1782.68
Epoch 100/200, Batch 300, Aver_Loss: 1762.32
Epoch 100/200, Batch 400, Aver_Loss: 1715.69
Epoch 101/200, Batch 100, Aver_Loss: 1757.13
Epoch 101/200, Batch 200, Aver_Loss: 1799.49
Epoch 101/200, Batch 300, Aver_Loss: 1806.54
Epoch 101/200, Batch 400, Aver_Loss: 1793.75
Epoch 102/200, Batch 100, Aver_Loss: 1799.59
Epoch 102/200, Batch 200, Aver_Loss: 1761.57
Epoch 102/200, Batch 300, Aver_Loss: 1780.80
Epoch 102/200, Batch 400, Aver_Loss: 1779.15
Epoch 103/200, Batch 100, Aver_Loss: 1763.57
Epoch 103/200, Batch 200, Aver_Loss: 1762.98
Epoch 103/200, Batch 300, Aver_Loss: 1793.91
Epoch 103/200, Batch 400, Aver_Loss: 1797.88
Epoch 104/200, Batch 100, Aver_Loss: 1783.89
Epoch 104/200, Batch 200, Aver_Loss: 1760.34
Epoch 104/200, Batch 300, Aver_Loss: 1810.15
Epoch 104/200, Batch 400, Aver_Loss: 1746.67
Epoch 105/200, Batch 100, Aver_Loss: 1715.88
Epoch 105/200, Batch 200, Aver_Loss: 1734.58
Epoch 105/200, Batch 300, Aver_Loss: 1782.40
Epoch 105/200, Batch 400, Aver_Loss: 1727.04
Epoch 106/200, Batch 100, Aver_Loss: 1818.94
Epoch 106/200, Batch 200, Aver_Loss: 1740.96
Epoch 106/200, Batch 300, Aver_Loss: 1749.76
Epoch 106/200, Batch 400, Aver_Loss: 1767.52
Epoch 107/200, Batch 100, Aver_Loss: 1777.24
Epoch 107/200, Batch 200, Aver_Loss: 1756.79
Epoch 107/200, Batch 300, Aver_Loss: 1761.09
Epoch 107/200, Batch 400, Aver_Loss: 1818.80
Epoch 108/200, Batch 100, Aver_Loss: 1728.07
Epoch 108/200, Batch 200, Aver_Loss: 1823.47
Epoch 108/200, Batch 300, Aver_Loss: 1826.41
Epoch 108/200, Batch 400, Aver_Loss: 1767.67
Epoch 109/200, Batch 100, Aver_Loss: 1774.00
Epoch 109/200, Batch 200, Aver_Loss: 1817.67
Epoch 109/200, Batch 300, Aver_Loss: 1745.12
Epoch 109/200, Batch 400, Aver_Loss: 1862.15
Epoch 110/200, Batch 100, Aver_Loss: 1763.75
Epoch 110/200, Batch 200, Aver_Loss: 1773.73
Epoch 110/200, Batch 300, Aver_Loss: 1732.78
Epoch 110/200, Batch 400, Aver_Loss: 1742.50
Epoch 111/200, Batch 100, Aver_Loss: 1787.05
Epoch 111/200, Batch 200, Aver_Loss: 1793.83
Epoch 111/200, Batch 300, Aver_Loss: 1738.38
Epoch 111/200, Batch 400, Aver_Loss: 1705.03
Epoch 112/200, Batch 100, Aver_Loss: 1768.72
Epoch 112/200, Batch 200, Aver_Loss: 1812.14
Epoch 112/200, Batch 300, Aver_Loss: 1824.16
Epoch 112/200, Batch 400, Aver_Loss: 1764.13
Epoch 113/200, Batch 100, Aver_Loss: 1732.58
Epoch 113/200, Batch 200, Aver_Loss: 1775.65
Epoch 113/200, Batch 300, Aver_Loss: 1765.95
Epoch 113/200, Batch 400, Aver_Loss: 1786.42
Epoch 114/200, Batch 100, Aver_Loss: 1786.33
Epoch 114/200, Batch 200, Aver_Loss: 1746.92
Epoch 114/200, Batch 300, Aver_Loss: 1784.57
Epoch 114/200, Batch 400, Aver_Loss: 1809.20
Epoch 115/200, Batch 100, Aver_Loss: 1725.83
Epoch 115/200, Batch 200, Aver_Loss: 1738.58
Epoch 115/200, Batch 300, Aver_Loss: 1786.42
Epoch 115/200, Batch 400, Aver_Loss: 1783.41
Epoch 116/200, Batch 100, Aver_Loss: 1732.37
Epoch 116/200, Batch 200, Aver_Loss: 1786.97
Epoch 116/200, Batch 300, Aver_Loss: 1762.92
Epoch 116/200, Batch 400, Aver_Loss: 1769.50
Epoch 117/200, Batch 100, Aver_Loss: 1793.72
Epoch 117/200, Batch 200, Aver_Loss: 1760.49
Epoch 117/200, Batch 300, Aver_Loss: 1764.00
Epoch 117/200, Batch 400, Aver_Loss: 1772.80
Epoch 118/200, Batch 100, Aver_Loss: 1762.58
Epoch 118/200, Batch 200, Aver_Loss: 1798.66
Epoch 118/200, Batch 300, Aver_Loss: 1775.55
Epoch 118/200, Batch 400, Aver_Loss: 1815.34
Epoch 119/200, Batch 100, Aver_Loss: 1770.68
Epoch 119/200, Batch 200, Aver_Loss: 1764.89
Epoch 119/200, Batch 300, Aver_Loss: 1770.58
Epoch 119/200, Batch 400, Aver_Loss: 1770.29
Epoch 120/200, Batch 100, Aver_Loss: 1781.63
Epoch 120/200, Batch 200, Aver_Loss: 1779.20
Epoch 120/200, Batch 300, Aver_Loss: 1774.30
Epoch 120/200, Batch 400, Aver_Loss: 1712.44
Epoch 121/200, Batch 100, Aver_Loss: 1773.68
Epoch 121/200, Batch 200, Aver_Loss: 1747.95
Epoch 121/200, Batch 300, Aver_Loss: 1746.30
Epoch 121/200, Batch 400, Aver_Loss: 1771.43
Epoch 122/200, Batch 100, Aver_Loss: 1754.78
Epoch 122/200, Batch 200, Aver_Loss: 1725.58
Epoch 122/200, Batch 300, Aver_Loss: 1756.99
Epoch 122/200, Batch 400, Aver_Loss: 1817.26
Epoch 123/200, Batch 100, Aver_Loss: 1773.63
Epoch 123/200, Batch 200, Aver_Loss: 1672.12
Epoch 123/200, Batch 300, Aver_Loss: 1799.41
Epoch 123/200, Batch 400, Aver_Loss: 1817.62
Epoch 124/200, Batch 100, Aver_Loss: 1722.51
Epoch 124/200, Batch 200, Aver_Loss: 1749.17
Epoch 124/200, Batch 300, Aver_Loss: 1778.69
Epoch 124/200, Batch 400, Aver_Loss: 1777.55
Epoch 125/200, Batch 100, Aver_Loss: 1724.09
Epoch 125/200, Batch 200, Aver_Loss: 1786.06
Epoch 125/200, Batch 300, Aver_Loss: 1763.34
Epoch 125/200, Batch 400, Aver_Loss: 1774.62
Epoch 126/200, Batch 100, Aver_Loss: 1801.06
Epoch 126/200, Batch 200, Aver_Loss: 1776.98
Epoch 126/200, Batch 300, Aver_Loss: 1711.53
Epoch 126/200, Batch 400, Aver_Loss: 1784.88
Epoch 127/200, Batch 100, Aver_Loss: 1760.43
Epoch 127/200, Batch 200, Aver_Loss: 1723.62
Epoch 127/200, Batch 300, Aver_Loss: 1792.62
Epoch 127/200, Batch 400, Aver_Loss: 1786.73
Epoch 128/200, Batch 100, Aver_Loss: 1803.89
Epoch 128/200, Batch 200, Aver_Loss: 1744.55
Epoch 128/200, Batch 300, Aver_Loss: 1820.36
Epoch 128/200, Batch 400, Aver_Loss: 1755.29
Epoch 129/200, Batch 100, Aver_Loss: 1750.79
Epoch 129/200, Batch 200, Aver_Loss: 1797.62
Epoch 129/200, Batch 300, Aver_Loss: 1808.00
Epoch 129/200, Batch 400, Aver_Loss: 1726.29
Epoch 130/200, Batch 100, Aver_Loss: 1804.63
Epoch 130/200, Batch 200, Aver_Loss: 1795.10
Epoch 130/200, Batch 300, Aver_Loss: 1769.60
Epoch 130/200, Batch 400, Aver_Loss: 1762.13
Epoch 131/200, Batch 100, Aver_Loss: 1793.62
Epoch 131/200, Batch 200, Aver_Loss: 1780.64
Epoch 131/200, Batch 300, Aver_Loss: 1727.15
Epoch 131/200, Batch 400, Aver_Loss: 1831.78
Epoch 132/200, Batch 100, Aver_Loss: 1723.57
Epoch 132/200, Batch 200, Aver_Loss: 1849.48
Epoch 132/200, Batch 300, Aver_Loss: 1769.35
Epoch 132/200, Batch 400, Aver_Loss: 1804.46
Epoch 133/200, Batch 100, Aver_Loss: 1759.28
Epoch 133/200, Batch 200, Aver_Loss: 1730.91
Epoch 133/200, Batch 300, Aver_Loss: 1762.72
Epoch 133/200, Batch 400, Aver_Loss: 1739.37
Epoch 134/200, Batch 100, Aver_Loss: 1741.38
Epoch 134/200, Batch 200, Aver_Loss: 1762.02
Epoch 134/200, Batch 300, Aver_Loss: 1777.54
Epoch 134/200, Batch 400, Aver_Loss: 1782.55
Epoch 135/200, Batch 100, Aver_Loss: 1784.55
Epoch 135/200, Batch 200, Aver_Loss: 1800.11
Epoch 135/200, Batch 300, Aver_Loss: 1752.81
Epoch 135/200, Batch 400, Aver_Loss: 1780.57
Epoch 136/200, Batch 100, Aver_Loss: 1805.11
Epoch 136/200, Batch 200, Aver_Loss: 1709.29
Epoch 136/200, Batch 300, Aver_Loss: 1768.56
Epoch 136/200, Batch 400, Aver_Loss: 1782.45
Epoch 137/200, Batch 100, Aver_Loss: 1774.15
Epoch 137/200, Batch 200, Aver_Loss: 1735.10
Epoch 137/200, Batch 300, Aver_Loss: 1762.20
Epoch 137/200, Batch 400, Aver_Loss: 1780.47
Epoch 138/200, Batch 100, Aver_Loss: 1804.62
Epoch 138/200, Batch 200, Aver_Loss: 1795.91
Epoch 138/200, Batch 300, Aver_Loss: 1778.99
Epoch 138/200, Batch 400, Aver_Loss: 1759.16
Epoch 139/200, Batch 100, Aver_Loss: 1797.91
Epoch 139/200, Batch 200, Aver_Loss: 1759.29
Epoch 139/200, Batch 300, Aver_Loss: 1793.35
Epoch 139/200, Batch 400, Aver_Loss: 1780.03
Epoch 140/200, Batch 100, Aver_Loss: 1826.93
Epoch 140/200, Batch 200, Aver_Loss: 1831.20
Epoch 140/200, Batch 300, Aver_Loss: 1777.50
Epoch 140/200, Batch 400, Aver_Loss: 1781.79
Epoch 141/200, Batch 100, Aver_Loss: 1766.75
Epoch 141/200, Batch 200, Aver_Loss: 1753.84
Epoch 141/200, Batch 300, Aver_Loss: 1778.15
Epoch 141/200, Batch 400, Aver_Loss: 1777.02
Epoch 142/200, Batch 100, Aver_Loss: 1756.87
Epoch 142/200, Batch 200, Aver_Loss: 1745.72
Epoch 142/200, Batch 300, Aver_Loss: 1777.37
Epoch 142/200, Batch 400, Aver_Loss: 1807.49
Epoch 143/200, Batch 100, Aver_Loss: 1755.08
Epoch 143/200, Batch 200, Aver_Loss: 1804.52
Epoch 143/200, Batch 300, Aver_Loss: 1749.91
Epoch 143/200, Batch 400, Aver_Loss: 1778.58
Epoch 144/200, Batch 100, Aver_Loss: 1792.78
Epoch 144/200, Batch 200, Aver_Loss: 1788.64
Epoch 144/200, Batch 300, Aver_Loss: 1755.09
Epoch 144/200, Batch 400, Aver_Loss: 1749.20
Epoch 145/200, Batch 100, Aver_Loss: 1747.07
Epoch 145/200, Batch 200, Aver_Loss: 1747.87
Epoch 145/200, Batch 300, Aver_Loss: 1691.45
Epoch 145/200, Batch 400, Aver_Loss: 1823.98
Epoch 146/200, Batch 100, Aver_Loss: 1746.27
Epoch 146/200, Batch 200, Aver_Loss: 1764.19
Epoch 146/200, Batch 300, Aver_Loss: 1797.26
Epoch 146/200, Batch 400, Aver_Loss: 1775.49
Epoch 147/200, Batch 100, Aver_Loss: 1795.45
Epoch 147/200, Batch 200, Aver_Loss: 1806.14
Epoch 147/200, Batch 300, Aver_Loss: 1746.90
Epoch 147/200, Batch 400, Aver_Loss: 1779.55
Epoch 148/200, Batch 100, Aver_Loss: 1765.99
Epoch 148/200, Batch 200, Aver_Loss: 1799.15
Epoch 148/200, Batch 300, Aver_Loss: 1730.41
Epoch 148/200, Batch 400, Aver_Loss: 1803.88
Epoch 149/200, Batch 100, Aver_Loss: 1765.29
Epoch 149/200, Batch 200, Aver_Loss: 1831.24
Epoch 149/200, Batch 300, Aver_Loss: 1744.56
Epoch 149/200, Batch 400, Aver_Loss: 1786.15
Epoch 150/200, Batch 100, Aver_Loss: 1744.71
Epoch 150/200, Batch 200, Aver_Loss: 1768.85
Epoch 150/200, Batch 300, Aver_Loss: 1790.98
Epoch 150/200, Batch 400, Aver_Loss: 1772.75
Epoch 151/200, Batch 100, Aver_Loss: 1745.95
Epoch 151/200, Batch 200, Aver_Loss: 1777.16
Epoch 151/200, Batch 300, Aver_Loss: 1807.51
Epoch 151/200, Batch 400, Aver_Loss: 1748.75
Epoch 152/200, Batch 100, Aver_Loss: 1786.22
Epoch 152/200, Batch 200, Aver_Loss: 1782.83
Epoch 152/200, Batch 300, Aver_Loss: 1752.89
Epoch 152/200, Batch 400, Aver_Loss: 1749.47
Epoch 153/200, Batch 100, Aver_Loss: 1764.65
Epoch 153/200, Batch 200, Aver_Loss: 1696.71
Epoch 153/200, Batch 300, Aver_Loss: 1774.39
Epoch 153/200, Batch 400, Aver_Loss: 1755.01
Epoch 154/200, Batch 100, Aver_Loss: 1794.95
Epoch 154/200, Batch 200, Aver_Loss: 1761.02
Epoch 154/200, Batch 300, Aver_Loss: 1778.81
Epoch 154/200, Batch 400, Aver_Loss: 1810.22
Epoch 155/200, Batch 100, Aver_Loss: 1815.36
Epoch 155/200, Batch 200, Aver_Loss: 1792.42
Epoch 155/200, Batch 300, Aver_Loss: 1767.34
Epoch 155/200, Batch 400, Aver_Loss: 1775.82
Epoch 156/200, Batch 100, Aver_Loss: 1808.13
Epoch 156/200, Batch 200, Aver_Loss: 1779.86
Epoch 156/200, Batch 300, Aver_Loss: 1757.01
Epoch 156/200, Batch 400, Aver_Loss: 1767.46
Epoch 157/200, Batch 100, Aver_Loss: 1763.27
Epoch 157/200, Batch 200, Aver_Loss: 1736.34
Epoch 157/200, Batch 300, Aver_Loss: 1805.53
Epoch 157/200, Batch 400, Aver_Loss: 1785.22
Epoch 158/200, Batch 100, Aver_Loss: 1773.62
Epoch 158/200, Batch 200, Aver_Loss: 1752.62
Epoch 158/200, Batch 300, Aver_Loss: 1807.99
Epoch 158/200, Batch 400, Aver_Loss: 1734.58
Epoch 159/200, Batch 100, Aver_Loss: 1722.73
Epoch 159/200, Batch 200, Aver_Loss: 1789.12
Epoch 159/200, Batch 300, Aver_Loss: 1756.88
Epoch 159/200, Batch 400, Aver_Loss: 1752.63
Epoch 160/200, Batch 100, Aver_Loss: 1732.04
Epoch 160/200, Batch 200, Aver_Loss: 1763.49
Epoch 160/200, Batch 300, Aver_Loss: 1830.83
Epoch 160/200, Batch 400, Aver_Loss: 1792.87
Epoch 161/200, Batch 100, Aver_Loss: 1750.08
Epoch 161/200, Batch 200, Aver_Loss: 1799.56
Epoch 161/200, Batch 300, Aver_Loss: 1756.45
Epoch 161/200, Batch 400, Aver_Loss: 1780.56
Epoch 162/200, Batch 100, Aver_Loss: 1770.39
Epoch 162/200, Batch 200, Aver_Loss: 1790.39
Epoch 162/200, Batch 300, Aver_Loss: 1788.12
Epoch 162/200, Batch 400, Aver_Loss: 1765.46
Epoch 163/200, Batch 100, Aver_Loss: 1753.44
Epoch 163/200, Batch 200, Aver_Loss: 1758.92
Epoch 163/200, Batch 300, Aver_Loss: 1783.49
Epoch 163/200, Batch 400, Aver_Loss: 1778.09
Epoch 164/200, Batch 100, Aver_Loss: 1775.66
Epoch 164/200, Batch 200, Aver_Loss: 1737.97
Epoch 164/200, Batch 300, Aver_Loss: 1760.22
Epoch 164/200, Batch 400, Aver_Loss: 1859.61
Epoch 165/200, Batch 100, Aver_Loss: 1789.92
Epoch 165/200, Batch 200, Aver_Loss: 1791.11
Epoch 165/200, Batch 300, Aver_Loss: 1782.62
Epoch 165/200, Batch 400, Aver_Loss: 1812.29
Epoch 166/200, Batch 100, Aver_Loss: 1795.15
Epoch 166/200, Batch 200, Aver_Loss: 1781.18
Epoch 166/200, Batch 300, Aver_Loss: 1779.20
Epoch 166/200, Batch 400, Aver_Loss: 1771.75
Epoch 167/200, Batch 100, Aver_Loss: 1717.54
Epoch 167/200, Batch 200, Aver_Loss: 1854.62
Epoch 167/200, Batch 300, Aver_Loss: 1764.35
Epoch 167/200, Batch 400, Aver_Loss: 1768.85
Epoch 168/200, Batch 100, Aver_Loss: 1753.45
Epoch 168/200, Batch 200, Aver_Loss: 1789.72
Epoch 168/200, Batch 300, Aver_Loss: 1785.61
Epoch 168/200, Batch 400, Aver_Loss: 1822.63
Epoch 169/200, Batch 100, Aver_Loss: 1793.57
Epoch 169/200, Batch 200, Aver_Loss: 1825.20
Epoch 169/200, Batch 300, Aver_Loss: 1799.05
Epoch 169/200, Batch 400, Aver_Loss: 1773.53
Epoch 170/200, Batch 100, Aver_Loss: 1822.49
Epoch 170/200, Batch 200, Aver_Loss: 1764.99
Epoch 170/200, Batch 300, Aver_Loss: 1724.26
Epoch 170/200, Batch 400, Aver_Loss: 1755.75
Epoch 171/200, Batch 100, Aver_Loss: 1748.49
Epoch 171/200, Batch 200, Aver_Loss: 1824.44
Epoch 171/200, Batch 300, Aver_Loss: 1757.83
Epoch 171/200, Batch 400, Aver_Loss: 1764.14
Epoch 172/200, Batch 100, Aver_Loss: 1781.72
Epoch 172/200, Batch 200, Aver_Loss: 1780.41
Epoch 172/200, Batch 300, Aver_Loss: 1754.18
Epoch 172/200, Batch 400, Aver_Loss: 1798.03
Epoch 173/200, Batch 100, Aver_Loss: 1729.45
Epoch 173/200, Batch 200, Aver_Loss: 1746.32
Epoch 173/200, Batch 300, Aver_Loss: 1769.67
Epoch 173/200, Batch 400, Aver_Loss: 1768.98
Epoch 174/200, Batch 100, Aver_Loss: 1745.30
Epoch 174/200, Batch 200, Aver_Loss: 1770.57
Epoch 174/200, Batch 300, Aver_Loss: 1752.13
Epoch 174/200, Batch 400, Aver_Loss: 1748.72
Epoch 175/200, Batch 100, Aver_Loss: 1751.27
Epoch 175/200, Batch 200, Aver_Loss: 1794.85
Epoch 175/200, Batch 300, Aver_Loss: 1774.47
Epoch 175/200, Batch 400, Aver_Loss: 1767.98
Epoch 176/200, Batch 100, Aver_Loss: 1782.40
Epoch 176/200, Batch 200, Aver_Loss: 1783.82
Epoch 176/200, Batch 300, Aver_Loss: 1814.24
Epoch 176/200, Batch 400, Aver_Loss: 1775.69
Epoch 177/200, Batch 100, Aver_Loss: 1767.45
Epoch 177/200, Batch 200, Aver_Loss: 1771.69
Epoch 177/200, Batch 300, Aver_Loss: 1813.50
Epoch 177/200, Batch 400, Aver_Loss: 1738.89
Epoch 178/200, Batch 100, Aver_Loss: 1803.37
Epoch 178/200, Batch 200, Aver_Loss: 1771.06
Epoch 178/200, Batch 300, Aver_Loss: 1805.70
Epoch 178/200, Batch 400, Aver_Loss: 1811.97
Epoch 179/200, Batch 100, Aver_Loss: 1787.09
Epoch 179/200, Batch 200, Aver_Loss: 1752.13
Epoch 179/200, Batch 300, Aver_Loss: 1746.60
Epoch 179/200, Batch 400, Aver_Loss: 1780.82
Epoch 180/200, Batch 100, Aver_Loss: 1795.42
Epoch 180/200, Batch 200, Aver_Loss: 1743.98
Epoch 180/200, Batch 300, Aver_Loss: 1758.22
Epoch 180/200, Batch 400, Aver_Loss: 1708.91
Epoch 181/200, Batch 100, Aver_Loss: 1823.30
Epoch 181/200, Batch 200, Aver_Loss: 1796.83
Epoch 181/200, Batch 300, Aver_Loss: 1762.23
Epoch 181/200, Batch 400, Aver_Loss: 1735.10
Epoch 182/200, Batch 100, Aver_Loss: 1776.48
Epoch 182/200, Batch 200, Aver_Loss: 1783.37
Epoch 182/200, Batch 300, Aver_Loss: 1769.12
Epoch 182/200, Batch 400, Aver_Loss: 1770.20
Epoch 183/200, Batch 100, Aver_Loss: 1799.44
Epoch 183/200, Batch 200, Aver_Loss: 1735.12
Epoch 183/200, Batch 300, Aver_Loss: 1798.28
Epoch 183/200, Batch 400, Aver_Loss: 1740.02
Epoch 184/200, Batch 100, Aver_Loss: 1744.00
Epoch 184/200, Batch 200, Aver_Loss: 1761.64
Epoch 184/200, Batch 300, Aver_Loss: 1765.58
Epoch 184/200, Batch 400, Aver_Loss: 1796.74
Epoch 185/200, Batch 100, Aver_Loss: 1782.93
Epoch 185/200, Batch 200, Aver_Loss: 1752.18
Epoch 185/200, Batch 300, Aver_Loss: 1803.63
Epoch 185/200, Batch 400, Aver_Loss: 1813.07
Epoch 186/200, Batch 100, Aver_Loss: 1733.52
Epoch 186/200, Batch 200, Aver_Loss: 1781.73
Epoch 186/200, Batch 300, Aver_Loss: 1799.82
Epoch 186/200, Batch 400, Aver_Loss: 1743.22
Epoch 187/200, Batch 100, Aver_Loss: 1766.57
Epoch 187/200, Batch 200, Aver_Loss: 1750.09
Epoch 187/200, Batch 300, Aver_Loss: 1732.89
Epoch 187/200, Batch 400, Aver_Loss: 1715.51
Epoch 188/200, Batch 100, Aver_Loss: 1708.77
Epoch 188/200, Batch 200, Aver_Loss: 1786.65
Epoch 188/200, Batch 300, Aver_Loss: 1839.08
Epoch 188/200, Batch 400, Aver_Loss: 1753.83
Epoch 189/200, Batch 100, Aver_Loss: 1823.44
Epoch 189/200, Batch 200, Aver_Loss: 1790.33
Epoch 189/200, Batch 300, Aver_Loss: 1788.02
Epoch 189/200, Batch 400, Aver_Loss: 1789.83
Epoch 190/200, Batch 100, Aver_Loss: 1745.54
Epoch 190/200, Batch 200, Aver_Loss: 1736.82
Epoch 190/200, Batch 300, Aver_Loss: 1761.62
Epoch 190/200, Batch 400, Aver_Loss: 1827.06
Epoch 191/200, Batch 100, Aver_Loss: 1803.38
Epoch 191/200, Batch 200, Aver_Loss: 1798.40
Epoch 191/200, Batch 300, Aver_Loss: 1714.93
Epoch 191/200, Batch 400, Aver_Loss: 1771.60
Epoch 192/200, Batch 100, Aver_Loss: 1792.11
Epoch 192/200, Batch 200, Aver_Loss: 1730.65
Epoch 192/200, Batch 300, Aver_Loss: 1730.83
Epoch 192/200, Batch 400, Aver_Loss: 1823.32
Epoch 193/200, Batch 100, Aver_Loss: 1807.95
Epoch 193/200, Batch 200, Aver_Loss: 1764.30
Epoch 193/200, Batch 300, Aver_Loss: 1769.01
Epoch 193/200, Batch 400, Aver_Loss: 1739.79
Epoch 194/200, Batch 100, Aver_Loss: 1769.85
Epoch 194/200, Batch 200, Aver_Loss: 1770.06
Epoch 194/200, Batch 300, Aver_Loss: 1793.19
Epoch 194/200, Batch 400, Aver_Loss: 1737.31
Epoch 195/200, Batch 100, Aver_Loss: 1737.40
Epoch 195/200, Batch 200, Aver_Loss: 1780.28
Epoch 195/200, Batch 300, Aver_Loss: 1704.27
Epoch 195/200, Batch 400, Aver_Loss: 1780.63
Epoch 196/200, Batch 100, Aver_Loss: 1805.68
Epoch 196/200, Batch 200, Aver_Loss: 1780.40
Epoch 196/200, Batch 300, Aver_Loss: 1752.84
Epoch 196/200, Batch 400, Aver_Loss: 1764.14
Epoch 197/200, Batch 100, Aver_Loss: 1786.99
Epoch 197/200, Batch 200, Aver_Loss: 1825.58
Epoch 197/200, Batch 300, Aver_Loss: 1755.20
Epoch 197/200, Batch 400, Aver_Loss: 1738.78
Epoch 198/200, Batch 100, Aver_Loss: 1826.91
Epoch 198/200, Batch 200, Aver_Loss: 1764.88
Epoch 198/200, Batch 300, Aver_Loss: 1769.89
Epoch 198/200, Batch 400, Aver_Loss: 1787.47
Epoch 199/200, Batch 100, Aver_Loss: 1772.67
Epoch 199/200, Batch 200, Aver_Loss: 1786.20
Epoch 199/200, Batch 300, Aver_Loss: 1781.10
Epoch 199/200, Batch 400, Aver_Loss: 1801.38
Epoch 200/200, Batch 100, Aver_Loss: 1722.31
Epoch 200/200, Batch 200, Aver_Loss: 1739.62
Epoch 200/200, Batch 300, Aver_Loss: 1780.28
Epoch 200/200, Batch 400, Aver_Loss: 1731.86

==== Evaluation Summary ====
                 model: vae
   recon/mse_per_pixel: 0.015124
            elbo/train: -1768.878095
             elbo/test: -1772.243374
             mse/train: 0.014707
              mse/test: 0.015124
             probe/acc: 0.197667
             probe/nll: 3.508816
           probe/brier: 0.912950
             probe/ece: 0.031313
           cluster/nmi: 0.222685
           cluster/ari: 0.027368
============================

[saved curves] ./results/CIFAR100/curves/cifar100_vae_d256_s777.json
