/usr/bin/which: no fi_info in (/arf/home/meyavuz/.local/bin:/arf/sw/comp/python/intelpython3/condabin:/arf/sw/comp/python/intelpython3/bin:/usr/share/Modules/bin:/usr/local/bin:/usr/bin:/usr/local/sbin:/usr/sbin)
Extension for Scikit-learn* enabled (https://github.com/uxlfoundation/scikit-learn-intelex)
/arf/home/meyavuz/.conda/envs/sbn/lib/python3.9/site-packages/sklearn/linear_model/_logistic.py:1247: FutureWarning: 'multi_class' was deprecated in version 1.5 and will be removed in 1.7. From then on, it will always use 'multinomial'. Leave it to its default value to avoid this warning.
  warnings.warn(
/arf/home/meyavuz/.conda/envs/sbn/lib/python3.9/site-packages/sklearn/linear_model/_sag.py:348: ConvergenceWarning: The max_iter was reached which means the coef_ did not converge
  warnings.warn(
Epoch 1/200, Batch 100, Aver_Loss: 318.29
Epoch 1/200, Batch 200, Aver_Loss: 312.01
Epoch 1/200, Batch 300, Aver_Loss: 280.28
Epoch 1/200, Batch 400, Aver_Loss: 280.24
Epoch 1/200, Batch 500, Aver_Loss: 277.91
Epoch 2/200, Batch 100, Aver_Loss: 272.48
Epoch 2/200, Batch 200, Aver_Loss: 279.44
Epoch 2/200, Batch 300, Aver_Loss: 275.44
Epoch 2/200, Batch 400, Aver_Loss: 264.57
Epoch 2/200, Batch 500, Aver_Loss: 273.22
Epoch 3/200, Batch 100, Aver_Loss: 278.56
Epoch 3/200, Batch 200, Aver_Loss: 271.80
Epoch 3/200, Batch 300, Aver_Loss: 257.09
Epoch 3/200, Batch 400, Aver_Loss: 313.40
Epoch 3/200, Batch 500, Aver_Loss: 260.73
Epoch 4/200, Batch 100, Aver_Loss: 254.62
Epoch 4/200, Batch 200, Aver_Loss: 257.27
Epoch 4/200, Batch 300, Aver_Loss: 251.62
Epoch 4/200, Batch 400, Aver_Loss: 268.24
Epoch 4/200, Batch 500, Aver_Loss: 269.88
Epoch 5/200, Batch 100, Aver_Loss: 253.80
Epoch 5/200, Batch 200, Aver_Loss: 268.45
Epoch 5/200, Batch 300, Aver_Loss: 250.57
Epoch 5/200, Batch 400, Aver_Loss: 274.67
Epoch 5/200, Batch 500, Aver_Loss: 246.57
Epoch 6/200, Batch 100, Aver_Loss: 259.93
Epoch 6/200, Batch 200, Aver_Loss: 257.48
Epoch 6/200, Batch 300, Aver_Loss: 255.55
Epoch 6/200, Batch 400, Aver_Loss: 270.83
Epoch 6/200, Batch 500, Aver_Loss: 264.68
Epoch 7/200, Batch 100, Aver_Loss: 244.00
Epoch 7/200, Batch 200, Aver_Loss: 248.47
Epoch 7/200, Batch 300, Aver_Loss: 265.81
Epoch 7/200, Batch 400, Aver_Loss: 254.32
Epoch 7/200, Batch 500, Aver_Loss: 262.66
Epoch 8/200, Batch 100, Aver_Loss: 241.65
Epoch 8/200, Batch 200, Aver_Loss: 271.14
Epoch 8/200, Batch 300, Aver_Loss: 243.44
Epoch 8/200, Batch 400, Aver_Loss: 266.37
Epoch 8/200, Batch 500, Aver_Loss: 253.22
Epoch 9/200, Batch 100, Aver_Loss: 252.69
Epoch 9/200, Batch 200, Aver_Loss: 252.75
Epoch 9/200, Batch 300, Aver_Loss: 250.54
Epoch 9/200, Batch 400, Aver_Loss: 252.46
Epoch 9/200, Batch 500, Aver_Loss: 239.09
Epoch 10/200, Batch 100, Aver_Loss: 246.18
Epoch 10/200, Batch 200, Aver_Loss: 262.15
Epoch 10/200, Batch 300, Aver_Loss: 247.17
Epoch 10/200, Batch 400, Aver_Loss: 244.16
Epoch 10/200, Batch 500, Aver_Loss: 247.65
Epoch 11/200, Batch 100, Aver_Loss: 256.12
Epoch 11/200, Batch 200, Aver_Loss: 235.57
Epoch 11/200, Batch 300, Aver_Loss: 266.40
Epoch 11/200, Batch 400, Aver_Loss: 257.95
Epoch 11/200, Batch 500, Aver_Loss: 263.88
Epoch 12/200, Batch 100, Aver_Loss: 249.05
Epoch 12/200, Batch 200, Aver_Loss: 263.67
Epoch 12/200, Batch 300, Aver_Loss: 261.51
Epoch 12/200, Batch 400, Aver_Loss: 243.28
Epoch 12/200, Batch 500, Aver_Loss: 252.48
Epoch 13/200, Batch 100, Aver_Loss: 243.77
Epoch 13/200, Batch 200, Aver_Loss: 255.03
Epoch 13/200, Batch 300, Aver_Loss: 250.29
Epoch 13/200, Batch 400, Aver_Loss: 251.42
Epoch 13/200, Batch 500, Aver_Loss: 260.70
Epoch 14/200, Batch 100, Aver_Loss: 252.70
Epoch 14/200, Batch 200, Aver_Loss: 255.93
Epoch 14/200, Batch 300, Aver_Loss: 243.19
Epoch 14/200, Batch 400, Aver_Loss: 260.25
Epoch 14/200, Batch 500, Aver_Loss: 247.38
Epoch 15/200, Batch 100, Aver_Loss: 242.71
Epoch 15/200, Batch 200, Aver_Loss: 250.72
Epoch 15/200, Batch 300, Aver_Loss: 244.50
Epoch 15/200, Batch 400, Aver_Loss: 250.77
Epoch 15/200, Batch 500, Aver_Loss: 243.41
Epoch 16/200, Batch 100, Aver_Loss: 258.20
Epoch 16/200, Batch 200, Aver_Loss: 244.71
Epoch 16/200, Batch 300, Aver_Loss: 249.98
Epoch 16/200, Batch 400, Aver_Loss: 261.00
Epoch 16/200, Batch 500, Aver_Loss: 251.84
Epoch 17/200, Batch 100, Aver_Loss: 262.72
Epoch 17/200, Batch 200, Aver_Loss: 254.21
Epoch 17/200, Batch 300, Aver_Loss: 251.13
Epoch 17/200, Batch 400, Aver_Loss: 241.56
Epoch 17/200, Batch 500, Aver_Loss: 245.43
Epoch 18/200, Batch 100, Aver_Loss: 252.64
Epoch 18/200, Batch 200, Aver_Loss: 250.01
Epoch 18/200, Batch 300, Aver_Loss: 258.85
Epoch 18/200, Batch 400, Aver_Loss: 249.03
Epoch 18/200, Batch 500, Aver_Loss: 224.72
Epoch 19/200, Batch 100, Aver_Loss: 246.81
Epoch 19/200, Batch 200, Aver_Loss: 254.33
Epoch 19/200, Batch 300, Aver_Loss: 231.86
Epoch 19/200, Batch 400, Aver_Loss: 239.77
Epoch 19/200, Batch 500, Aver_Loss: 251.92
Epoch 20/200, Batch 100, Aver_Loss: 244.45
Epoch 20/200, Batch 200, Aver_Loss: 251.58
Epoch 20/200, Batch 300, Aver_Loss: 249.51
Epoch 20/200, Batch 400, Aver_Loss: 236.52
Epoch 20/200, Batch 500, Aver_Loss: 251.76
Epoch 21/200, Batch 100, Aver_Loss: 252.86
Epoch 21/200, Batch 200, Aver_Loss: 238.82
Epoch 21/200, Batch 300, Aver_Loss: 241.59
Epoch 21/200, Batch 400, Aver_Loss: 249.43
Epoch 21/200, Batch 500, Aver_Loss: 246.21
Epoch 22/200, Batch 100, Aver_Loss: 242.78
Epoch 22/200, Batch 200, Aver_Loss: 241.97
Epoch 22/200, Batch 300, Aver_Loss: 256.32
Epoch 22/200, Batch 400, Aver_Loss: 245.27
Epoch 22/200, Batch 500, Aver_Loss: 251.79
Epoch 23/200, Batch 100, Aver_Loss: 239.73
Epoch 23/200, Batch 200, Aver_Loss: 249.35
Epoch 23/200, Batch 300, Aver_Loss: 250.74
Epoch 23/200, Batch 400, Aver_Loss: 242.25
Epoch 23/200, Batch 500, Aver_Loss: 256.80
Epoch 24/200, Batch 100, Aver_Loss: 242.56
Epoch 24/200, Batch 200, Aver_Loss: 254.70
Epoch 24/200, Batch 300, Aver_Loss: 252.18
Epoch 24/200, Batch 400, Aver_Loss: 250.76
Epoch 24/200, Batch 500, Aver_Loss: 248.51
Epoch 25/200, Batch 100, Aver_Loss: 253.58
Epoch 25/200, Batch 200, Aver_Loss: 253.46
Epoch 25/200, Batch 300, Aver_Loss: 260.76
Epoch 25/200, Batch 400, Aver_Loss: 237.54
Epoch 25/200, Batch 500, Aver_Loss: 241.01
Epoch 26/200, Batch 100, Aver_Loss: 245.99
Epoch 26/200, Batch 200, Aver_Loss: 251.61
Epoch 26/200, Batch 300, Aver_Loss: 257.92
Epoch 26/200, Batch 400, Aver_Loss: 252.32
Epoch 26/200, Batch 500, Aver_Loss: 254.07
Epoch 27/200, Batch 100, Aver_Loss: 240.09
Epoch 27/200, Batch 200, Aver_Loss: 248.75
Epoch 27/200, Batch 300, Aver_Loss: 249.71
Epoch 27/200, Batch 400, Aver_Loss: 247.13
Epoch 27/200, Batch 500, Aver_Loss: 243.43
Epoch 28/200, Batch 100, Aver_Loss: 253.82
Epoch 28/200, Batch 200, Aver_Loss: 249.55
Epoch 28/200, Batch 300, Aver_Loss: 253.42
Epoch 28/200, Batch 400, Aver_Loss: 243.81
Epoch 28/200, Batch 500, Aver_Loss: 255.28
Epoch 29/200, Batch 100, Aver_Loss: 246.44
Epoch 29/200, Batch 200, Aver_Loss: 249.31
Epoch 29/200, Batch 300, Aver_Loss: 249.79
Epoch 29/200, Batch 400, Aver_Loss: 237.78
Epoch 29/200, Batch 500, Aver_Loss: 239.69
Epoch 30/200, Batch 100, Aver_Loss: 231.68
Epoch 30/200, Batch 200, Aver_Loss: 239.42
Epoch 30/200, Batch 300, Aver_Loss: 241.44
Epoch 30/200, Batch 400, Aver_Loss: 242.62
Epoch 30/200, Batch 500, Aver_Loss: 252.99
Epoch 31/200, Batch 100, Aver_Loss: 237.53
Epoch 31/200, Batch 200, Aver_Loss: 250.36
Epoch 31/200, Batch 300, Aver_Loss: 255.36
Epoch 31/200, Batch 400, Aver_Loss: 230.06
Epoch 31/200, Batch 500, Aver_Loss: 234.51
Epoch 32/200, Batch 100, Aver_Loss: 264.49
Epoch 32/200, Batch 200, Aver_Loss: 246.21
Epoch 32/200, Batch 300, Aver_Loss: 238.14
Epoch 32/200, Batch 400, Aver_Loss: 247.91
Epoch 32/200, Batch 500, Aver_Loss: 238.15
Epoch 33/200, Batch 100, Aver_Loss: 239.53
Epoch 33/200, Batch 200, Aver_Loss: 239.29
Epoch 33/200, Batch 300, Aver_Loss: 238.20
Epoch 33/200, Batch 400, Aver_Loss: 246.17
Epoch 33/200, Batch 500, Aver_Loss: 241.02
Epoch 34/200, Batch 100, Aver_Loss: 238.63
Epoch 34/200, Batch 200, Aver_Loss: 245.97
Epoch 34/200, Batch 300, Aver_Loss: 251.33
Epoch 34/200, Batch 400, Aver_Loss: 246.11
Epoch 34/200, Batch 500, Aver_Loss: 246.63
Epoch 35/200, Batch 100, Aver_Loss: 244.86
Epoch 35/200, Batch 200, Aver_Loss: 249.88
Epoch 35/200, Batch 300, Aver_Loss: 250.01
Epoch 35/200, Batch 400, Aver_Loss: 239.58
Epoch 35/200, Batch 500, Aver_Loss: 241.42
Epoch 36/200, Batch 100, Aver_Loss: 239.43
Epoch 36/200, Batch 200, Aver_Loss: 254.70
Epoch 36/200, Batch 300, Aver_Loss: 239.71
Epoch 36/200, Batch 400, Aver_Loss: 244.80
Epoch 36/200, Batch 500, Aver_Loss: 246.26
Epoch 37/200, Batch 100, Aver_Loss: 245.08
Epoch 37/200, Batch 200, Aver_Loss: 246.07
Epoch 37/200, Batch 300, Aver_Loss: 248.89
Epoch 37/200, Batch 400, Aver_Loss: 250.82
Epoch 37/200, Batch 500, Aver_Loss: 231.08
Epoch 38/200, Batch 100, Aver_Loss: 262.11
Epoch 38/200, Batch 200, Aver_Loss: 249.42
Epoch 38/200, Batch 300, Aver_Loss: 257.17
Epoch 38/200, Batch 400, Aver_Loss: 248.81
Epoch 38/200, Batch 500, Aver_Loss: 255.17
Epoch 39/200, Batch 100, Aver_Loss: 244.55
Epoch 39/200, Batch 200, Aver_Loss: 237.69
Epoch 39/200, Batch 300, Aver_Loss: 238.18
Epoch 39/200, Batch 400, Aver_Loss: 238.03
Epoch 39/200, Batch 500, Aver_Loss: 259.59
Epoch 40/200, Batch 100, Aver_Loss: 244.92
Epoch 40/200, Batch 200, Aver_Loss: 241.72
Epoch 40/200, Batch 300, Aver_Loss: 228.66
Epoch 40/200, Batch 400, Aver_Loss: 229.70
Epoch 40/200, Batch 500, Aver_Loss: 233.70
Epoch 41/200, Batch 100, Aver_Loss: 249.92
Epoch 41/200, Batch 200, Aver_Loss: 245.53
Epoch 41/200, Batch 300, Aver_Loss: 257.66
Epoch 41/200, Batch 400, Aver_Loss: 242.99
Epoch 41/200, Batch 500, Aver_Loss: 252.28
Epoch 42/200, Batch 100, Aver_Loss: 247.12
Epoch 42/200, Batch 200, Aver_Loss: 241.48
Epoch 42/200, Batch 300, Aver_Loss: 241.75
Epoch 42/200, Batch 400, Aver_Loss: 240.65
Epoch 42/200, Batch 500, Aver_Loss: 255.40
Epoch 43/200, Batch 100, Aver_Loss: 247.16
Epoch 43/200, Batch 200, Aver_Loss: 249.63
Epoch 43/200, Batch 300, Aver_Loss: 249.23
Epoch 43/200, Batch 400, Aver_Loss: 244.26
Epoch 43/200, Batch 500, Aver_Loss: 243.26
Epoch 44/200, Batch 100, Aver_Loss: 254.06
Epoch 44/200, Batch 200, Aver_Loss: 230.44
Epoch 44/200, Batch 300, Aver_Loss: 235.60
Epoch 44/200, Batch 400, Aver_Loss: 254.81
Epoch 44/200, Batch 500, Aver_Loss: 261.59
Epoch 45/200, Batch 100, Aver_Loss: 235.97
Epoch 45/200, Batch 200, Aver_Loss: 240.58
Epoch 45/200, Batch 300, Aver_Loss: 248.41
Epoch 45/200, Batch 400, Aver_Loss: 232.39
Epoch 45/200, Batch 500, Aver_Loss: 240.59
Epoch 46/200, Batch 100, Aver_Loss: 246.83
Epoch 46/200, Batch 200, Aver_Loss: 244.48
Epoch 46/200, Batch 300, Aver_Loss: 239.53
Epoch 46/200, Batch 400, Aver_Loss: 248.75
Epoch 46/200, Batch 500, Aver_Loss: 239.56
Epoch 47/200, Batch 100, Aver_Loss: 238.27
Epoch 47/200, Batch 200, Aver_Loss: 230.39
Epoch 47/200, Batch 300, Aver_Loss: 247.63
Epoch 47/200, Batch 400, Aver_Loss: 234.08
Epoch 47/200, Batch 500, Aver_Loss: 245.51
Epoch 48/200, Batch 100, Aver_Loss: 247.08
Epoch 48/200, Batch 200, Aver_Loss: 242.99
Epoch 48/200, Batch 300, Aver_Loss: 247.63
Epoch 48/200, Batch 400, Aver_Loss: 243.05
Epoch 48/200, Batch 500, Aver_Loss: 239.50
Epoch 49/200, Batch 100, Aver_Loss: 239.87
Epoch 49/200, Batch 200, Aver_Loss: 249.04
Epoch 49/200, Batch 300, Aver_Loss: 247.13
Epoch 49/200, Batch 400, Aver_Loss: 241.79
Epoch 49/200, Batch 500, Aver_Loss: 240.88
Epoch 50/200, Batch 100, Aver_Loss: 246.42
Epoch 50/200, Batch 200, Aver_Loss: 244.94
Epoch 50/200, Batch 300, Aver_Loss: 238.42
Epoch 50/200, Batch 400, Aver_Loss: 228.51
Epoch 50/200, Batch 500, Aver_Loss: 228.12
Epoch 51/200, Batch 100, Aver_Loss: 247.11
Epoch 51/200, Batch 200, Aver_Loss: 241.04
Epoch 51/200, Batch 300, Aver_Loss: 249.78
Epoch 51/200, Batch 400, Aver_Loss: 242.23
Epoch 51/200, Batch 500, Aver_Loss: 240.01
Epoch 52/200, Batch 100, Aver_Loss: 259.78
Epoch 52/200, Batch 200, Aver_Loss: 251.02
Epoch 52/200, Batch 300, Aver_Loss: 237.50
Epoch 52/200, Batch 400, Aver_Loss: 245.95
Epoch 52/200, Batch 500, Aver_Loss: 239.58
Epoch 53/200, Batch 100, Aver_Loss: 246.04
Epoch 53/200, Batch 200, Aver_Loss: 248.80
Epoch 53/200, Batch 300, Aver_Loss: 243.30
Epoch 53/200, Batch 400, Aver_Loss: 238.55
Epoch 53/200, Batch 500, Aver_Loss: 262.27
Epoch 54/200, Batch 100, Aver_Loss: 239.72
Epoch 54/200, Batch 200, Aver_Loss: 245.59
Epoch 54/200, Batch 300, Aver_Loss: 239.05
Epoch 54/200, Batch 400, Aver_Loss: 239.91
Epoch 54/200, Batch 500, Aver_Loss: 238.52
Epoch 55/200, Batch 100, Aver_Loss: 248.54
Epoch 55/200, Batch 200, Aver_Loss: 235.84
Epoch 55/200, Batch 300, Aver_Loss: 246.47
Epoch 55/200, Batch 400, Aver_Loss: 242.77
Epoch 55/200, Batch 500, Aver_Loss: 256.09
Epoch 56/200, Batch 100, Aver_Loss: 247.36
Epoch 56/200, Batch 200, Aver_Loss: 234.83
Epoch 56/200, Batch 300, Aver_Loss: 236.28
Epoch 56/200, Batch 400, Aver_Loss: 240.38
Epoch 56/200, Batch 500, Aver_Loss: 231.34
Epoch 57/200, Batch 100, Aver_Loss: 245.91
Epoch 57/200, Batch 200, Aver_Loss: 233.92
Epoch 57/200, Batch 300, Aver_Loss: 243.17
Epoch 57/200, Batch 400, Aver_Loss: 242.83
Epoch 57/200, Batch 500, Aver_Loss: 239.55
Epoch 58/200, Batch 100, Aver_Loss: 244.89
Epoch 58/200, Batch 200, Aver_Loss: 244.67
Epoch 58/200, Batch 300, Aver_Loss: 237.27
Epoch 58/200, Batch 400, Aver_Loss: 236.84
Epoch 58/200, Batch 500, Aver_Loss: 255.15
Epoch 59/200, Batch 100, Aver_Loss: 243.42
Epoch 59/200, Batch 200, Aver_Loss: 232.44
Epoch 59/200, Batch 300, Aver_Loss: 252.43
Epoch 59/200, Batch 400, Aver_Loss: 240.00
Epoch 59/200, Batch 500, Aver_Loss: 253.95
Epoch 60/200, Batch 100, Aver_Loss: 247.59
Epoch 60/200, Batch 200, Aver_Loss: 247.95
Epoch 60/200, Batch 300, Aver_Loss: 247.02
Epoch 60/200, Batch 400, Aver_Loss: 233.73
Epoch 60/200, Batch 500, Aver_Loss: 247.92
Epoch 61/200, Batch 100, Aver_Loss: 243.77
Epoch 61/200, Batch 200, Aver_Loss: 254.59
Epoch 61/200, Batch 300, Aver_Loss: 246.67
Epoch 61/200, Batch 400, Aver_Loss: 237.62
Epoch 61/200, Batch 500, Aver_Loss: 256.77
Epoch 62/200, Batch 100, Aver_Loss: 252.73
Epoch 62/200, Batch 200, Aver_Loss: 250.71
Epoch 62/200, Batch 300, Aver_Loss: 253.76
Epoch 62/200, Batch 400, Aver_Loss: 230.75
Epoch 62/200, Batch 500, Aver_Loss: 255.71
Epoch 63/200, Batch 100, Aver_Loss: 241.05
Epoch 63/200, Batch 200, Aver_Loss: 246.50
Epoch 63/200, Batch 300, Aver_Loss: 228.87
Epoch 63/200, Batch 400, Aver_Loss: 241.83
Epoch 63/200, Batch 500, Aver_Loss: 241.22
Epoch 64/200, Batch 100, Aver_Loss: 240.94
Epoch 64/200, Batch 200, Aver_Loss: 246.13
Epoch 64/200, Batch 300, Aver_Loss: 248.04
Epoch 64/200, Batch 400, Aver_Loss: 244.94
Epoch 64/200, Batch 500, Aver_Loss: 254.55
Epoch 65/200, Batch 100, Aver_Loss: 245.80
Epoch 65/200, Batch 200, Aver_Loss: 243.96
Epoch 65/200, Batch 300, Aver_Loss: 252.74
Epoch 65/200, Batch 400, Aver_Loss: 247.91
Epoch 65/200, Batch 500, Aver_Loss: 241.54
Epoch 66/200, Batch 100, Aver_Loss: 242.58
Epoch 66/200, Batch 200, Aver_Loss: 242.62
Epoch 66/200, Batch 300, Aver_Loss: 242.31
Epoch 66/200, Batch 400, Aver_Loss: 237.06
Epoch 66/200, Batch 500, Aver_Loss: 239.33
Epoch 67/200, Batch 100, Aver_Loss: 227.79
Epoch 67/200, Batch 200, Aver_Loss: 242.43
Epoch 67/200, Batch 300, Aver_Loss: 235.68
Epoch 67/200, Batch 400, Aver_Loss: 243.38
Epoch 67/200, Batch 500, Aver_Loss: 246.41
Epoch 68/200, Batch 100, Aver_Loss: 246.97
Epoch 68/200, Batch 200, Aver_Loss: 243.27
Epoch 68/200, Batch 300, Aver_Loss: 248.14
Epoch 68/200, Batch 400, Aver_Loss: 242.02
Epoch 68/200, Batch 500, Aver_Loss: 243.52
Epoch 69/200, Batch 100, Aver_Loss: 245.31
Epoch 69/200, Batch 200, Aver_Loss: 246.22
Epoch 69/200, Batch 300, Aver_Loss: 243.51
Epoch 69/200, Batch 400, Aver_Loss: 253.14
Epoch 69/200, Batch 500, Aver_Loss: 249.51
Epoch 70/200, Batch 100, Aver_Loss: 246.53
Epoch 70/200, Batch 200, Aver_Loss: 252.98
Epoch 70/200, Batch 300, Aver_Loss: 250.51
Epoch 70/200, Batch 400, Aver_Loss: 238.84
Epoch 70/200, Batch 500, Aver_Loss: 231.17
Epoch 71/200, Batch 100, Aver_Loss: 249.65
Epoch 71/200, Batch 200, Aver_Loss: 241.30
Epoch 71/200, Batch 300, Aver_Loss: 244.06
Epoch 71/200, Batch 400, Aver_Loss: 233.97
Epoch 71/200, Batch 500, Aver_Loss: 245.70
Epoch 72/200, Batch 100, Aver_Loss: 244.16
Epoch 72/200, Batch 200, Aver_Loss: 247.55
Epoch 72/200, Batch 300, Aver_Loss: 241.07
Epoch 72/200, Batch 400, Aver_Loss: 236.22
Epoch 72/200, Batch 500, Aver_Loss: 250.14
Epoch 73/200, Batch 100, Aver_Loss: 238.47
Epoch 73/200, Batch 200, Aver_Loss: 240.44
Epoch 73/200, Batch 300, Aver_Loss: 243.79
Epoch 73/200, Batch 400, Aver_Loss: 237.51
Epoch 73/200, Batch 500, Aver_Loss: 242.24
Epoch 74/200, Batch 100, Aver_Loss: 259.83
Epoch 74/200, Batch 200, Aver_Loss: 230.58
Epoch 74/200, Batch 300, Aver_Loss: 261.52
Epoch 74/200, Batch 400, Aver_Loss: 239.38
Epoch 74/200, Batch 500, Aver_Loss: 224.79
Epoch 75/200, Batch 100, Aver_Loss: 238.90
Epoch 75/200, Batch 200, Aver_Loss: 235.03
Epoch 75/200, Batch 300, Aver_Loss: 237.39
Epoch 75/200, Batch 400, Aver_Loss: 250.05
Epoch 75/200, Batch 500, Aver_Loss: 231.14
Epoch 76/200, Batch 100, Aver_Loss: 231.19
Epoch 76/200, Batch 200, Aver_Loss: 245.40
Epoch 76/200, Batch 300, Aver_Loss: 234.96
Epoch 76/200, Batch 400, Aver_Loss: 245.55
Epoch 76/200, Batch 500, Aver_Loss: 241.25
Epoch 77/200, Batch 100, Aver_Loss: 245.37
Epoch 77/200, Batch 200, Aver_Loss: 263.53
Epoch 77/200, Batch 300, Aver_Loss: 241.35
Epoch 77/200, Batch 400, Aver_Loss: 246.92
Epoch 77/200, Batch 500, Aver_Loss: 243.36
Epoch 78/200, Batch 100, Aver_Loss: 243.54
Epoch 78/200, Batch 200, Aver_Loss: 244.73
Epoch 78/200, Batch 300, Aver_Loss: 236.15
Epoch 78/200, Batch 400, Aver_Loss: 248.84
Epoch 78/200, Batch 500, Aver_Loss: 252.19
Epoch 79/200, Batch 100, Aver_Loss: 249.40
Epoch 79/200, Batch 200, Aver_Loss: 249.44
Epoch 79/200, Batch 300, Aver_Loss: 241.20
Epoch 79/200, Batch 400, Aver_Loss: 240.77
Epoch 79/200, Batch 500, Aver_Loss: 248.79
Epoch 80/200, Batch 100, Aver_Loss: 245.49
Epoch 80/200, Batch 200, Aver_Loss: 238.32
Epoch 80/200, Batch 300, Aver_Loss: 236.43
Epoch 80/200, Batch 400, Aver_Loss: 240.26
Epoch 80/200, Batch 500, Aver_Loss: 252.75
Epoch 81/200, Batch 100, Aver_Loss: 239.12
Epoch 81/200, Batch 200, Aver_Loss: 259.25
Epoch 81/200, Batch 300, Aver_Loss: 239.99
Epoch 81/200, Batch 400, Aver_Loss: 235.43
Epoch 81/200, Batch 500, Aver_Loss: 252.69
Epoch 82/200, Batch 100, Aver_Loss: 236.41
Epoch 82/200, Batch 200, Aver_Loss: 254.50
Epoch 82/200, Batch 300, Aver_Loss: 235.35
Epoch 82/200, Batch 400, Aver_Loss: 237.93
Epoch 82/200, Batch 500, Aver_Loss: 240.38
Epoch 83/200, Batch 100, Aver_Loss: 238.74
Epoch 83/200, Batch 200, Aver_Loss: 233.20
Epoch 83/200, Batch 300, Aver_Loss: 248.40
Epoch 83/200, Batch 400, Aver_Loss: 239.13
Epoch 83/200, Batch 500, Aver_Loss: 250.64
Epoch 84/200, Batch 100, Aver_Loss: 238.14
Epoch 84/200, Batch 200, Aver_Loss: 239.14
Epoch 84/200, Batch 300, Aver_Loss: 242.45
Epoch 84/200, Batch 400, Aver_Loss: 239.44
Epoch 84/200, Batch 500, Aver_Loss: 235.40
Epoch 85/200, Batch 100, Aver_Loss: 243.86
Epoch 85/200, Batch 200, Aver_Loss: 241.85
Epoch 85/200, Batch 300, Aver_Loss: 227.76
Epoch 85/200, Batch 400, Aver_Loss: 247.18
Epoch 85/200, Batch 500, Aver_Loss: 246.49
Epoch 86/200, Batch 100, Aver_Loss: 250.11
Epoch 86/200, Batch 200, Aver_Loss: 232.55
Epoch 86/200, Batch 300, Aver_Loss: 252.98
Epoch 86/200, Batch 400, Aver_Loss: 242.84
Epoch 86/200, Batch 500, Aver_Loss: 230.95
Epoch 87/200, Batch 100, Aver_Loss: 244.09
Epoch 87/200, Batch 200, Aver_Loss: 255.49
Epoch 87/200, Batch 300, Aver_Loss: 248.71
Epoch 87/200, Batch 400, Aver_Loss: 241.17
Epoch 87/200, Batch 500, Aver_Loss: 243.36
Epoch 88/200, Batch 100, Aver_Loss: 244.92
Epoch 88/200, Batch 200, Aver_Loss: 233.04
Epoch 88/200, Batch 300, Aver_Loss: 247.56
Epoch 88/200, Batch 400, Aver_Loss: 230.49
Epoch 88/200, Batch 500, Aver_Loss: 249.94
Epoch 89/200, Batch 100, Aver_Loss: 242.16
Epoch 89/200, Batch 200, Aver_Loss: 241.24
Epoch 89/200, Batch 300, Aver_Loss: 236.16
Epoch 89/200, Batch 400, Aver_Loss: 243.65
Epoch 89/200, Batch 500, Aver_Loss: 234.44
Epoch 90/200, Batch 100, Aver_Loss: 230.78
Epoch 90/200, Batch 200, Aver_Loss: 240.18
Epoch 90/200, Batch 300, Aver_Loss: 237.56
Epoch 90/200, Batch 400, Aver_Loss: 242.42
Epoch 90/200, Batch 500, Aver_Loss: 233.45
Epoch 91/200, Batch 100, Aver_Loss: 229.49
Epoch 91/200, Batch 200, Aver_Loss: 225.04
Epoch 91/200, Batch 300, Aver_Loss: 235.91
Epoch 91/200, Batch 400, Aver_Loss: 253.15
Epoch 91/200, Batch 500, Aver_Loss: 241.01
Epoch 92/200, Batch 100, Aver_Loss: 236.22
Epoch 92/200, Batch 200, Aver_Loss: 255.13
Epoch 92/200, Batch 300, Aver_Loss: 239.95
Epoch 92/200, Batch 400, Aver_Loss: 238.67
Epoch 92/200, Batch 500, Aver_Loss: 241.74
Epoch 93/200, Batch 100, Aver_Loss: 251.89
Epoch 93/200, Batch 200, Aver_Loss: 247.66
Epoch 93/200, Batch 300, Aver_Loss: 246.85
Epoch 93/200, Batch 400, Aver_Loss: 246.20
Epoch 93/200, Batch 500, Aver_Loss: 256.79
Epoch 94/200, Batch 100, Aver_Loss: 242.20
Epoch 94/200, Batch 200, Aver_Loss: 236.21
Epoch 94/200, Batch 300, Aver_Loss: 242.29
Epoch 94/200, Batch 400, Aver_Loss: 227.11
Epoch 94/200, Batch 500, Aver_Loss: 241.11
Epoch 95/200, Batch 100, Aver_Loss: 254.86
Epoch 95/200, Batch 200, Aver_Loss: 235.88
Epoch 95/200, Batch 300, Aver_Loss: 247.49
Epoch 95/200, Batch 400, Aver_Loss: 241.06
Epoch 95/200, Batch 500, Aver_Loss: 241.93
Epoch 96/200, Batch 100, Aver_Loss: 241.80
Epoch 96/200, Batch 200, Aver_Loss: 249.80
Epoch 96/200, Batch 300, Aver_Loss: 245.88
Epoch 96/200, Batch 400, Aver_Loss: 249.69
Epoch 96/200, Batch 500, Aver_Loss: 238.13
Epoch 97/200, Batch 100, Aver_Loss: 237.98
Epoch 97/200, Batch 200, Aver_Loss: 237.09
Epoch 97/200, Batch 300, Aver_Loss: 244.01
Epoch 97/200, Batch 400, Aver_Loss: 241.55
Epoch 97/200, Batch 500, Aver_Loss: 257.78
Epoch 98/200, Batch 100, Aver_Loss: 232.93
Epoch 98/200, Batch 200, Aver_Loss: 259.42
Epoch 98/200, Batch 300, Aver_Loss: 233.27
Epoch 98/200, Batch 400, Aver_Loss: 239.60
Epoch 98/200, Batch 500, Aver_Loss: 229.46
Epoch 99/200, Batch 100, Aver_Loss: 253.98
Epoch 99/200, Batch 200, Aver_Loss: 232.93
Epoch 99/200, Batch 300, Aver_Loss: 231.65
Epoch 99/200, Batch 400, Aver_Loss: 236.61
Epoch 99/200, Batch 500, Aver_Loss: 252.42
Epoch 100/200, Batch 100, Aver_Loss: 240.83
Epoch 100/200, Batch 200, Aver_Loss: 241.24
Epoch 100/200, Batch 300, Aver_Loss: 234.95
Epoch 100/200, Batch 400, Aver_Loss: 235.60
Epoch 100/200, Batch 500, Aver_Loss: 251.39
Epoch 101/200, Batch 100, Aver_Loss: 238.76
Epoch 101/200, Batch 200, Aver_Loss: 239.28
Epoch 101/200, Batch 300, Aver_Loss: 242.95
Epoch 101/200, Batch 400, Aver_Loss: 243.73
Epoch 101/200, Batch 500, Aver_Loss: 227.27
Epoch 102/200, Batch 100, Aver_Loss: 230.79
Epoch 102/200, Batch 200, Aver_Loss: 235.50
Epoch 102/200, Batch 300, Aver_Loss: 246.83
Epoch 102/200, Batch 400, Aver_Loss: 244.67
Epoch 102/200, Batch 500, Aver_Loss: 234.22
Epoch 103/200, Batch 100, Aver_Loss: 240.89
Epoch 103/200, Batch 200, Aver_Loss: 226.79
Epoch 103/200, Batch 300, Aver_Loss: 240.37
Epoch 103/200, Batch 400, Aver_Loss: 245.45
Epoch 103/200, Batch 500, Aver_Loss: 247.50
Epoch 104/200, Batch 100, Aver_Loss: 255.46
Epoch 104/200, Batch 200, Aver_Loss: 241.17
Epoch 104/200, Batch 300, Aver_Loss: 258.92
Epoch 104/200, Batch 400, Aver_Loss: 242.93
Epoch 104/200, Batch 500, Aver_Loss: 242.98
Epoch 105/200, Batch 100, Aver_Loss: 246.77
Epoch 105/200, Batch 200, Aver_Loss: 241.72
Epoch 105/200, Batch 300, Aver_Loss: 242.55
Epoch 105/200, Batch 400, Aver_Loss: 244.24
Epoch 105/200, Batch 500, Aver_Loss: 248.34
Epoch 106/200, Batch 100, Aver_Loss: 247.73
Epoch 106/200, Batch 200, Aver_Loss: 234.23
Epoch 106/200, Batch 300, Aver_Loss: 242.27
Epoch 106/200, Batch 400, Aver_Loss: 242.11
Epoch 106/200, Batch 500, Aver_Loss: 239.00
Epoch 107/200, Batch 100, Aver_Loss: 228.75
Epoch 107/200, Batch 200, Aver_Loss: 236.10
Epoch 107/200, Batch 300, Aver_Loss: 244.45
Epoch 107/200, Batch 400, Aver_Loss: 237.71
Epoch 107/200, Batch 500, Aver_Loss: 226.24
Epoch 108/200, Batch 100, Aver_Loss: 241.83
Epoch 108/200, Batch 200, Aver_Loss: 230.77
Epoch 108/200, Batch 300, Aver_Loss: 249.60
Epoch 108/200, Batch 400, Aver_Loss: 238.82
Epoch 108/200, Batch 500, Aver_Loss: 232.82
Epoch 109/200, Batch 100, Aver_Loss: 237.95
Epoch 109/200, Batch 200, Aver_Loss: 231.65
Epoch 109/200, Batch 300, Aver_Loss: 252.34
Epoch 109/200, Batch 400, Aver_Loss: 224.07
Epoch 109/200, Batch 500, Aver_Loss: 233.06
Epoch 110/200, Batch 100, Aver_Loss: 244.04
Epoch 110/200, Batch 200, Aver_Loss: 238.42
Epoch 110/200, Batch 300, Aver_Loss: 242.02
Epoch 110/200, Batch 400, Aver_Loss: 232.21
Epoch 110/200, Batch 500, Aver_Loss: 245.95
Epoch 111/200, Batch 100, Aver_Loss: 246.47
Epoch 111/200, Batch 200, Aver_Loss: 250.39
Epoch 111/200, Batch 300, Aver_Loss: 247.37
Epoch 111/200, Batch 400, Aver_Loss: 242.67
Epoch 111/200, Batch 500, Aver_Loss: 247.75
Epoch 112/200, Batch 100, Aver_Loss: 250.70
Epoch 112/200, Batch 200, Aver_Loss: 246.59
Epoch 112/200, Batch 300, Aver_Loss: 248.99
Epoch 112/200, Batch 400, Aver_Loss: 234.04
Epoch 112/200, Batch 500, Aver_Loss: 241.49
Epoch 113/200, Batch 100, Aver_Loss: 236.52
Epoch 113/200, Batch 200, Aver_Loss: 234.50
Epoch 113/200, Batch 300, Aver_Loss: 230.40
Epoch 113/200, Batch 400, Aver_Loss: 247.59
Epoch 113/200, Batch 500, Aver_Loss: 222.62
Epoch 114/200, Batch 100, Aver_Loss: 231.07
Epoch 114/200, Batch 200, Aver_Loss: 258.88
Epoch 114/200, Batch 300, Aver_Loss: 236.93
Epoch 114/200, Batch 400, Aver_Loss: 240.86
Epoch 114/200, Batch 500, Aver_Loss: 238.85
Epoch 115/200, Batch 100, Aver_Loss: 234.84
Epoch 115/200, Batch 200, Aver_Loss: 239.98
Epoch 115/200, Batch 300, Aver_Loss: 235.15
Epoch 115/200, Batch 400, Aver_Loss: 244.54
Epoch 115/200, Batch 500, Aver_Loss: 247.19
Epoch 116/200, Batch 100, Aver_Loss: 253.46
Epoch 116/200, Batch 200, Aver_Loss: 243.39
Epoch 116/200, Batch 300, Aver_Loss: 232.50
Epoch 116/200, Batch 400, Aver_Loss: 238.97
Epoch 116/200, Batch 500, Aver_Loss: 236.43
Epoch 117/200, Batch 100, Aver_Loss: 248.40
Epoch 117/200, Batch 200, Aver_Loss: 246.91
Epoch 117/200, Batch 300, Aver_Loss: 233.08
Epoch 117/200, Batch 400, Aver_Loss: 241.64
Epoch 117/200, Batch 500, Aver_Loss: 242.24
Epoch 118/200, Batch 100, Aver_Loss: 248.48
Epoch 118/200, Batch 200, Aver_Loss: 250.03
Epoch 118/200, Batch 300, Aver_Loss: 249.29
Epoch 118/200, Batch 400, Aver_Loss: 233.66
Epoch 118/200, Batch 500, Aver_Loss: 247.94
Epoch 119/200, Batch 100, Aver_Loss: 242.12
Epoch 119/200, Batch 200, Aver_Loss: 236.30
Epoch 119/200, Batch 300, Aver_Loss: 239.80
Epoch 119/200, Batch 400, Aver_Loss: 244.45
Epoch 119/200, Batch 500, Aver_Loss: 246.06
Epoch 120/200, Batch 100, Aver_Loss: 236.83
Epoch 120/200, Batch 200, Aver_Loss: 252.41
Epoch 120/200, Batch 300, Aver_Loss: 251.04
Epoch 120/200, Batch 400, Aver_Loss: 250.34
Epoch 120/200, Batch 500, Aver_Loss: 242.77
Epoch 121/200, Batch 100, Aver_Loss: 233.75
Epoch 121/200, Batch 200, Aver_Loss: 240.54
Epoch 121/200, Batch 300, Aver_Loss: 239.05
Epoch 121/200, Batch 400, Aver_Loss: 228.11
Epoch 121/200, Batch 500, Aver_Loss: 256.68
Epoch 122/200, Batch 100, Aver_Loss: 246.89
Epoch 122/200, Batch 200, Aver_Loss: 235.54
Epoch 122/200, Batch 300, Aver_Loss: 239.21
Epoch 122/200, Batch 400, Aver_Loss: 239.66
Epoch 122/200, Batch 500, Aver_Loss: 245.96
Epoch 123/200, Batch 100, Aver_Loss: 249.94
Epoch 123/200, Batch 200, Aver_Loss: 232.46
Epoch 123/200, Batch 300, Aver_Loss: 254.42
Epoch 123/200, Batch 400, Aver_Loss: 236.03
Epoch 123/200, Batch 500, Aver_Loss: 232.76
Epoch 124/200, Batch 100, Aver_Loss: 241.59
Epoch 124/200, Batch 200, Aver_Loss: 245.83
Epoch 124/200, Batch 300, Aver_Loss: 246.74
Epoch 124/200, Batch 400, Aver_Loss: 248.52
Epoch 124/200, Batch 500, Aver_Loss: 243.51
Epoch 125/200, Batch 100, Aver_Loss: 240.78
Epoch 125/200, Batch 200, Aver_Loss: 237.48
Epoch 125/200, Batch 300, Aver_Loss: 242.34
Epoch 125/200, Batch 400, Aver_Loss: 224.71
Epoch 125/200, Batch 500, Aver_Loss: 247.05
Epoch 126/200, Batch 100, Aver_Loss: 233.57
Epoch 126/200, Batch 200, Aver_Loss: 227.76
Epoch 126/200, Batch 300, Aver_Loss: 231.70
Epoch 126/200, Batch 400, Aver_Loss: 246.46
Epoch 126/200, Batch 500, Aver_Loss: 248.29
Epoch 127/200, Batch 100, Aver_Loss: 248.21
Epoch 127/200, Batch 200, Aver_Loss: 238.55
Epoch 127/200, Batch 300, Aver_Loss: 242.23
Epoch 127/200, Batch 400, Aver_Loss: 263.81
Epoch 127/200, Batch 500, Aver_Loss: 240.93
Epoch 128/200, Batch 100, Aver_Loss: 250.43
Epoch 128/200, Batch 200, Aver_Loss: 240.27
Epoch 128/200, Batch 300, Aver_Loss: 243.89
Epoch 128/200, Batch 400, Aver_Loss: 232.22
Epoch 128/200, Batch 500, Aver_Loss: 246.83
Epoch 129/200, Batch 100, Aver_Loss: 242.62
Epoch 129/200, Batch 200, Aver_Loss: 244.38
Epoch 129/200, Batch 300, Aver_Loss: 251.51
Epoch 129/200, Batch 400, Aver_Loss: 245.36
Epoch 129/200, Batch 500, Aver_Loss: 236.43
Epoch 130/200, Batch 100, Aver_Loss: 243.22
Epoch 130/200, Batch 200, Aver_Loss: 247.12
Epoch 130/200, Batch 300, Aver_Loss: 251.67
Epoch 130/200, Batch 400, Aver_Loss: 247.74
Epoch 130/200, Batch 500, Aver_Loss: 231.56
Epoch 131/200, Batch 100, Aver_Loss: 237.31
Epoch 131/200, Batch 200, Aver_Loss: 245.59
Epoch 131/200, Batch 300, Aver_Loss: 243.39
Epoch 131/200, Batch 400, Aver_Loss: 231.47
Epoch 131/200, Batch 500, Aver_Loss: 244.57
Epoch 132/200, Batch 100, Aver_Loss: 235.22
Epoch 132/200, Batch 200, Aver_Loss: 244.70
Epoch 132/200, Batch 300, Aver_Loss: 240.40
Epoch 132/200, Batch 400, Aver_Loss: 237.72
Epoch 132/200, Batch 500, Aver_Loss: 256.13
Epoch 133/200, Batch 100, Aver_Loss: 245.50
Epoch 133/200, Batch 200, Aver_Loss: 245.27
Epoch 133/200, Batch 300, Aver_Loss: 244.29
Epoch 133/200, Batch 400, Aver_Loss: 236.89
Epoch 133/200, Batch 500, Aver_Loss: 245.80
Epoch 134/200, Batch 100, Aver_Loss: 233.86
Epoch 134/200, Batch 200, Aver_Loss: 230.52
Epoch 134/200, Batch 300, Aver_Loss: 254.15
Epoch 134/200, Batch 400, Aver_Loss: 248.53
Epoch 134/200, Batch 500, Aver_Loss: 255.68
Epoch 135/200, Batch 100, Aver_Loss: 237.07
Epoch 135/200, Batch 200, Aver_Loss: 254.33
Epoch 135/200, Batch 300, Aver_Loss: 236.59
Epoch 135/200, Batch 400, Aver_Loss: 247.07
Epoch 135/200, Batch 500, Aver_Loss: 243.93
Epoch 136/200, Batch 100, Aver_Loss: 240.19
Epoch 136/200, Batch 200, Aver_Loss: 234.51
Epoch 136/200, Batch 300, Aver_Loss: 230.66
Epoch 136/200, Batch 400, Aver_Loss: 246.61
Epoch 136/200, Batch 500, Aver_Loss: 239.60
Epoch 137/200, Batch 100, Aver_Loss: 235.20
Epoch 137/200, Batch 200, Aver_Loss: 238.29
Epoch 137/200, Batch 300, Aver_Loss: 235.46
Epoch 137/200, Batch 400, Aver_Loss: 233.36
Epoch 137/200, Batch 500, Aver_Loss: 229.53
Epoch 138/200, Batch 100, Aver_Loss: 240.59
Epoch 138/200, Batch 200, Aver_Loss: 242.57
Epoch 138/200, Batch 300, Aver_Loss: 252.27
Epoch 138/200, Batch 400, Aver_Loss: 252.83
Epoch 138/200, Batch 500, Aver_Loss: 251.52
Epoch 139/200, Batch 100, Aver_Loss: 232.29
Epoch 139/200, Batch 200, Aver_Loss: 249.60
Epoch 139/200, Batch 300, Aver_Loss: 257.01
Epoch 139/200, Batch 400, Aver_Loss: 247.67
Epoch 139/200, Batch 500, Aver_Loss: 234.58
Epoch 140/200, Batch 100, Aver_Loss: 239.56
Epoch 140/200, Batch 200, Aver_Loss: 236.37
Epoch 140/200, Batch 300, Aver_Loss: 243.86
Epoch 140/200, Batch 400, Aver_Loss: 246.11
Epoch 140/200, Batch 500, Aver_Loss: 249.33
Epoch 141/200, Batch 100, Aver_Loss: 246.90
Epoch 141/200, Batch 200, Aver_Loss: 249.33
Epoch 141/200, Batch 300, Aver_Loss: 246.38
Epoch 141/200, Batch 400, Aver_Loss: 246.34
Epoch 141/200, Batch 500, Aver_Loss: 250.32
Epoch 142/200, Batch 100, Aver_Loss: 233.91
Epoch 142/200, Batch 200, Aver_Loss: 245.42
Epoch 142/200, Batch 300, Aver_Loss: 235.08
Epoch 142/200, Batch 400, Aver_Loss: 232.32
Epoch 142/200, Batch 500, Aver_Loss: 245.52
Epoch 143/200, Batch 100, Aver_Loss: 241.40
Epoch 143/200, Batch 200, Aver_Loss: 237.38
Epoch 143/200, Batch 300, Aver_Loss: 230.41
Epoch 143/200, Batch 400, Aver_Loss: 243.50
Epoch 143/200, Batch 500, Aver_Loss: 250.73
Epoch 144/200, Batch 100, Aver_Loss: 247.06
Epoch 144/200, Batch 200, Aver_Loss: 230.11
Epoch 144/200, Batch 300, Aver_Loss: 239.40
Epoch 144/200, Batch 400, Aver_Loss: 238.20
Epoch 144/200, Batch 500, Aver_Loss: 235.22
Epoch 145/200, Batch 100, Aver_Loss: 247.54
Epoch 145/200, Batch 200, Aver_Loss: 231.75
Epoch 145/200, Batch 300, Aver_Loss: 235.11
Epoch 145/200, Batch 400, Aver_Loss: 241.68
Epoch 145/200, Batch 500, Aver_Loss: 248.48
Epoch 146/200, Batch 100, Aver_Loss: 238.83
Epoch 146/200, Batch 200, Aver_Loss: 231.33
Epoch 146/200, Batch 300, Aver_Loss: 250.82
Epoch 146/200, Batch 400, Aver_Loss: 239.52
Epoch 146/200, Batch 500, Aver_Loss: 237.38
Epoch 147/200, Batch 100, Aver_Loss: 241.96
Epoch 147/200, Batch 200, Aver_Loss: 242.03
Epoch 147/200, Batch 300, Aver_Loss: 233.90
Epoch 147/200, Batch 400, Aver_Loss: 232.24
Epoch 147/200, Batch 500, Aver_Loss: 250.89
Epoch 148/200, Batch 100, Aver_Loss: 226.24
Epoch 148/200, Batch 200, Aver_Loss: 250.54
Epoch 148/200, Batch 300, Aver_Loss: 260.32
Epoch 148/200, Batch 400, Aver_Loss: 228.89
Epoch 148/200, Batch 500, Aver_Loss: 235.92
Epoch 149/200, Batch 100, Aver_Loss: 245.01
Epoch 149/200, Batch 200, Aver_Loss: 239.08
Epoch 149/200, Batch 300, Aver_Loss: 246.29
Epoch 149/200, Batch 400, Aver_Loss: 234.07
Epoch 149/200, Batch 500, Aver_Loss: 237.41
Epoch 150/200, Batch 100, Aver_Loss: 236.88
Epoch 150/200, Batch 200, Aver_Loss: 232.51
Epoch 150/200, Batch 300, Aver_Loss: 241.54
Epoch 150/200, Batch 400, Aver_Loss: 248.97
Epoch 150/200, Batch 500, Aver_Loss: 231.10
Epoch 151/200, Batch 100, Aver_Loss: 223.45
Epoch 151/200, Batch 200, Aver_Loss: 245.62
Epoch 151/200, Batch 300, Aver_Loss: 236.45
Epoch 151/200, Batch 400, Aver_Loss: 260.31
Epoch 151/200, Batch 500, Aver_Loss: 244.67
Epoch 152/200, Batch 100, Aver_Loss: 240.15
Epoch 152/200, Batch 200, Aver_Loss: 238.00
Epoch 152/200, Batch 300, Aver_Loss: 244.69
Epoch 152/200, Batch 400, Aver_Loss: 228.25
Epoch 152/200, Batch 500, Aver_Loss: 252.68
Epoch 153/200, Batch 100, Aver_Loss: 249.13
Epoch 153/200, Batch 200, Aver_Loss: 251.04
Epoch 153/200, Batch 300, Aver_Loss: 244.70
Epoch 153/200, Batch 400, Aver_Loss: 249.18
Epoch 153/200, Batch 500, Aver_Loss: 241.72
Epoch 154/200, Batch 100, Aver_Loss: 238.12
Epoch 154/200, Batch 200, Aver_Loss: 248.39
Epoch 154/200, Batch 300, Aver_Loss: 236.15
Epoch 154/200, Batch 400, Aver_Loss: 237.95
Epoch 154/200, Batch 500, Aver_Loss: 249.20
Epoch 155/200, Batch 100, Aver_Loss: 249.81
Epoch 155/200, Batch 200, Aver_Loss: 235.43
Epoch 155/200, Batch 300, Aver_Loss: 242.48
Epoch 155/200, Batch 400, Aver_Loss: 247.70
Epoch 155/200, Batch 500, Aver_Loss: 238.13
Epoch 156/200, Batch 100, Aver_Loss: 237.88
Epoch 156/200, Batch 200, Aver_Loss: 229.76
Epoch 156/200, Batch 300, Aver_Loss: 240.65
Epoch 156/200, Batch 400, Aver_Loss: 255.89
Epoch 156/200, Batch 500, Aver_Loss: 246.34
Epoch 157/200, Batch 100, Aver_Loss: 235.45
Epoch 157/200, Batch 200, Aver_Loss: 251.17
Epoch 157/200, Batch 300, Aver_Loss: 244.38
Epoch 157/200, Batch 400, Aver_Loss: 238.10
Epoch 157/200, Batch 500, Aver_Loss: 237.03
Epoch 158/200, Batch 100, Aver_Loss: 230.23
Epoch 158/200, Batch 200, Aver_Loss: 241.64
Epoch 158/200, Batch 300, Aver_Loss: 246.51
Epoch 158/200, Batch 400, Aver_Loss: 244.50
Epoch 158/200, Batch 500, Aver_Loss: 234.98
Epoch 159/200, Batch 100, Aver_Loss: 251.27
Epoch 159/200, Batch 200, Aver_Loss: 240.52
Epoch 159/200, Batch 300, Aver_Loss: 242.05
Epoch 159/200, Batch 400, Aver_Loss: 233.37
Epoch 159/200, Batch 500, Aver_Loss: 241.45
Epoch 160/200, Batch 100, Aver_Loss: 246.86
Epoch 160/200, Batch 200, Aver_Loss: 248.61
Epoch 160/200, Batch 300, Aver_Loss: 254.16
Epoch 160/200, Batch 400, Aver_Loss: 252.95
Epoch 160/200, Batch 500, Aver_Loss: 236.06
Epoch 161/200, Batch 100, Aver_Loss: 241.04
Epoch 161/200, Batch 200, Aver_Loss: 245.43
Epoch 161/200, Batch 300, Aver_Loss: 251.88
Epoch 161/200, Batch 400, Aver_Loss: 255.14
Epoch 161/200, Batch 500, Aver_Loss: 241.23
Epoch 162/200, Batch 100, Aver_Loss: 232.00
Epoch 162/200, Batch 200, Aver_Loss: 247.46
Epoch 162/200, Batch 300, Aver_Loss: 244.57
Epoch 162/200, Batch 400, Aver_Loss: 255.81
Epoch 162/200, Batch 500, Aver_Loss: 239.79
Epoch 163/200, Batch 100, Aver_Loss: 244.19
Epoch 163/200, Batch 200, Aver_Loss: 241.57
Epoch 163/200, Batch 300, Aver_Loss: 249.92
Epoch 163/200, Batch 400, Aver_Loss: 250.23
Epoch 163/200, Batch 500, Aver_Loss: 245.06
Epoch 164/200, Batch 100, Aver_Loss: 235.50
Epoch 164/200, Batch 200, Aver_Loss: 251.50
Epoch 164/200, Batch 300, Aver_Loss: 243.23
Epoch 164/200, Batch 400, Aver_Loss: 246.14
Epoch 164/200, Batch 500, Aver_Loss: 248.29
Epoch 165/200, Batch 100, Aver_Loss: 246.02
Epoch 165/200, Batch 200, Aver_Loss: 234.16
Epoch 165/200, Batch 300, Aver_Loss: 252.91
Epoch 165/200, Batch 400, Aver_Loss: 239.76
Epoch 165/200, Batch 500, Aver_Loss: 245.45
Epoch 166/200, Batch 100, Aver_Loss: 249.37
Epoch 166/200, Batch 200, Aver_Loss: 234.44
Epoch 166/200, Batch 300, Aver_Loss: 248.89
Epoch 166/200, Batch 400, Aver_Loss: 232.37
Epoch 166/200, Batch 500, Aver_Loss: 225.79
Epoch 167/200, Batch 100, Aver_Loss: 226.63
Epoch 167/200, Batch 200, Aver_Loss: 237.20
Epoch 167/200, Batch 300, Aver_Loss: 223.51
Epoch 167/200, Batch 400, Aver_Loss: 247.03
Epoch 167/200, Batch 500, Aver_Loss: 237.12
Epoch 168/200, Batch 100, Aver_Loss: 241.46
Epoch 168/200, Batch 200, Aver_Loss: 242.43
Epoch 168/200, Batch 300, Aver_Loss: 236.22
Epoch 168/200, Batch 400, Aver_Loss: 230.92
Epoch 168/200, Batch 500, Aver_Loss: 232.18
Epoch 169/200, Batch 100, Aver_Loss: 238.86
Epoch 169/200, Batch 200, Aver_Loss: 255.71
Epoch 169/200, Batch 300, Aver_Loss: 236.23
Epoch 169/200, Batch 400, Aver_Loss: 242.51
Epoch 169/200, Batch 500, Aver_Loss: 247.05
Epoch 170/200, Batch 100, Aver_Loss: 243.70
Epoch 170/200, Batch 200, Aver_Loss: 244.26
Epoch 170/200, Batch 300, Aver_Loss: 236.85
Epoch 170/200, Batch 400, Aver_Loss: 234.12
Epoch 170/200, Batch 500, Aver_Loss: 238.84
Epoch 171/200, Batch 100, Aver_Loss: 235.50
Epoch 171/200, Batch 200, Aver_Loss: 225.91
Epoch 171/200, Batch 300, Aver_Loss: 247.43
Epoch 171/200, Batch 400, Aver_Loss: 244.29
Epoch 171/200, Batch 500, Aver_Loss: 248.27
Epoch 172/200, Batch 100, Aver_Loss: 234.85
Epoch 172/200, Batch 200, Aver_Loss: 237.76
Epoch 172/200, Batch 300, Aver_Loss: 241.27
Epoch 172/200, Batch 400, Aver_Loss: 240.96
Epoch 172/200, Batch 500, Aver_Loss: 246.02
Epoch 173/200, Batch 100, Aver_Loss: 238.31
Epoch 173/200, Batch 200, Aver_Loss: 243.96
Epoch 173/200, Batch 300, Aver_Loss: 238.57
Epoch 173/200, Batch 400, Aver_Loss: 233.63
Epoch 173/200, Batch 500, Aver_Loss: 248.08
Epoch 174/200, Batch 100, Aver_Loss: 257.14
Epoch 174/200, Batch 200, Aver_Loss: 244.96
Epoch 174/200, Batch 300, Aver_Loss: 244.35
Epoch 174/200, Batch 400, Aver_Loss: 249.57
Epoch 174/200, Batch 500, Aver_Loss: 235.33
Epoch 175/200, Batch 100, Aver_Loss: 250.29
Epoch 175/200, Batch 200, Aver_Loss: 255.05
Epoch 175/200, Batch 300, Aver_Loss: 252.58
Epoch 175/200, Batch 400, Aver_Loss: 236.94
Epoch 175/200, Batch 500, Aver_Loss: 244.34
Epoch 176/200, Batch 100, Aver_Loss: 247.02
Epoch 176/200, Batch 200, Aver_Loss: 226.80
Epoch 176/200, Batch 300, Aver_Loss: 242.68
Epoch 176/200, Batch 400, Aver_Loss: 247.41
Epoch 176/200, Batch 500, Aver_Loss: 240.38
Epoch 177/200, Batch 100, Aver_Loss: 250.78
Epoch 177/200, Batch 200, Aver_Loss: 248.40
Epoch 177/200, Batch 300, Aver_Loss: 230.73
Epoch 177/200, Batch 400, Aver_Loss: 242.86
Epoch 177/200, Batch 500, Aver_Loss: 235.30
Epoch 178/200, Batch 100, Aver_Loss: 252.86
Epoch 178/200, Batch 200, Aver_Loss: 238.73
Epoch 178/200, Batch 300, Aver_Loss: 252.19
Epoch 178/200, Batch 400, Aver_Loss: 244.60
Epoch 178/200, Batch 500, Aver_Loss: 246.24
Epoch 179/200, Batch 100, Aver_Loss: 243.17
Epoch 179/200, Batch 200, Aver_Loss: 241.93
Epoch 179/200, Batch 300, Aver_Loss: 237.57
Epoch 179/200, Batch 400, Aver_Loss: 238.48
Epoch 179/200, Batch 500, Aver_Loss: 235.33
Epoch 180/200, Batch 100, Aver_Loss: 236.08
Epoch 180/200, Batch 200, Aver_Loss: 236.66
Epoch 180/200, Batch 300, Aver_Loss: 238.23
Epoch 180/200, Batch 400, Aver_Loss: 245.52
Epoch 180/200, Batch 500, Aver_Loss: 245.63
Epoch 181/200, Batch 100, Aver_Loss: 247.80
Epoch 181/200, Batch 200, Aver_Loss: 234.98
Epoch 181/200, Batch 300, Aver_Loss: 238.45
Epoch 181/200, Batch 400, Aver_Loss: 246.58
Epoch 181/200, Batch 500, Aver_Loss: 241.47
Epoch 182/200, Batch 100, Aver_Loss: 248.98
Epoch 182/200, Batch 200, Aver_Loss: 234.99
Epoch 182/200, Batch 300, Aver_Loss: 246.69
Epoch 182/200, Batch 400, Aver_Loss: 242.15
Epoch 182/200, Batch 500, Aver_Loss: 254.19
Epoch 183/200, Batch 100, Aver_Loss: 236.16
Epoch 183/200, Batch 200, Aver_Loss: 234.78
Epoch 183/200, Batch 300, Aver_Loss: 226.87
Epoch 183/200, Batch 400, Aver_Loss: 233.93
Epoch 183/200, Batch 500, Aver_Loss: 250.10
Epoch 184/200, Batch 100, Aver_Loss: 253.04
Epoch 184/200, Batch 200, Aver_Loss: 254.57
Epoch 184/200, Batch 300, Aver_Loss: 249.95
Epoch 184/200, Batch 400, Aver_Loss: 240.07
Epoch 184/200, Batch 500, Aver_Loss: 247.08
Epoch 185/200, Batch 100, Aver_Loss: 226.95
Epoch 185/200, Batch 200, Aver_Loss: 231.50
Epoch 185/200, Batch 300, Aver_Loss: 240.28
Epoch 185/200, Batch 400, Aver_Loss: 232.34
Epoch 185/200, Batch 500, Aver_Loss: 238.71
Epoch 186/200, Batch 100, Aver_Loss: 243.96
Epoch 186/200, Batch 200, Aver_Loss: 240.06
Epoch 186/200, Batch 300, Aver_Loss: 245.24
Epoch 186/200, Batch 400, Aver_Loss: 240.76
Epoch 186/200, Batch 500, Aver_Loss: 238.01
Epoch 187/200, Batch 100, Aver_Loss: 231.88
Epoch 187/200, Batch 200, Aver_Loss: 230.46
Epoch 187/200, Batch 300, Aver_Loss: 250.61
Epoch 187/200, Batch 400, Aver_Loss: 238.24
Epoch 187/200, Batch 500, Aver_Loss: 238.59
Epoch 188/200, Batch 100, Aver_Loss: 242.99
Epoch 188/200, Batch 200, Aver_Loss: 236.47
Epoch 188/200, Batch 300, Aver_Loss: 239.01
Epoch 188/200, Batch 400, Aver_Loss: 246.01
Epoch 188/200, Batch 500, Aver_Loss: 240.01
Epoch 189/200, Batch 100, Aver_Loss: 241.49
Epoch 189/200, Batch 200, Aver_Loss: 251.72
Epoch 189/200, Batch 300, Aver_Loss: 234.59
Epoch 189/200, Batch 400, Aver_Loss: 238.86
Epoch 189/200, Batch 500, Aver_Loss: 258.06
Epoch 190/200, Batch 100, Aver_Loss: 246.87
Epoch 190/200, Batch 200, Aver_Loss: 254.56
Epoch 190/200, Batch 300, Aver_Loss: 233.27
Epoch 190/200, Batch 400, Aver_Loss: 245.47
Epoch 190/200, Batch 500, Aver_Loss: 242.80
Epoch 191/200, Batch 100, Aver_Loss: 258.77
Epoch 191/200, Batch 200, Aver_Loss: 237.30
Epoch 191/200, Batch 300, Aver_Loss: 230.94
Epoch 191/200, Batch 400, Aver_Loss: 242.03
Epoch 191/200, Batch 500, Aver_Loss: 234.19
Epoch 192/200, Batch 100, Aver_Loss: 248.22
Epoch 192/200, Batch 200, Aver_Loss: 235.73
Epoch 192/200, Batch 300, Aver_Loss: 234.13
Epoch 192/200, Batch 400, Aver_Loss: 233.40
Epoch 192/200, Batch 500, Aver_Loss: 220.42
Epoch 193/200, Batch 100, Aver_Loss: 235.94
Epoch 193/200, Batch 200, Aver_Loss: 240.71
Epoch 193/200, Batch 300, Aver_Loss: 247.91
Epoch 193/200, Batch 400, Aver_Loss: 242.97
Epoch 193/200, Batch 500, Aver_Loss: 252.82
Epoch 194/200, Batch 100, Aver_Loss: 247.63
Epoch 194/200, Batch 200, Aver_Loss: 247.43
Epoch 194/200, Batch 300, Aver_Loss: 249.78
Epoch 194/200, Batch 400, Aver_Loss: 238.01
Epoch 194/200, Batch 500, Aver_Loss: 233.09
Epoch 195/200, Batch 100, Aver_Loss: 230.31
Epoch 195/200, Batch 200, Aver_Loss: 244.51
Epoch 195/200, Batch 300, Aver_Loss: 232.21
Epoch 195/200, Batch 400, Aver_Loss: 238.19
Epoch 195/200, Batch 500, Aver_Loss: 242.84
Epoch 196/200, Batch 100, Aver_Loss: 220.89
Epoch 196/200, Batch 200, Aver_Loss: 243.04
Epoch 196/200, Batch 300, Aver_Loss: 228.70
Epoch 196/200, Batch 400, Aver_Loss: 235.67
Epoch 196/200, Batch 500, Aver_Loss: 249.55
Epoch 197/200, Batch 100, Aver_Loss: 252.83
Epoch 197/200, Batch 200, Aver_Loss: 233.84
Epoch 197/200, Batch 300, Aver_Loss: 249.48
Epoch 197/200, Batch 400, Aver_Loss: 244.25
Epoch 197/200, Batch 500, Aver_Loss: 254.19
Epoch 198/200, Batch 100, Aver_Loss: 251.93
Epoch 198/200, Batch 200, Aver_Loss: 244.37
Epoch 198/200, Batch 300, Aver_Loss: 246.96
Epoch 198/200, Batch 400, Aver_Loss: 235.96
Epoch 198/200, Batch 500, Aver_Loss: 250.13
Epoch 199/200, Batch 100, Aver_Loss: 242.08
Epoch 199/200, Batch 200, Aver_Loss: 241.38
Epoch 199/200, Batch 300, Aver_Loss: 248.60
Epoch 199/200, Batch 400, Aver_Loss: 230.53
Epoch 199/200, Batch 500, Aver_Loss: 250.60
Epoch 200/200, Batch 100, Aver_Loss: 255.49
Epoch 200/200, Batch 200, Aver_Loss: 241.66
Epoch 200/200, Batch 300, Aver_Loss: 240.81
Epoch 200/200, Batch 400, Aver_Loss: 244.10
Epoch 200/200, Batch 500, Aver_Loss: 250.22
[saved curves] ./results/FASHION_MNIST/curves/fashion_mnist_mvae_d512_s777.json

==== Evaluation Summary ====
                 model: mvae
   recon/mse_per_pixel: 0.015557
            elbo/train: -241.537926
             elbo/test: -242.081458
             mse/train: 0.015270
              mse/test: 0.015557
             probe/acc: 0.865071
             probe/nll: 0.380650
           probe/brier: 0.193757
             probe/ece: 0.026236
           cluster/nmi: 0.540750
           cluster/ari: 0.368760
============================

