/usr/bin/which: no fi_info in (/arf/home/meyavuz/.local/bin:/arf/sw/comp/python/intelpython3/condabin:/arf/sw/comp/python/intelpython3/bin:/usr/share/Modules/bin:/usr/local/bin:/usr/bin:/usr/local/sbin:/usr/sbin)
Extension for Scikit-learn* enabled (https://github.com/uxlfoundation/scikit-learn-intelex)
/arf/home/meyavuz/.conda/envs/sbn/lib/python3.9/site-packages/sklearn/linear_model/_logistic.py:1247: FutureWarning: 'multi_class' was deprecated in version 1.5 and will be removed in 1.7. From then on, it will always use 'multinomial'. Leave it to its default value to avoid this warning.
  warnings.warn(
/arf/home/meyavuz/.conda/envs/sbn/lib/python3.9/site-packages/sklearn/linear_model/_sag.py:348: ConvergenceWarning: The max_iter was reached which means the coef_ did not converge
  warnings.warn(
Epoch 1/200, Batch 100, Aver_Loss: 315.53
Epoch 1/200, Batch 200, Aver_Loss: 287.76
Epoch 1/200, Batch 300, Aver_Loss: 274.29
Epoch 1/200, Batch 400, Aver_Loss: 284.42
Epoch 1/200, Batch 500, Aver_Loss: 281.84
Epoch 2/200, Batch 100, Aver_Loss: 286.56
Epoch 2/200, Batch 200, Aver_Loss: 266.26
Epoch 2/200, Batch 300, Aver_Loss: 248.00
Epoch 2/200, Batch 400, Aver_Loss: 255.26
Epoch 2/200, Batch 500, Aver_Loss: 266.12
Epoch 3/200, Batch 100, Aver_Loss: 245.91
Epoch 3/200, Batch 200, Aver_Loss: 265.84
Epoch 3/200, Batch 300, Aver_Loss: 254.54
Epoch 3/200, Batch 400, Aver_Loss: 269.32
Epoch 3/200, Batch 500, Aver_Loss: 256.66
Epoch 4/200, Batch 100, Aver_Loss: 250.49
Epoch 4/200, Batch 200, Aver_Loss: 251.95
Epoch 4/200, Batch 300, Aver_Loss: 250.24
Epoch 4/200, Batch 400, Aver_Loss: 253.74
Epoch 4/200, Batch 500, Aver_Loss: 251.70
Epoch 5/200, Batch 100, Aver_Loss: 264.66
Epoch 5/200, Batch 200, Aver_Loss: 247.54
Epoch 5/200, Batch 300, Aver_Loss: 255.64
Epoch 5/200, Batch 400, Aver_Loss: 256.34
Epoch 5/200, Batch 500, Aver_Loss: 251.50
Epoch 6/200, Batch 100, Aver_Loss: 241.03
Epoch 6/200, Batch 200, Aver_Loss: 244.92
Epoch 6/200, Batch 300, Aver_Loss: 247.10
Epoch 6/200, Batch 400, Aver_Loss: 246.98
Epoch 6/200, Batch 500, Aver_Loss: 260.89
Epoch 7/200, Batch 100, Aver_Loss: 253.38
Epoch 7/200, Batch 200, Aver_Loss: 245.91
Epoch 7/200, Batch 300, Aver_Loss: 268.38
Epoch 7/200, Batch 400, Aver_Loss: 246.66
Epoch 7/200, Batch 500, Aver_Loss: 247.39
Epoch 8/200, Batch 100, Aver_Loss: 258.14
Epoch 8/200, Batch 200, Aver_Loss: 260.29
Epoch 8/200, Batch 300, Aver_Loss: 253.40
Epoch 8/200, Batch 400, Aver_Loss: 241.64
Epoch 8/200, Batch 500, Aver_Loss: 244.93
Epoch 9/200, Batch 100, Aver_Loss: 243.60
Epoch 9/200, Batch 200, Aver_Loss: 241.67
Epoch 9/200, Batch 300, Aver_Loss: 256.07
Epoch 9/200, Batch 400, Aver_Loss: 245.28
Epoch 9/200, Batch 500, Aver_Loss: 257.61
Epoch 10/200, Batch 100, Aver_Loss: 263.41
Epoch 10/200, Batch 200, Aver_Loss: 237.23
Epoch 10/200, Batch 300, Aver_Loss: 247.32
Epoch 10/200, Batch 400, Aver_Loss: 245.45
Epoch 10/200, Batch 500, Aver_Loss: 245.94
Epoch 11/200, Batch 100, Aver_Loss: 245.79
Epoch 11/200, Batch 200, Aver_Loss: 256.47
Epoch 11/200, Batch 300, Aver_Loss: 251.84
Epoch 11/200, Batch 400, Aver_Loss: 248.90
Epoch 11/200, Batch 500, Aver_Loss: 254.50
Epoch 12/200, Batch 100, Aver_Loss: 252.11
Epoch 12/200, Batch 200, Aver_Loss: 251.63
Epoch 12/200, Batch 300, Aver_Loss: 245.37
Epoch 12/200, Batch 400, Aver_Loss: 251.19
Epoch 12/200, Batch 500, Aver_Loss: 248.25
Epoch 13/200, Batch 100, Aver_Loss: 245.33
Epoch 13/200, Batch 200, Aver_Loss: 237.01
Epoch 13/200, Batch 300, Aver_Loss: 246.00
Epoch 13/200, Batch 400, Aver_Loss: 245.19
Epoch 13/200, Batch 500, Aver_Loss: 242.44
Epoch 14/200, Batch 100, Aver_Loss: 239.62
Epoch 14/200, Batch 200, Aver_Loss: 247.71
Epoch 14/200, Batch 300, Aver_Loss: 244.25
Epoch 14/200, Batch 400, Aver_Loss: 251.75
Epoch 14/200, Batch 500, Aver_Loss: 253.14
Epoch 15/200, Batch 100, Aver_Loss: 243.17
Epoch 15/200, Batch 200, Aver_Loss: 233.79
Epoch 15/200, Batch 300, Aver_Loss: 257.58
Epoch 15/200, Batch 400, Aver_Loss: 247.17
Epoch 15/200, Batch 500, Aver_Loss: 238.61
Epoch 16/200, Batch 100, Aver_Loss: 248.36
Epoch 16/200, Batch 200, Aver_Loss: 255.45
Epoch 16/200, Batch 300, Aver_Loss: 244.86
Epoch 16/200, Batch 400, Aver_Loss: 248.96
Epoch 16/200, Batch 500, Aver_Loss: 253.09
Epoch 17/200, Batch 100, Aver_Loss: 241.01
Epoch 17/200, Batch 200, Aver_Loss: 251.87
Epoch 17/200, Batch 300, Aver_Loss: 242.64
Epoch 17/200, Batch 400, Aver_Loss: 259.79
Epoch 17/200, Batch 500, Aver_Loss: 243.11
Epoch 18/200, Batch 100, Aver_Loss: 251.08
Epoch 18/200, Batch 200, Aver_Loss: 254.19
Epoch 18/200, Batch 300, Aver_Loss: 248.01
Epoch 18/200, Batch 400, Aver_Loss: 253.91
Epoch 18/200, Batch 500, Aver_Loss: 233.11
Epoch 19/200, Batch 100, Aver_Loss: 239.65
Epoch 19/200, Batch 200, Aver_Loss: 246.97
Epoch 19/200, Batch 300, Aver_Loss: 245.58
Epoch 19/200, Batch 400, Aver_Loss: 233.14
Epoch 19/200, Batch 500, Aver_Loss: 233.91
Epoch 20/200, Batch 100, Aver_Loss: 245.76
Epoch 20/200, Batch 200, Aver_Loss: 245.66
Epoch 20/200, Batch 300, Aver_Loss: 244.82
Epoch 20/200, Batch 400, Aver_Loss: 242.78
Epoch 20/200, Batch 500, Aver_Loss: 247.12
Epoch 21/200, Batch 100, Aver_Loss: 249.88
Epoch 21/200, Batch 200, Aver_Loss: 246.48
Epoch 21/200, Batch 300, Aver_Loss: 246.93
Epoch 21/200, Batch 400, Aver_Loss: 237.77
Epoch 21/200, Batch 500, Aver_Loss: 248.61
Epoch 22/200, Batch 100, Aver_Loss: 241.79
Epoch 22/200, Batch 200, Aver_Loss: 247.70
Epoch 22/200, Batch 300, Aver_Loss: 247.10
Epoch 22/200, Batch 400, Aver_Loss: 240.02
Epoch 22/200, Batch 500, Aver_Loss: 234.18
Epoch 23/200, Batch 100, Aver_Loss: 245.42
Epoch 23/200, Batch 200, Aver_Loss: 243.92
Epoch 23/200, Batch 300, Aver_Loss: 243.77
Epoch 23/200, Batch 400, Aver_Loss: 242.30
Epoch 23/200, Batch 500, Aver_Loss: 236.16
Epoch 24/200, Batch 100, Aver_Loss: 251.81
Epoch 24/200, Batch 200, Aver_Loss: 249.31
Epoch 24/200, Batch 300, Aver_Loss: 232.50
Epoch 24/200, Batch 400, Aver_Loss: 230.09
Epoch 24/200, Batch 500, Aver_Loss: 244.12
Epoch 25/200, Batch 100, Aver_Loss: 228.83
Epoch 25/200, Batch 200, Aver_Loss: 240.89
Epoch 25/200, Batch 300, Aver_Loss: 240.14
Epoch 25/200, Batch 400, Aver_Loss: 243.94
Epoch 25/200, Batch 500, Aver_Loss: 243.87
Epoch 26/200, Batch 100, Aver_Loss: 252.17
Epoch 26/200, Batch 200, Aver_Loss: 237.11
Epoch 26/200, Batch 300, Aver_Loss: 237.54
Epoch 26/200, Batch 400, Aver_Loss: 239.21
Epoch 26/200, Batch 500, Aver_Loss: 252.44
Epoch 27/200, Batch 100, Aver_Loss: 226.27
Epoch 27/200, Batch 200, Aver_Loss: 236.62
Epoch 27/200, Batch 300, Aver_Loss: 237.79
Epoch 27/200, Batch 400, Aver_Loss: 249.87
Epoch 27/200, Batch 500, Aver_Loss: 251.64
Epoch 28/200, Batch 100, Aver_Loss: 242.80
Epoch 28/200, Batch 200, Aver_Loss: 240.03
Epoch 28/200, Batch 300, Aver_Loss: 259.38
Epoch 28/200, Batch 400, Aver_Loss: 250.43
Epoch 28/200, Batch 500, Aver_Loss: 261.59
Epoch 29/200, Batch 100, Aver_Loss: 250.75
Epoch 29/200, Batch 200, Aver_Loss: 246.76
Epoch 29/200, Batch 300, Aver_Loss: 240.33
Epoch 29/200, Batch 400, Aver_Loss: 245.69
Epoch 29/200, Batch 500, Aver_Loss: 230.41
Epoch 30/200, Batch 100, Aver_Loss: 247.61
Epoch 30/200, Batch 200, Aver_Loss: 248.73
Epoch 30/200, Batch 300, Aver_Loss: 248.47
Epoch 30/200, Batch 400, Aver_Loss: 239.22
Epoch 30/200, Batch 500, Aver_Loss: 249.94
Epoch 31/200, Batch 100, Aver_Loss: 247.43
Epoch 31/200, Batch 200, Aver_Loss: 238.13
Epoch 31/200, Batch 300, Aver_Loss: 245.47
Epoch 31/200, Batch 400, Aver_Loss: 246.83
Epoch 31/200, Batch 500, Aver_Loss: 229.53
Epoch 32/200, Batch 100, Aver_Loss: 245.88
Epoch 32/200, Batch 200, Aver_Loss: 244.55
Epoch 32/200, Batch 300, Aver_Loss: 251.30
Epoch 32/200, Batch 400, Aver_Loss: 252.06
Epoch 32/200, Batch 500, Aver_Loss: 246.75
Epoch 33/200, Batch 100, Aver_Loss: 231.80
Epoch 33/200, Batch 200, Aver_Loss: 244.39
Epoch 33/200, Batch 300, Aver_Loss: 233.32
Epoch 33/200, Batch 400, Aver_Loss: 246.17
Epoch 33/200, Batch 500, Aver_Loss: 242.93
Epoch 34/200, Batch 100, Aver_Loss: 245.58
Epoch 34/200, Batch 200, Aver_Loss: 227.18
Epoch 34/200, Batch 300, Aver_Loss: 234.76
Epoch 34/200, Batch 400, Aver_Loss: 239.67
Epoch 34/200, Batch 500, Aver_Loss: 247.54
Epoch 35/200, Batch 100, Aver_Loss: 237.22
Epoch 35/200, Batch 200, Aver_Loss: 239.82
Epoch 35/200, Batch 300, Aver_Loss: 245.39
Epoch 35/200, Batch 400, Aver_Loss: 245.49
Epoch 35/200, Batch 500, Aver_Loss: 253.92
Epoch 36/200, Batch 100, Aver_Loss: 249.41
Epoch 36/200, Batch 200, Aver_Loss: 226.80
Epoch 36/200, Batch 300, Aver_Loss: 231.08
Epoch 36/200, Batch 400, Aver_Loss: 239.27
Epoch 36/200, Batch 500, Aver_Loss: 248.88
Epoch 37/200, Batch 100, Aver_Loss: 236.62
Epoch 37/200, Batch 200, Aver_Loss: 239.42
Epoch 37/200, Batch 300, Aver_Loss: 240.07
Epoch 37/200, Batch 400, Aver_Loss: 228.67
Epoch 37/200, Batch 500, Aver_Loss: 227.42
Epoch 38/200, Batch 100, Aver_Loss: 234.93
Epoch 38/200, Batch 200, Aver_Loss: 238.86
Epoch 38/200, Batch 300, Aver_Loss: 243.86
Epoch 38/200, Batch 400, Aver_Loss: 251.02
Epoch 38/200, Batch 500, Aver_Loss: 240.43
Epoch 39/200, Batch 100, Aver_Loss: 255.50
Epoch 39/200, Batch 200, Aver_Loss: 227.25
Epoch 39/200, Batch 300, Aver_Loss: 248.05
Epoch 39/200, Batch 400, Aver_Loss: 254.29
Epoch 39/200, Batch 500, Aver_Loss: 226.96
Epoch 40/200, Batch 100, Aver_Loss: 253.53
Epoch 40/200, Batch 200, Aver_Loss: 234.32
Epoch 40/200, Batch 300, Aver_Loss: 248.49
Epoch 40/200, Batch 400, Aver_Loss: 246.33
Epoch 40/200, Batch 500, Aver_Loss: 236.40
Epoch 41/200, Batch 100, Aver_Loss: 247.79
Epoch 41/200, Batch 200, Aver_Loss: 253.11
Epoch 41/200, Batch 300, Aver_Loss: 228.28
Epoch 41/200, Batch 400, Aver_Loss: 251.25
Epoch 41/200, Batch 500, Aver_Loss: 238.02
Epoch 42/200, Batch 100, Aver_Loss: 234.20
Epoch 42/200, Batch 200, Aver_Loss: 232.71
Epoch 42/200, Batch 300, Aver_Loss: 255.84
Epoch 42/200, Batch 400, Aver_Loss: 221.36
Epoch 42/200, Batch 500, Aver_Loss: 247.08
Epoch 43/200, Batch 100, Aver_Loss: 241.68
Epoch 43/200, Batch 200, Aver_Loss: 237.72
Epoch 43/200, Batch 300, Aver_Loss: 241.13
Epoch 43/200, Batch 400, Aver_Loss: 251.30
Epoch 43/200, Batch 500, Aver_Loss: 248.41
Epoch 44/200, Batch 100, Aver_Loss: 230.09
Epoch 44/200, Batch 200, Aver_Loss: 226.03
Epoch 44/200, Batch 300, Aver_Loss: 240.44
Epoch 44/200, Batch 400, Aver_Loss: 234.93
Epoch 44/200, Batch 500, Aver_Loss: 243.24
Epoch 45/200, Batch 100, Aver_Loss: 239.91
Epoch 45/200, Batch 200, Aver_Loss: 243.89
Epoch 45/200, Batch 300, Aver_Loss: 247.34
Epoch 45/200, Batch 400, Aver_Loss: 238.26
Epoch 45/200, Batch 500, Aver_Loss: 251.95
Epoch 46/200, Batch 100, Aver_Loss: 246.72
Epoch 46/200, Batch 200, Aver_Loss: 239.44
Epoch 46/200, Batch 300, Aver_Loss: 245.68
Epoch 46/200, Batch 400, Aver_Loss: 254.79
Epoch 46/200, Batch 500, Aver_Loss: 238.28
Epoch 47/200, Batch 100, Aver_Loss: 238.73
Epoch 47/200, Batch 200, Aver_Loss: 239.04
Epoch 47/200, Batch 300, Aver_Loss: 241.31
Epoch 47/200, Batch 400, Aver_Loss: 251.08
Epoch 47/200, Batch 500, Aver_Loss: 229.48
Epoch 48/200, Batch 100, Aver_Loss: 253.47
Epoch 48/200, Batch 200, Aver_Loss: 242.29
Epoch 48/200, Batch 300, Aver_Loss: 244.44
Epoch 48/200, Batch 400, Aver_Loss: 257.61
Epoch 48/200, Batch 500, Aver_Loss: 236.58
Epoch 49/200, Batch 100, Aver_Loss: 237.35
Epoch 49/200, Batch 200, Aver_Loss: 250.61
Epoch 49/200, Batch 300, Aver_Loss: 238.02
Epoch 49/200, Batch 400, Aver_Loss: 248.60
Epoch 49/200, Batch 500, Aver_Loss: 248.07
Epoch 50/200, Batch 100, Aver_Loss: 253.34
Epoch 50/200, Batch 200, Aver_Loss: 248.77
Epoch 50/200, Batch 300, Aver_Loss: 231.81
Epoch 50/200, Batch 400, Aver_Loss: 240.59
Epoch 50/200, Batch 500, Aver_Loss: 235.49
Epoch 51/200, Batch 100, Aver_Loss: 243.53
Epoch 51/200, Batch 200, Aver_Loss: 239.54
Epoch 51/200, Batch 300, Aver_Loss: 239.37
Epoch 51/200, Batch 400, Aver_Loss: 236.75
Epoch 51/200, Batch 500, Aver_Loss: 244.01
Epoch 52/200, Batch 100, Aver_Loss: 238.79
Epoch 52/200, Batch 200, Aver_Loss: 242.22
Epoch 52/200, Batch 300, Aver_Loss: 243.39
Epoch 52/200, Batch 400, Aver_Loss: 250.67
Epoch 52/200, Batch 500, Aver_Loss: 241.38
Epoch 53/200, Batch 100, Aver_Loss: 241.12
Epoch 53/200, Batch 200, Aver_Loss: 251.69
Epoch 53/200, Batch 300, Aver_Loss: 247.21
Epoch 53/200, Batch 400, Aver_Loss: 224.63
Epoch 53/200, Batch 500, Aver_Loss: 234.56
Epoch 54/200, Batch 100, Aver_Loss: 238.83
Epoch 54/200, Batch 200, Aver_Loss: 236.94
Epoch 54/200, Batch 300, Aver_Loss: 234.47
Epoch 54/200, Batch 400, Aver_Loss: 247.50
Epoch 54/200, Batch 500, Aver_Loss: 236.19
Epoch 55/200, Batch 100, Aver_Loss: 238.00
Epoch 55/200, Batch 200, Aver_Loss: 242.97
Epoch 55/200, Batch 300, Aver_Loss: 247.06
Epoch 55/200, Batch 400, Aver_Loss: 236.75
Epoch 55/200, Batch 500, Aver_Loss: 245.61
Epoch 56/200, Batch 100, Aver_Loss: 242.11
Epoch 56/200, Batch 200, Aver_Loss: 236.84
Epoch 56/200, Batch 300, Aver_Loss: 241.82
Epoch 56/200, Batch 400, Aver_Loss: 250.26
Epoch 56/200, Batch 500, Aver_Loss: 247.81
Epoch 57/200, Batch 100, Aver_Loss: 250.17
Epoch 57/200, Batch 200, Aver_Loss: 258.90
Epoch 57/200, Batch 300, Aver_Loss: 250.45
Epoch 57/200, Batch 400, Aver_Loss: 245.48
Epoch 57/200, Batch 500, Aver_Loss: 247.70
Epoch 58/200, Batch 100, Aver_Loss: 244.72
Epoch 58/200, Batch 200, Aver_Loss: 247.34
Epoch 58/200, Batch 300, Aver_Loss: 237.99
Epoch 58/200, Batch 400, Aver_Loss: 237.65
Epoch 58/200, Batch 500, Aver_Loss: 243.12
Epoch 59/200, Batch 100, Aver_Loss: 227.49
Epoch 59/200, Batch 200, Aver_Loss: 231.79
Epoch 59/200, Batch 300, Aver_Loss: 241.80
Epoch 59/200, Batch 400, Aver_Loss: 234.01
Epoch 59/200, Batch 500, Aver_Loss: 233.31
Epoch 60/200, Batch 100, Aver_Loss: 247.95
Epoch 60/200, Batch 200, Aver_Loss: 241.41
Epoch 60/200, Batch 300, Aver_Loss: 231.74
Epoch 60/200, Batch 400, Aver_Loss: 246.95
Epoch 60/200, Batch 500, Aver_Loss: 239.86
Epoch 61/200, Batch 100, Aver_Loss: 241.14
Epoch 61/200, Batch 200, Aver_Loss: 232.60
Epoch 61/200, Batch 300, Aver_Loss: 237.58
Epoch 61/200, Batch 400, Aver_Loss: 241.82
Epoch 61/200, Batch 500, Aver_Loss: 251.51
Epoch 62/200, Batch 100, Aver_Loss: 240.75
Epoch 62/200, Batch 200, Aver_Loss: 253.38
Epoch 62/200, Batch 300, Aver_Loss: 234.29
Epoch 62/200, Batch 400, Aver_Loss: 240.05
Epoch 62/200, Batch 500, Aver_Loss: 239.09
Epoch 63/200, Batch 100, Aver_Loss: 235.51
Epoch 63/200, Batch 200, Aver_Loss: 251.37
Epoch 63/200, Batch 300, Aver_Loss: 250.57
Epoch 63/200, Batch 400, Aver_Loss: 245.48
Epoch 63/200, Batch 500, Aver_Loss: 241.22
Epoch 64/200, Batch 100, Aver_Loss: 252.41
Epoch 64/200, Batch 200, Aver_Loss: 223.61
Epoch 64/200, Batch 300, Aver_Loss: 241.22
Epoch 64/200, Batch 400, Aver_Loss: 246.00
Epoch 64/200, Batch 500, Aver_Loss: 236.13
Epoch 65/200, Batch 100, Aver_Loss: 247.88
Epoch 65/200, Batch 200, Aver_Loss: 245.30
Epoch 65/200, Batch 300, Aver_Loss: 241.68
Epoch 65/200, Batch 400, Aver_Loss: 241.74
Epoch 65/200, Batch 500, Aver_Loss: 235.62
Epoch 66/200, Batch 100, Aver_Loss: 232.53
Epoch 66/200, Batch 200, Aver_Loss: 241.95
Epoch 66/200, Batch 300, Aver_Loss: 252.01
Epoch 66/200, Batch 400, Aver_Loss: 242.73
Epoch 66/200, Batch 500, Aver_Loss: 234.06
Epoch 67/200, Batch 100, Aver_Loss: 243.41
Epoch 67/200, Batch 200, Aver_Loss: 233.93
Epoch 67/200, Batch 300, Aver_Loss: 237.92
Epoch 67/200, Batch 400, Aver_Loss: 247.63
Epoch 67/200, Batch 500, Aver_Loss: 240.45
Epoch 68/200, Batch 100, Aver_Loss: 220.11
Epoch 68/200, Batch 200, Aver_Loss: 243.60
Epoch 68/200, Batch 300, Aver_Loss: 229.82
Epoch 68/200, Batch 400, Aver_Loss: 234.24
Epoch 68/200, Batch 500, Aver_Loss: 244.52
Epoch 69/200, Batch 100, Aver_Loss: 245.89
Epoch 69/200, Batch 200, Aver_Loss: 249.48
Epoch 69/200, Batch 300, Aver_Loss: 246.32
Epoch 69/200, Batch 400, Aver_Loss: 252.53
Epoch 69/200, Batch 500, Aver_Loss: 240.69
Epoch 70/200, Batch 100, Aver_Loss: 233.51
Epoch 70/200, Batch 200, Aver_Loss: 237.97
Epoch 70/200, Batch 300, Aver_Loss: 241.04
Epoch 70/200, Batch 400, Aver_Loss: 250.61
Epoch 70/200, Batch 500, Aver_Loss: 240.74
Epoch 71/200, Batch 100, Aver_Loss: 250.31
Epoch 71/200, Batch 200, Aver_Loss: 242.60
Epoch 71/200, Batch 300, Aver_Loss: 237.46
Epoch 71/200, Batch 400, Aver_Loss: 235.00
Epoch 71/200, Batch 500, Aver_Loss: 241.40
Epoch 72/200, Batch 100, Aver_Loss: 235.11
Epoch 72/200, Batch 200, Aver_Loss: 221.73
Epoch 72/200, Batch 300, Aver_Loss: 245.14
Epoch 72/200, Batch 400, Aver_Loss: 238.73
Epoch 72/200, Batch 500, Aver_Loss: 237.56
Epoch 73/200, Batch 100, Aver_Loss: 241.08
Epoch 73/200, Batch 200, Aver_Loss: 233.86
Epoch 73/200, Batch 300, Aver_Loss: 240.85
Epoch 73/200, Batch 400, Aver_Loss: 236.29
Epoch 73/200, Batch 500, Aver_Loss: 244.27
Epoch 74/200, Batch 100, Aver_Loss: 243.09
Epoch 74/200, Batch 200, Aver_Loss: 245.21
Epoch 74/200, Batch 300, Aver_Loss: 235.56
Epoch 74/200, Batch 400, Aver_Loss: 247.24
Epoch 74/200, Batch 500, Aver_Loss: 234.51
Epoch 75/200, Batch 100, Aver_Loss: 233.81
Epoch 75/200, Batch 200, Aver_Loss: 243.79
Epoch 75/200, Batch 300, Aver_Loss: 243.13
Epoch 75/200, Batch 400, Aver_Loss: 249.96
Epoch 75/200, Batch 500, Aver_Loss: 248.68
Epoch 76/200, Batch 100, Aver_Loss: 249.97
Epoch 76/200, Batch 200, Aver_Loss: 232.81
Epoch 76/200, Batch 300, Aver_Loss: 243.06
Epoch 76/200, Batch 400, Aver_Loss: 247.04
Epoch 76/200, Batch 500, Aver_Loss: 221.98
Epoch 77/200, Batch 100, Aver_Loss: 230.37
Epoch 77/200, Batch 200, Aver_Loss: 244.14
Epoch 77/200, Batch 300, Aver_Loss: 239.40
Epoch 77/200, Batch 400, Aver_Loss: 225.45
Epoch 77/200, Batch 500, Aver_Loss: 236.98
Epoch 78/200, Batch 100, Aver_Loss: 234.77
Epoch 78/200, Batch 200, Aver_Loss: 236.65
Epoch 78/200, Batch 300, Aver_Loss: 244.14
Epoch 78/200, Batch 400, Aver_Loss: 243.97
Epoch 78/200, Batch 500, Aver_Loss: 240.62
Epoch 79/200, Batch 100, Aver_Loss: 249.71
Epoch 79/200, Batch 200, Aver_Loss: 243.86
Epoch 79/200, Batch 300, Aver_Loss: 237.62
Epoch 79/200, Batch 400, Aver_Loss: 237.71
Epoch 79/200, Batch 500, Aver_Loss: 258.59
Epoch 80/200, Batch 100, Aver_Loss: 232.47
Epoch 80/200, Batch 200, Aver_Loss: 247.81
Epoch 80/200, Batch 300, Aver_Loss: 249.02
Epoch 80/200, Batch 400, Aver_Loss: 252.60
Epoch 80/200, Batch 500, Aver_Loss: 232.73
Epoch 81/200, Batch 100, Aver_Loss: 243.49
Epoch 81/200, Batch 200, Aver_Loss: 245.17
Epoch 81/200, Batch 300, Aver_Loss: 234.41
Epoch 81/200, Batch 400, Aver_Loss: 249.69
Epoch 81/200, Batch 500, Aver_Loss: 240.87
Epoch 82/200, Batch 100, Aver_Loss: 256.58
Epoch 82/200, Batch 200, Aver_Loss: 236.18
Epoch 82/200, Batch 300, Aver_Loss: 251.10
Epoch 82/200, Batch 400, Aver_Loss: 248.05
Epoch 82/200, Batch 500, Aver_Loss: 247.02
Epoch 83/200, Batch 100, Aver_Loss: 228.94
Epoch 83/200, Batch 200, Aver_Loss: 227.33
Epoch 83/200, Batch 300, Aver_Loss: 251.03
Epoch 83/200, Batch 400, Aver_Loss: 236.03
Epoch 83/200, Batch 500, Aver_Loss: 233.05
Epoch 84/200, Batch 100, Aver_Loss: 250.16
Epoch 84/200, Batch 200, Aver_Loss: 246.15
Epoch 84/200, Batch 300, Aver_Loss: 234.45
Epoch 84/200, Batch 400, Aver_Loss: 235.47
Epoch 84/200, Batch 500, Aver_Loss: 230.19
Epoch 85/200, Batch 100, Aver_Loss: 229.41
Epoch 85/200, Batch 200, Aver_Loss: 252.41
Epoch 85/200, Batch 300, Aver_Loss: 232.81
Epoch 85/200, Batch 400, Aver_Loss: 236.23
Epoch 85/200, Batch 500, Aver_Loss: 235.62
Epoch 86/200, Batch 100, Aver_Loss: 230.24
Epoch 86/200, Batch 200, Aver_Loss: 228.22
Epoch 86/200, Batch 300, Aver_Loss: 234.63
Epoch 86/200, Batch 400, Aver_Loss: 229.20
Epoch 86/200, Batch 500, Aver_Loss: 244.78
Epoch 87/200, Batch 100, Aver_Loss: 253.51
Epoch 87/200, Batch 200, Aver_Loss: 246.19
Epoch 87/200, Batch 300, Aver_Loss: 230.03
Epoch 87/200, Batch 400, Aver_Loss: 253.00
Epoch 87/200, Batch 500, Aver_Loss: 234.09
Epoch 88/200, Batch 100, Aver_Loss: 231.67
Epoch 88/200, Batch 200, Aver_Loss: 247.56
Epoch 88/200, Batch 300, Aver_Loss: 244.85
Epoch 88/200, Batch 400, Aver_Loss: 241.57
Epoch 88/200, Batch 500, Aver_Loss: 240.50
Epoch 89/200, Batch 100, Aver_Loss: 244.58
Epoch 89/200, Batch 200, Aver_Loss: 232.12
Epoch 89/200, Batch 300, Aver_Loss: 238.20
Epoch 89/200, Batch 400, Aver_Loss: 240.96
Epoch 89/200, Batch 500, Aver_Loss: 232.03
Epoch 90/200, Batch 100, Aver_Loss: 245.75
Epoch 90/200, Batch 200, Aver_Loss: 237.86
Epoch 90/200, Batch 300, Aver_Loss: 243.45
Epoch 90/200, Batch 400, Aver_Loss: 240.40
Epoch 90/200, Batch 500, Aver_Loss: 244.60
Epoch 91/200, Batch 100, Aver_Loss: 246.85
Epoch 91/200, Batch 200, Aver_Loss: 226.00
Epoch 91/200, Batch 300, Aver_Loss: 245.09
Epoch 91/200, Batch 400, Aver_Loss: 253.19
Epoch 91/200, Batch 500, Aver_Loss: 249.26
Epoch 92/200, Batch 100, Aver_Loss: 240.65
Epoch 92/200, Batch 200, Aver_Loss: 251.42
Epoch 92/200, Batch 300, Aver_Loss: 240.94
Epoch 92/200, Batch 400, Aver_Loss: 248.25
Epoch 92/200, Batch 500, Aver_Loss: 250.88
Epoch 93/200, Batch 100, Aver_Loss: 238.63
Epoch 93/200, Batch 200, Aver_Loss: 238.22
Epoch 93/200, Batch 300, Aver_Loss: 236.69
Epoch 93/200, Batch 400, Aver_Loss: 237.19
Epoch 93/200, Batch 500, Aver_Loss: 240.77
Epoch 94/200, Batch 100, Aver_Loss: 244.02
Epoch 94/200, Batch 200, Aver_Loss: 242.61
Epoch 94/200, Batch 300, Aver_Loss: 232.37
Epoch 94/200, Batch 400, Aver_Loss: 245.64
Epoch 94/200, Batch 500, Aver_Loss: 252.42
Epoch 95/200, Batch 100, Aver_Loss: 246.23
Epoch 95/200, Batch 200, Aver_Loss: 232.19
Epoch 95/200, Batch 300, Aver_Loss: 252.62
Epoch 95/200, Batch 400, Aver_Loss: 239.50
Epoch 95/200, Batch 500, Aver_Loss: 235.67
Epoch 96/200, Batch 100, Aver_Loss: 234.39
Epoch 96/200, Batch 200, Aver_Loss: 231.25
Epoch 96/200, Batch 300, Aver_Loss: 234.54
Epoch 96/200, Batch 400, Aver_Loss: 238.64
Epoch 96/200, Batch 500, Aver_Loss: 242.70
Epoch 97/200, Batch 100, Aver_Loss: 238.61
Epoch 97/200, Batch 200, Aver_Loss: 234.83
Epoch 97/200, Batch 300, Aver_Loss: 236.23
Epoch 97/200, Batch 400, Aver_Loss: 236.48
Epoch 97/200, Batch 500, Aver_Loss: 237.47
Epoch 98/200, Batch 100, Aver_Loss: 258.12
Epoch 98/200, Batch 200, Aver_Loss: 235.06
Epoch 98/200, Batch 300, Aver_Loss: 245.85
Epoch 98/200, Batch 400, Aver_Loss: 240.02
Epoch 98/200, Batch 500, Aver_Loss: 247.05
Epoch 99/200, Batch 100, Aver_Loss: 236.74
Epoch 99/200, Batch 200, Aver_Loss: 245.83
Epoch 99/200, Batch 300, Aver_Loss: 240.59
Epoch 99/200, Batch 400, Aver_Loss: 231.86
Epoch 99/200, Batch 500, Aver_Loss: 244.96
Epoch 100/200, Batch 100, Aver_Loss: 234.31
Epoch 100/200, Batch 200, Aver_Loss: 225.53
Epoch 100/200, Batch 300, Aver_Loss: 259.74
Epoch 100/200, Batch 400, Aver_Loss: 254.55
Epoch 100/200, Batch 500, Aver_Loss: 241.04
Epoch 101/200, Batch 100, Aver_Loss: 233.90
Epoch 101/200, Batch 200, Aver_Loss: 241.40
Epoch 101/200, Batch 300, Aver_Loss: 238.27
Epoch 101/200, Batch 400, Aver_Loss: 240.06
Epoch 101/200, Batch 500, Aver_Loss: 249.49
Epoch 102/200, Batch 100, Aver_Loss: 246.47
Epoch 102/200, Batch 200, Aver_Loss: 247.65
Epoch 102/200, Batch 300, Aver_Loss: 237.06
Epoch 102/200, Batch 400, Aver_Loss: 240.02
Epoch 102/200, Batch 500, Aver_Loss: 239.06
Epoch 103/200, Batch 100, Aver_Loss: 240.70
Epoch 103/200, Batch 200, Aver_Loss: 223.10
Epoch 103/200, Batch 300, Aver_Loss: 240.81
Epoch 103/200, Batch 400, Aver_Loss: 245.14
Epoch 103/200, Batch 500, Aver_Loss: 242.54
Epoch 104/200, Batch 100, Aver_Loss: 233.23
Epoch 104/200, Batch 200, Aver_Loss: 245.95
Epoch 104/200, Batch 300, Aver_Loss: 235.10
Epoch 104/200, Batch 400, Aver_Loss: 235.16
Epoch 104/200, Batch 500, Aver_Loss: 234.54
Epoch 105/200, Batch 100, Aver_Loss: 239.99
Epoch 105/200, Batch 200, Aver_Loss: 233.91
Epoch 105/200, Batch 300, Aver_Loss: 239.76
Epoch 105/200, Batch 400, Aver_Loss: 242.75
Epoch 105/200, Batch 500, Aver_Loss: 227.04
Epoch 106/200, Batch 100, Aver_Loss: 243.90
Epoch 106/200, Batch 200, Aver_Loss: 235.35
Epoch 106/200, Batch 300, Aver_Loss: 250.83
Epoch 106/200, Batch 400, Aver_Loss: 224.14
Epoch 106/200, Batch 500, Aver_Loss: 226.65
Epoch 107/200, Batch 100, Aver_Loss: 247.50
Epoch 107/200, Batch 200, Aver_Loss: 252.86
Epoch 107/200, Batch 300, Aver_Loss: 248.45
Epoch 107/200, Batch 400, Aver_Loss: 240.01
Epoch 107/200, Batch 500, Aver_Loss: 241.18
Epoch 108/200, Batch 100, Aver_Loss: 235.33
Epoch 108/200, Batch 200, Aver_Loss: 247.27
Epoch 108/200, Batch 300, Aver_Loss: 238.62
Epoch 108/200, Batch 400, Aver_Loss: 248.67
Epoch 108/200, Batch 500, Aver_Loss: 246.24
Epoch 109/200, Batch 100, Aver_Loss: 251.12
Epoch 109/200, Batch 200, Aver_Loss: 233.91
Epoch 109/200, Batch 300, Aver_Loss: 235.18
Epoch 109/200, Batch 400, Aver_Loss: 231.33
Epoch 109/200, Batch 500, Aver_Loss: 243.43
Epoch 110/200, Batch 100, Aver_Loss: 244.87
Epoch 110/200, Batch 200, Aver_Loss: 236.53
Epoch 110/200, Batch 300, Aver_Loss: 237.54
Epoch 110/200, Batch 400, Aver_Loss: 248.94
Epoch 110/200, Batch 500, Aver_Loss: 244.75
Epoch 111/200, Batch 100, Aver_Loss: 241.99
Epoch 111/200, Batch 200, Aver_Loss: 255.70
Epoch 111/200, Batch 300, Aver_Loss: 245.53
Epoch 111/200, Batch 400, Aver_Loss: 245.13
Epoch 111/200, Batch 500, Aver_Loss: 237.94
Epoch 112/200, Batch 100, Aver_Loss: 238.91
Epoch 112/200, Batch 200, Aver_Loss: 240.60
Epoch 112/200, Batch 300, Aver_Loss: 238.23
Epoch 112/200, Batch 400, Aver_Loss: 248.25
Epoch 112/200, Batch 500, Aver_Loss: 248.57
Epoch 113/200, Batch 100, Aver_Loss: 246.33
Epoch 113/200, Batch 200, Aver_Loss: 257.04
Epoch 113/200, Batch 300, Aver_Loss: 235.12
Epoch 113/200, Batch 400, Aver_Loss: 245.20
Epoch 113/200, Batch 500, Aver_Loss: 240.94
Epoch 114/200, Batch 100, Aver_Loss: 234.33
Epoch 114/200, Batch 200, Aver_Loss: 232.76
Epoch 114/200, Batch 300, Aver_Loss: 245.15
Epoch 114/200, Batch 400, Aver_Loss: 245.72
Epoch 114/200, Batch 500, Aver_Loss: 252.70
Epoch 115/200, Batch 100, Aver_Loss: 246.28
Epoch 115/200, Batch 200, Aver_Loss: 235.02
Epoch 115/200, Batch 300, Aver_Loss: 234.30
Epoch 115/200, Batch 400, Aver_Loss: 239.24
Epoch 115/200, Batch 500, Aver_Loss: 241.78
Epoch 116/200, Batch 100, Aver_Loss: 247.49
Epoch 116/200, Batch 200, Aver_Loss: 242.49
Epoch 116/200, Batch 300, Aver_Loss: 243.91
Epoch 116/200, Batch 400, Aver_Loss: 237.89
Epoch 116/200, Batch 500, Aver_Loss: 239.13
Epoch 117/200, Batch 100, Aver_Loss: 247.81
Epoch 117/200, Batch 200, Aver_Loss: 242.78
Epoch 117/200, Batch 300, Aver_Loss: 233.69
Epoch 117/200, Batch 400, Aver_Loss: 225.29
Epoch 117/200, Batch 500, Aver_Loss: 230.74
Epoch 118/200, Batch 100, Aver_Loss: 238.64
Epoch 118/200, Batch 200, Aver_Loss: 251.42
Epoch 118/200, Batch 300, Aver_Loss: 243.58
Epoch 118/200, Batch 400, Aver_Loss: 229.78
Epoch 118/200, Batch 500, Aver_Loss: 247.81
Epoch 119/200, Batch 100, Aver_Loss: 239.11
Epoch 119/200, Batch 200, Aver_Loss: 243.60
Epoch 119/200, Batch 300, Aver_Loss: 225.45
Epoch 119/200, Batch 400, Aver_Loss: 239.44
Epoch 119/200, Batch 500, Aver_Loss: 242.51
Epoch 120/200, Batch 100, Aver_Loss: 246.92
Epoch 120/200, Batch 200, Aver_Loss: 226.16
Epoch 120/200, Batch 300, Aver_Loss: 240.30
Epoch 120/200, Batch 400, Aver_Loss: 238.90
Epoch 120/200, Batch 500, Aver_Loss: 238.36
Epoch 121/200, Batch 100, Aver_Loss: 236.64
Epoch 121/200, Batch 200, Aver_Loss: 239.06
Epoch 121/200, Batch 300, Aver_Loss: 236.10
Epoch 121/200, Batch 400, Aver_Loss: 245.84
Epoch 121/200, Batch 500, Aver_Loss: 254.85
Epoch 122/200, Batch 100, Aver_Loss: 237.59
Epoch 122/200, Batch 200, Aver_Loss: 241.41
Epoch 122/200, Batch 300, Aver_Loss: 233.45
Epoch 122/200, Batch 400, Aver_Loss: 244.83
Epoch 122/200, Batch 500, Aver_Loss: 246.62
Epoch 123/200, Batch 100, Aver_Loss: 244.09
Epoch 123/200, Batch 200, Aver_Loss: 236.90
Epoch 123/200, Batch 300, Aver_Loss: 231.45
Epoch 123/200, Batch 400, Aver_Loss: 248.24
Epoch 123/200, Batch 500, Aver_Loss: 228.87
Epoch 124/200, Batch 100, Aver_Loss: 247.73
Epoch 124/200, Batch 200, Aver_Loss: 248.90
Epoch 124/200, Batch 300, Aver_Loss: 236.70
Epoch 124/200, Batch 400, Aver_Loss: 250.97
Epoch 124/200, Batch 500, Aver_Loss: 247.69
Epoch 125/200, Batch 100, Aver_Loss: 248.71
Epoch 125/200, Batch 200, Aver_Loss: 240.61
Epoch 125/200, Batch 300, Aver_Loss: 246.00
Epoch 125/200, Batch 400, Aver_Loss: 239.85
Epoch 125/200, Batch 500, Aver_Loss: 252.44
Epoch 126/200, Batch 100, Aver_Loss: 237.50
Epoch 126/200, Batch 200, Aver_Loss: 237.24
Epoch 126/200, Batch 300, Aver_Loss: 244.70
Epoch 126/200, Batch 400, Aver_Loss: 252.99
Epoch 126/200, Batch 500, Aver_Loss: 226.56
Epoch 127/200, Batch 100, Aver_Loss: 241.24
Epoch 127/200, Batch 200, Aver_Loss: 239.95
Epoch 127/200, Batch 300, Aver_Loss: 222.69
Epoch 127/200, Batch 400, Aver_Loss: 220.48
Epoch 127/200, Batch 500, Aver_Loss: 236.54
Epoch 128/200, Batch 100, Aver_Loss: 231.88
Epoch 128/200, Batch 200, Aver_Loss: 231.52
Epoch 128/200, Batch 300, Aver_Loss: 235.41
Epoch 128/200, Batch 400, Aver_Loss: 246.49
Epoch 128/200, Batch 500, Aver_Loss: 232.24
Epoch 129/200, Batch 100, Aver_Loss: 240.32
Epoch 129/200, Batch 200, Aver_Loss: 237.04
Epoch 129/200, Batch 300, Aver_Loss: 235.71
Epoch 129/200, Batch 400, Aver_Loss: 240.53
Epoch 129/200, Batch 500, Aver_Loss: 243.34
Epoch 130/200, Batch 100, Aver_Loss: 235.42
Epoch 130/200, Batch 200, Aver_Loss: 235.68
Epoch 130/200, Batch 300, Aver_Loss: 242.94
Epoch 130/200, Batch 400, Aver_Loss: 245.36
Epoch 130/200, Batch 500, Aver_Loss: 252.58
Epoch 131/200, Batch 100, Aver_Loss: 236.12
Epoch 131/200, Batch 200, Aver_Loss: 245.22
Epoch 131/200, Batch 300, Aver_Loss: 239.43
Epoch 131/200, Batch 400, Aver_Loss: 241.08
Epoch 131/200, Batch 500, Aver_Loss: 238.61
Epoch 132/200, Batch 100, Aver_Loss: 248.67
Epoch 132/200, Batch 200, Aver_Loss: 229.91
Epoch 132/200, Batch 300, Aver_Loss: 233.60
Epoch 132/200, Batch 400, Aver_Loss: 228.29
Epoch 132/200, Batch 500, Aver_Loss: 238.40
Epoch 133/200, Batch 100, Aver_Loss: 230.25
Epoch 133/200, Batch 200, Aver_Loss: 227.64
Epoch 133/200, Batch 300, Aver_Loss: 236.86
Epoch 133/200, Batch 400, Aver_Loss: 232.53
Epoch 133/200, Batch 500, Aver_Loss: 234.37
Epoch 134/200, Batch 100, Aver_Loss: 230.88
Epoch 134/200, Batch 200, Aver_Loss: 243.63
Epoch 134/200, Batch 300, Aver_Loss: 243.09
Epoch 134/200, Batch 400, Aver_Loss: 244.17
Epoch 134/200, Batch 500, Aver_Loss: 239.02
Epoch 135/200, Batch 100, Aver_Loss: 244.98
Epoch 135/200, Batch 200, Aver_Loss: 239.46
Epoch 135/200, Batch 300, Aver_Loss: 228.99
Epoch 135/200, Batch 400, Aver_Loss: 239.28
Epoch 135/200, Batch 500, Aver_Loss: 240.33
Epoch 136/200, Batch 100, Aver_Loss: 233.26
Epoch 136/200, Batch 200, Aver_Loss: 239.66
Epoch 136/200, Batch 300, Aver_Loss: 244.85
Epoch 136/200, Batch 400, Aver_Loss: 241.27
Epoch 136/200, Batch 500, Aver_Loss: 243.33
Epoch 137/200, Batch 100, Aver_Loss: 235.81
Epoch 137/200, Batch 200, Aver_Loss: 248.06
Epoch 137/200, Batch 300, Aver_Loss: 242.10
Epoch 137/200, Batch 400, Aver_Loss: 247.87
Epoch 137/200, Batch 500, Aver_Loss: 246.63
Epoch 138/200, Batch 100, Aver_Loss: 253.38
Epoch 138/200, Batch 200, Aver_Loss: 228.43
Epoch 138/200, Batch 300, Aver_Loss: 228.11
Epoch 138/200, Batch 400, Aver_Loss: 241.69
Epoch 138/200, Batch 500, Aver_Loss: 221.99
Epoch 139/200, Batch 100, Aver_Loss: 250.46
Epoch 139/200, Batch 200, Aver_Loss: 234.19
Epoch 139/200, Batch 300, Aver_Loss: 237.09
Epoch 139/200, Batch 400, Aver_Loss: 232.44
Epoch 139/200, Batch 500, Aver_Loss: 218.95
Epoch 140/200, Batch 100, Aver_Loss: 227.73
Epoch 140/200, Batch 200, Aver_Loss: 236.35
Epoch 140/200, Batch 300, Aver_Loss: 239.11
Epoch 140/200, Batch 400, Aver_Loss: 228.01
Epoch 140/200, Batch 500, Aver_Loss: 250.86
Epoch 141/200, Batch 100, Aver_Loss: 235.21
Epoch 141/200, Batch 200, Aver_Loss: 225.58
Epoch 141/200, Batch 300, Aver_Loss: 234.19
Epoch 141/200, Batch 400, Aver_Loss: 236.10
Epoch 141/200, Batch 500, Aver_Loss: 242.85
Epoch 142/200, Batch 100, Aver_Loss: 242.76
Epoch 142/200, Batch 200, Aver_Loss: 226.69
Epoch 142/200, Batch 300, Aver_Loss: 233.47
Epoch 142/200, Batch 400, Aver_Loss: 236.09
Epoch 142/200, Batch 500, Aver_Loss: 250.14
Epoch 143/200, Batch 100, Aver_Loss: 239.84
Epoch 143/200, Batch 200, Aver_Loss: 238.39
Epoch 143/200, Batch 300, Aver_Loss: 240.86
Epoch 143/200, Batch 400, Aver_Loss: 235.11
Epoch 143/200, Batch 500, Aver_Loss: 250.30
Epoch 144/200, Batch 100, Aver_Loss: 245.79
Epoch 144/200, Batch 200, Aver_Loss: 243.30
Epoch 144/200, Batch 300, Aver_Loss: 244.01
Epoch 144/200, Batch 400, Aver_Loss: 229.62
Epoch 144/200, Batch 500, Aver_Loss: 245.77
Epoch 145/200, Batch 100, Aver_Loss: 239.25
Epoch 145/200, Batch 200, Aver_Loss: 241.16
Epoch 145/200, Batch 300, Aver_Loss: 245.19
Epoch 145/200, Batch 400, Aver_Loss: 239.97
Epoch 145/200, Batch 500, Aver_Loss: 240.26
Epoch 146/200, Batch 100, Aver_Loss: 238.40
Epoch 146/200, Batch 200, Aver_Loss: 240.34
Epoch 146/200, Batch 300, Aver_Loss: 218.72
Epoch 146/200, Batch 400, Aver_Loss: 232.60
Epoch 146/200, Batch 500, Aver_Loss: 242.19
Epoch 147/200, Batch 100, Aver_Loss: 235.63
Epoch 147/200, Batch 200, Aver_Loss: 245.09
Epoch 147/200, Batch 300, Aver_Loss: 241.34
Epoch 147/200, Batch 400, Aver_Loss: 233.10
Epoch 147/200, Batch 500, Aver_Loss: 244.31
Epoch 148/200, Batch 100, Aver_Loss: 245.33
Epoch 148/200, Batch 200, Aver_Loss: 243.77
Epoch 148/200, Batch 300, Aver_Loss: 236.92
Epoch 148/200, Batch 400, Aver_Loss: 220.94
Epoch 148/200, Batch 500, Aver_Loss: 253.93
Epoch 149/200, Batch 100, Aver_Loss: 239.87
Epoch 149/200, Batch 200, Aver_Loss: 241.93
Epoch 149/200, Batch 300, Aver_Loss: 251.45
Epoch 149/200, Batch 400, Aver_Loss: 246.40
Epoch 149/200, Batch 500, Aver_Loss: 247.59
Epoch 150/200, Batch 100, Aver_Loss: 248.95
Epoch 150/200, Batch 200, Aver_Loss: 237.08
Epoch 150/200, Batch 300, Aver_Loss: 232.38
Epoch 150/200, Batch 400, Aver_Loss: 226.65
Epoch 150/200, Batch 500, Aver_Loss: 248.39
Epoch 151/200, Batch 100, Aver_Loss: 240.64
Epoch 151/200, Batch 200, Aver_Loss: 224.21
Epoch 151/200, Batch 300, Aver_Loss: 244.95
Epoch 151/200, Batch 400, Aver_Loss: 247.17
Epoch 151/200, Batch 500, Aver_Loss: 249.33
Epoch 152/200, Batch 100, Aver_Loss: 241.33
Epoch 152/200, Batch 200, Aver_Loss: 240.25
Epoch 152/200, Batch 300, Aver_Loss: 237.23
Epoch 152/200, Batch 400, Aver_Loss: 227.11
Epoch 152/200, Batch 500, Aver_Loss: 240.40
Epoch 153/200, Batch 100, Aver_Loss: 245.24
Epoch 153/200, Batch 200, Aver_Loss: 238.83
Epoch 153/200, Batch 300, Aver_Loss: 237.94
Epoch 153/200, Batch 400, Aver_Loss: 236.66
Epoch 153/200, Batch 500, Aver_Loss: 245.10
Epoch 154/200, Batch 100, Aver_Loss: 244.15
Epoch 154/200, Batch 200, Aver_Loss: 239.04
Epoch 154/200, Batch 300, Aver_Loss: 232.46
Epoch 154/200, Batch 400, Aver_Loss: 248.61
Epoch 154/200, Batch 500, Aver_Loss: 240.34
Epoch 155/200, Batch 100, Aver_Loss: 241.09
Epoch 155/200, Batch 200, Aver_Loss: 229.41
Epoch 155/200, Batch 300, Aver_Loss: 245.44
Epoch 155/200, Batch 400, Aver_Loss: 235.90
Epoch 155/200, Batch 500, Aver_Loss: 234.65
Epoch 156/200, Batch 100, Aver_Loss: 233.64
Epoch 156/200, Batch 200, Aver_Loss: 246.21
Epoch 156/200, Batch 300, Aver_Loss: 236.36
Epoch 156/200, Batch 400, Aver_Loss: 246.09
Epoch 156/200, Batch 500, Aver_Loss: 234.83
Epoch 157/200, Batch 100, Aver_Loss: 247.80
Epoch 157/200, Batch 200, Aver_Loss: 232.52
Epoch 157/200, Batch 300, Aver_Loss: 241.43
Epoch 157/200, Batch 400, Aver_Loss: 229.21
Epoch 157/200, Batch 500, Aver_Loss: 237.77
Epoch 158/200, Batch 100, Aver_Loss: 250.13
Epoch 158/200, Batch 200, Aver_Loss: 241.93
Epoch 158/200, Batch 300, Aver_Loss: 251.04
Epoch 158/200, Batch 400, Aver_Loss: 233.46
Epoch 158/200, Batch 500, Aver_Loss: 245.42
Epoch 159/200, Batch 100, Aver_Loss: 238.89
Epoch 159/200, Batch 200, Aver_Loss: 236.96
Epoch 159/200, Batch 300, Aver_Loss: 224.79
Epoch 159/200, Batch 400, Aver_Loss: 247.56
Epoch 159/200, Batch 500, Aver_Loss: 237.08
Epoch 160/200, Batch 100, Aver_Loss: 238.60
Epoch 160/200, Batch 200, Aver_Loss: 240.64
Epoch 160/200, Batch 300, Aver_Loss: 238.18
Epoch 160/200, Batch 400, Aver_Loss: 246.46
Epoch 160/200, Batch 500, Aver_Loss: 245.93
Epoch 161/200, Batch 100, Aver_Loss: 232.96
Epoch 161/200, Batch 200, Aver_Loss: 246.98
Epoch 161/200, Batch 300, Aver_Loss: 238.06
Epoch 161/200, Batch 400, Aver_Loss: 231.77
Epoch 161/200, Batch 500, Aver_Loss: 235.51
Epoch 162/200, Batch 100, Aver_Loss: 243.05
Epoch 162/200, Batch 200, Aver_Loss: 239.60
Epoch 162/200, Batch 300, Aver_Loss: 235.90
Epoch 162/200, Batch 400, Aver_Loss: 242.08
Epoch 162/200, Batch 500, Aver_Loss: 229.15
Epoch 163/200, Batch 100, Aver_Loss: 242.89
Epoch 163/200, Batch 200, Aver_Loss: 231.66
Epoch 163/200, Batch 300, Aver_Loss: 231.93
Epoch 163/200, Batch 400, Aver_Loss: 242.95
Epoch 163/200, Batch 500, Aver_Loss: 241.04
Epoch 164/200, Batch 100, Aver_Loss: 242.47
Epoch 164/200, Batch 200, Aver_Loss: 237.82
Epoch 164/200, Batch 300, Aver_Loss: 257.00
Epoch 164/200, Batch 400, Aver_Loss: 253.37
Epoch 164/200, Batch 500, Aver_Loss: 244.97
Epoch 165/200, Batch 100, Aver_Loss: 238.81
Epoch 165/200, Batch 200, Aver_Loss: 237.78
Epoch 165/200, Batch 300, Aver_Loss: 255.92
Epoch 165/200, Batch 400, Aver_Loss: 242.72
Epoch 165/200, Batch 500, Aver_Loss: 241.58
Epoch 166/200, Batch 100, Aver_Loss: 229.00
Epoch 166/200, Batch 200, Aver_Loss: 231.83
Epoch 166/200, Batch 300, Aver_Loss: 236.62
Epoch 166/200, Batch 400, Aver_Loss: 245.84
Epoch 166/200, Batch 500, Aver_Loss: 251.48
Epoch 167/200, Batch 100, Aver_Loss: 242.79
Epoch 167/200, Batch 200, Aver_Loss: 251.43
Epoch 167/200, Batch 300, Aver_Loss: 240.33
Epoch 167/200, Batch 400, Aver_Loss: 240.00
Epoch 167/200, Batch 500, Aver_Loss: 240.50
Epoch 168/200, Batch 100, Aver_Loss: 238.15
Epoch 168/200, Batch 200, Aver_Loss: 239.29
Epoch 168/200, Batch 300, Aver_Loss: 238.23
Epoch 168/200, Batch 400, Aver_Loss: 251.23
Epoch 168/200, Batch 500, Aver_Loss: 241.89
Epoch 169/200, Batch 100, Aver_Loss: 241.31
Epoch 169/200, Batch 200, Aver_Loss: 243.84
Epoch 169/200, Batch 300, Aver_Loss: 239.74
Epoch 169/200, Batch 400, Aver_Loss: 243.90
Epoch 169/200, Batch 500, Aver_Loss: 245.65
Epoch 170/200, Batch 100, Aver_Loss: 240.14
Epoch 170/200, Batch 200, Aver_Loss: 238.02
Epoch 170/200, Batch 300, Aver_Loss: 229.62
Epoch 170/200, Batch 400, Aver_Loss: 229.86
Epoch 170/200, Batch 500, Aver_Loss: 236.05
Epoch 171/200, Batch 100, Aver_Loss: 243.42
Epoch 171/200, Batch 200, Aver_Loss: 225.24
Epoch 171/200, Batch 300, Aver_Loss: 240.45
Epoch 171/200, Batch 400, Aver_Loss: 241.44
Epoch 171/200, Batch 500, Aver_Loss: 233.01
Epoch 172/200, Batch 100, Aver_Loss: 249.83
Epoch 172/200, Batch 200, Aver_Loss: 232.83
Epoch 172/200, Batch 300, Aver_Loss: 260.42
Epoch 172/200, Batch 400, Aver_Loss: 233.64
Epoch 172/200, Batch 500, Aver_Loss: 253.72
Epoch 173/200, Batch 100, Aver_Loss: 235.61
Epoch 173/200, Batch 200, Aver_Loss: 241.14
Epoch 173/200, Batch 300, Aver_Loss: 252.45
Epoch 173/200, Batch 400, Aver_Loss: 227.97
Epoch 173/200, Batch 500, Aver_Loss: 245.90
Epoch 174/200, Batch 100, Aver_Loss: 241.03
Epoch 174/200, Batch 200, Aver_Loss: 245.60
Epoch 174/200, Batch 300, Aver_Loss: 242.61
Epoch 174/200, Batch 400, Aver_Loss: 237.74
Epoch 174/200, Batch 500, Aver_Loss: 244.02
Epoch 175/200, Batch 100, Aver_Loss: 244.10
Epoch 175/200, Batch 200, Aver_Loss: 246.09
Epoch 175/200, Batch 300, Aver_Loss: 239.34
Epoch 175/200, Batch 400, Aver_Loss: 245.63
Epoch 175/200, Batch 500, Aver_Loss: 234.82
Epoch 176/200, Batch 100, Aver_Loss: 239.31
Epoch 176/200, Batch 200, Aver_Loss: 240.93
Epoch 176/200, Batch 300, Aver_Loss: 226.77
Epoch 176/200, Batch 400, Aver_Loss: 246.95
Epoch 176/200, Batch 500, Aver_Loss: 247.71
Epoch 177/200, Batch 100, Aver_Loss: 235.22
Epoch 177/200, Batch 200, Aver_Loss: 239.27
Epoch 177/200, Batch 300, Aver_Loss: 231.08
Epoch 177/200, Batch 400, Aver_Loss: 233.84
Epoch 177/200, Batch 500, Aver_Loss: 237.58
Epoch 178/200, Batch 100, Aver_Loss: 245.72
Epoch 178/200, Batch 200, Aver_Loss: 233.64
Epoch 178/200, Batch 300, Aver_Loss: 231.18
Epoch 178/200, Batch 400, Aver_Loss: 233.91
Epoch 178/200, Batch 500, Aver_Loss: 235.40
Epoch 179/200, Batch 100, Aver_Loss: 256.38
Epoch 179/200, Batch 200, Aver_Loss: 238.02
Epoch 179/200, Batch 300, Aver_Loss: 233.56
Epoch 179/200, Batch 400, Aver_Loss: 245.41
Epoch 179/200, Batch 500, Aver_Loss: 246.71
Epoch 180/200, Batch 100, Aver_Loss: 244.12
Epoch 180/200, Batch 200, Aver_Loss: 249.21
Epoch 180/200, Batch 300, Aver_Loss: 228.43
Epoch 180/200, Batch 400, Aver_Loss: 240.56
Epoch 180/200, Batch 500, Aver_Loss: 247.15
Epoch 181/200, Batch 100, Aver_Loss: 237.05
Epoch 181/200, Batch 200, Aver_Loss: 255.30
Epoch 181/200, Batch 300, Aver_Loss: 251.12
Epoch 181/200, Batch 400, Aver_Loss: 239.04
Epoch 181/200, Batch 500, Aver_Loss: 233.52
Epoch 182/200, Batch 100, Aver_Loss: 237.05
Epoch 182/200, Batch 200, Aver_Loss: 233.21
Epoch 182/200, Batch 300, Aver_Loss: 247.24
Epoch 182/200, Batch 400, Aver_Loss: 227.86
Epoch 182/200, Batch 500, Aver_Loss: 244.01
Epoch 183/200, Batch 100, Aver_Loss: 247.68
Epoch 183/200, Batch 200, Aver_Loss: 241.49
Epoch 183/200, Batch 300, Aver_Loss: 227.85
Epoch 183/200, Batch 400, Aver_Loss: 235.32
Epoch 183/200, Batch 500, Aver_Loss: 239.61
Epoch 184/200, Batch 100, Aver_Loss: 250.04
Epoch 184/200, Batch 200, Aver_Loss: 243.56
Epoch 184/200, Batch 300, Aver_Loss: 228.33
Epoch 184/200, Batch 400, Aver_Loss: 237.24
Epoch 184/200, Batch 500, Aver_Loss: 259.07
Epoch 185/200, Batch 100, Aver_Loss: 228.75
Epoch 185/200, Batch 200, Aver_Loss: 214.05
Epoch 185/200, Batch 300, Aver_Loss: 232.81
Epoch 185/200, Batch 400, Aver_Loss: 243.13
Epoch 185/200, Batch 500, Aver_Loss: 237.89
Epoch 186/200, Batch 100, Aver_Loss: 236.55
Epoch 186/200, Batch 200, Aver_Loss: 233.87
Epoch 186/200, Batch 300, Aver_Loss: 235.64
Epoch 186/200, Batch 400, Aver_Loss: 241.15
Epoch 186/200, Batch 500, Aver_Loss: 244.78
Epoch 187/200, Batch 100, Aver_Loss: 221.23
Epoch 187/200, Batch 200, Aver_Loss: 238.72
Epoch 187/200, Batch 300, Aver_Loss: 236.41
Epoch 187/200, Batch 400, Aver_Loss: 240.71
Epoch 187/200, Batch 500, Aver_Loss: 241.22
Epoch 188/200, Batch 100, Aver_Loss: 238.43
Epoch 188/200, Batch 200, Aver_Loss: 235.02
Epoch 188/200, Batch 300, Aver_Loss: 245.76
Epoch 188/200, Batch 400, Aver_Loss: 232.39
Epoch 188/200, Batch 500, Aver_Loss: 246.79
Epoch 189/200, Batch 100, Aver_Loss: 234.91
Epoch 189/200, Batch 200, Aver_Loss: 241.92
Epoch 189/200, Batch 300, Aver_Loss: 229.95
Epoch 189/200, Batch 400, Aver_Loss: 227.52
Epoch 189/200, Batch 500, Aver_Loss: 237.19
Epoch 190/200, Batch 100, Aver_Loss: 236.98
Epoch 190/200, Batch 200, Aver_Loss: 234.76
Epoch 190/200, Batch 300, Aver_Loss: 250.05
Epoch 190/200, Batch 400, Aver_Loss: 236.11
Epoch 190/200, Batch 500, Aver_Loss: 239.37
Epoch 191/200, Batch 100, Aver_Loss: 241.41
Epoch 191/200, Batch 200, Aver_Loss: 246.08
Epoch 191/200, Batch 300, Aver_Loss: 228.54
Epoch 191/200, Batch 400, Aver_Loss: 238.27
Epoch 191/200, Batch 500, Aver_Loss: 239.97
Epoch 192/200, Batch 100, Aver_Loss: 237.93
Epoch 192/200, Batch 200, Aver_Loss: 231.82
Epoch 192/200, Batch 300, Aver_Loss: 226.69
Epoch 192/200, Batch 400, Aver_Loss: 245.27
Epoch 192/200, Batch 500, Aver_Loss: 240.98
Epoch 193/200, Batch 100, Aver_Loss: 239.57
Epoch 193/200, Batch 200, Aver_Loss: 240.03
Epoch 193/200, Batch 300, Aver_Loss: 249.46
Epoch 193/200, Batch 400, Aver_Loss: 245.91
Epoch 193/200, Batch 500, Aver_Loss: 230.53
Epoch 194/200, Batch 100, Aver_Loss: 244.55
Epoch 194/200, Batch 200, Aver_Loss: 241.52
Epoch 194/200, Batch 300, Aver_Loss: 233.75
Epoch 194/200, Batch 400, Aver_Loss: 237.17
Epoch 194/200, Batch 500, Aver_Loss: 240.46
Epoch 195/200, Batch 100, Aver_Loss: 238.19
Epoch 195/200, Batch 200, Aver_Loss: 235.38
Epoch 195/200, Batch 300, Aver_Loss: 241.90
Epoch 195/200, Batch 400, Aver_Loss: 250.54
Epoch 195/200, Batch 500, Aver_Loss: 232.05
Epoch 196/200, Batch 100, Aver_Loss: 232.21
Epoch 196/200, Batch 200, Aver_Loss: 237.34
Epoch 196/200, Batch 300, Aver_Loss: 238.66
Epoch 196/200, Batch 400, Aver_Loss: 244.03
Epoch 196/200, Batch 500, Aver_Loss: 232.70
Epoch 197/200, Batch 100, Aver_Loss: 251.42
Epoch 197/200, Batch 200, Aver_Loss: 241.86
Epoch 197/200, Batch 300, Aver_Loss: 243.12
Epoch 197/200, Batch 400, Aver_Loss: 234.59
Epoch 197/200, Batch 500, Aver_Loss: 244.96
Epoch 198/200, Batch 100, Aver_Loss: 234.12
Epoch 198/200, Batch 200, Aver_Loss: 251.80
Epoch 198/200, Batch 300, Aver_Loss: 243.37
Epoch 198/200, Batch 400, Aver_Loss: 230.21
Epoch 198/200, Batch 500, Aver_Loss: 236.04
Epoch 199/200, Batch 100, Aver_Loss: 236.31
Epoch 199/200, Batch 200, Aver_Loss: 254.30
Epoch 199/200, Batch 300, Aver_Loss: 239.75
Epoch 199/200, Batch 400, Aver_Loss: 249.68
Epoch 199/200, Batch 500, Aver_Loss: 237.65
Epoch 200/200, Batch 100, Aver_Loss: 245.65
Epoch 200/200, Batch 200, Aver_Loss: 236.44
Epoch 200/200, Batch 300, Aver_Loss: 231.98
Epoch 200/200, Batch 400, Aver_Loss: 236.00
Epoch 200/200, Batch 500, Aver_Loss: 236.57
[saved curves] ./results/FASHION_MNIST/curves/fashion_mnist_mvae_d256_s777.json

==== Evaluation Summary ====
                 model: mvae
   recon/mse_per_pixel: 0.015143
            elbo/train: -239.934341
             elbo/test: -240.574403
             mse/train: 0.014797
              mse/test: 0.015143
             probe/acc: 0.865286
             probe/nll: 0.384749
           probe/brier: 0.194984
             probe/ece: 0.025655
           cluster/nmi: 0.527858
           cluster/ari: 0.374013
============================

