/usr/bin/which: no fi_info in (/arf/home/meyavuz/.local/bin:/arf/sw/comp/python/intelpython3/condabin:/arf/sw/comp/python/intelpython3/bin:/usr/share/Modules/bin:/usr/local/bin:/usr/bin:/usr/local/sbin:/usr/sbin)
Extension for Scikit-learn* enabled (https://github.com/uxlfoundation/scikit-learn-intelex)
/arf/home/meyavuz/.conda/envs/sbn/lib/python3.9/site-packages/sklearn/linear_model/_logistic.py:1247: FutureWarning: 'multi_class' was deprecated in version 1.5 and will be removed in 1.7. From then on, it will always use 'multinomial'. Leave it to its default value to avoid this warning.
  warnings.warn(
/arf/home/meyavuz/.conda/envs/sbn/lib/python3.9/site-packages/sklearn/linear_model/_sag.py:348: ConvergenceWarning: The max_iter was reached which means the coef_ did not converge
  warnings.warn(
Epoch 1/200, Batch 100, Aver_Loss: 253.34
Epoch 1/200, Batch 200, Aver_Loss: 226.58
Epoch 1/200, Batch 300, Aver_Loss: 223.82
Epoch 1/200, Batch 400, Aver_Loss: 253.36
Epoch 2/200, Batch 100, Aver_Loss: 186.58
Epoch 2/200, Batch 200, Aver_Loss: 174.10
Epoch 2/200, Batch 300, Aver_Loss: 173.94
Epoch 2/200, Batch 400, Aver_Loss: 172.16
Epoch 3/200, Batch 100, Aver_Loss: 176.07
Epoch 3/200, Batch 200, Aver_Loss: 159.97
Epoch 3/200, Batch 300, Aver_Loss: 160.01
Epoch 3/200, Batch 400, Aver_Loss: 155.79
Epoch 4/200, Batch 100, Aver_Loss: 152.47
Epoch 4/200, Batch 200, Aver_Loss: 157.52
Epoch 4/200, Batch 300, Aver_Loss: 146.80
Epoch 4/200, Batch 400, Aver_Loss: 155.07
Epoch 5/200, Batch 100, Aver_Loss: 151.90
Epoch 5/200, Batch 200, Aver_Loss: 152.16
Epoch 5/200, Batch 300, Aver_Loss: 150.19
Epoch 5/200, Batch 400, Aver_Loss: 146.44
Epoch 6/200, Batch 100, Aver_Loss: 212.18
Epoch 6/200, Batch 200, Aver_Loss: 147.49
Epoch 6/200, Batch 300, Aver_Loss: 146.80
Epoch 6/200, Batch 400, Aver_Loss: 143.32
Epoch 7/200, Batch 100, Aver_Loss: 138.69
Epoch 7/200, Batch 200, Aver_Loss: 139.89
Epoch 7/200, Batch 300, Aver_Loss: 145.92
Epoch 7/200, Batch 400, Aver_Loss: 140.43
Epoch 8/200, Batch 100, Aver_Loss: 143.39
Epoch 8/200, Batch 200, Aver_Loss: 133.96
Epoch 8/200, Batch 300, Aver_Loss: 143.53
Epoch 8/200, Batch 400, Aver_Loss: 143.34
Epoch 9/200, Batch 100, Aver_Loss: 141.94
Epoch 9/200, Batch 200, Aver_Loss: 140.48
Epoch 9/200, Batch 300, Aver_Loss: 140.58
Epoch 9/200, Batch 400, Aver_Loss: 141.82
Epoch 10/200, Batch 100, Aver_Loss: 143.78
Epoch 10/200, Batch 200, Aver_Loss: 138.56
Epoch 10/200, Batch 300, Aver_Loss: 138.44
Epoch 10/200, Batch 400, Aver_Loss: 150.66
Epoch 11/200, Batch 100, Aver_Loss: 139.84
Epoch 11/200, Batch 200, Aver_Loss: 139.40
Epoch 11/200, Batch 300, Aver_Loss: 134.53
Epoch 11/200, Batch 400, Aver_Loss: 137.52
Epoch 12/200, Batch 100, Aver_Loss: 136.19
Epoch 12/200, Batch 200, Aver_Loss: 142.30
Epoch 12/200, Batch 300, Aver_Loss: 140.66
Epoch 12/200, Batch 400, Aver_Loss: 140.94
Epoch 13/200, Batch 100, Aver_Loss: 138.78
Epoch 13/200, Batch 200, Aver_Loss: 142.59
Epoch 13/200, Batch 300, Aver_Loss: 134.31
Epoch 13/200, Batch 400, Aver_Loss: 136.81
Epoch 14/200, Batch 100, Aver_Loss: 143.62
Epoch 14/200, Batch 200, Aver_Loss: 131.03
Epoch 14/200, Batch 300, Aver_Loss: 139.43
Epoch 14/200, Batch 400, Aver_Loss: 132.56
Epoch 15/200, Batch 100, Aver_Loss: 130.76
Epoch 15/200, Batch 200, Aver_Loss: 132.05
Epoch 15/200, Batch 300, Aver_Loss: 134.55
Epoch 15/200, Batch 400, Aver_Loss: 136.59
Epoch 16/200, Batch 100, Aver_Loss: 134.40
Epoch 16/200, Batch 200, Aver_Loss: 135.05
Epoch 16/200, Batch 300, Aver_Loss: 134.70
Epoch 16/200, Batch 400, Aver_Loss: 134.63
Epoch 17/200, Batch 100, Aver_Loss: 133.85
Epoch 17/200, Batch 200, Aver_Loss: 137.12
Epoch 17/200, Batch 300, Aver_Loss: 132.06
Epoch 17/200, Batch 400, Aver_Loss: 131.94
Epoch 18/200, Batch 100, Aver_Loss: 133.46
Epoch 18/200, Batch 200, Aver_Loss: 133.44
Epoch 18/200, Batch 300, Aver_Loss: 132.52
Epoch 18/200, Batch 400, Aver_Loss: 132.66
Epoch 19/200, Batch 100, Aver_Loss: 131.19
Epoch 19/200, Batch 200, Aver_Loss: 132.85
Epoch 19/200, Batch 300, Aver_Loss: 134.65
Epoch 19/200, Batch 400, Aver_Loss: 135.55
Epoch 20/200, Batch 100, Aver_Loss: 131.22
Epoch 20/200, Batch 200, Aver_Loss: 134.28
Epoch 20/200, Batch 300, Aver_Loss: 135.47
Epoch 20/200, Batch 400, Aver_Loss: 129.27
Epoch 21/200, Batch 100, Aver_Loss: 138.02
Epoch 21/200, Batch 200, Aver_Loss: 138.16
Epoch 21/200, Batch 300, Aver_Loss: 132.52
Epoch 21/200, Batch 400, Aver_Loss: 135.55
Epoch 22/200, Batch 100, Aver_Loss: 129.19
Epoch 22/200, Batch 200, Aver_Loss: 130.49
Epoch 22/200, Batch 300, Aver_Loss: 131.62
Epoch 22/200, Batch 400, Aver_Loss: 131.45
Epoch 23/200, Batch 100, Aver_Loss: 135.63
Epoch 23/200, Batch 200, Aver_Loss: 135.09
Epoch 23/200, Batch 300, Aver_Loss: 129.45
Epoch 23/200, Batch 400, Aver_Loss: 134.22
Epoch 24/200, Batch 100, Aver_Loss: 134.52
Epoch 24/200, Batch 200, Aver_Loss: 131.69
Epoch 24/200, Batch 300, Aver_Loss: 133.23
Epoch 24/200, Batch 400, Aver_Loss: 130.94
Epoch 25/200, Batch 100, Aver_Loss: 130.08
Epoch 25/200, Batch 200, Aver_Loss: 131.57
Epoch 25/200, Batch 300, Aver_Loss: 132.92
Epoch 25/200, Batch 400, Aver_Loss: 136.46
Epoch 26/200, Batch 100, Aver_Loss: 131.38
Epoch 26/200, Batch 200, Aver_Loss: 135.69
Epoch 26/200, Batch 300, Aver_Loss: 133.69
Epoch 26/200, Batch 400, Aver_Loss: 130.96
Epoch 27/200, Batch 100, Aver_Loss: 131.35
Epoch 27/200, Batch 200, Aver_Loss: 132.29
Epoch 27/200, Batch 300, Aver_Loss: 130.03
Epoch 27/200, Batch 400, Aver_Loss: 130.16
Epoch 28/200, Batch 100, Aver_Loss: 129.43
Epoch 28/200, Batch 200, Aver_Loss: 131.87
Epoch 28/200, Batch 300, Aver_Loss: 128.39
Epoch 28/200, Batch 400, Aver_Loss: 131.80
Epoch 29/200, Batch 100, Aver_Loss: 130.28
Epoch 29/200, Batch 200, Aver_Loss: 129.37
Epoch 29/200, Batch 300, Aver_Loss: 133.26
Epoch 29/200, Batch 400, Aver_Loss: 128.83
Epoch 30/200, Batch 100, Aver_Loss: 133.20
Epoch 30/200, Batch 200, Aver_Loss: 129.70
Epoch 30/200, Batch 300, Aver_Loss: 132.29
Epoch 30/200, Batch 400, Aver_Loss: 130.22
Epoch 31/200, Batch 100, Aver_Loss: 131.14
Epoch 31/200, Batch 200, Aver_Loss: 130.93
Epoch 31/200, Batch 300, Aver_Loss: 135.21
Epoch 31/200, Batch 400, Aver_Loss: 131.16
Epoch 32/200, Batch 100, Aver_Loss: 131.20
Epoch 32/200, Batch 200, Aver_Loss: 131.41
Epoch 32/200, Batch 300, Aver_Loss: 132.40
Epoch 32/200, Batch 400, Aver_Loss: 131.72
Epoch 33/200, Batch 100, Aver_Loss: 133.75
Epoch 33/200, Batch 200, Aver_Loss: 133.56
Epoch 33/200, Batch 300, Aver_Loss: 133.74
Epoch 33/200, Batch 400, Aver_Loss: 133.51
Epoch 34/200, Batch 100, Aver_Loss: 122.37
Epoch 34/200, Batch 200, Aver_Loss: 132.80
Epoch 34/200, Batch 300, Aver_Loss: 130.45
Epoch 34/200, Batch 400, Aver_Loss: 130.64
Epoch 35/200, Batch 100, Aver_Loss: 129.68
Epoch 35/200, Batch 200, Aver_Loss: 128.25
Epoch 35/200, Batch 300, Aver_Loss: 132.03
Epoch 35/200, Batch 400, Aver_Loss: 132.97
Epoch 36/200, Batch 100, Aver_Loss: 131.95
Epoch 36/200, Batch 200, Aver_Loss: 126.35
Epoch 36/200, Batch 300, Aver_Loss: 130.55
Epoch 36/200, Batch 400, Aver_Loss: 130.64
Epoch 37/200, Batch 100, Aver_Loss: 129.36
Epoch 37/200, Batch 200, Aver_Loss: 134.67
Epoch 37/200, Batch 300, Aver_Loss: 134.21
Epoch 37/200, Batch 400, Aver_Loss: 131.49
Epoch 38/200, Batch 100, Aver_Loss: 133.26
Epoch 38/200, Batch 200, Aver_Loss: 129.01
Epoch 38/200, Batch 300, Aver_Loss: 131.12
Epoch 38/200, Batch 400, Aver_Loss: 133.33
Epoch 39/200, Batch 100, Aver_Loss: 131.88
Epoch 39/200, Batch 200, Aver_Loss: 132.64
Epoch 39/200, Batch 300, Aver_Loss: 134.73
Epoch 39/200, Batch 400, Aver_Loss: 129.94
Epoch 40/200, Batch 100, Aver_Loss: 133.04
Epoch 40/200, Batch 200, Aver_Loss: 131.01
Epoch 40/200, Batch 300, Aver_Loss: 127.42
Epoch 40/200, Batch 400, Aver_Loss: 128.55
Epoch 41/200, Batch 100, Aver_Loss: 127.59
Epoch 41/200, Batch 200, Aver_Loss: 129.88
Epoch 41/200, Batch 300, Aver_Loss: 127.44
Epoch 41/200, Batch 400, Aver_Loss: 127.88
Epoch 42/200, Batch 100, Aver_Loss: 130.77
Epoch 42/200, Batch 200, Aver_Loss: 128.42
Epoch 42/200, Batch 300, Aver_Loss: 124.16
Epoch 42/200, Batch 400, Aver_Loss: 128.52
Epoch 43/200, Batch 100, Aver_Loss: 130.67
Epoch 43/200, Batch 200, Aver_Loss: 130.28
Epoch 43/200, Batch 300, Aver_Loss: 129.00
Epoch 43/200, Batch 400, Aver_Loss: 129.95
Epoch 44/200, Batch 100, Aver_Loss: 132.30
Epoch 44/200, Batch 200, Aver_Loss: 132.54
Epoch 44/200, Batch 300, Aver_Loss: 131.59
Epoch 44/200, Batch 400, Aver_Loss: 132.26
Epoch 45/200, Batch 100, Aver_Loss: 128.78
Epoch 45/200, Batch 200, Aver_Loss: 131.88
Epoch 45/200, Batch 300, Aver_Loss: 129.63
Epoch 45/200, Batch 400, Aver_Loss: 129.25
Epoch 46/200, Batch 100, Aver_Loss: 132.63
Epoch 46/200, Batch 200, Aver_Loss: 130.06
Epoch 46/200, Batch 300, Aver_Loss: 130.75
Epoch 46/200, Batch 400, Aver_Loss: 131.69
Epoch 47/200, Batch 100, Aver_Loss: 130.94
Epoch 47/200, Batch 200, Aver_Loss: 126.89
Epoch 47/200, Batch 300, Aver_Loss: 126.69
Epoch 47/200, Batch 400, Aver_Loss: 131.91
Epoch 48/200, Batch 100, Aver_Loss: 128.07
Epoch 48/200, Batch 200, Aver_Loss: 131.02
Epoch 48/200, Batch 300, Aver_Loss: 133.79
Epoch 48/200, Batch 400, Aver_Loss: 131.08
Epoch 49/200, Batch 100, Aver_Loss: 126.81
Epoch 49/200, Batch 200, Aver_Loss: 128.99
Epoch 49/200, Batch 300, Aver_Loss: 126.91
Epoch 49/200, Batch 400, Aver_Loss: 132.34
Epoch 50/200, Batch 100, Aver_Loss: 133.42
Epoch 50/200, Batch 200, Aver_Loss: 126.40
Epoch 50/200, Batch 300, Aver_Loss: 126.43
Epoch 50/200, Batch 400, Aver_Loss: 126.99
Epoch 51/200, Batch 100, Aver_Loss: 128.93
Epoch 51/200, Batch 200, Aver_Loss: 132.63
Epoch 51/200, Batch 300, Aver_Loss: 128.13
Epoch 51/200, Batch 400, Aver_Loss: 126.11
Epoch 52/200, Batch 100, Aver_Loss: 126.22
Epoch 52/200, Batch 200, Aver_Loss: 123.78
Epoch 52/200, Batch 300, Aver_Loss: 126.34
Epoch 52/200, Batch 400, Aver_Loss: 127.90
Epoch 53/200, Batch 100, Aver_Loss: 132.16
Epoch 53/200, Batch 200, Aver_Loss: 128.34
Epoch 53/200, Batch 300, Aver_Loss: 132.02
Epoch 53/200, Batch 400, Aver_Loss: 128.32
Epoch 54/200, Batch 100, Aver_Loss: 131.95
Epoch 54/200, Batch 200, Aver_Loss: 130.68
Epoch 54/200, Batch 300, Aver_Loss: 129.56
Epoch 54/200, Batch 400, Aver_Loss: 127.87
Epoch 55/200, Batch 100, Aver_Loss: 125.13
Epoch 55/200, Batch 200, Aver_Loss: 131.89
Epoch 55/200, Batch 300, Aver_Loss: 130.10
Epoch 55/200, Batch 400, Aver_Loss: 130.41
Epoch 56/200, Batch 100, Aver_Loss: 132.39
Epoch 56/200, Batch 200, Aver_Loss: 128.07
Epoch 56/200, Batch 300, Aver_Loss: 132.45
Epoch 56/200, Batch 400, Aver_Loss: 128.84
Epoch 57/200, Batch 100, Aver_Loss: 130.42
Epoch 57/200, Batch 200, Aver_Loss: 131.47
Epoch 57/200, Batch 300, Aver_Loss: 130.49
Epoch 57/200, Batch 400, Aver_Loss: 128.27
Epoch 58/200, Batch 100, Aver_Loss: 129.43
Epoch 58/200, Batch 200, Aver_Loss: 125.90
Epoch 58/200, Batch 300, Aver_Loss: 129.86
Epoch 58/200, Batch 400, Aver_Loss: 129.46
Epoch 59/200, Batch 100, Aver_Loss: 134.96
Epoch 59/200, Batch 200, Aver_Loss: 126.98
Epoch 59/200, Batch 300, Aver_Loss: 127.24
Epoch 59/200, Batch 400, Aver_Loss: 130.18
Epoch 60/200, Batch 100, Aver_Loss: 127.36
Epoch 60/200, Batch 200, Aver_Loss: 129.70
Epoch 60/200, Batch 300, Aver_Loss: 130.56
Epoch 60/200, Batch 400, Aver_Loss: 133.21
Epoch 61/200, Batch 100, Aver_Loss: 128.77
Epoch 61/200, Batch 200, Aver_Loss: 130.36
Epoch 61/200, Batch 300, Aver_Loss: 127.95
Epoch 61/200, Batch 400, Aver_Loss: 124.33
Epoch 62/200, Batch 100, Aver_Loss: 128.18
Epoch 62/200, Batch 200, Aver_Loss: 125.50
Epoch 62/200, Batch 300, Aver_Loss: 128.59
Epoch 62/200, Batch 400, Aver_Loss: 130.81
Epoch 63/200, Batch 100, Aver_Loss: 129.33
Epoch 63/200, Batch 200, Aver_Loss: 126.62
Epoch 63/200, Batch 300, Aver_Loss: 126.15
Epoch 63/200, Batch 400, Aver_Loss: 133.48
Epoch 64/200, Batch 100, Aver_Loss: 130.97
Epoch 64/200, Batch 200, Aver_Loss: 127.98
Epoch 64/200, Batch 300, Aver_Loss: 127.92
Epoch 64/200, Batch 400, Aver_Loss: 128.89
Epoch 65/200, Batch 100, Aver_Loss: 126.28
Epoch 65/200, Batch 200, Aver_Loss: 128.09
Epoch 65/200, Batch 300, Aver_Loss: 129.32
Epoch 65/200, Batch 400, Aver_Loss: 128.28
Epoch 66/200, Batch 100, Aver_Loss: 129.89
Epoch 66/200, Batch 200, Aver_Loss: 124.72
Epoch 66/200, Batch 300, Aver_Loss: 129.91
Epoch 66/200, Batch 400, Aver_Loss: 128.61
Epoch 67/200, Batch 100, Aver_Loss: 125.94
Epoch 67/200, Batch 200, Aver_Loss: 131.15
Epoch 67/200, Batch 300, Aver_Loss: 132.64
Epoch 67/200, Batch 400, Aver_Loss: 124.31
Epoch 68/200, Batch 100, Aver_Loss: 128.19
Epoch 68/200, Batch 200, Aver_Loss: 130.21
Epoch 68/200, Batch 300, Aver_Loss: 127.30
Epoch 68/200, Batch 400, Aver_Loss: 133.75
Epoch 69/200, Batch 100, Aver_Loss: 125.46
Epoch 69/200, Batch 200, Aver_Loss: 127.49
Epoch 69/200, Batch 300, Aver_Loss: 130.58
Epoch 69/200, Batch 400, Aver_Loss: 130.77
Epoch 70/200, Batch 100, Aver_Loss: 128.64
Epoch 70/200, Batch 200, Aver_Loss: 131.93
Epoch 70/200, Batch 300, Aver_Loss: 128.15
Epoch 70/200, Batch 400, Aver_Loss: 129.52
Epoch 71/200, Batch 100, Aver_Loss: 127.97
Epoch 71/200, Batch 200, Aver_Loss: 125.03
Epoch 71/200, Batch 300, Aver_Loss: 127.47
Epoch 71/200, Batch 400, Aver_Loss: 128.57
Epoch 72/200, Batch 100, Aver_Loss: 127.65
Epoch 72/200, Batch 200, Aver_Loss: 126.53
Epoch 72/200, Batch 300, Aver_Loss: 132.38
Epoch 72/200, Batch 400, Aver_Loss: 128.77
Epoch 73/200, Batch 100, Aver_Loss: 128.21
Epoch 73/200, Batch 200, Aver_Loss: 128.81
Epoch 73/200, Batch 300, Aver_Loss: 128.18
Epoch 73/200, Batch 400, Aver_Loss: 127.37
Epoch 74/200, Batch 100, Aver_Loss: 128.77
Epoch 74/200, Batch 200, Aver_Loss: 128.48
Epoch 74/200, Batch 300, Aver_Loss: 133.62
Epoch 74/200, Batch 400, Aver_Loss: 127.29
Epoch 75/200, Batch 100, Aver_Loss: 123.04
Epoch 75/200, Batch 200, Aver_Loss: 130.72
Epoch 75/200, Batch 300, Aver_Loss: 126.98
Epoch 75/200, Batch 400, Aver_Loss: 130.91
Epoch 76/200, Batch 100, Aver_Loss: 129.35
Epoch 76/200, Batch 200, Aver_Loss: 123.98
Epoch 76/200, Batch 300, Aver_Loss: 128.28
Epoch 76/200, Batch 400, Aver_Loss: 126.45
Epoch 77/200, Batch 100, Aver_Loss: 128.75
Epoch 77/200, Batch 200, Aver_Loss: 132.04
Epoch 77/200, Batch 300, Aver_Loss: 129.31
Epoch 77/200, Batch 400, Aver_Loss: 128.59
Epoch 78/200, Batch 100, Aver_Loss: 129.59
Epoch 78/200, Batch 200, Aver_Loss: 129.02
Epoch 78/200, Batch 300, Aver_Loss: 129.82
Epoch 78/200, Batch 400, Aver_Loss: 129.47
Epoch 79/200, Batch 100, Aver_Loss: 125.61
Epoch 79/200, Batch 200, Aver_Loss: 131.43
Epoch 79/200, Batch 300, Aver_Loss: 127.11
Epoch 79/200, Batch 400, Aver_Loss: 132.28
Epoch 80/200, Batch 100, Aver_Loss: 127.12
Epoch 80/200, Batch 200, Aver_Loss: 127.56
Epoch 80/200, Batch 300, Aver_Loss: 123.58
Epoch 80/200, Batch 400, Aver_Loss: 128.99
Epoch 81/200, Batch 100, Aver_Loss: 129.34
Epoch 81/200, Batch 200, Aver_Loss: 128.43
Epoch 81/200, Batch 300, Aver_Loss: 129.17
Epoch 81/200, Batch 400, Aver_Loss: 126.59
Epoch 82/200, Batch 100, Aver_Loss: 128.11
Epoch 82/200, Batch 200, Aver_Loss: 128.65
Epoch 82/200, Batch 300, Aver_Loss: 127.27
Epoch 82/200, Batch 400, Aver_Loss: 131.38
Epoch 83/200, Batch 100, Aver_Loss: 129.18
Epoch 83/200, Batch 200, Aver_Loss: 130.34
Epoch 83/200, Batch 300, Aver_Loss: 126.49
Epoch 83/200, Batch 400, Aver_Loss: 132.90
Epoch 84/200, Batch 100, Aver_Loss: 123.49
Epoch 84/200, Batch 200, Aver_Loss: 122.92
Epoch 84/200, Batch 300, Aver_Loss: 125.05
Epoch 84/200, Batch 400, Aver_Loss: 120.75
Epoch 85/200, Batch 100, Aver_Loss: 126.91
Epoch 85/200, Batch 200, Aver_Loss: 124.55
Epoch 85/200, Batch 300, Aver_Loss: 130.15
Epoch 85/200, Batch 400, Aver_Loss: 127.23
Epoch 86/200, Batch 100, Aver_Loss: 127.94
Epoch 86/200, Batch 200, Aver_Loss: 125.10
Epoch 86/200, Batch 300, Aver_Loss: 131.40
Epoch 86/200, Batch 400, Aver_Loss: 123.64
Epoch 87/200, Batch 100, Aver_Loss: 125.48
Epoch 87/200, Batch 200, Aver_Loss: 127.91
Epoch 87/200, Batch 300, Aver_Loss: 130.28
Epoch 87/200, Batch 400, Aver_Loss: 124.38
Epoch 88/200, Batch 100, Aver_Loss: 132.30
Epoch 88/200, Batch 200, Aver_Loss: 126.11
Epoch 88/200, Batch 300, Aver_Loss: 129.30
Epoch 88/200, Batch 400, Aver_Loss: 129.39
Epoch 89/200, Batch 100, Aver_Loss: 123.66
Epoch 89/200, Batch 200, Aver_Loss: 124.64
Epoch 89/200, Batch 300, Aver_Loss: 132.11
Epoch 89/200, Batch 400, Aver_Loss: 125.35
Epoch 90/200, Batch 100, Aver_Loss: 121.98
Epoch 90/200, Batch 200, Aver_Loss: 124.99
Epoch 90/200, Batch 300, Aver_Loss: 124.29
Epoch 90/200, Batch 400, Aver_Loss: 128.14
Epoch 91/200, Batch 100, Aver_Loss: 132.80
Epoch 91/200, Batch 200, Aver_Loss: 126.64
Epoch 91/200, Batch 300, Aver_Loss: 127.99
Epoch 91/200, Batch 400, Aver_Loss: 128.15
Epoch 92/200, Batch 100, Aver_Loss: 130.68
Epoch 92/200, Batch 200, Aver_Loss: 125.47
Epoch 92/200, Batch 300, Aver_Loss: 131.33
Epoch 92/200, Batch 400, Aver_Loss: 131.19
Epoch 93/200, Batch 100, Aver_Loss: 125.16
Epoch 93/200, Batch 200, Aver_Loss: 125.31
Epoch 93/200, Batch 300, Aver_Loss: 131.19
Epoch 93/200, Batch 400, Aver_Loss: 131.26
Epoch 94/200, Batch 100, Aver_Loss: 124.72
Epoch 94/200, Batch 200, Aver_Loss: 130.40
Epoch 94/200, Batch 300, Aver_Loss: 127.78
Epoch 94/200, Batch 400, Aver_Loss: 126.76
Epoch 95/200, Batch 100, Aver_Loss: 131.93
Epoch 95/200, Batch 200, Aver_Loss: 130.83
Epoch 95/200, Batch 300, Aver_Loss: 130.37
Epoch 95/200, Batch 400, Aver_Loss: 124.90
Epoch 96/200, Batch 100, Aver_Loss: 124.81
Epoch 96/200, Batch 200, Aver_Loss: 127.08
Epoch 96/200, Batch 300, Aver_Loss: 127.42
Epoch 96/200, Batch 400, Aver_Loss: 130.01
Epoch 97/200, Batch 100, Aver_Loss: 124.50
Epoch 97/200, Batch 200, Aver_Loss: 132.91
Epoch 97/200, Batch 300, Aver_Loss: 128.62
Epoch 97/200, Batch 400, Aver_Loss: 126.42
Epoch 98/200, Batch 100, Aver_Loss: 131.96
Epoch 98/200, Batch 200, Aver_Loss: 126.30
Epoch 98/200, Batch 300, Aver_Loss: 132.29
Epoch 98/200, Batch 400, Aver_Loss: 127.74
Epoch 99/200, Batch 100, Aver_Loss: 125.46
Epoch 99/200, Batch 200, Aver_Loss: 125.76
Epoch 99/200, Batch 300, Aver_Loss: 123.97
Epoch 99/200, Batch 400, Aver_Loss: 126.67
Epoch 100/200, Batch 100, Aver_Loss: 125.48
Epoch 100/200, Batch 200, Aver_Loss: 124.22
Epoch 100/200, Batch 300, Aver_Loss: 123.90
Epoch 100/200, Batch 400, Aver_Loss: 126.26
Epoch 101/200, Batch 100, Aver_Loss: 129.15
Epoch 101/200, Batch 200, Aver_Loss: 125.55
Epoch 101/200, Batch 300, Aver_Loss: 127.15
Epoch 101/200, Batch 400, Aver_Loss: 127.56
Epoch 102/200, Batch 100, Aver_Loss: 124.63
Epoch 102/200, Batch 200, Aver_Loss: 126.31
Epoch 102/200, Batch 300, Aver_Loss: 131.84
Epoch 102/200, Batch 400, Aver_Loss: 131.14
Epoch 103/200, Batch 100, Aver_Loss: 126.66
Epoch 103/200, Batch 200, Aver_Loss: 130.24
Epoch 103/200, Batch 300, Aver_Loss: 130.25
Epoch 103/200, Batch 400, Aver_Loss: 127.23
Epoch 104/200, Batch 100, Aver_Loss: 126.66
Epoch 104/200, Batch 200, Aver_Loss: 124.60
Epoch 104/200, Batch 300, Aver_Loss: 128.99
Epoch 104/200, Batch 400, Aver_Loss: 125.62
Epoch 105/200, Batch 100, Aver_Loss: 123.43
Epoch 105/200, Batch 200, Aver_Loss: 127.31
Epoch 105/200, Batch 300, Aver_Loss: 128.09
Epoch 105/200, Batch 400, Aver_Loss: 127.11
Epoch 106/200, Batch 100, Aver_Loss: 129.46
Epoch 106/200, Batch 200, Aver_Loss: 132.32
Epoch 106/200, Batch 300, Aver_Loss: 128.67
Epoch 106/200, Batch 400, Aver_Loss: 127.64
Epoch 107/200, Batch 100, Aver_Loss: 128.22
Epoch 107/200, Batch 200, Aver_Loss: 131.04
Epoch 107/200, Batch 300, Aver_Loss: 128.32
Epoch 107/200, Batch 400, Aver_Loss: 126.20
Epoch 108/200, Batch 100, Aver_Loss: 124.21
Epoch 108/200, Batch 200, Aver_Loss: 128.55
Epoch 108/200, Batch 300, Aver_Loss: 128.93
Epoch 108/200, Batch 400, Aver_Loss: 125.09
Epoch 109/200, Batch 100, Aver_Loss: 130.24
Epoch 109/200, Batch 200, Aver_Loss: 128.19
Epoch 109/200, Batch 300, Aver_Loss: 131.24
Epoch 109/200, Batch 400, Aver_Loss: 132.26
Epoch 110/200, Batch 100, Aver_Loss: 126.52
Epoch 110/200, Batch 200, Aver_Loss: 127.14
Epoch 110/200, Batch 300, Aver_Loss: 127.41
Epoch 110/200, Batch 400, Aver_Loss: 121.19
Epoch 111/200, Batch 100, Aver_Loss: 124.67
Epoch 111/200, Batch 200, Aver_Loss: 126.08
Epoch 111/200, Batch 300, Aver_Loss: 132.51
Epoch 111/200, Batch 400, Aver_Loss: 126.36
Epoch 112/200, Batch 100, Aver_Loss: 127.10
Epoch 112/200, Batch 200, Aver_Loss: 124.51
Epoch 112/200, Batch 300, Aver_Loss: 125.33
Epoch 112/200, Batch 400, Aver_Loss: 129.00
Epoch 113/200, Batch 100, Aver_Loss: 128.27
Epoch 113/200, Batch 200, Aver_Loss: 128.01
Epoch 113/200, Batch 300, Aver_Loss: 126.33
Epoch 113/200, Batch 400, Aver_Loss: 123.40
Epoch 114/200, Batch 100, Aver_Loss: 128.55
Epoch 114/200, Batch 200, Aver_Loss: 127.93
Epoch 114/200, Batch 300, Aver_Loss: 124.56
Epoch 114/200, Batch 400, Aver_Loss: 125.42
Epoch 115/200, Batch 100, Aver_Loss: 126.72
Epoch 115/200, Batch 200, Aver_Loss: 125.57
Epoch 115/200, Batch 300, Aver_Loss: 127.58
Epoch 115/200, Batch 400, Aver_Loss: 125.38
Epoch 116/200, Batch 100, Aver_Loss: 126.90
Epoch 116/200, Batch 200, Aver_Loss: 125.33
Epoch 116/200, Batch 300, Aver_Loss: 126.84
Epoch 116/200, Batch 400, Aver_Loss: 130.63
Epoch 117/200, Batch 100, Aver_Loss: 122.14
Epoch 117/200, Batch 200, Aver_Loss: 126.30
Epoch 117/200, Batch 300, Aver_Loss: 128.50
Epoch 117/200, Batch 400, Aver_Loss: 126.29
Epoch 118/200, Batch 100, Aver_Loss: 130.26
Epoch 118/200, Batch 200, Aver_Loss: 123.88
Epoch 118/200, Batch 300, Aver_Loss: 129.92
Epoch 118/200, Batch 400, Aver_Loss: 132.73
Epoch 119/200, Batch 100, Aver_Loss: 129.85
Epoch 119/200, Batch 200, Aver_Loss: 128.86
Epoch 119/200, Batch 300, Aver_Loss: 128.00
Epoch 119/200, Batch 400, Aver_Loss: 127.73
Epoch 120/200, Batch 100, Aver_Loss: 129.19
Epoch 120/200, Batch 200, Aver_Loss: 128.87
Epoch 120/200, Batch 300, Aver_Loss: 129.06
Epoch 120/200, Batch 400, Aver_Loss: 129.09
Epoch 121/200, Batch 100, Aver_Loss: 126.02
Epoch 121/200, Batch 200, Aver_Loss: 127.47
Epoch 121/200, Batch 300, Aver_Loss: 130.22
Epoch 121/200, Batch 400, Aver_Loss: 128.69
Epoch 122/200, Batch 100, Aver_Loss: 129.83
Epoch 122/200, Batch 200, Aver_Loss: 129.38
Epoch 122/200, Batch 300, Aver_Loss: 133.51
Epoch 122/200, Batch 400, Aver_Loss: 125.66
Epoch 123/200, Batch 100, Aver_Loss: 128.95
Epoch 123/200, Batch 200, Aver_Loss: 128.64
Epoch 123/200, Batch 300, Aver_Loss: 127.98
Epoch 123/200, Batch 400, Aver_Loss: 126.91
Epoch 124/200, Batch 100, Aver_Loss: 129.01
Epoch 124/200, Batch 200, Aver_Loss: 127.33
Epoch 124/200, Batch 300, Aver_Loss: 128.43
Epoch 124/200, Batch 400, Aver_Loss: 123.70
Epoch 125/200, Batch 100, Aver_Loss: 127.85
Epoch 125/200, Batch 200, Aver_Loss: 124.68
Epoch 125/200, Batch 300, Aver_Loss: 126.67
Epoch 125/200, Batch 400, Aver_Loss: 127.80
Epoch 126/200, Batch 100, Aver_Loss: 127.42
Epoch 126/200, Batch 200, Aver_Loss: 124.16
Epoch 126/200, Batch 300, Aver_Loss: 126.53
Epoch 126/200, Batch 400, Aver_Loss: 128.90
Epoch 127/200, Batch 100, Aver_Loss: 128.17
Epoch 127/200, Batch 200, Aver_Loss: 126.92
Epoch 127/200, Batch 300, Aver_Loss: 127.65
Epoch 127/200, Batch 400, Aver_Loss: 129.16
Epoch 128/200, Batch 100, Aver_Loss: 130.88
Epoch 128/200, Batch 200, Aver_Loss: 124.89
Epoch 128/200, Batch 300, Aver_Loss: 124.41
Epoch 128/200, Batch 400, Aver_Loss: 128.76
Epoch 129/200, Batch 100, Aver_Loss: 131.83
Epoch 129/200, Batch 200, Aver_Loss: 124.20
Epoch 129/200, Batch 300, Aver_Loss: 130.52
Epoch 129/200, Batch 400, Aver_Loss: 131.20
Epoch 130/200, Batch 100, Aver_Loss: 129.23
Epoch 130/200, Batch 200, Aver_Loss: 126.28
Epoch 130/200, Batch 300, Aver_Loss: 131.00
Epoch 130/200, Batch 400, Aver_Loss: 125.10
Epoch 131/200, Batch 100, Aver_Loss: 126.62
Epoch 131/200, Batch 200, Aver_Loss: 127.62
Epoch 131/200, Batch 300, Aver_Loss: 130.83
Epoch 131/200, Batch 400, Aver_Loss: 124.94
Epoch 132/200, Batch 100, Aver_Loss: 123.10
Epoch 132/200, Batch 200, Aver_Loss: 124.39
Epoch 132/200, Batch 300, Aver_Loss: 125.94
Epoch 132/200, Batch 400, Aver_Loss: 125.18
Epoch 133/200, Batch 100, Aver_Loss: 127.68
Epoch 133/200, Batch 200, Aver_Loss: 125.99
Epoch 133/200, Batch 300, Aver_Loss: 126.14
Epoch 133/200, Batch 400, Aver_Loss: 126.82
Epoch 134/200, Batch 100, Aver_Loss: 128.87
Epoch 134/200, Batch 200, Aver_Loss: 126.90
Epoch 134/200, Batch 300, Aver_Loss: 125.93
Epoch 134/200, Batch 400, Aver_Loss: 126.14
Epoch 135/200, Batch 100, Aver_Loss: 130.96
Epoch 135/200, Batch 200, Aver_Loss: 132.18
Epoch 135/200, Batch 300, Aver_Loss: 131.01
Epoch 135/200, Batch 400, Aver_Loss: 124.45
Epoch 136/200, Batch 100, Aver_Loss: 124.63
Epoch 136/200, Batch 200, Aver_Loss: 123.06
Epoch 136/200, Batch 300, Aver_Loss: 130.30
Epoch 136/200, Batch 400, Aver_Loss: 122.97
Epoch 137/200, Batch 100, Aver_Loss: 127.09
Epoch 137/200, Batch 200, Aver_Loss: 130.92
Epoch 137/200, Batch 300, Aver_Loss: 128.17
Epoch 137/200, Batch 400, Aver_Loss: 129.26
Epoch 138/200, Batch 100, Aver_Loss: 123.43
Epoch 138/200, Batch 200, Aver_Loss: 129.05
Epoch 138/200, Batch 300, Aver_Loss: 126.48
Epoch 138/200, Batch 400, Aver_Loss: 132.13
Epoch 139/200, Batch 100, Aver_Loss: 124.35
Epoch 139/200, Batch 200, Aver_Loss: 125.58
Epoch 139/200, Batch 300, Aver_Loss: 125.12
Epoch 139/200, Batch 400, Aver_Loss: 129.24
Epoch 140/200, Batch 100, Aver_Loss: 126.02
Epoch 140/200, Batch 200, Aver_Loss: 126.31
Epoch 140/200, Batch 300, Aver_Loss: 123.86
Epoch 140/200, Batch 400, Aver_Loss: 129.49
Epoch 141/200, Batch 100, Aver_Loss: 128.85
Epoch 141/200, Batch 200, Aver_Loss: 117.99
Epoch 141/200, Batch 300, Aver_Loss: 131.69
Epoch 141/200, Batch 400, Aver_Loss: 128.95
Epoch 142/200, Batch 100, Aver_Loss: 126.95
Epoch 142/200, Batch 200, Aver_Loss: 121.84
Epoch 142/200, Batch 300, Aver_Loss: 128.45
Epoch 142/200, Batch 400, Aver_Loss: 129.32
Epoch 143/200, Batch 100, Aver_Loss: 126.72
Epoch 143/200, Batch 200, Aver_Loss: 127.77
Epoch 143/200, Batch 300, Aver_Loss: 125.93
Epoch 143/200, Batch 400, Aver_Loss: 126.82
Epoch 144/200, Batch 100, Aver_Loss: 130.05
Epoch 144/200, Batch 200, Aver_Loss: 132.91
Epoch 144/200, Batch 300, Aver_Loss: 122.64
Epoch 144/200, Batch 400, Aver_Loss: 125.21
Epoch 145/200, Batch 100, Aver_Loss: 125.79
Epoch 145/200, Batch 200, Aver_Loss: 130.26
Epoch 145/200, Batch 300, Aver_Loss: 123.92
Epoch 145/200, Batch 400, Aver_Loss: 133.89
Epoch 146/200, Batch 100, Aver_Loss: 127.73
Epoch 146/200, Batch 200, Aver_Loss: 129.29
Epoch 146/200, Batch 300, Aver_Loss: 124.21
Epoch 146/200, Batch 400, Aver_Loss: 124.45
Epoch 147/200, Batch 100, Aver_Loss: 124.20
Epoch 147/200, Batch 200, Aver_Loss: 121.93
Epoch 147/200, Batch 300, Aver_Loss: 128.59
Epoch 147/200, Batch 400, Aver_Loss: 126.40
Epoch 148/200, Batch 100, Aver_Loss: 126.61
Epoch 148/200, Batch 200, Aver_Loss: 126.46
Epoch 148/200, Batch 300, Aver_Loss: 126.71
Epoch 148/200, Batch 400, Aver_Loss: 131.10
Epoch 149/200, Batch 100, Aver_Loss: 124.43
Epoch 149/200, Batch 200, Aver_Loss: 125.32
Epoch 149/200, Batch 300, Aver_Loss: 127.52
Epoch 149/200, Batch 400, Aver_Loss: 124.10
Epoch 150/200, Batch 100, Aver_Loss: 125.92
Epoch 150/200, Batch 200, Aver_Loss: 125.95
Epoch 150/200, Batch 300, Aver_Loss: 127.40
Epoch 150/200, Batch 400, Aver_Loss: 128.65
Epoch 151/200, Batch 100, Aver_Loss: 128.87
Epoch 151/200, Batch 200, Aver_Loss: 123.45
Epoch 151/200, Batch 300, Aver_Loss: 127.67
Epoch 151/200, Batch 400, Aver_Loss: 122.69
Epoch 152/200, Batch 100, Aver_Loss: 128.66
Epoch 152/200, Batch 200, Aver_Loss: 123.90
Epoch 152/200, Batch 300, Aver_Loss: 126.06
Epoch 152/200, Batch 400, Aver_Loss: 122.03
Epoch 153/200, Batch 100, Aver_Loss: 123.36
Epoch 153/200, Batch 200, Aver_Loss: 130.68
Epoch 153/200, Batch 300, Aver_Loss: 128.22
Epoch 153/200, Batch 400, Aver_Loss: 126.70
Epoch 154/200, Batch 100, Aver_Loss: 122.56
Epoch 154/200, Batch 200, Aver_Loss: 127.94
Epoch 154/200, Batch 300, Aver_Loss: 127.46
Epoch 154/200, Batch 400, Aver_Loss: 130.57
Epoch 155/200, Batch 100, Aver_Loss: 125.16
Epoch 155/200, Batch 200, Aver_Loss: 123.55
Epoch 155/200, Batch 300, Aver_Loss: 126.22
Epoch 155/200, Batch 400, Aver_Loss: 130.18
Epoch 156/200, Batch 100, Aver_Loss: 123.28
Epoch 156/200, Batch 200, Aver_Loss: 125.49
Epoch 156/200, Batch 300, Aver_Loss: 123.34
Epoch 156/200, Batch 400, Aver_Loss: 125.21
Epoch 157/200, Batch 100, Aver_Loss: 127.52
Epoch 157/200, Batch 200, Aver_Loss: 129.15
Epoch 157/200, Batch 300, Aver_Loss: 128.00
Epoch 157/200, Batch 400, Aver_Loss: 128.98
Epoch 158/200, Batch 100, Aver_Loss: 128.30
Epoch 158/200, Batch 200, Aver_Loss: 127.06
Epoch 158/200, Batch 300, Aver_Loss: 127.02
Epoch 158/200, Batch 400, Aver_Loss: 127.86
Epoch 159/200, Batch 100, Aver_Loss: 124.53
Epoch 159/200, Batch 200, Aver_Loss: 127.25
Epoch 159/200, Batch 300, Aver_Loss: 123.62
Epoch 159/200, Batch 400, Aver_Loss: 126.19
Epoch 160/200, Batch 100, Aver_Loss: 129.78
Epoch 160/200, Batch 200, Aver_Loss: 127.50
Epoch 160/200, Batch 300, Aver_Loss: 125.55
Epoch 160/200, Batch 400, Aver_Loss: 131.06
Epoch 161/200, Batch 100, Aver_Loss: 128.60
Epoch 161/200, Batch 200, Aver_Loss: 124.49
Epoch 161/200, Batch 300, Aver_Loss: 132.30
Epoch 161/200, Batch 400, Aver_Loss: 127.88
Epoch 162/200, Batch 100, Aver_Loss: 128.79
Epoch 162/200, Batch 200, Aver_Loss: 123.02
Epoch 162/200, Batch 300, Aver_Loss: 127.22
Epoch 162/200, Batch 400, Aver_Loss: 125.04
Epoch 163/200, Batch 100, Aver_Loss: 126.81
Epoch 163/200, Batch 200, Aver_Loss: 133.44
Epoch 163/200, Batch 300, Aver_Loss: 124.71
Epoch 163/200, Batch 400, Aver_Loss: 128.74
Epoch 164/200, Batch 100, Aver_Loss: 127.02
Epoch 164/200, Batch 200, Aver_Loss: 120.25
Epoch 164/200, Batch 300, Aver_Loss: 125.83
Epoch 164/200, Batch 400, Aver_Loss: 125.69
Epoch 165/200, Batch 100, Aver_Loss: 124.46
Epoch 165/200, Batch 200, Aver_Loss: 123.14
Epoch 165/200, Batch 300, Aver_Loss: 126.71
Epoch 165/200, Batch 400, Aver_Loss: 126.27
Epoch 166/200, Batch 100, Aver_Loss: 130.23
Epoch 166/200, Batch 200, Aver_Loss: 125.61
Epoch 166/200, Batch 300, Aver_Loss: 122.94
Epoch 166/200, Batch 400, Aver_Loss: 128.29
Epoch 167/200, Batch 100, Aver_Loss: 127.87
Epoch 167/200, Batch 200, Aver_Loss: 127.80
Epoch 167/200, Batch 300, Aver_Loss: 129.71
Epoch 167/200, Batch 400, Aver_Loss: 123.85
Epoch 168/200, Batch 100, Aver_Loss: 126.53
Epoch 168/200, Batch 200, Aver_Loss: 126.80
Epoch 168/200, Batch 300, Aver_Loss: 123.29
Epoch 168/200, Batch 400, Aver_Loss: 134.54
Epoch 169/200, Batch 100, Aver_Loss: 127.10
Epoch 169/200, Batch 200, Aver_Loss: 132.22
Epoch 169/200, Batch 300, Aver_Loss: 121.45
Epoch 169/200, Batch 400, Aver_Loss: 124.24
Epoch 170/200, Batch 100, Aver_Loss: 126.91
Epoch 170/200, Batch 200, Aver_Loss: 125.15
Epoch 170/200, Batch 300, Aver_Loss: 126.16
Epoch 170/200, Batch 400, Aver_Loss: 126.05
Epoch 171/200, Batch 100, Aver_Loss: 125.32
Epoch 171/200, Batch 200, Aver_Loss: 124.14
Epoch 171/200, Batch 300, Aver_Loss: 126.27
Epoch 171/200, Batch 400, Aver_Loss: 125.85
Epoch 172/200, Batch 100, Aver_Loss: 125.48
Epoch 172/200, Batch 200, Aver_Loss: 129.24
Epoch 172/200, Batch 300, Aver_Loss: 131.40
Epoch 172/200, Batch 400, Aver_Loss: 123.23
Epoch 173/200, Batch 100, Aver_Loss: 127.35
Epoch 173/200, Batch 200, Aver_Loss: 126.99
Epoch 173/200, Batch 300, Aver_Loss: 129.09
Epoch 173/200, Batch 400, Aver_Loss: 128.04
Epoch 174/200, Batch 100, Aver_Loss: 121.89
Epoch 174/200, Batch 200, Aver_Loss: 125.98
Epoch 174/200, Batch 300, Aver_Loss: 126.69
Epoch 174/200, Batch 400, Aver_Loss: 128.25
Epoch 175/200, Batch 100, Aver_Loss: 125.26
Epoch 175/200, Batch 200, Aver_Loss: 127.28
Epoch 175/200, Batch 300, Aver_Loss: 131.09
Epoch 175/200, Batch 400, Aver_Loss: 124.15
Epoch 176/200, Batch 100, Aver_Loss: 126.57
Epoch 176/200, Batch 200, Aver_Loss: 126.33
Epoch 176/200, Batch 300, Aver_Loss: 124.65
Epoch 176/200, Batch 400, Aver_Loss: 126.83
Epoch 177/200, Batch 100, Aver_Loss: 128.75
Epoch 177/200, Batch 200, Aver_Loss: 124.51
Epoch 177/200, Batch 300, Aver_Loss: 125.20
Epoch 177/200, Batch 400, Aver_Loss: 127.79
Epoch 178/200, Batch 100, Aver_Loss: 123.67
Epoch 178/200, Batch 200, Aver_Loss: 128.77
Epoch 178/200, Batch 300, Aver_Loss: 128.98
Epoch 178/200, Batch 400, Aver_Loss: 129.17
Epoch 179/200, Batch 100, Aver_Loss: 126.95
Epoch 179/200, Batch 200, Aver_Loss: 122.69
Epoch 179/200, Batch 300, Aver_Loss: 128.28
Epoch 179/200, Batch 400, Aver_Loss: 127.63
Epoch 180/200, Batch 100, Aver_Loss: 126.27
Epoch 180/200, Batch 200, Aver_Loss: 126.64
Epoch 180/200, Batch 300, Aver_Loss: 126.92
Epoch 180/200, Batch 400, Aver_Loss: 130.92
Epoch 181/200, Batch 100, Aver_Loss: 126.77
Epoch 181/200, Batch 200, Aver_Loss: 122.46
Epoch 181/200, Batch 300, Aver_Loss: 128.44
Epoch 181/200, Batch 400, Aver_Loss: 127.45
Epoch 182/200, Batch 100, Aver_Loss: 128.58
Epoch 182/200, Batch 200, Aver_Loss: 127.21
Epoch 182/200, Batch 300, Aver_Loss: 126.46
Epoch 182/200, Batch 400, Aver_Loss: 126.72
Epoch 183/200, Batch 100, Aver_Loss: 130.16
Epoch 183/200, Batch 200, Aver_Loss: 125.57
Epoch 183/200, Batch 300, Aver_Loss: 119.11
Epoch 183/200, Batch 400, Aver_Loss: 131.10
Epoch 184/200, Batch 100, Aver_Loss: 123.89
Epoch 184/200, Batch 200, Aver_Loss: 125.61
Epoch 184/200, Batch 300, Aver_Loss: 126.42
Epoch 184/200, Batch 400, Aver_Loss: 126.23
Epoch 185/200, Batch 100, Aver_Loss: 127.37
Epoch 185/200, Batch 200, Aver_Loss: 124.26
Epoch 185/200, Batch 300, Aver_Loss: 125.00
Epoch 185/200, Batch 400, Aver_Loss: 125.53
Epoch 186/200, Batch 100, Aver_Loss: 129.29
Epoch 186/200, Batch 200, Aver_Loss: 124.43
Epoch 186/200, Batch 300, Aver_Loss: 128.47
Epoch 186/200, Batch 400, Aver_Loss: 122.80
Epoch 187/200, Batch 100, Aver_Loss: 121.94
Epoch 187/200, Batch 200, Aver_Loss: 129.62
Epoch 187/200, Batch 300, Aver_Loss: 122.88
Epoch 187/200, Batch 400, Aver_Loss: 126.20
Epoch 188/200, Batch 100, Aver_Loss: 129.11
Epoch 188/200, Batch 200, Aver_Loss: 125.40
Epoch 188/200, Batch 300, Aver_Loss: 129.28
Epoch 188/200, Batch 400, Aver_Loss: 128.09
Epoch 189/200, Batch 100, Aver_Loss: 125.01
Epoch 189/200, Batch 200, Aver_Loss: 126.88
Epoch 189/200, Batch 300, Aver_Loss: 122.60
Epoch 189/200, Batch 400, Aver_Loss: 127.03
Epoch 190/200, Batch 100, Aver_Loss: 126.42
Epoch 190/200, Batch 200, Aver_Loss: 129.50
Epoch 190/200, Batch 300, Aver_Loss: 126.14
Epoch 190/200, Batch 400, Aver_Loss: 125.11
Epoch 191/200, Batch 100, Aver_Loss: 124.00
Epoch 191/200, Batch 200, Aver_Loss: 126.37
Epoch 191/200, Batch 300, Aver_Loss: 120.56
Epoch 191/200, Batch 400, Aver_Loss: 129.92
Epoch 192/200, Batch 100, Aver_Loss: 127.88
Epoch 192/200, Batch 200, Aver_Loss: 126.63
Epoch 192/200, Batch 300, Aver_Loss: 127.67
Epoch 192/200, Batch 400, Aver_Loss: 131.79
Epoch 193/200, Batch 100, Aver_Loss: 131.45
Epoch 193/200, Batch 200, Aver_Loss: 123.44
Epoch 193/200, Batch 300, Aver_Loss: 121.11
Epoch 193/200, Batch 400, Aver_Loss: 127.44
Epoch 194/200, Batch 100, Aver_Loss: 125.47
Epoch 194/200, Batch 200, Aver_Loss: 129.02
Epoch 194/200, Batch 300, Aver_Loss: 128.20
Epoch 194/200, Batch 400, Aver_Loss: 125.56
Epoch 195/200, Batch 100, Aver_Loss: 126.75
Epoch 195/200, Batch 200, Aver_Loss: 127.91
Epoch 195/200, Batch 300, Aver_Loss: 128.17
Epoch 195/200, Batch 400, Aver_Loss: 131.15
Epoch 196/200, Batch 100, Aver_Loss: 126.38
Epoch 196/200, Batch 200, Aver_Loss: 128.90
Epoch 196/200, Batch 300, Aver_Loss: 129.85
Epoch 196/200, Batch 400, Aver_Loss: 123.81
Epoch 197/200, Batch 100, Aver_Loss: 127.57
Epoch 197/200, Batch 200, Aver_Loss: 119.84
Epoch 197/200, Batch 300, Aver_Loss: 127.85
Epoch 197/200, Batch 400, Aver_Loss: 124.88
Epoch 198/200, Batch 100, Aver_Loss: 125.66
Epoch 198/200, Batch 200, Aver_Loss: 131.89
Epoch 198/200, Batch 300, Aver_Loss: 124.87
Epoch 198/200, Batch 400, Aver_Loss: 128.14
Epoch 199/200, Batch 100, Aver_Loss: 122.26
Epoch 199/200, Batch 200, Aver_Loss: 125.06
Epoch 199/200, Batch 300, Aver_Loss: 130.24
Epoch 199/200, Batch 400, Aver_Loss: 127.31
Epoch 200/200, Batch 100, Aver_Loss: 126.70
Epoch 200/200, Batch 200, Aver_Loss: 125.89
Epoch 200/200, Batch 300, Aver_Loss: 126.93
Epoch 200/200, Batch 400, Aver_Loss: 124.38
[saved curves] ./results/MNIST_ROTATED/curves/mnist_rotated_mvae_d512_s777.json

==== Evaluation Summary ====
                 model: mvae
   recon/mse_per_pixel: 0.014371
            elbo/train: -126.384984
             elbo/test: -127.604410
             mse/train: 0.013942
              mse/test: 0.014371
             probe/acc: 0.684516
             probe/nll: 0.971383
           probe/brier: 0.440169
             probe/ece: 0.063862
           cluster/nmi: 0.112539
           cluster/ari: 0.060986
============================

