/usr/bin/which: no fi_info in (/arf/home/meyavuz/.local/bin:/arf/sw/comp/python/intelpython3/condabin:/arf/sw/comp/python/intelpython3/bin:/usr/share/Modules/bin:/usr/local/bin:/usr/bin:/usr/local/sbin:/usr/sbin)
Extension for Scikit-learn* enabled (https://github.com/uxlfoundation/scikit-learn-intelex)
/arf/home/meyavuz/.conda/envs/sbn/lib/python3.9/site-packages/sklearn/linear_model/_logistic.py:1247: FutureWarning: 'multi_class' was deprecated in version 1.5 and will be removed in 1.7. From then on, it will always use 'multinomial'. Leave it to its default value to avoid this warning.
  warnings.warn(
/arf/home/meyavuz/.conda/envs/sbn/lib/python3.9/site-packages/sklearn/linear_model/_sag.py:348: ConvergenceWarning: The max_iter was reached which means the coef_ did not converge
  warnings.warn(
Epoch 1/200, Batch 100, Aver_Loss: 220.18
Epoch 1/200, Batch 200, Aver_Loss: 201.20
Epoch 1/200, Batch 300, Aver_Loss: 193.57
Epoch 1/200, Batch 400, Aver_Loss: 178.48
Epoch 2/200, Batch 100, Aver_Loss: 172.27
Epoch 2/200, Batch 200, Aver_Loss: 169.69
Epoch 2/200, Batch 300, Aver_Loss: 169.47
Epoch 2/200, Batch 400, Aver_Loss: 160.49
Epoch 3/200, Batch 100, Aver_Loss: 158.81
Epoch 3/200, Batch 200, Aver_Loss: 154.64
Epoch 3/200, Batch 300, Aver_Loss: 152.40
Epoch 3/200, Batch 400, Aver_Loss: 146.22
Epoch 4/200, Batch 100, Aver_Loss: 146.40
Epoch 4/200, Batch 200, Aver_Loss: 148.36
Epoch 4/200, Batch 300, Aver_Loss: 139.14
Epoch 4/200, Batch 400, Aver_Loss: 145.64
Epoch 5/200, Batch 100, Aver_Loss: 141.55
Epoch 5/200, Batch 200, Aver_Loss: 140.12
Epoch 5/200, Batch 300, Aver_Loss: 136.82
Epoch 5/200, Batch 400, Aver_Loss: 133.87
Epoch 6/200, Batch 100, Aver_Loss: 138.51
Epoch 6/200, Batch 200, Aver_Loss: 134.21
Epoch 6/200, Batch 300, Aver_Loss: 138.16
Epoch 6/200, Batch 400, Aver_Loss: 139.34
Epoch 7/200, Batch 100, Aver_Loss: 138.92
Epoch 7/200, Batch 200, Aver_Loss: 129.30
Epoch 7/200, Batch 300, Aver_Loss: 133.79
Epoch 7/200, Batch 400, Aver_Loss: 135.77
Epoch 8/200, Batch 100, Aver_Loss: 139.67
Epoch 8/200, Batch 200, Aver_Loss: 139.01
Epoch 8/200, Batch 300, Aver_Loss: 137.44
Epoch 8/200, Batch 400, Aver_Loss: 127.98
Epoch 9/200, Batch 100, Aver_Loss: 134.46
Epoch 9/200, Batch 200, Aver_Loss: 134.06
Epoch 9/200, Batch 300, Aver_Loss: 129.31
Epoch 9/200, Batch 400, Aver_Loss: 133.59
Epoch 10/200, Batch 100, Aver_Loss: 129.30
Epoch 10/200, Batch 200, Aver_Loss: 129.84
Epoch 10/200, Batch 300, Aver_Loss: 133.46
Epoch 10/200, Batch 400, Aver_Loss: 133.43
Epoch 11/200, Batch 100, Aver_Loss: 131.98
Epoch 11/200, Batch 200, Aver_Loss: 134.27
Epoch 11/200, Batch 300, Aver_Loss: 128.35
Epoch 11/200, Batch 400, Aver_Loss: 128.20
Epoch 12/200, Batch 100, Aver_Loss: 125.71
Epoch 12/200, Batch 200, Aver_Loss: 126.45
Epoch 12/200, Batch 300, Aver_Loss: 130.79
Epoch 12/200, Batch 400, Aver_Loss: 129.65
Epoch 13/200, Batch 100, Aver_Loss: 133.85
Epoch 13/200, Batch 200, Aver_Loss: 130.47
Epoch 13/200, Batch 300, Aver_Loss: 130.20
Epoch 13/200, Batch 400, Aver_Loss: 124.41
Epoch 14/200, Batch 100, Aver_Loss: 131.87
Epoch 14/200, Batch 200, Aver_Loss: 127.43
Epoch 14/200, Batch 300, Aver_Loss: 125.53
Epoch 14/200, Batch 400, Aver_Loss: 128.62
Epoch 15/200, Batch 100, Aver_Loss: 126.89
Epoch 15/200, Batch 200, Aver_Loss: 131.49
Epoch 15/200, Batch 300, Aver_Loss: 129.96
Epoch 15/200, Batch 400, Aver_Loss: 130.57
Epoch 16/200, Batch 100, Aver_Loss: 127.71
Epoch 16/200, Batch 200, Aver_Loss: 131.76
Epoch 16/200, Batch 300, Aver_Loss: 124.93
Epoch 16/200, Batch 400, Aver_Loss: 126.08
Epoch 17/200, Batch 100, Aver_Loss: 129.38
Epoch 17/200, Batch 200, Aver_Loss: 130.57
Epoch 17/200, Batch 300, Aver_Loss: 130.59
Epoch 17/200, Batch 400, Aver_Loss: 123.28
Epoch 18/200, Batch 100, Aver_Loss: 129.01
Epoch 18/200, Batch 200, Aver_Loss: 131.60
Epoch 18/200, Batch 300, Aver_Loss: 131.85
Epoch 18/200, Batch 400, Aver_Loss: 131.57
Epoch 19/200, Batch 100, Aver_Loss: 130.21
Epoch 19/200, Batch 200, Aver_Loss: 126.00
Epoch 19/200, Batch 300, Aver_Loss: 125.03
Epoch 19/200, Batch 400, Aver_Loss: 131.33
Epoch 20/200, Batch 100, Aver_Loss: 130.35
Epoch 20/200, Batch 200, Aver_Loss: 130.52
Epoch 20/200, Batch 300, Aver_Loss: 130.38
Epoch 20/200, Batch 400, Aver_Loss: 130.59
Epoch 21/200, Batch 100, Aver_Loss: 129.94
Epoch 21/200, Batch 200, Aver_Loss: 126.20
Epoch 21/200, Batch 300, Aver_Loss: 132.78
Epoch 21/200, Batch 400, Aver_Loss: 129.69
Epoch 22/200, Batch 100, Aver_Loss: 125.43
Epoch 22/200, Batch 200, Aver_Loss: 131.07
Epoch 22/200, Batch 300, Aver_Loss: 124.98
Epoch 22/200, Batch 400, Aver_Loss: 128.67
Epoch 23/200, Batch 100, Aver_Loss: 129.26
Epoch 23/200, Batch 200, Aver_Loss: 130.55
Epoch 23/200, Batch 300, Aver_Loss: 121.87
Epoch 23/200, Batch 400, Aver_Loss: 129.09
Epoch 24/200, Batch 100, Aver_Loss: 126.24
Epoch 24/200, Batch 200, Aver_Loss: 125.58
Epoch 24/200, Batch 300, Aver_Loss: 125.50
Epoch 24/200, Batch 400, Aver_Loss: 130.03
Epoch 25/200, Batch 100, Aver_Loss: 123.69
Epoch 25/200, Batch 200, Aver_Loss: 124.39
Epoch 25/200, Batch 300, Aver_Loss: 129.54
Epoch 25/200, Batch 400, Aver_Loss: 129.46
Epoch 26/200, Batch 100, Aver_Loss: 131.77
Epoch 26/200, Batch 200, Aver_Loss: 121.29
Epoch 26/200, Batch 300, Aver_Loss: 128.13
Epoch 26/200, Batch 400, Aver_Loss: 130.28
Epoch 27/200, Batch 100, Aver_Loss: 128.86
Epoch 27/200, Batch 200, Aver_Loss: 126.84
Epoch 27/200, Batch 300, Aver_Loss: 125.70
Epoch 27/200, Batch 400, Aver_Loss: 128.07
Epoch 28/200, Batch 100, Aver_Loss: 127.08
Epoch 28/200, Batch 200, Aver_Loss: 130.51
Epoch 28/200, Batch 300, Aver_Loss: 126.69
Epoch 28/200, Batch 400, Aver_Loss: 128.39
Epoch 29/200, Batch 100, Aver_Loss: 127.69
Epoch 29/200, Batch 200, Aver_Loss: 126.64
Epoch 29/200, Batch 300, Aver_Loss: 130.87
Epoch 29/200, Batch 400, Aver_Loss: 125.34
Epoch 30/200, Batch 100, Aver_Loss: 127.68
Epoch 30/200, Batch 200, Aver_Loss: 126.48
Epoch 30/200, Batch 300, Aver_Loss: 126.64
Epoch 30/200, Batch 400, Aver_Loss: 124.05
Epoch 31/200, Batch 100, Aver_Loss: 128.45
Epoch 31/200, Batch 200, Aver_Loss: 129.62
Epoch 31/200, Batch 300, Aver_Loss: 128.02
Epoch 31/200, Batch 400, Aver_Loss: 128.44
Epoch 32/200, Batch 100, Aver_Loss: 129.01
Epoch 32/200, Batch 200, Aver_Loss: 129.68
Epoch 32/200, Batch 300, Aver_Loss: 118.37
Epoch 32/200, Batch 400, Aver_Loss: 124.40
Epoch 33/200, Batch 100, Aver_Loss: 122.36
Epoch 33/200, Batch 200, Aver_Loss: 123.75
Epoch 33/200, Batch 300, Aver_Loss: 130.66
Epoch 33/200, Batch 400, Aver_Loss: 124.38
Epoch 34/200, Batch 100, Aver_Loss: 125.78
Epoch 34/200, Batch 200, Aver_Loss: 121.94
Epoch 34/200, Batch 300, Aver_Loss: 127.14
Epoch 34/200, Batch 400, Aver_Loss: 129.71
Epoch 35/200, Batch 100, Aver_Loss: 125.76
Epoch 35/200, Batch 200, Aver_Loss: 127.62
Epoch 35/200, Batch 300, Aver_Loss: 121.81
Epoch 35/200, Batch 400, Aver_Loss: 127.39
Epoch 36/200, Batch 100, Aver_Loss: 127.56
Epoch 36/200, Batch 200, Aver_Loss: 129.23
Epoch 36/200, Batch 300, Aver_Loss: 126.03
Epoch 36/200, Batch 400, Aver_Loss: 125.81
Epoch 37/200, Batch 100, Aver_Loss: 125.08
Epoch 37/200, Batch 200, Aver_Loss: 126.17
Epoch 37/200, Batch 300, Aver_Loss: 133.03
Epoch 37/200, Batch 400, Aver_Loss: 126.75
Epoch 38/200, Batch 100, Aver_Loss: 125.19
Epoch 38/200, Batch 200, Aver_Loss: 122.41
Epoch 38/200, Batch 300, Aver_Loss: 123.00
Epoch 38/200, Batch 400, Aver_Loss: 131.43
Epoch 39/200, Batch 100, Aver_Loss: 123.72
Epoch 39/200, Batch 200, Aver_Loss: 127.33
Epoch 39/200, Batch 300, Aver_Loss: 128.26
Epoch 39/200, Batch 400, Aver_Loss: 127.92
Epoch 40/200, Batch 100, Aver_Loss: 124.87
Epoch 40/200, Batch 200, Aver_Loss: 122.78
Epoch 40/200, Batch 300, Aver_Loss: 122.98
Epoch 40/200, Batch 400, Aver_Loss: 132.03
Epoch 41/200, Batch 100, Aver_Loss: 127.77
Epoch 41/200, Batch 200, Aver_Loss: 123.00
Epoch 41/200, Batch 300, Aver_Loss: 127.62
Epoch 41/200, Batch 400, Aver_Loss: 124.68
Epoch 42/200, Batch 100, Aver_Loss: 123.95
Epoch 42/200, Batch 200, Aver_Loss: 121.13
Epoch 42/200, Batch 300, Aver_Loss: 127.29
Epoch 42/200, Batch 400, Aver_Loss: 123.16
Epoch 43/200, Batch 100, Aver_Loss: 126.77
Epoch 43/200, Batch 200, Aver_Loss: 123.91
Epoch 43/200, Batch 300, Aver_Loss: 129.86
Epoch 43/200, Batch 400, Aver_Loss: 120.68
Epoch 44/200, Batch 100, Aver_Loss: 127.06
Epoch 44/200, Batch 200, Aver_Loss: 122.96
Epoch 44/200, Batch 300, Aver_Loss: 127.40
Epoch 44/200, Batch 400, Aver_Loss: 125.70
Epoch 45/200, Batch 100, Aver_Loss: 126.26
Epoch 45/200, Batch 200, Aver_Loss: 126.47
Epoch 45/200, Batch 300, Aver_Loss: 129.06
Epoch 45/200, Batch 400, Aver_Loss: 124.94
Epoch 46/200, Batch 100, Aver_Loss: 128.20
Epoch 46/200, Batch 200, Aver_Loss: 126.38
Epoch 46/200, Batch 300, Aver_Loss: 126.59
Epoch 46/200, Batch 400, Aver_Loss: 128.21
Epoch 47/200, Batch 100, Aver_Loss: 126.13
Epoch 47/200, Batch 200, Aver_Loss: 127.15
Epoch 47/200, Batch 300, Aver_Loss: 121.96
Epoch 47/200, Batch 400, Aver_Loss: 126.93
Epoch 48/200, Batch 100, Aver_Loss: 124.13
Epoch 48/200, Batch 200, Aver_Loss: 126.70
Epoch 48/200, Batch 300, Aver_Loss: 125.85
Epoch 48/200, Batch 400, Aver_Loss: 125.29
Epoch 49/200, Batch 100, Aver_Loss: 119.87
Epoch 49/200, Batch 200, Aver_Loss: 122.68
Epoch 49/200, Batch 300, Aver_Loss: 124.44
Epoch 49/200, Batch 400, Aver_Loss: 127.71
Epoch 50/200, Batch 100, Aver_Loss: 124.59
Epoch 50/200, Batch 200, Aver_Loss: 126.43
Epoch 50/200, Batch 300, Aver_Loss: 123.82
Epoch 50/200, Batch 400, Aver_Loss: 122.95
Epoch 51/200, Batch 100, Aver_Loss: 124.08
Epoch 51/200, Batch 200, Aver_Loss: 126.98
Epoch 51/200, Batch 300, Aver_Loss: 125.73
Epoch 51/200, Batch 400, Aver_Loss: 128.68
Epoch 52/200, Batch 100, Aver_Loss: 119.24
Epoch 52/200, Batch 200, Aver_Loss: 123.30
Epoch 52/200, Batch 300, Aver_Loss: 126.28
Epoch 52/200, Batch 400, Aver_Loss: 128.07
Epoch 53/200, Batch 100, Aver_Loss: 128.17
Epoch 53/200, Batch 200, Aver_Loss: 128.31
Epoch 53/200, Batch 300, Aver_Loss: 124.91
Epoch 53/200, Batch 400, Aver_Loss: 132.75
Epoch 54/200, Batch 100, Aver_Loss: 126.02
Epoch 54/200, Batch 200, Aver_Loss: 122.39
Epoch 54/200, Batch 300, Aver_Loss: 124.56
Epoch 54/200, Batch 400, Aver_Loss: 121.72
Epoch 55/200, Batch 100, Aver_Loss: 129.01
Epoch 55/200, Batch 200, Aver_Loss: 123.74
Epoch 55/200, Batch 300, Aver_Loss: 121.73
Epoch 55/200, Batch 400, Aver_Loss: 127.11
Epoch 56/200, Batch 100, Aver_Loss: 122.79
Epoch 56/200, Batch 200, Aver_Loss: 127.03
Epoch 56/200, Batch 300, Aver_Loss: 122.46
Epoch 56/200, Batch 400, Aver_Loss: 126.72
Epoch 57/200, Batch 100, Aver_Loss: 125.10
Epoch 57/200, Batch 200, Aver_Loss: 125.21
Epoch 57/200, Batch 300, Aver_Loss: 120.77
Epoch 57/200, Batch 400, Aver_Loss: 124.74
Epoch 58/200, Batch 100, Aver_Loss: 130.42
Epoch 58/200, Batch 200, Aver_Loss: 120.91
Epoch 58/200, Batch 300, Aver_Loss: 125.77
Epoch 58/200, Batch 400, Aver_Loss: 126.26
Epoch 59/200, Batch 100, Aver_Loss: 126.66
Epoch 59/200, Batch 200, Aver_Loss: 117.05
Epoch 59/200, Batch 300, Aver_Loss: 124.67
Epoch 59/200, Batch 400, Aver_Loss: 122.68
Epoch 60/200, Batch 100, Aver_Loss: 128.15
Epoch 60/200, Batch 200, Aver_Loss: 124.77
Epoch 60/200, Batch 300, Aver_Loss: 124.12
Epoch 60/200, Batch 400, Aver_Loss: 128.25
Epoch 61/200, Batch 100, Aver_Loss: 128.37
Epoch 61/200, Batch 200, Aver_Loss: 125.47
Epoch 61/200, Batch 300, Aver_Loss: 124.90
Epoch 61/200, Batch 400, Aver_Loss: 124.72
Epoch 62/200, Batch 100, Aver_Loss: 122.89
Epoch 62/200, Batch 200, Aver_Loss: 123.01
Epoch 62/200, Batch 300, Aver_Loss: 126.19
Epoch 62/200, Batch 400, Aver_Loss: 129.06
Epoch 63/200, Batch 100, Aver_Loss: 120.40
Epoch 63/200, Batch 200, Aver_Loss: 128.69
Epoch 63/200, Batch 300, Aver_Loss: 124.89
Epoch 63/200, Batch 400, Aver_Loss: 124.90
Epoch 64/200, Batch 100, Aver_Loss: 123.69
Epoch 64/200, Batch 200, Aver_Loss: 127.75
Epoch 64/200, Batch 300, Aver_Loss: 127.59
Epoch 64/200, Batch 400, Aver_Loss: 126.21
Epoch 65/200, Batch 100, Aver_Loss: 126.22
Epoch 65/200, Batch 200, Aver_Loss: 125.61
Epoch 65/200, Batch 300, Aver_Loss: 128.37
Epoch 65/200, Batch 400, Aver_Loss: 121.53
Epoch 66/200, Batch 100, Aver_Loss: 126.44
Epoch 66/200, Batch 200, Aver_Loss: 124.95
Epoch 66/200, Batch 300, Aver_Loss: 125.22
Epoch 66/200, Batch 400, Aver_Loss: 125.59
Epoch 67/200, Batch 100, Aver_Loss: 127.40
Epoch 67/200, Batch 200, Aver_Loss: 125.15
Epoch 67/200, Batch 300, Aver_Loss: 125.52
Epoch 67/200, Batch 400, Aver_Loss: 131.65
Epoch 68/200, Batch 100, Aver_Loss: 120.88
Epoch 68/200, Batch 200, Aver_Loss: 122.96
Epoch 68/200, Batch 300, Aver_Loss: 127.61
Epoch 68/200, Batch 400, Aver_Loss: 123.93
Epoch 69/200, Batch 100, Aver_Loss: 126.29
Epoch 69/200, Batch 200, Aver_Loss: 129.21
Epoch 69/200, Batch 300, Aver_Loss: 126.69
Epoch 69/200, Batch 400, Aver_Loss: 122.94
Epoch 70/200, Batch 100, Aver_Loss: 123.25
Epoch 70/200, Batch 200, Aver_Loss: 125.64
Epoch 70/200, Batch 300, Aver_Loss: 123.28
Epoch 70/200, Batch 400, Aver_Loss: 123.78
Epoch 71/200, Batch 100, Aver_Loss: 122.19
Epoch 71/200, Batch 200, Aver_Loss: 129.11
Epoch 71/200, Batch 300, Aver_Loss: 124.87
Epoch 71/200, Batch 400, Aver_Loss: 125.04
Epoch 72/200, Batch 100, Aver_Loss: 123.17
Epoch 72/200, Batch 200, Aver_Loss: 129.40
Epoch 72/200, Batch 300, Aver_Loss: 123.94
Epoch 72/200, Batch 400, Aver_Loss: 121.46
Epoch 73/200, Batch 100, Aver_Loss: 125.53
Epoch 73/200, Batch 200, Aver_Loss: 129.77
Epoch 73/200, Batch 300, Aver_Loss: 128.91
Epoch 73/200, Batch 400, Aver_Loss: 122.66
Epoch 74/200, Batch 100, Aver_Loss: 129.03
Epoch 74/200, Batch 200, Aver_Loss: 127.37
Epoch 74/200, Batch 300, Aver_Loss: 126.30
Epoch 74/200, Batch 400, Aver_Loss: 124.96
Epoch 75/200, Batch 100, Aver_Loss: 125.58
Epoch 75/200, Batch 200, Aver_Loss: 123.90
Epoch 75/200, Batch 300, Aver_Loss: 124.99
Epoch 75/200, Batch 400, Aver_Loss: 121.61
Epoch 76/200, Batch 100, Aver_Loss: 123.46
Epoch 76/200, Batch 200, Aver_Loss: 124.26
Epoch 76/200, Batch 300, Aver_Loss: 125.97
Epoch 76/200, Batch 400, Aver_Loss: 122.45
Epoch 77/200, Batch 100, Aver_Loss: 128.03
Epoch 77/200, Batch 200, Aver_Loss: 127.06
Epoch 77/200, Batch 300, Aver_Loss: 124.39
Epoch 77/200, Batch 400, Aver_Loss: 119.04
Epoch 78/200, Batch 100, Aver_Loss: 121.31
Epoch 78/200, Batch 200, Aver_Loss: 125.20
Epoch 78/200, Batch 300, Aver_Loss: 127.24
Epoch 78/200, Batch 400, Aver_Loss: 126.15
Epoch 79/200, Batch 100, Aver_Loss: 125.52
Epoch 79/200, Batch 200, Aver_Loss: 122.70
Epoch 79/200, Batch 300, Aver_Loss: 123.83
Epoch 79/200, Batch 400, Aver_Loss: 125.89
Epoch 80/200, Batch 100, Aver_Loss: 126.41
Epoch 80/200, Batch 200, Aver_Loss: 125.69
Epoch 80/200, Batch 300, Aver_Loss: 125.72
Epoch 80/200, Batch 400, Aver_Loss: 126.95
Epoch 81/200, Batch 100, Aver_Loss: 128.53
Epoch 81/200, Batch 200, Aver_Loss: 123.61
Epoch 81/200, Batch 300, Aver_Loss: 124.68
Epoch 81/200, Batch 400, Aver_Loss: 127.71
Epoch 82/200, Batch 100, Aver_Loss: 128.39
Epoch 82/200, Batch 200, Aver_Loss: 124.65
Epoch 82/200, Batch 300, Aver_Loss: 123.31
Epoch 82/200, Batch 400, Aver_Loss: 127.89
Epoch 83/200, Batch 100, Aver_Loss: 123.73
Epoch 83/200, Batch 200, Aver_Loss: 125.98
Epoch 83/200, Batch 300, Aver_Loss: 125.35
Epoch 83/200, Batch 400, Aver_Loss: 124.40
Epoch 84/200, Batch 100, Aver_Loss: 132.43
Epoch 84/200, Batch 200, Aver_Loss: 119.45
Epoch 84/200, Batch 300, Aver_Loss: 125.56
Epoch 84/200, Batch 400, Aver_Loss: 124.64
Epoch 85/200, Batch 100, Aver_Loss: 125.70
Epoch 85/200, Batch 200, Aver_Loss: 123.95
Epoch 85/200, Batch 300, Aver_Loss: 126.49
Epoch 85/200, Batch 400, Aver_Loss: 126.73
Epoch 86/200, Batch 100, Aver_Loss: 123.99
Epoch 86/200, Batch 200, Aver_Loss: 127.01
Epoch 86/200, Batch 300, Aver_Loss: 124.58
Epoch 86/200, Batch 400, Aver_Loss: 126.98
Epoch 87/200, Batch 100, Aver_Loss: 121.66
Epoch 87/200, Batch 200, Aver_Loss: 124.22
Epoch 87/200, Batch 300, Aver_Loss: 122.02
Epoch 87/200, Batch 400, Aver_Loss: 124.65
Epoch 88/200, Batch 100, Aver_Loss: 122.63
Epoch 88/200, Batch 200, Aver_Loss: 122.40
Epoch 88/200, Batch 300, Aver_Loss: 125.85
Epoch 88/200, Batch 400, Aver_Loss: 128.17
Epoch 89/200, Batch 100, Aver_Loss: 120.98
Epoch 89/200, Batch 200, Aver_Loss: 122.27
Epoch 89/200, Batch 300, Aver_Loss: 123.33
Epoch 89/200, Batch 400, Aver_Loss: 124.40
Epoch 90/200, Batch 100, Aver_Loss: 129.80
Epoch 90/200, Batch 200, Aver_Loss: 124.15
Epoch 90/200, Batch 300, Aver_Loss: 124.46
Epoch 90/200, Batch 400, Aver_Loss: 126.17
Epoch 91/200, Batch 100, Aver_Loss: 122.59
Epoch 91/200, Batch 200, Aver_Loss: 122.68
Epoch 91/200, Batch 300, Aver_Loss: 123.53
Epoch 91/200, Batch 400, Aver_Loss: 122.45
Epoch 92/200, Batch 100, Aver_Loss: 127.05
Epoch 92/200, Batch 200, Aver_Loss: 123.07
Epoch 92/200, Batch 300, Aver_Loss: 128.57
Epoch 92/200, Batch 400, Aver_Loss: 128.86
Epoch 93/200, Batch 100, Aver_Loss: 121.53
Epoch 93/200, Batch 200, Aver_Loss: 122.75
Epoch 93/200, Batch 300, Aver_Loss: 121.41
Epoch 93/200, Batch 400, Aver_Loss: 123.67
Epoch 94/200, Batch 100, Aver_Loss: 125.79
Epoch 94/200, Batch 200, Aver_Loss: 127.45
Epoch 94/200, Batch 300, Aver_Loss: 121.33
Epoch 94/200, Batch 400, Aver_Loss: 119.53
Epoch 95/200, Batch 100, Aver_Loss: 124.80
Epoch 95/200, Batch 200, Aver_Loss: 125.81
Epoch 95/200, Batch 300, Aver_Loss: 121.88
Epoch 95/200, Batch 400, Aver_Loss: 123.76
Epoch 96/200, Batch 100, Aver_Loss: 124.21
Epoch 96/200, Batch 200, Aver_Loss: 122.60
Epoch 96/200, Batch 300, Aver_Loss: 123.59
Epoch 96/200, Batch 400, Aver_Loss: 125.19
Epoch 97/200, Batch 100, Aver_Loss: 120.15
Epoch 97/200, Batch 200, Aver_Loss: 124.47
Epoch 97/200, Batch 300, Aver_Loss: 123.88
Epoch 97/200, Batch 400, Aver_Loss: 125.45
Epoch 98/200, Batch 100, Aver_Loss: 125.78
Epoch 98/200, Batch 200, Aver_Loss: 120.44
Epoch 98/200, Batch 300, Aver_Loss: 126.50
Epoch 98/200, Batch 400, Aver_Loss: 124.57
Epoch 99/200, Batch 100, Aver_Loss: 128.82
Epoch 99/200, Batch 200, Aver_Loss: 123.19
Epoch 99/200, Batch 300, Aver_Loss: 127.07
Epoch 99/200, Batch 400, Aver_Loss: 127.11
Epoch 100/200, Batch 100, Aver_Loss: 121.53
Epoch 100/200, Batch 200, Aver_Loss: 124.61
Epoch 100/200, Batch 300, Aver_Loss: 124.28
Epoch 100/200, Batch 400, Aver_Loss: 127.67
Epoch 101/200, Batch 100, Aver_Loss: 125.50
Epoch 101/200, Batch 200, Aver_Loss: 125.76
Epoch 101/200, Batch 300, Aver_Loss: 129.04
Epoch 101/200, Batch 400, Aver_Loss: 123.16
Epoch 102/200, Batch 100, Aver_Loss: 128.56
Epoch 102/200, Batch 200, Aver_Loss: 126.33
Epoch 102/200, Batch 300, Aver_Loss: 125.08
Epoch 102/200, Batch 400, Aver_Loss: 125.74
Epoch 103/200, Batch 100, Aver_Loss: 123.98
Epoch 103/200, Batch 200, Aver_Loss: 124.26
Epoch 103/200, Batch 300, Aver_Loss: 120.98
Epoch 103/200, Batch 400, Aver_Loss: 130.71
Epoch 104/200, Batch 100, Aver_Loss: 121.24
Epoch 104/200, Batch 200, Aver_Loss: 123.83
Epoch 104/200, Batch 300, Aver_Loss: 121.75
Epoch 104/200, Batch 400, Aver_Loss: 131.11
Epoch 105/200, Batch 100, Aver_Loss: 119.30
Epoch 105/200, Batch 200, Aver_Loss: 123.61
Epoch 105/200, Batch 300, Aver_Loss: 124.44
Epoch 105/200, Batch 400, Aver_Loss: 124.95
Epoch 106/200, Batch 100, Aver_Loss: 127.90
Epoch 106/200, Batch 200, Aver_Loss: 124.22
Epoch 106/200, Batch 300, Aver_Loss: 124.02
Epoch 106/200, Batch 400, Aver_Loss: 123.60
Epoch 107/200, Batch 100, Aver_Loss: 124.99
Epoch 107/200, Batch 200, Aver_Loss: 123.38
Epoch 107/200, Batch 300, Aver_Loss: 125.45
Epoch 107/200, Batch 400, Aver_Loss: 128.58
Epoch 108/200, Batch 100, Aver_Loss: 119.72
Epoch 108/200, Batch 200, Aver_Loss: 125.49
Epoch 108/200, Batch 300, Aver_Loss: 123.73
Epoch 108/200, Batch 400, Aver_Loss: 127.66
Epoch 109/200, Batch 100, Aver_Loss: 126.53
Epoch 109/200, Batch 200, Aver_Loss: 129.90
Epoch 109/200, Batch 300, Aver_Loss: 123.03
Epoch 109/200, Batch 400, Aver_Loss: 124.24
Epoch 110/200, Batch 100, Aver_Loss: 122.60
Epoch 110/200, Batch 200, Aver_Loss: 119.78
Epoch 110/200, Batch 300, Aver_Loss: 123.20
Epoch 110/200, Batch 400, Aver_Loss: 128.00
Epoch 111/200, Batch 100, Aver_Loss: 125.87
Epoch 111/200, Batch 200, Aver_Loss: 126.14
Epoch 111/200, Batch 300, Aver_Loss: 123.99
Epoch 111/200, Batch 400, Aver_Loss: 128.47
Epoch 112/200, Batch 100, Aver_Loss: 123.55
Epoch 112/200, Batch 200, Aver_Loss: 122.56
Epoch 112/200, Batch 300, Aver_Loss: 123.78
Epoch 112/200, Batch 400, Aver_Loss: 124.57
Epoch 113/200, Batch 100, Aver_Loss: 121.70
Epoch 113/200, Batch 200, Aver_Loss: 124.34
Epoch 113/200, Batch 300, Aver_Loss: 127.99
Epoch 113/200, Batch 400, Aver_Loss: 127.11
Epoch 114/200, Batch 100, Aver_Loss: 126.71
Epoch 114/200, Batch 200, Aver_Loss: 128.48
Epoch 114/200, Batch 300, Aver_Loss: 125.68
Epoch 114/200, Batch 400, Aver_Loss: 125.22
Epoch 115/200, Batch 100, Aver_Loss: 128.57
Epoch 115/200, Batch 200, Aver_Loss: 123.58
Epoch 115/200, Batch 300, Aver_Loss: 124.45
Epoch 115/200, Batch 400, Aver_Loss: 130.77
Epoch 116/200, Batch 100, Aver_Loss: 120.90
Epoch 116/200, Batch 200, Aver_Loss: 122.75
Epoch 116/200, Batch 300, Aver_Loss: 130.79
Epoch 116/200, Batch 400, Aver_Loss: 124.16
Epoch 117/200, Batch 100, Aver_Loss: 122.70
Epoch 117/200, Batch 200, Aver_Loss: 122.23
Epoch 117/200, Batch 300, Aver_Loss: 121.46
Epoch 117/200, Batch 400, Aver_Loss: 122.50
Epoch 118/200, Batch 100, Aver_Loss: 118.86
Epoch 118/200, Batch 200, Aver_Loss: 121.46
Epoch 118/200, Batch 300, Aver_Loss: 120.53
Epoch 118/200, Batch 400, Aver_Loss: 126.50
Epoch 119/200, Batch 100, Aver_Loss: 127.14
Epoch 119/200, Batch 200, Aver_Loss: 124.75
Epoch 119/200, Batch 300, Aver_Loss: 125.00
Epoch 119/200, Batch 400, Aver_Loss: 128.45
Epoch 120/200, Batch 100, Aver_Loss: 122.66
Epoch 120/200, Batch 200, Aver_Loss: 129.87
Epoch 120/200, Batch 300, Aver_Loss: 123.84
Epoch 120/200, Batch 400, Aver_Loss: 127.98
Epoch 121/200, Batch 100, Aver_Loss: 119.49
Epoch 121/200, Batch 200, Aver_Loss: 124.78
Epoch 121/200, Batch 300, Aver_Loss: 120.97
Epoch 121/200, Batch 400, Aver_Loss: 124.04
Epoch 122/200, Batch 100, Aver_Loss: 124.39
Epoch 122/200, Batch 200, Aver_Loss: 123.63
Epoch 122/200, Batch 300, Aver_Loss: 116.17
Epoch 122/200, Batch 400, Aver_Loss: 125.24
Epoch 123/200, Batch 100, Aver_Loss: 128.36
Epoch 123/200, Batch 200, Aver_Loss: 124.58
Epoch 123/200, Batch 300, Aver_Loss: 126.02
Epoch 123/200, Batch 400, Aver_Loss: 121.49
Epoch 124/200, Batch 100, Aver_Loss: 126.42
Epoch 124/200, Batch 200, Aver_Loss: 124.31
Epoch 124/200, Batch 300, Aver_Loss: 124.15
Epoch 124/200, Batch 400, Aver_Loss: 122.70
Epoch 125/200, Batch 100, Aver_Loss: 121.25
Epoch 125/200, Batch 200, Aver_Loss: 124.50
Epoch 125/200, Batch 300, Aver_Loss: 125.80
Epoch 125/200, Batch 400, Aver_Loss: 125.16
Epoch 126/200, Batch 100, Aver_Loss: 125.83
Epoch 126/200, Batch 200, Aver_Loss: 123.14
Epoch 126/200, Batch 300, Aver_Loss: 127.32
Epoch 126/200, Batch 400, Aver_Loss: 124.05
Epoch 127/200, Batch 100, Aver_Loss: 121.25
Epoch 127/200, Batch 200, Aver_Loss: 129.08
Epoch 127/200, Batch 300, Aver_Loss: 127.40
Epoch 127/200, Batch 400, Aver_Loss: 123.64
Epoch 128/200, Batch 100, Aver_Loss: 123.13
Epoch 128/200, Batch 200, Aver_Loss: 126.77
Epoch 128/200, Batch 300, Aver_Loss: 123.28
Epoch 128/200, Batch 400, Aver_Loss: 122.39
Epoch 129/200, Batch 100, Aver_Loss: 123.44
Epoch 129/200, Batch 200, Aver_Loss: 122.68
Epoch 129/200, Batch 300, Aver_Loss: 123.13
Epoch 129/200, Batch 400, Aver_Loss: 126.21
Epoch 130/200, Batch 100, Aver_Loss: 123.57
Epoch 130/200, Batch 200, Aver_Loss: 125.99
Epoch 130/200, Batch 300, Aver_Loss: 126.88
Epoch 130/200, Batch 400, Aver_Loss: 123.03
Epoch 131/200, Batch 100, Aver_Loss: 126.65
Epoch 131/200, Batch 200, Aver_Loss: 123.88
Epoch 131/200, Batch 300, Aver_Loss: 123.28
Epoch 131/200, Batch 400, Aver_Loss: 125.83
Epoch 132/200, Batch 100, Aver_Loss: 128.92
Epoch 132/200, Batch 200, Aver_Loss: 122.48
Epoch 132/200, Batch 300, Aver_Loss: 120.61
Epoch 132/200, Batch 400, Aver_Loss: 127.62
Epoch 133/200, Batch 100, Aver_Loss: 124.86
Epoch 133/200, Batch 200, Aver_Loss: 126.62
Epoch 133/200, Batch 300, Aver_Loss: 122.94
Epoch 133/200, Batch 400, Aver_Loss: 121.66
Epoch 134/200, Batch 100, Aver_Loss: 123.29
Epoch 134/200, Batch 200, Aver_Loss: 116.85
Epoch 134/200, Batch 300, Aver_Loss: 127.73
Epoch 134/200, Batch 400, Aver_Loss: 119.92
Epoch 135/200, Batch 100, Aver_Loss: 126.38
Epoch 135/200, Batch 200, Aver_Loss: 123.97
Epoch 135/200, Batch 300, Aver_Loss: 123.49
Epoch 135/200, Batch 400, Aver_Loss: 125.37
Epoch 136/200, Batch 100, Aver_Loss: 127.61
Epoch 136/200, Batch 200, Aver_Loss: 122.92
Epoch 136/200, Batch 300, Aver_Loss: 127.22
Epoch 136/200, Batch 400, Aver_Loss: 118.76
Epoch 137/200, Batch 100, Aver_Loss: 125.67
Epoch 137/200, Batch 200, Aver_Loss: 122.60
Epoch 137/200, Batch 300, Aver_Loss: 128.63
Epoch 137/200, Batch 400, Aver_Loss: 125.69
Epoch 138/200, Batch 100, Aver_Loss: 126.78
Epoch 138/200, Batch 200, Aver_Loss: 127.83
Epoch 138/200, Batch 300, Aver_Loss: 123.50
Epoch 138/200, Batch 400, Aver_Loss: 126.15
Epoch 139/200, Batch 100, Aver_Loss: 122.55
Epoch 139/200, Batch 200, Aver_Loss: 128.19
Epoch 139/200, Batch 300, Aver_Loss: 125.70
Epoch 139/200, Batch 400, Aver_Loss: 122.37
Epoch 140/200, Batch 100, Aver_Loss: 123.57
Epoch 140/200, Batch 200, Aver_Loss: 123.54
Epoch 140/200, Batch 300, Aver_Loss: 127.53
Epoch 140/200, Batch 400, Aver_Loss: 127.37
Epoch 141/200, Batch 100, Aver_Loss: 124.42
Epoch 141/200, Batch 200, Aver_Loss: 126.66
Epoch 141/200, Batch 300, Aver_Loss: 123.50
Epoch 141/200, Batch 400, Aver_Loss: 126.24
Epoch 142/200, Batch 100, Aver_Loss: 123.65
Epoch 142/200, Batch 200, Aver_Loss: 123.17
Epoch 142/200, Batch 300, Aver_Loss: 124.68
Epoch 142/200, Batch 400, Aver_Loss: 124.17
Epoch 143/200, Batch 100, Aver_Loss: 124.51
Epoch 143/200, Batch 200, Aver_Loss: 123.53
Epoch 143/200, Batch 300, Aver_Loss: 124.85
Epoch 143/200, Batch 400, Aver_Loss: 127.33
Epoch 144/200, Batch 100, Aver_Loss: 120.87
Epoch 144/200, Batch 200, Aver_Loss: 124.34
Epoch 144/200, Batch 300, Aver_Loss: 124.67
Epoch 144/200, Batch 400, Aver_Loss: 125.36
Epoch 145/200, Batch 100, Aver_Loss: 121.52
Epoch 145/200, Batch 200, Aver_Loss: 125.12
Epoch 145/200, Batch 300, Aver_Loss: 125.95
Epoch 145/200, Batch 400, Aver_Loss: 123.63
Epoch 146/200, Batch 100, Aver_Loss: 125.80
Epoch 146/200, Batch 200, Aver_Loss: 124.44
Epoch 146/200, Batch 300, Aver_Loss: 124.67
Epoch 146/200, Batch 400, Aver_Loss: 119.50
Epoch 147/200, Batch 100, Aver_Loss: 128.99
Epoch 147/200, Batch 200, Aver_Loss: 124.01
Epoch 147/200, Batch 300, Aver_Loss: 122.47
Epoch 147/200, Batch 400, Aver_Loss: 124.25
Epoch 148/200, Batch 100, Aver_Loss: 126.08
Epoch 148/200, Batch 200, Aver_Loss: 125.44
Epoch 148/200, Batch 300, Aver_Loss: 123.23
Epoch 148/200, Batch 400, Aver_Loss: 124.49
Epoch 149/200, Batch 100, Aver_Loss: 122.36
Epoch 149/200, Batch 200, Aver_Loss: 125.48
Epoch 149/200, Batch 300, Aver_Loss: 120.97
Epoch 149/200, Batch 400, Aver_Loss: 127.26
Epoch 150/200, Batch 100, Aver_Loss: 118.73
Epoch 150/200, Batch 200, Aver_Loss: 122.36
Epoch 150/200, Batch 300, Aver_Loss: 123.46
Epoch 150/200, Batch 400, Aver_Loss: 123.28
Epoch 151/200, Batch 100, Aver_Loss: 127.60
Epoch 151/200, Batch 200, Aver_Loss: 125.19
Epoch 151/200, Batch 300, Aver_Loss: 124.61
Epoch 151/200, Batch 400, Aver_Loss: 123.07
Epoch 152/200, Batch 100, Aver_Loss: 129.05
Epoch 152/200, Batch 200, Aver_Loss: 126.15
Epoch 152/200, Batch 300, Aver_Loss: 123.80
Epoch 152/200, Batch 400, Aver_Loss: 124.86
Epoch 153/200, Batch 100, Aver_Loss: 123.07
Epoch 153/200, Batch 200, Aver_Loss: 129.42
Epoch 153/200, Batch 300, Aver_Loss: 122.72
Epoch 153/200, Batch 400, Aver_Loss: 127.00
Epoch 154/200, Batch 100, Aver_Loss: 124.22
Epoch 154/200, Batch 200, Aver_Loss: 123.22
Epoch 154/200, Batch 300, Aver_Loss: 124.15
Epoch 154/200, Batch 400, Aver_Loss: 119.63
Epoch 155/200, Batch 100, Aver_Loss: 123.88
Epoch 155/200, Batch 200, Aver_Loss: 125.17
Epoch 155/200, Batch 300, Aver_Loss: 128.11
Epoch 155/200, Batch 400, Aver_Loss: 123.77
Epoch 156/200, Batch 100, Aver_Loss: 126.45
Epoch 156/200, Batch 200, Aver_Loss: 128.15
Epoch 156/200, Batch 300, Aver_Loss: 127.05
Epoch 156/200, Batch 400, Aver_Loss: 128.75
Epoch 157/200, Batch 100, Aver_Loss: 123.19
Epoch 157/200, Batch 200, Aver_Loss: 121.50
Epoch 157/200, Batch 300, Aver_Loss: 126.39
Epoch 157/200, Batch 400, Aver_Loss: 123.26
Epoch 158/200, Batch 100, Aver_Loss: 124.35
Epoch 158/200, Batch 200, Aver_Loss: 123.55
Epoch 158/200, Batch 300, Aver_Loss: 125.33
Epoch 158/200, Batch 400, Aver_Loss: 127.50
Epoch 159/200, Batch 100, Aver_Loss: 124.76
Epoch 159/200, Batch 200, Aver_Loss: 126.25
Epoch 159/200, Batch 300, Aver_Loss: 121.20
Epoch 159/200, Batch 400, Aver_Loss: 123.15
Epoch 160/200, Batch 100, Aver_Loss: 126.34
Epoch 160/200, Batch 200, Aver_Loss: 121.28
Epoch 160/200, Batch 300, Aver_Loss: 124.67
Epoch 160/200, Batch 400, Aver_Loss: 125.37
Epoch 161/200, Batch 100, Aver_Loss: 123.77
Epoch 161/200, Batch 200, Aver_Loss: 124.34
Epoch 161/200, Batch 300, Aver_Loss: 128.19
Epoch 161/200, Batch 400, Aver_Loss: 121.41
Epoch 162/200, Batch 100, Aver_Loss: 128.22
Epoch 162/200, Batch 200, Aver_Loss: 128.70
Epoch 162/200, Batch 300, Aver_Loss: 127.82
Epoch 162/200, Batch 400, Aver_Loss: 126.89
Epoch 163/200, Batch 100, Aver_Loss: 124.44
Epoch 163/200, Batch 200, Aver_Loss: 124.38
Epoch 163/200, Batch 300, Aver_Loss: 121.80
Epoch 163/200, Batch 400, Aver_Loss: 123.92
Epoch 164/200, Batch 100, Aver_Loss: 121.59
Epoch 164/200, Batch 200, Aver_Loss: 127.71
Epoch 164/200, Batch 300, Aver_Loss: 123.66
Epoch 164/200, Batch 400, Aver_Loss: 124.69
Epoch 165/200, Batch 100, Aver_Loss: 124.73
Epoch 165/200, Batch 200, Aver_Loss: 127.07
Epoch 165/200, Batch 300, Aver_Loss: 124.16
Epoch 165/200, Batch 400, Aver_Loss: 124.16
Epoch 166/200, Batch 100, Aver_Loss: 129.55
Epoch 166/200, Batch 200, Aver_Loss: 124.61
Epoch 166/200, Batch 300, Aver_Loss: 124.47
Epoch 166/200, Batch 400, Aver_Loss: 123.49
Epoch 167/200, Batch 100, Aver_Loss: 127.49
Epoch 167/200, Batch 200, Aver_Loss: 126.61
Epoch 167/200, Batch 300, Aver_Loss: 123.92
Epoch 167/200, Batch 400, Aver_Loss: 123.86
Epoch 168/200, Batch 100, Aver_Loss: 123.72
Epoch 168/200, Batch 200, Aver_Loss: 124.05
Epoch 168/200, Batch 300, Aver_Loss: 122.22
Epoch 168/200, Batch 400, Aver_Loss: 122.91
Epoch 169/200, Batch 100, Aver_Loss: 122.79
Epoch 169/200, Batch 200, Aver_Loss: 122.06
Epoch 169/200, Batch 300, Aver_Loss: 124.30
Epoch 169/200, Batch 400, Aver_Loss: 122.68
Epoch 170/200, Batch 100, Aver_Loss: 121.76
Epoch 170/200, Batch 200, Aver_Loss: 124.01
Epoch 170/200, Batch 300, Aver_Loss: 121.82
Epoch 170/200, Batch 400, Aver_Loss: 126.11
Epoch 171/200, Batch 100, Aver_Loss: 118.71
Epoch 171/200, Batch 200, Aver_Loss: 126.69
Epoch 171/200, Batch 300, Aver_Loss: 127.96
Epoch 171/200, Batch 400, Aver_Loss: 127.27
Epoch 172/200, Batch 100, Aver_Loss: 118.40
Epoch 172/200, Batch 200, Aver_Loss: 127.89
Epoch 172/200, Batch 300, Aver_Loss: 130.06
Epoch 172/200, Batch 400, Aver_Loss: 125.15
Epoch 173/200, Batch 100, Aver_Loss: 125.49
Epoch 173/200, Batch 200, Aver_Loss: 120.97
Epoch 173/200, Batch 300, Aver_Loss: 123.57
Epoch 173/200, Batch 400, Aver_Loss: 125.63
Epoch 174/200, Batch 100, Aver_Loss: 122.86
Epoch 174/200, Batch 200, Aver_Loss: 120.61
Epoch 174/200, Batch 300, Aver_Loss: 123.61
Epoch 174/200, Batch 400, Aver_Loss: 125.14
Epoch 175/200, Batch 100, Aver_Loss: 129.48
Epoch 175/200, Batch 200, Aver_Loss: 126.90
Epoch 175/200, Batch 300, Aver_Loss: 126.23
Epoch 175/200, Batch 400, Aver_Loss: 119.42
Epoch 176/200, Batch 100, Aver_Loss: 124.14
Epoch 176/200, Batch 200, Aver_Loss: 127.12
Epoch 176/200, Batch 300, Aver_Loss: 120.92
Epoch 176/200, Batch 400, Aver_Loss: 123.56
Epoch 177/200, Batch 100, Aver_Loss: 123.90
Epoch 177/200, Batch 200, Aver_Loss: 120.65
Epoch 177/200, Batch 300, Aver_Loss: 127.58
Epoch 177/200, Batch 400, Aver_Loss: 124.84
Epoch 178/200, Batch 100, Aver_Loss: 115.78
Epoch 178/200, Batch 200, Aver_Loss: 118.84
Epoch 178/200, Batch 300, Aver_Loss: 131.93
Epoch 178/200, Batch 400, Aver_Loss: 124.01
Epoch 179/200, Batch 100, Aver_Loss: 122.83
Epoch 179/200, Batch 200, Aver_Loss: 124.46
Epoch 179/200, Batch 300, Aver_Loss: 127.34
Epoch 179/200, Batch 400, Aver_Loss: 122.14
Epoch 180/200, Batch 100, Aver_Loss: 122.44
Epoch 180/200, Batch 200, Aver_Loss: 125.20
Epoch 180/200, Batch 300, Aver_Loss: 124.82
Epoch 180/200, Batch 400, Aver_Loss: 126.99
Epoch 181/200, Batch 100, Aver_Loss: 127.27
Epoch 181/200, Batch 200, Aver_Loss: 121.29
Epoch 181/200, Batch 300, Aver_Loss: 120.77
Epoch 181/200, Batch 400, Aver_Loss: 120.44
Epoch 182/200, Batch 100, Aver_Loss: 125.53
Epoch 182/200, Batch 200, Aver_Loss: 122.35
Epoch 182/200, Batch 300, Aver_Loss: 123.27
Epoch 182/200, Batch 400, Aver_Loss: 123.04
Epoch 183/200, Batch 100, Aver_Loss: 122.41
Epoch 183/200, Batch 200, Aver_Loss: 121.39
Epoch 183/200, Batch 300, Aver_Loss: 124.05
Epoch 183/200, Batch 400, Aver_Loss: 122.03
Epoch 184/200, Batch 100, Aver_Loss: 124.48
Epoch 184/200, Batch 200, Aver_Loss: 124.11
Epoch 184/200, Batch 300, Aver_Loss: 129.77
Epoch 184/200, Batch 400, Aver_Loss: 122.38
Epoch 185/200, Batch 100, Aver_Loss: 124.32
Epoch 185/200, Batch 200, Aver_Loss: 126.95
Epoch 185/200, Batch 300, Aver_Loss: 121.73
Epoch 185/200, Batch 400, Aver_Loss: 123.79
Epoch 186/200, Batch 100, Aver_Loss: 124.50
Epoch 186/200, Batch 200, Aver_Loss: 124.56
Epoch 186/200, Batch 300, Aver_Loss: 116.62
Epoch 186/200, Batch 400, Aver_Loss: 121.99
Epoch 187/200, Batch 100, Aver_Loss: 122.80
Epoch 187/200, Batch 200, Aver_Loss: 129.04
Epoch 187/200, Batch 300, Aver_Loss: 120.54
Epoch 187/200, Batch 400, Aver_Loss: 123.90
Epoch 188/200, Batch 100, Aver_Loss: 121.97
Epoch 188/200, Batch 200, Aver_Loss: 120.37
Epoch 188/200, Batch 300, Aver_Loss: 126.21
Epoch 188/200, Batch 400, Aver_Loss: 123.24
Epoch 189/200, Batch 100, Aver_Loss: 120.19
Epoch 189/200, Batch 200, Aver_Loss: 120.52
Epoch 189/200, Batch 300, Aver_Loss: 122.32
Epoch 189/200, Batch 400, Aver_Loss: 125.55
Epoch 190/200, Batch 100, Aver_Loss: 123.19
Epoch 190/200, Batch 200, Aver_Loss: 129.85
Epoch 190/200, Batch 300, Aver_Loss: 123.61
Epoch 190/200, Batch 400, Aver_Loss: 123.48
Epoch 191/200, Batch 100, Aver_Loss: 123.94
Epoch 191/200, Batch 200, Aver_Loss: 126.29
Epoch 191/200, Batch 300, Aver_Loss: 123.76
Epoch 191/200, Batch 400, Aver_Loss: 127.17
Epoch 192/200, Batch 100, Aver_Loss: 125.83
Epoch 192/200, Batch 200, Aver_Loss: 122.29
Epoch 192/200, Batch 300, Aver_Loss: 125.60
Epoch 192/200, Batch 400, Aver_Loss: 123.80
Epoch 193/200, Batch 100, Aver_Loss: 128.24
Epoch 193/200, Batch 200, Aver_Loss: 122.01
Epoch 193/200, Batch 300, Aver_Loss: 125.55
Epoch 193/200, Batch 400, Aver_Loss: 127.01
Epoch 194/200, Batch 100, Aver_Loss: 125.16
Epoch 194/200, Batch 200, Aver_Loss: 125.82
Epoch 194/200, Batch 300, Aver_Loss: 119.81
Epoch 194/200, Batch 400, Aver_Loss: 123.11
Epoch 195/200, Batch 100, Aver_Loss: 123.49
Epoch 195/200, Batch 200, Aver_Loss: 125.71
Epoch 195/200, Batch 300, Aver_Loss: 126.78
Epoch 195/200, Batch 400, Aver_Loss: 124.04
Epoch 196/200, Batch 100, Aver_Loss: 121.37
Epoch 196/200, Batch 200, Aver_Loss: 119.26
Epoch 196/200, Batch 300, Aver_Loss: 124.57
Epoch 196/200, Batch 400, Aver_Loss: 124.21
Epoch 197/200, Batch 100, Aver_Loss: 122.94
Epoch 197/200, Batch 200, Aver_Loss: 126.06
Epoch 197/200, Batch 300, Aver_Loss: 124.99
Epoch 197/200, Batch 400, Aver_Loss: 116.13
Epoch 198/200, Batch 100, Aver_Loss: 123.82
Epoch 198/200, Batch 200, Aver_Loss: 124.37
Epoch 198/200, Batch 300, Aver_Loss: 124.54
Epoch 198/200, Batch 400, Aver_Loss: 129.66
Epoch 199/200, Batch 100, Aver_Loss: 122.11
Epoch 199/200, Batch 200, Aver_Loss: 122.42
Epoch 199/200, Batch 300, Aver_Loss: 123.54
Epoch 199/200, Batch 400, Aver_Loss: 121.58
Epoch 200/200, Batch 100, Aver_Loss: 121.64
Epoch 200/200, Batch 200, Aver_Loss: 119.18
Epoch 200/200, Batch 300, Aver_Loss: 120.16
Epoch 200/200, Batch 400, Aver_Loss: 121.95

==== Evaluation Summary ====
                 model: vae
   recon/mse_per_pixel: 0.013734
            elbo/train: -123.798919
             elbo/test: -125.328673
             mse/train: 0.013188
              mse/test: 0.013734
             probe/acc: 0.677016
             probe/nll: 0.988702
           probe/brier: 0.450467
             probe/ece: 0.080385
           cluster/nmi: 0.125089
           cluster/ari: 0.064846
============================

[saved curves] ./results/MNIST_ROTATED/curves/mnist_rotated_vae_d256_s777.json
