/usr/bin/which: no fi_info in (/arf/home/meyavuz/.local/bin:/arf/sw/comp/python/intelpython3/condabin:/arf/sw/comp/python/intelpython3/bin:/usr/share/Modules/bin:/usr/local/bin:/usr/bin:/usr/local/sbin:/usr/sbin)
Extension for Scikit-learn* enabled (https://github.com/uxlfoundation/scikit-learn-intelex)
/arf/home/meyavuz/.conda/envs/sbn/lib/python3.9/site-packages/sklearn/linear_model/_logistic.py:1247: FutureWarning: 'multi_class' was deprecated in version 1.5 and will be removed in 1.7. From then on, it will always use 'multinomial'. Leave it to its default value to avoid this warning.
  warnings.warn(
/arf/home/meyavuz/.conda/envs/sbn/lib/python3.9/site-packages/sklearn/linear_model/_sag.py:348: ConvergenceWarning: The max_iter was reached which means the coef_ did not converge
  warnings.warn(
Epoch 1/200, Batch 100, Aver_Loss: 223.22
Epoch 1/200, Batch 200, Aver_Loss: 172.62
Epoch 1/200, Batch 300, Aver_Loss: 160.04
Epoch 1/200, Batch 400, Aver_Loss: 158.19
Epoch 2/200, Batch 100, Aver_Loss: 143.41
Epoch 2/200, Batch 200, Aver_Loss: 135.99
Epoch 2/200, Batch 300, Aver_Loss: 134.79
Epoch 2/200, Batch 400, Aver_Loss: 130.29
Epoch 3/200, Batch 100, Aver_Loss: 122.28
Epoch 3/200, Batch 200, Aver_Loss: 124.65
Epoch 3/200, Batch 300, Aver_Loss: 121.31
Epoch 3/200, Batch 400, Aver_Loss: 129.02
Epoch 4/200, Batch 100, Aver_Loss: 124.17
Epoch 4/200, Batch 200, Aver_Loss: 123.68
Epoch 4/200, Batch 300, Aver_Loss: 121.54
Epoch 4/200, Batch 400, Aver_Loss: 119.41
Epoch 5/200, Batch 100, Aver_Loss: 118.08
Epoch 5/200, Batch 200, Aver_Loss: 301.58
Epoch 5/200, Batch 300, Aver_Loss: 128.30
Epoch 5/200, Batch 400, Aver_Loss: 118.60
Epoch 6/200, Batch 100, Aver_Loss: 119.91
Epoch 6/200, Batch 200, Aver_Loss: 113.55
Epoch 6/200, Batch 300, Aver_Loss: 115.41
Epoch 6/200, Batch 400, Aver_Loss: 116.96
Epoch 7/200, Batch 100, Aver_Loss: 116.48
Epoch 7/200, Batch 200, Aver_Loss: 117.78
Epoch 7/200, Batch 300, Aver_Loss: 113.98
Epoch 7/200, Batch 400, Aver_Loss: 115.24
Epoch 8/200, Batch 100, Aver_Loss: 118.79
Epoch 8/200, Batch 200, Aver_Loss: 117.40
Epoch 8/200, Batch 300, Aver_Loss: 114.50
Epoch 8/200, Batch 400, Aver_Loss: 116.55
Epoch 9/200, Batch 100, Aver_Loss: 113.85
Epoch 9/200, Batch 200, Aver_Loss: 114.50
Epoch 9/200, Batch 300, Aver_Loss: 111.70
Epoch 9/200, Batch 400, Aver_Loss: 105.10
Epoch 10/200, Batch 100, Aver_Loss: 111.67
Epoch 10/200, Batch 200, Aver_Loss: 115.53
Epoch 10/200, Batch 300, Aver_Loss: 111.97
Epoch 10/200, Batch 400, Aver_Loss: 109.69
Epoch 11/200, Batch 100, Aver_Loss: 113.17
Epoch 11/200, Batch 200, Aver_Loss: 113.85
Epoch 11/200, Batch 300, Aver_Loss: 111.46
Epoch 11/200, Batch 400, Aver_Loss: 112.05
Epoch 12/200, Batch 100, Aver_Loss: 116.85
Epoch 12/200, Batch 200, Aver_Loss: 110.01
Epoch 12/200, Batch 300, Aver_Loss: 109.98
Epoch 12/200, Batch 400, Aver_Loss: 108.25
Epoch 13/200, Batch 100, Aver_Loss: 113.69
Epoch 13/200, Batch 200, Aver_Loss: 115.69
Epoch 13/200, Batch 300, Aver_Loss: 113.54
Epoch 13/200, Batch 400, Aver_Loss: 112.97
Epoch 14/200, Batch 100, Aver_Loss: 110.94
Epoch 14/200, Batch 200, Aver_Loss: 112.19
Epoch 14/200, Batch 300, Aver_Loss: 109.35
Epoch 14/200, Batch 400, Aver_Loss: 113.06
Epoch 15/200, Batch 100, Aver_Loss: 114.35
Epoch 15/200, Batch 200, Aver_Loss: 113.81
Epoch 15/200, Batch 300, Aver_Loss: 108.83
Epoch 15/200, Batch 400, Aver_Loss: 118.37
Epoch 16/200, Batch 100, Aver_Loss: 112.25
Epoch 16/200, Batch 200, Aver_Loss: 113.22
Epoch 16/200, Batch 300, Aver_Loss: 104.85
Epoch 16/200, Batch 400, Aver_Loss: 113.61
Epoch 17/200, Batch 100, Aver_Loss: 109.90
Epoch 17/200, Batch 200, Aver_Loss: 110.22
Epoch 17/200, Batch 300, Aver_Loss: 109.11
Epoch 17/200, Batch 400, Aver_Loss: 106.04
Epoch 18/200, Batch 100, Aver_Loss: 109.96
Epoch 18/200, Batch 200, Aver_Loss: 110.14
Epoch 18/200, Batch 300, Aver_Loss: 111.93
Epoch 18/200, Batch 400, Aver_Loss: 108.46
Epoch 19/200, Batch 100, Aver_Loss: 106.01
Epoch 19/200, Batch 200, Aver_Loss: 106.02
Epoch 19/200, Batch 300, Aver_Loss: 112.63
Epoch 19/200, Batch 400, Aver_Loss: 112.61
Epoch 20/200, Batch 100, Aver_Loss: 113.39
Epoch 20/200, Batch 200, Aver_Loss: 111.64
Epoch 20/200, Batch 300, Aver_Loss: 111.00
Epoch 20/200, Batch 400, Aver_Loss: 109.04
Epoch 21/200, Batch 100, Aver_Loss: 111.10
Epoch 21/200, Batch 200, Aver_Loss: 109.72
Epoch 21/200, Batch 300, Aver_Loss: 109.18
Epoch 21/200, Batch 400, Aver_Loss: 110.78
Epoch 22/200, Batch 100, Aver_Loss: 108.23
Epoch 22/200, Batch 200, Aver_Loss: 107.60
Epoch 22/200, Batch 300, Aver_Loss: 114.00
Epoch 22/200, Batch 400, Aver_Loss: 114.67
Epoch 23/200, Batch 100, Aver_Loss: 105.97
Epoch 23/200, Batch 200, Aver_Loss: 113.43
Epoch 23/200, Batch 300, Aver_Loss: 106.03
Epoch 23/200, Batch 400, Aver_Loss: 108.72
Epoch 24/200, Batch 100, Aver_Loss: 111.64
Epoch 24/200, Batch 200, Aver_Loss: 109.32
Epoch 24/200, Batch 300, Aver_Loss: 107.92
Epoch 24/200, Batch 400, Aver_Loss: 105.51
Epoch 25/200, Batch 100, Aver_Loss: 108.84
Epoch 25/200, Batch 200, Aver_Loss: 107.28
Epoch 25/200, Batch 300, Aver_Loss: 107.54
Epoch 25/200, Batch 400, Aver_Loss: 107.43
Epoch 26/200, Batch 100, Aver_Loss: 109.03
Epoch 26/200, Batch 200, Aver_Loss: 107.95
Epoch 26/200, Batch 300, Aver_Loss: 104.14
Epoch 26/200, Batch 400, Aver_Loss: 111.02
Epoch 27/200, Batch 100, Aver_Loss: 104.23
Epoch 27/200, Batch 200, Aver_Loss: 110.78
Epoch 27/200, Batch 300, Aver_Loss: 109.40
Epoch 27/200, Batch 400, Aver_Loss: 110.28
Epoch 28/200, Batch 100, Aver_Loss: 108.10
Epoch 28/200, Batch 200, Aver_Loss: 108.39
Epoch 28/200, Batch 300, Aver_Loss: 108.49
Epoch 28/200, Batch 400, Aver_Loss: 110.55
Epoch 29/200, Batch 100, Aver_Loss: 107.84
Epoch 29/200, Batch 200, Aver_Loss: 105.66
Epoch 29/200, Batch 300, Aver_Loss: 110.29
Epoch 29/200, Batch 400, Aver_Loss: 107.51
Epoch 30/200, Batch 100, Aver_Loss: 107.74
Epoch 30/200, Batch 200, Aver_Loss: 107.21
Epoch 30/200, Batch 300, Aver_Loss: 105.82
Epoch 30/200, Batch 400, Aver_Loss: 112.42
Epoch 31/200, Batch 100, Aver_Loss: 105.19
Epoch 31/200, Batch 200, Aver_Loss: 107.38
Epoch 31/200, Batch 300, Aver_Loss: 109.77
Epoch 31/200, Batch 400, Aver_Loss: 107.59
Epoch 32/200, Batch 100, Aver_Loss: 106.05
Epoch 32/200, Batch 200, Aver_Loss: 109.76
Epoch 32/200, Batch 300, Aver_Loss: 104.50
Epoch 32/200, Batch 400, Aver_Loss: 105.17
Epoch 33/200, Batch 100, Aver_Loss: 107.61
Epoch 33/200, Batch 200, Aver_Loss: 106.85
Epoch 33/200, Batch 300, Aver_Loss: 108.67
Epoch 33/200, Batch 400, Aver_Loss: 103.71
Epoch 34/200, Batch 100, Aver_Loss: 102.14
Epoch 34/200, Batch 200, Aver_Loss: 107.07
Epoch 34/200, Batch 300, Aver_Loss: 101.53
Epoch 34/200, Batch 400, Aver_Loss: 105.96
Epoch 35/200, Batch 100, Aver_Loss: 110.76
Epoch 35/200, Batch 200, Aver_Loss: 106.33
Epoch 35/200, Batch 300, Aver_Loss: 109.34
Epoch 35/200, Batch 400, Aver_Loss: 108.91
Epoch 36/200, Batch 100, Aver_Loss: 106.95
Epoch 36/200, Batch 200, Aver_Loss: 104.75
Epoch 36/200, Batch 300, Aver_Loss: 104.21
Epoch 36/200, Batch 400, Aver_Loss: 102.80
Epoch 37/200, Batch 100, Aver_Loss: 105.75
Epoch 37/200, Batch 200, Aver_Loss: 102.99
Epoch 37/200, Batch 300, Aver_Loss: 110.27
Epoch 37/200, Batch 400, Aver_Loss: 108.67
Epoch 38/200, Batch 100, Aver_Loss: 106.32
Epoch 38/200, Batch 200, Aver_Loss: 107.53
Epoch 38/200, Batch 300, Aver_Loss: 108.21
Epoch 38/200, Batch 400, Aver_Loss: 107.08
Epoch 39/200, Batch 100, Aver_Loss: 105.50
Epoch 39/200, Batch 200, Aver_Loss: 107.17
Epoch 39/200, Batch 300, Aver_Loss: 109.59
Epoch 39/200, Batch 400, Aver_Loss: 108.50
Epoch 40/200, Batch 100, Aver_Loss: 108.73
Epoch 40/200, Batch 200, Aver_Loss: 102.44
Epoch 40/200, Batch 300, Aver_Loss: 107.42
Epoch 40/200, Batch 400, Aver_Loss: 106.28
Epoch 41/200, Batch 100, Aver_Loss: 105.46
Epoch 41/200, Batch 200, Aver_Loss: 106.72
Epoch 41/200, Batch 300, Aver_Loss: 107.34
Epoch 41/200, Batch 400, Aver_Loss: 110.16
Epoch 42/200, Batch 100, Aver_Loss: 105.11
Epoch 42/200, Batch 200, Aver_Loss: 102.05
Epoch 42/200, Batch 300, Aver_Loss: 99.77
Epoch 42/200, Batch 400, Aver_Loss: 107.09
Epoch 43/200, Batch 100, Aver_Loss: 108.38
Epoch 43/200, Batch 200, Aver_Loss: 107.24
Epoch 43/200, Batch 300, Aver_Loss: 107.22
Epoch 43/200, Batch 400, Aver_Loss: 105.99
Epoch 44/200, Batch 100, Aver_Loss: 111.92
Epoch 44/200, Batch 200, Aver_Loss: 107.03
Epoch 44/200, Batch 300, Aver_Loss: 101.49
Epoch 44/200, Batch 400, Aver_Loss: 103.61
Epoch 45/200, Batch 100, Aver_Loss: 102.72
Epoch 45/200, Batch 200, Aver_Loss: 107.26
Epoch 45/200, Batch 300, Aver_Loss: 104.98
Epoch 45/200, Batch 400, Aver_Loss: 106.33
Epoch 46/200, Batch 100, Aver_Loss: 106.16
Epoch 46/200, Batch 200, Aver_Loss: 107.25
Epoch 46/200, Batch 300, Aver_Loss: 100.04
Epoch 46/200, Batch 400, Aver_Loss: 106.71
Epoch 47/200, Batch 100, Aver_Loss: 106.25
Epoch 47/200, Batch 200, Aver_Loss: 110.15
Epoch 47/200, Batch 300, Aver_Loss: 103.60
Epoch 47/200, Batch 400, Aver_Loss: 109.04
Epoch 48/200, Batch 100, Aver_Loss: 102.16
Epoch 48/200, Batch 200, Aver_Loss: 106.08
Epoch 48/200, Batch 300, Aver_Loss: 104.94
Epoch 48/200, Batch 400, Aver_Loss: 107.19
Epoch 49/200, Batch 100, Aver_Loss: 106.12
Epoch 49/200, Batch 200, Aver_Loss: 109.83
Epoch 49/200, Batch 300, Aver_Loss: 103.32
Epoch 49/200, Batch 400, Aver_Loss: 103.86
Epoch 50/200, Batch 100, Aver_Loss: 103.26
Epoch 50/200, Batch 200, Aver_Loss: 105.45
Epoch 50/200, Batch 300, Aver_Loss: 99.75
Epoch 50/200, Batch 400, Aver_Loss: 102.83
Epoch 51/200, Batch 100, Aver_Loss: 104.94
Epoch 51/200, Batch 200, Aver_Loss: 106.33
Epoch 51/200, Batch 300, Aver_Loss: 104.18
Epoch 51/200, Batch 400, Aver_Loss: 107.82
Epoch 52/200, Batch 100, Aver_Loss: 106.86
Epoch 52/200, Batch 200, Aver_Loss: 107.76
Epoch 52/200, Batch 300, Aver_Loss: 104.82
Epoch 52/200, Batch 400, Aver_Loss: 106.87
Epoch 53/200, Batch 100, Aver_Loss: 108.30
Epoch 53/200, Batch 200, Aver_Loss: 102.83
Epoch 53/200, Batch 300, Aver_Loss: 102.80
Epoch 53/200, Batch 400, Aver_Loss: 105.09
Epoch 54/200, Batch 100, Aver_Loss: 105.94
Epoch 54/200, Batch 200, Aver_Loss: 106.72
Epoch 54/200, Batch 300, Aver_Loss: 110.34
Epoch 54/200, Batch 400, Aver_Loss: 104.02
Epoch 55/200, Batch 100, Aver_Loss: 105.95
Epoch 55/200, Batch 200, Aver_Loss: 108.57
Epoch 55/200, Batch 300, Aver_Loss: 106.78
Epoch 55/200, Batch 400, Aver_Loss: 102.99
Epoch 56/200, Batch 100, Aver_Loss: 105.73
Epoch 56/200, Batch 200, Aver_Loss: 105.30
Epoch 56/200, Batch 300, Aver_Loss: 105.09
Epoch 56/200, Batch 400, Aver_Loss: 108.99
Epoch 57/200, Batch 100, Aver_Loss: 99.89
Epoch 57/200, Batch 200, Aver_Loss: 105.43
Epoch 57/200, Batch 300, Aver_Loss: 100.79
Epoch 57/200, Batch 400, Aver_Loss: 111.09
Epoch 58/200, Batch 100, Aver_Loss: 102.13
Epoch 58/200, Batch 200, Aver_Loss: 110.51
Epoch 58/200, Batch 300, Aver_Loss: 108.85
Epoch 58/200, Batch 400, Aver_Loss: 106.48
Epoch 59/200, Batch 100, Aver_Loss: 108.20
Epoch 59/200, Batch 200, Aver_Loss: 105.98
Epoch 59/200, Batch 300, Aver_Loss: 107.50
Epoch 59/200, Batch 400, Aver_Loss: 102.15
Epoch 60/200, Batch 100, Aver_Loss: 103.73
Epoch 60/200, Batch 200, Aver_Loss: 106.32
Epoch 60/200, Batch 300, Aver_Loss: 104.82
Epoch 60/200, Batch 400, Aver_Loss: 107.93
Epoch 61/200, Batch 100, Aver_Loss: 110.11
Epoch 61/200, Batch 200, Aver_Loss: 101.16
Epoch 61/200, Batch 300, Aver_Loss: 104.24
Epoch 61/200, Batch 400, Aver_Loss: 104.49
Epoch 62/200, Batch 100, Aver_Loss: 104.72
Epoch 62/200, Batch 200, Aver_Loss: 107.95
Epoch 62/200, Batch 300, Aver_Loss: 107.38
Epoch 62/200, Batch 400, Aver_Loss: 108.46
Epoch 63/200, Batch 100, Aver_Loss: 101.87
Epoch 63/200, Batch 200, Aver_Loss: 102.34
Epoch 63/200, Batch 300, Aver_Loss: 102.47
Epoch 63/200, Batch 400, Aver_Loss: 107.08
Epoch 64/200, Batch 100, Aver_Loss: 104.83
Epoch 64/200, Batch 200, Aver_Loss: 104.11
Epoch 64/200, Batch 300, Aver_Loss: 105.36
Epoch 64/200, Batch 400, Aver_Loss: 103.14
Epoch 65/200, Batch 100, Aver_Loss: 108.07
Epoch 65/200, Batch 200, Aver_Loss: 103.45
Epoch 65/200, Batch 300, Aver_Loss: 106.94
Epoch 65/200, Batch 400, Aver_Loss: 102.39
Epoch 66/200, Batch 100, Aver_Loss: 101.72
Epoch 66/200, Batch 200, Aver_Loss: 101.50
Epoch 66/200, Batch 300, Aver_Loss: 103.82
Epoch 66/200, Batch 400, Aver_Loss: 100.78
Epoch 67/200, Batch 100, Aver_Loss: 103.66
Epoch 67/200, Batch 200, Aver_Loss: 101.89
Epoch 67/200, Batch 300, Aver_Loss: 108.38
Epoch 67/200, Batch 400, Aver_Loss: 99.31
Epoch 68/200, Batch 100, Aver_Loss: 101.51
Epoch 68/200, Batch 200, Aver_Loss: 111.60
Epoch 68/200, Batch 300, Aver_Loss: 102.60
Epoch 68/200, Batch 400, Aver_Loss: 106.95
Epoch 69/200, Batch 100, Aver_Loss: 109.48
Epoch 69/200, Batch 200, Aver_Loss: 105.10
Epoch 69/200, Batch 300, Aver_Loss: 106.32
Epoch 69/200, Batch 400, Aver_Loss: 103.38
Epoch 70/200, Batch 100, Aver_Loss: 103.04
Epoch 70/200, Batch 200, Aver_Loss: 105.70
Epoch 70/200, Batch 300, Aver_Loss: 102.87
Epoch 70/200, Batch 400, Aver_Loss: 103.12
Epoch 71/200, Batch 100, Aver_Loss: 104.82
Epoch 71/200, Batch 200, Aver_Loss: 104.79
Epoch 71/200, Batch 300, Aver_Loss: 107.66
Epoch 71/200, Batch 400, Aver_Loss: 103.34
Epoch 72/200, Batch 100, Aver_Loss: 101.21
Epoch 72/200, Batch 200, Aver_Loss: 100.40
Epoch 72/200, Batch 300, Aver_Loss: 104.65
Epoch 72/200, Batch 400, Aver_Loss: 106.37
Epoch 73/200, Batch 100, Aver_Loss: 103.99
Epoch 73/200, Batch 200, Aver_Loss: 98.47
Epoch 73/200, Batch 300, Aver_Loss: 106.00
Epoch 73/200, Batch 400, Aver_Loss: 103.30
Epoch 74/200, Batch 100, Aver_Loss: 105.26
Epoch 74/200, Batch 200, Aver_Loss: 101.13
Epoch 74/200, Batch 300, Aver_Loss: 108.31
Epoch 74/200, Batch 400, Aver_Loss: 107.41
Epoch 75/200, Batch 100, Aver_Loss: 105.18
Epoch 75/200, Batch 200, Aver_Loss: 105.39
Epoch 75/200, Batch 300, Aver_Loss: 102.72
Epoch 75/200, Batch 400, Aver_Loss: 105.03
Epoch 76/200, Batch 100, Aver_Loss: 103.11
Epoch 76/200, Batch 200, Aver_Loss: 108.57
Epoch 76/200, Batch 300, Aver_Loss: 100.66
Epoch 76/200, Batch 400, Aver_Loss: 106.69
Epoch 77/200, Batch 100, Aver_Loss: 100.92
Epoch 77/200, Batch 200, Aver_Loss: 106.75
Epoch 77/200, Batch 300, Aver_Loss: 103.10
Epoch 77/200, Batch 400, Aver_Loss: 110.67
Epoch 78/200, Batch 100, Aver_Loss: 105.47
Epoch 78/200, Batch 200, Aver_Loss: 103.20
Epoch 78/200, Batch 300, Aver_Loss: 106.29
Epoch 78/200, Batch 400, Aver_Loss: 104.30
Epoch 79/200, Batch 100, Aver_Loss: 102.11
Epoch 79/200, Batch 200, Aver_Loss: 105.72
Epoch 79/200, Batch 300, Aver_Loss: 108.90
Epoch 79/200, Batch 400, Aver_Loss: 103.55
Epoch 80/200, Batch 100, Aver_Loss: 103.32
Epoch 80/200, Batch 200, Aver_Loss: 102.88
Epoch 80/200, Batch 300, Aver_Loss: 104.17
Epoch 80/200, Batch 400, Aver_Loss: 104.14
Epoch 81/200, Batch 100, Aver_Loss: 104.08
Epoch 81/200, Batch 200, Aver_Loss: 103.93
Epoch 81/200, Batch 300, Aver_Loss: 103.24
Epoch 81/200, Batch 400, Aver_Loss: 103.48
Epoch 82/200, Batch 100, Aver_Loss: 100.16
Epoch 82/200, Batch 200, Aver_Loss: 104.27
Epoch 82/200, Batch 300, Aver_Loss: 106.30
Epoch 82/200, Batch 400, Aver_Loss: 103.75
Epoch 83/200, Batch 100, Aver_Loss: 104.62
Epoch 83/200, Batch 200, Aver_Loss: 102.16
Epoch 83/200, Batch 300, Aver_Loss: 109.18
Epoch 83/200, Batch 400, Aver_Loss: 102.82
Epoch 84/200, Batch 100, Aver_Loss: 103.82
Epoch 84/200, Batch 200, Aver_Loss: 101.97
Epoch 84/200, Batch 300, Aver_Loss: 99.87
Epoch 84/200, Batch 400, Aver_Loss: 109.41
Epoch 85/200, Batch 100, Aver_Loss: 104.84
Epoch 85/200, Batch 200, Aver_Loss: 106.90
Epoch 85/200, Batch 300, Aver_Loss: 107.17
Epoch 85/200, Batch 400, Aver_Loss: 108.49
Epoch 86/200, Batch 100, Aver_Loss: 103.95
Epoch 86/200, Batch 200, Aver_Loss: 103.46
Epoch 86/200, Batch 300, Aver_Loss: 107.36
Epoch 86/200, Batch 400, Aver_Loss: 110.24
Epoch 87/200, Batch 100, Aver_Loss: 104.47
Epoch 87/200, Batch 200, Aver_Loss: 101.34
Epoch 87/200, Batch 300, Aver_Loss: 104.83
Epoch 87/200, Batch 400, Aver_Loss: 107.75
Epoch 88/200, Batch 100, Aver_Loss: 106.56
Epoch 88/200, Batch 200, Aver_Loss: 103.39
Epoch 88/200, Batch 300, Aver_Loss: 105.81
Epoch 88/200, Batch 400, Aver_Loss: 100.22
Epoch 89/200, Batch 100, Aver_Loss: 104.13
Epoch 89/200, Batch 200, Aver_Loss: 101.49
Epoch 89/200, Batch 300, Aver_Loss: 104.91
Epoch 89/200, Batch 400, Aver_Loss: 104.20
Epoch 90/200, Batch 100, Aver_Loss: 104.45
Epoch 90/200, Batch 200, Aver_Loss: 101.84
Epoch 90/200, Batch 300, Aver_Loss: 103.98
Epoch 90/200, Batch 400, Aver_Loss: 103.77
Epoch 91/200, Batch 100, Aver_Loss: 102.89
Epoch 91/200, Batch 200, Aver_Loss: 105.56
Epoch 91/200, Batch 300, Aver_Loss: 102.77
Epoch 91/200, Batch 400, Aver_Loss: 103.63
Epoch 92/200, Batch 100, Aver_Loss: 103.24
Epoch 92/200, Batch 200, Aver_Loss: 99.02
Epoch 92/200, Batch 300, Aver_Loss: 105.56
Epoch 92/200, Batch 400, Aver_Loss: 108.25
Epoch 93/200, Batch 100, Aver_Loss: 98.16
Epoch 93/200, Batch 200, Aver_Loss: 105.37
Epoch 93/200, Batch 300, Aver_Loss: 104.39
Epoch 93/200, Batch 400, Aver_Loss: 100.58
Epoch 94/200, Batch 100, Aver_Loss: 100.84
Epoch 94/200, Batch 200, Aver_Loss: 104.81
Epoch 94/200, Batch 300, Aver_Loss: 108.04
Epoch 94/200, Batch 400, Aver_Loss: 104.07
Epoch 95/200, Batch 100, Aver_Loss: 104.86
Epoch 95/200, Batch 200, Aver_Loss: 107.39
Epoch 95/200, Batch 300, Aver_Loss: 101.59
Epoch 95/200, Batch 400, Aver_Loss: 103.51
Epoch 96/200, Batch 100, Aver_Loss: 103.28
Epoch 96/200, Batch 200, Aver_Loss: 106.73
Epoch 96/200, Batch 300, Aver_Loss: 101.45
Epoch 96/200, Batch 400, Aver_Loss: 102.91
Epoch 97/200, Batch 100, Aver_Loss: 104.34
Epoch 97/200, Batch 200, Aver_Loss: 98.41
Epoch 97/200, Batch 300, Aver_Loss: 107.02
Epoch 97/200, Batch 400, Aver_Loss: 107.77
Epoch 98/200, Batch 100, Aver_Loss: 102.40
Epoch 98/200, Batch 200, Aver_Loss: 106.42
Epoch 98/200, Batch 300, Aver_Loss: 102.74
Epoch 98/200, Batch 400, Aver_Loss: 105.75
Epoch 99/200, Batch 100, Aver_Loss: 106.40
Epoch 99/200, Batch 200, Aver_Loss: 101.47
Epoch 99/200, Batch 300, Aver_Loss: 99.83
Epoch 99/200, Batch 400, Aver_Loss: 98.51
Epoch 100/200, Batch 100, Aver_Loss: 103.24
Epoch 100/200, Batch 200, Aver_Loss: 102.94
Epoch 100/200, Batch 300, Aver_Loss: 104.03
Epoch 100/200, Batch 400, Aver_Loss: 101.44
Epoch 101/200, Batch 100, Aver_Loss: 104.90
Epoch 101/200, Batch 200, Aver_Loss: 101.95
Epoch 101/200, Batch 300, Aver_Loss: 101.79
Epoch 101/200, Batch 400, Aver_Loss: 98.36
Epoch 102/200, Batch 100, Aver_Loss: 106.23
Epoch 102/200, Batch 200, Aver_Loss: 105.60
Epoch 102/200, Batch 300, Aver_Loss: 101.00
Epoch 102/200, Batch 400, Aver_Loss: 106.12
Epoch 103/200, Batch 100, Aver_Loss: 108.35
Epoch 103/200, Batch 200, Aver_Loss: 104.34
Epoch 103/200, Batch 300, Aver_Loss: 103.19
Epoch 103/200, Batch 400, Aver_Loss: 103.02
Epoch 104/200, Batch 100, Aver_Loss: 102.53
Epoch 104/200, Batch 200, Aver_Loss: 103.87
Epoch 104/200, Batch 300, Aver_Loss: 102.60
Epoch 104/200, Batch 400, Aver_Loss: 102.95
Epoch 105/200, Batch 100, Aver_Loss: 105.94
Epoch 105/200, Batch 200, Aver_Loss: 100.64
Epoch 105/200, Batch 300, Aver_Loss: 103.16
Epoch 105/200, Batch 400, Aver_Loss: 101.29
Epoch 106/200, Batch 100, Aver_Loss: 103.38
Epoch 106/200, Batch 200, Aver_Loss: 103.53
Epoch 106/200, Batch 300, Aver_Loss: 104.90
Epoch 106/200, Batch 400, Aver_Loss: 101.29
Epoch 107/200, Batch 100, Aver_Loss: 103.91
Epoch 107/200, Batch 200, Aver_Loss: 99.27
Epoch 107/200, Batch 300, Aver_Loss: 102.71
Epoch 107/200, Batch 400, Aver_Loss: 103.05
Epoch 108/200, Batch 100, Aver_Loss: 106.68
Epoch 108/200, Batch 200, Aver_Loss: 102.34
Epoch 108/200, Batch 300, Aver_Loss: 105.91
Epoch 108/200, Batch 400, Aver_Loss: 103.11
Epoch 109/200, Batch 100, Aver_Loss: 99.62
Epoch 109/200, Batch 200, Aver_Loss: 101.08
Epoch 109/200, Batch 300, Aver_Loss: 103.27
Epoch 109/200, Batch 400, Aver_Loss: 104.21
Epoch 110/200, Batch 100, Aver_Loss: 102.09
Epoch 110/200, Batch 200, Aver_Loss: 104.85
Epoch 110/200, Batch 300, Aver_Loss: 104.24
Epoch 110/200, Batch 400, Aver_Loss: 102.05
Epoch 111/200, Batch 100, Aver_Loss: 103.34
Epoch 111/200, Batch 200, Aver_Loss: 103.45
Epoch 111/200, Batch 300, Aver_Loss: 101.65
Epoch 111/200, Batch 400, Aver_Loss: 104.52
Epoch 112/200, Batch 100, Aver_Loss: 100.34
Epoch 112/200, Batch 200, Aver_Loss: 104.24
Epoch 112/200, Batch 300, Aver_Loss: 103.07
Epoch 112/200, Batch 400, Aver_Loss: 101.82
Epoch 113/200, Batch 100, Aver_Loss: 103.38
Epoch 113/200, Batch 200, Aver_Loss: 99.61
Epoch 113/200, Batch 300, Aver_Loss: 101.54
Epoch 113/200, Batch 400, Aver_Loss: 100.49
Epoch 114/200, Batch 100, Aver_Loss: 101.93
Epoch 114/200, Batch 200, Aver_Loss: 101.14
Epoch 114/200, Batch 300, Aver_Loss: 103.63
Epoch 114/200, Batch 400, Aver_Loss: 99.33
Epoch 115/200, Batch 100, Aver_Loss: 104.84
Epoch 115/200, Batch 200, Aver_Loss: 104.74
Epoch 115/200, Batch 300, Aver_Loss: 103.75
Epoch 115/200, Batch 400, Aver_Loss: 106.37
Epoch 116/200, Batch 100, Aver_Loss: 104.16
Epoch 116/200, Batch 200, Aver_Loss: 106.62
Epoch 116/200, Batch 300, Aver_Loss: 103.46
Epoch 116/200, Batch 400, Aver_Loss: 98.18
Epoch 117/200, Batch 100, Aver_Loss: 101.01
Epoch 117/200, Batch 200, Aver_Loss: 105.19
Epoch 117/200, Batch 300, Aver_Loss: 100.99
Epoch 117/200, Batch 400, Aver_Loss: 105.53
Epoch 118/200, Batch 100, Aver_Loss: 102.58
Epoch 118/200, Batch 200, Aver_Loss: 102.98
Epoch 118/200, Batch 300, Aver_Loss: 97.40
Epoch 118/200, Batch 400, Aver_Loss: 107.03
Epoch 119/200, Batch 100, Aver_Loss: 105.86
Epoch 119/200, Batch 200, Aver_Loss: 103.98
Epoch 119/200, Batch 300, Aver_Loss: 105.94
Epoch 119/200, Batch 400, Aver_Loss: 105.44
Epoch 120/200, Batch 100, Aver_Loss: 103.40
Epoch 120/200, Batch 200, Aver_Loss: 103.15
Epoch 120/200, Batch 300, Aver_Loss: 104.19
Epoch 120/200, Batch 400, Aver_Loss: 99.52
Epoch 121/200, Batch 100, Aver_Loss: 101.50
Epoch 121/200, Batch 200, Aver_Loss: 104.93
Epoch 121/200, Batch 300, Aver_Loss: 107.02
Epoch 121/200, Batch 400, Aver_Loss: 103.22
Epoch 122/200, Batch 100, Aver_Loss: 102.68
Epoch 122/200, Batch 200, Aver_Loss: 103.06
Epoch 122/200, Batch 300, Aver_Loss: 104.74
Epoch 122/200, Batch 400, Aver_Loss: 97.48
Epoch 123/200, Batch 100, Aver_Loss: 105.44
Epoch 123/200, Batch 200, Aver_Loss: 100.93
Epoch 123/200, Batch 300, Aver_Loss: 100.66
Epoch 123/200, Batch 400, Aver_Loss: 103.42
Epoch 124/200, Batch 100, Aver_Loss: 100.02
Epoch 124/200, Batch 200, Aver_Loss: 100.17
Epoch 124/200, Batch 300, Aver_Loss: 108.05
Epoch 124/200, Batch 400, Aver_Loss: 102.91
Epoch 125/200, Batch 100, Aver_Loss: 105.56
Epoch 125/200, Batch 200, Aver_Loss: 101.71
Epoch 125/200, Batch 300, Aver_Loss: 103.25
Epoch 125/200, Batch 400, Aver_Loss: 105.25
Epoch 126/200, Batch 100, Aver_Loss: 100.28
Epoch 126/200, Batch 200, Aver_Loss: 97.82
Epoch 126/200, Batch 300, Aver_Loss: 103.16
Epoch 126/200, Batch 400, Aver_Loss: 103.00
Epoch 127/200, Batch 100, Aver_Loss: 101.59
Epoch 127/200, Batch 200, Aver_Loss: 105.12
Epoch 127/200, Batch 300, Aver_Loss: 101.82
Epoch 127/200, Batch 400, Aver_Loss: 101.33
Epoch 128/200, Batch 100, Aver_Loss: 102.30
Epoch 128/200, Batch 200, Aver_Loss: 99.30
Epoch 128/200, Batch 300, Aver_Loss: 100.33
Epoch 128/200, Batch 400, Aver_Loss: 106.67
Epoch 129/200, Batch 100, Aver_Loss: 101.88
Epoch 129/200, Batch 200, Aver_Loss: 103.55
Epoch 129/200, Batch 300, Aver_Loss: 99.75
Epoch 129/200, Batch 400, Aver_Loss: 104.81
Epoch 130/200, Batch 100, Aver_Loss: 102.34
Epoch 130/200, Batch 200, Aver_Loss: 104.13
Epoch 130/200, Batch 300, Aver_Loss: 104.31
Epoch 130/200, Batch 400, Aver_Loss: 103.61
Epoch 131/200, Batch 100, Aver_Loss: 96.42
Epoch 131/200, Batch 200, Aver_Loss: 101.71
Epoch 131/200, Batch 300, Aver_Loss: 106.46
Epoch 131/200, Batch 400, Aver_Loss: 104.39
Epoch 132/200, Batch 100, Aver_Loss: 100.20
Epoch 132/200, Batch 200, Aver_Loss: 105.61
Epoch 132/200, Batch 300, Aver_Loss: 101.68
Epoch 132/200, Batch 400, Aver_Loss: 102.21
Epoch 133/200, Batch 100, Aver_Loss: 100.96
Epoch 133/200, Batch 200, Aver_Loss: 105.71
Epoch 133/200, Batch 300, Aver_Loss: 107.50
Epoch 133/200, Batch 400, Aver_Loss: 100.98
Epoch 134/200, Batch 100, Aver_Loss: 100.23
Epoch 134/200, Batch 200, Aver_Loss: 101.69
Epoch 134/200, Batch 300, Aver_Loss: 102.95
Epoch 134/200, Batch 400, Aver_Loss: 100.31
Epoch 135/200, Batch 100, Aver_Loss: 102.99
Epoch 135/200, Batch 200, Aver_Loss: 105.39
Epoch 135/200, Batch 300, Aver_Loss: 102.83
Epoch 135/200, Batch 400, Aver_Loss: 103.75
Epoch 136/200, Batch 100, Aver_Loss: 103.79
Epoch 136/200, Batch 200, Aver_Loss: 102.90
Epoch 136/200, Batch 300, Aver_Loss: 104.27
Epoch 136/200, Batch 400, Aver_Loss: 103.73
Epoch 137/200, Batch 100, Aver_Loss: 99.43
Epoch 137/200, Batch 200, Aver_Loss: 101.75
Epoch 137/200, Batch 300, Aver_Loss: 99.70
Epoch 137/200, Batch 400, Aver_Loss: 106.85
Epoch 138/200, Batch 100, Aver_Loss: 101.66
Epoch 138/200, Batch 200, Aver_Loss: 101.29
Epoch 138/200, Batch 300, Aver_Loss: 101.73
Epoch 138/200, Batch 400, Aver_Loss: 108.23
Epoch 139/200, Batch 100, Aver_Loss: 104.70
Epoch 139/200, Batch 200, Aver_Loss: 106.79
Epoch 139/200, Batch 300, Aver_Loss: 104.15
Epoch 139/200, Batch 400, Aver_Loss: 109.75
Epoch 140/200, Batch 100, Aver_Loss: 98.49
Epoch 140/200, Batch 200, Aver_Loss: 100.23
Epoch 140/200, Batch 300, Aver_Loss: 101.83
Epoch 140/200, Batch 400, Aver_Loss: 105.40
Epoch 141/200, Batch 100, Aver_Loss: 103.62
Epoch 141/200, Batch 200, Aver_Loss: 94.10
Epoch 141/200, Batch 300, Aver_Loss: 103.59
Epoch 141/200, Batch 400, Aver_Loss: 105.67
Epoch 142/200, Batch 100, Aver_Loss: 102.55
Epoch 142/200, Batch 200, Aver_Loss: 104.56
Epoch 142/200, Batch 300, Aver_Loss: 100.72
Epoch 142/200, Batch 400, Aver_Loss: 102.91
Epoch 143/200, Batch 100, Aver_Loss: 100.22
Epoch 143/200, Batch 200, Aver_Loss: 109.00
Epoch 143/200, Batch 300, Aver_Loss: 102.54
Epoch 143/200, Batch 400, Aver_Loss: 100.30
Epoch 144/200, Batch 100, Aver_Loss: 97.68
Epoch 144/200, Batch 200, Aver_Loss: 102.27
Epoch 144/200, Batch 300, Aver_Loss: 105.86
Epoch 144/200, Batch 400, Aver_Loss: 103.30
Epoch 145/200, Batch 100, Aver_Loss: 101.05
Epoch 145/200, Batch 200, Aver_Loss: 102.23
Epoch 145/200, Batch 300, Aver_Loss: 100.76
Epoch 145/200, Batch 400, Aver_Loss: 99.12
Epoch 146/200, Batch 100, Aver_Loss: 107.43
Epoch 146/200, Batch 200, Aver_Loss: 103.27
Epoch 146/200, Batch 300, Aver_Loss: 102.01
Epoch 146/200, Batch 400, Aver_Loss: 107.73
Epoch 147/200, Batch 100, Aver_Loss: 105.49
Epoch 147/200, Batch 200, Aver_Loss: 97.62
Epoch 147/200, Batch 300, Aver_Loss: 102.68
Epoch 147/200, Batch 400, Aver_Loss: 99.57
Epoch 148/200, Batch 100, Aver_Loss: 102.69
Epoch 148/200, Batch 200, Aver_Loss: 105.19
Epoch 148/200, Batch 300, Aver_Loss: 102.57
Epoch 148/200, Batch 400, Aver_Loss: 102.13
Epoch 149/200, Batch 100, Aver_Loss: 100.16
Epoch 149/200, Batch 200, Aver_Loss: 103.68
Epoch 149/200, Batch 300, Aver_Loss: 108.53
Epoch 149/200, Batch 400, Aver_Loss: 104.87
Epoch 150/200, Batch 100, Aver_Loss: 99.13
Epoch 150/200, Batch 200, Aver_Loss: 103.61
Epoch 150/200, Batch 300, Aver_Loss: 100.03
Epoch 150/200, Batch 400, Aver_Loss: 100.22
Epoch 151/200, Batch 100, Aver_Loss: 99.14
Epoch 151/200, Batch 200, Aver_Loss: 110.56
Epoch 151/200, Batch 300, Aver_Loss: 103.30
Epoch 151/200, Batch 400, Aver_Loss: 102.16
Epoch 152/200, Batch 100, Aver_Loss: 101.32
Epoch 152/200, Batch 200, Aver_Loss: 105.44
Epoch 152/200, Batch 300, Aver_Loss: 106.78
Epoch 152/200, Batch 400, Aver_Loss: 100.95
Epoch 153/200, Batch 100, Aver_Loss: 101.92
Epoch 153/200, Batch 200, Aver_Loss: 103.97
Epoch 153/200, Batch 300, Aver_Loss: 103.48
Epoch 153/200, Batch 400, Aver_Loss: 101.38
Epoch 154/200, Batch 100, Aver_Loss: 99.36
Epoch 154/200, Batch 200, Aver_Loss: 104.43
Epoch 154/200, Batch 300, Aver_Loss: 99.67
Epoch 154/200, Batch 400, Aver_Loss: 96.49
Epoch 155/200, Batch 100, Aver_Loss: 106.01
Epoch 155/200, Batch 200, Aver_Loss: 102.80
Epoch 155/200, Batch 300, Aver_Loss: 99.78
Epoch 155/200, Batch 400, Aver_Loss: 101.84
Epoch 156/200, Batch 100, Aver_Loss: 104.26
Epoch 156/200, Batch 200, Aver_Loss: 103.38
Epoch 156/200, Batch 300, Aver_Loss: 102.30
Epoch 156/200, Batch 400, Aver_Loss: 104.17
Epoch 157/200, Batch 100, Aver_Loss: 107.28
Epoch 157/200, Batch 200, Aver_Loss: 99.81
Epoch 157/200, Batch 300, Aver_Loss: 104.60
Epoch 157/200, Batch 400, Aver_Loss: 105.45
Epoch 158/200, Batch 100, Aver_Loss: 99.71
Epoch 158/200, Batch 200, Aver_Loss: 103.44
Epoch 158/200, Batch 300, Aver_Loss: 98.39
Epoch 158/200, Batch 400, Aver_Loss: 101.38
Epoch 159/200, Batch 100, Aver_Loss: 102.83
Epoch 159/200, Batch 200, Aver_Loss: 105.38
Epoch 159/200, Batch 300, Aver_Loss: 105.65
Epoch 159/200, Batch 400, Aver_Loss: 108.64
Epoch 160/200, Batch 100, Aver_Loss: 103.36
Epoch 160/200, Batch 200, Aver_Loss: 100.39
Epoch 160/200, Batch 300, Aver_Loss: 106.85
Epoch 160/200, Batch 400, Aver_Loss: 99.66
Epoch 161/200, Batch 100, Aver_Loss: 99.77
Epoch 161/200, Batch 200, Aver_Loss: 100.97
Epoch 161/200, Batch 300, Aver_Loss: 105.63
Epoch 161/200, Batch 400, Aver_Loss: 101.62
Epoch 162/200, Batch 100, Aver_Loss: 103.88
Epoch 162/200, Batch 200, Aver_Loss: 103.49
Epoch 162/200, Batch 300, Aver_Loss: 103.73
Epoch 162/200, Batch 400, Aver_Loss: 106.27
Epoch 163/200, Batch 100, Aver_Loss: 102.49
Epoch 163/200, Batch 200, Aver_Loss: 100.25
Epoch 163/200, Batch 300, Aver_Loss: 104.08
Epoch 163/200, Batch 400, Aver_Loss: 104.47
Epoch 164/200, Batch 100, Aver_Loss: 106.41
Epoch 164/200, Batch 200, Aver_Loss: 100.46
Epoch 164/200, Batch 300, Aver_Loss: 102.99
Epoch 164/200, Batch 400, Aver_Loss: 104.93
Epoch 165/200, Batch 100, Aver_Loss: 106.08
Epoch 165/200, Batch 200, Aver_Loss: 99.64
Epoch 165/200, Batch 300, Aver_Loss: 102.06
Epoch 165/200, Batch 400, Aver_Loss: 99.68
Epoch 166/200, Batch 100, Aver_Loss: 100.07
Epoch 166/200, Batch 200, Aver_Loss: 103.67
Epoch 166/200, Batch 300, Aver_Loss: 100.30
Epoch 166/200, Batch 400, Aver_Loss: 102.45
Epoch 167/200, Batch 100, Aver_Loss: 100.80
Epoch 167/200, Batch 200, Aver_Loss: 99.78
Epoch 167/200, Batch 300, Aver_Loss: 100.72
Epoch 167/200, Batch 400, Aver_Loss: 103.00
Epoch 168/200, Batch 100, Aver_Loss: 100.50
Epoch 168/200, Batch 200, Aver_Loss: 101.51
Epoch 168/200, Batch 300, Aver_Loss: 99.01
Epoch 168/200, Batch 400, Aver_Loss: 99.05
Epoch 169/200, Batch 100, Aver_Loss: 101.88
Epoch 169/200, Batch 200, Aver_Loss: 105.81
Epoch 169/200, Batch 300, Aver_Loss: 103.88
Epoch 169/200, Batch 400, Aver_Loss: 106.52
Epoch 170/200, Batch 100, Aver_Loss: 102.77
Epoch 170/200, Batch 200, Aver_Loss: 100.51
Epoch 170/200, Batch 300, Aver_Loss: 103.13
Epoch 170/200, Batch 400, Aver_Loss: 99.87
Epoch 171/200, Batch 100, Aver_Loss: 105.92
Epoch 171/200, Batch 200, Aver_Loss: 95.01
Epoch 171/200, Batch 300, Aver_Loss: 101.63
Epoch 171/200, Batch 400, Aver_Loss: 104.06
Epoch 172/200, Batch 100, Aver_Loss: 98.06
Epoch 172/200, Batch 200, Aver_Loss: 104.60
Epoch 172/200, Batch 300, Aver_Loss: 100.14
Epoch 172/200, Batch 400, Aver_Loss: 102.07
Epoch 173/200, Batch 100, Aver_Loss: 98.51
Epoch 173/200, Batch 200, Aver_Loss: 100.54
Epoch 173/200, Batch 300, Aver_Loss: 104.70
Epoch 173/200, Batch 400, Aver_Loss: 102.14
Epoch 174/200, Batch 100, Aver_Loss: 103.87
Epoch 174/200, Batch 200, Aver_Loss: 105.84
Epoch 174/200, Batch 300, Aver_Loss: 102.00
Epoch 174/200, Batch 400, Aver_Loss: 100.94
Epoch 175/200, Batch 100, Aver_Loss: 104.12
Epoch 175/200, Batch 200, Aver_Loss: 103.15
Epoch 175/200, Batch 300, Aver_Loss: 106.03
Epoch 175/200, Batch 400, Aver_Loss: 101.66
Epoch 176/200, Batch 100, Aver_Loss: 105.22
Epoch 176/200, Batch 200, Aver_Loss: 100.57
Epoch 176/200, Batch 300, Aver_Loss: 101.93
Epoch 176/200, Batch 400, Aver_Loss: 105.96
Epoch 177/200, Batch 100, Aver_Loss: 100.77
Epoch 177/200, Batch 200, Aver_Loss: 104.30
Epoch 177/200, Batch 300, Aver_Loss: 101.46
Epoch 177/200, Batch 400, Aver_Loss: 100.38
Epoch 178/200, Batch 100, Aver_Loss: 100.03
Epoch 178/200, Batch 200, Aver_Loss: 103.25
Epoch 178/200, Batch 300, Aver_Loss: 101.30
Epoch 178/200, Batch 400, Aver_Loss: 101.66
Epoch 179/200, Batch 100, Aver_Loss: 99.44
Epoch 179/200, Batch 200, Aver_Loss: 105.64
Epoch 179/200, Batch 300, Aver_Loss: 104.86
Epoch 179/200, Batch 400, Aver_Loss: 100.94
Epoch 180/200, Batch 100, Aver_Loss: 103.88
Epoch 180/200, Batch 200, Aver_Loss: 102.04
Epoch 180/200, Batch 300, Aver_Loss: 105.42
Epoch 180/200, Batch 400, Aver_Loss: 103.45
Epoch 181/200, Batch 100, Aver_Loss: 98.95
Epoch 181/200, Batch 200, Aver_Loss: 100.81
Epoch 181/200, Batch 300, Aver_Loss: 102.88
Epoch 181/200, Batch 400, Aver_Loss: 101.61
Epoch 182/200, Batch 100, Aver_Loss: 103.05
Epoch 182/200, Batch 200, Aver_Loss: 99.25
Epoch 182/200, Batch 300, Aver_Loss: 101.32
Epoch 182/200, Batch 400, Aver_Loss: 105.61
Epoch 183/200, Batch 100, Aver_Loss: 98.14
Epoch 183/200, Batch 200, Aver_Loss: 102.49
Epoch 183/200, Batch 300, Aver_Loss: 99.26
Epoch 183/200, Batch 400, Aver_Loss: 103.17
Epoch 184/200, Batch 100, Aver_Loss: 101.23
Epoch 184/200, Batch 200, Aver_Loss: 104.24
Epoch 184/200, Batch 300, Aver_Loss: 96.66
Epoch 184/200, Batch 400, Aver_Loss: 97.86
Epoch 185/200, Batch 100, Aver_Loss: 105.92
Epoch 185/200, Batch 200, Aver_Loss: 100.80
Epoch 185/200, Batch 300, Aver_Loss: 99.04
Epoch 185/200, Batch 400, Aver_Loss: 97.64
Epoch 186/200, Batch 100, Aver_Loss: 103.25
Epoch 186/200, Batch 200, Aver_Loss: 104.78
Epoch 186/200, Batch 300, Aver_Loss: 101.21
Epoch 186/200, Batch 400, Aver_Loss: 96.59
Epoch 187/200, Batch 100, Aver_Loss: 99.52
Epoch 187/200, Batch 200, Aver_Loss: 101.43
Epoch 187/200, Batch 300, Aver_Loss: 104.02
Epoch 187/200, Batch 400, Aver_Loss: 102.38
Epoch 188/200, Batch 100, Aver_Loss: 104.82
Epoch 188/200, Batch 200, Aver_Loss: 105.77
Epoch 188/200, Batch 300, Aver_Loss: 100.51
Epoch 188/200, Batch 400, Aver_Loss: 99.21
Epoch 189/200, Batch 100, Aver_Loss: 97.38
Epoch 189/200, Batch 200, Aver_Loss: 100.31
Epoch 189/200, Batch 300, Aver_Loss: 105.32
Epoch 189/200, Batch 400, Aver_Loss: 100.08
Epoch 190/200, Batch 100, Aver_Loss: 99.63
Epoch 190/200, Batch 200, Aver_Loss: 99.81
Epoch 190/200, Batch 300, Aver_Loss: 100.10
Epoch 190/200, Batch 400, Aver_Loss: 104.21
Epoch 191/200, Batch 100, Aver_Loss: 97.93
Epoch 191/200, Batch 200, Aver_Loss: 99.99
Epoch 191/200, Batch 300, Aver_Loss: 102.41
Epoch 191/200, Batch 400, Aver_Loss: 104.01
Epoch 192/200, Batch 100, Aver_Loss: 101.34
Epoch 192/200, Batch 200, Aver_Loss: 102.78
Epoch 192/200, Batch 300, Aver_Loss: 104.25
Epoch 192/200, Batch 400, Aver_Loss: 96.22
Epoch 193/200, Batch 100, Aver_Loss: 98.62
Epoch 193/200, Batch 200, Aver_Loss: 101.72
Epoch 193/200, Batch 300, Aver_Loss: 104.45
Epoch 193/200, Batch 400, Aver_Loss: 103.70
Epoch 194/200, Batch 100, Aver_Loss: 103.38
Epoch 194/200, Batch 200, Aver_Loss: 103.22
Epoch 194/200, Batch 300, Aver_Loss: 103.80
Epoch 194/200, Batch 400, Aver_Loss: 101.41
Epoch 195/200, Batch 100, Aver_Loss: 102.69
Epoch 195/200, Batch 200, Aver_Loss: 103.02
Epoch 195/200, Batch 300, Aver_Loss: 103.97
Epoch 195/200, Batch 400, Aver_Loss: 101.32
Epoch 196/200, Batch 100, Aver_Loss: 101.58
Epoch 196/200, Batch 200, Aver_Loss: 104.74
Epoch 196/200, Batch 300, Aver_Loss: 98.84
Epoch 196/200, Batch 400, Aver_Loss: 107.22
Epoch 197/200, Batch 100, Aver_Loss: 102.42
Epoch 197/200, Batch 200, Aver_Loss: 102.13
Epoch 197/200, Batch 300, Aver_Loss: 102.24
Epoch 197/200, Batch 400, Aver_Loss: 106.54
Epoch 198/200, Batch 100, Aver_Loss: 106.39
Epoch 198/200, Batch 200, Aver_Loss: 103.56
Epoch 198/200, Batch 300, Aver_Loss: 104.40
Epoch 198/200, Batch 400, Aver_Loss: 102.38
Epoch 199/200, Batch 100, Aver_Loss: 99.02
Epoch 199/200, Batch 200, Aver_Loss: 102.84
Epoch 199/200, Batch 300, Aver_Loss: 95.83
Epoch 199/200, Batch 400, Aver_Loss: 98.12
Epoch 200/200, Batch 100, Aver_Loss: 105.38
Epoch 200/200, Batch 200, Aver_Loss: 102.32
Epoch 200/200, Batch 300, Aver_Loss: 105.18
Epoch 200/200, Batch 400, Aver_Loss: 102.01
[saved curves] ./results/MNIST_BASIC/curves/mnist_basic_mvae_d256_s777.json

==== Evaluation Summary ====
                 model: mvae
   recon/mse_per_pixel: 0.011992
            elbo/train: -102.046138
             elbo/test: -102.935988
             mse/train: 0.011505
              mse/test: 0.011992
             probe/acc: 0.950730
             probe/nll: 0.167899
           probe/brier: 0.075507
             probe/ece: 0.019231
           cluster/nmi: 0.623254
           cluster/ari: 0.552150
============================

