/usr/bin/which: no fi_info in (/arf/home/meyavuz/.local/bin:/arf/sw/comp/python/intelpython3/condabin:/arf/sw/comp/python/intelpython3/bin:/usr/share/Modules/bin:/usr/local/bin:/usr/bin:/usr/local/sbin:/usr/sbin)
Extension for Scikit-learn* enabled (https://github.com/uxlfoundation/scikit-learn-intelex)
/arf/home/meyavuz/.conda/envs/sbn/lib/python3.9/site-packages/sklearn/linear_model/_logistic.py:1247: FutureWarning: 'multi_class' was deprecated in version 1.5 and will be removed in 1.7. From then on, it will always use 'multinomial'. Leave it to its default value to avoid this warning.
  warnings.warn(
/arf/home/meyavuz/.conda/envs/sbn/lib/python3.9/site-packages/sklearn/linear_model/_sag.py:348: ConvergenceWarning: The max_iter was reached which means the coef_ did not converge
  warnings.warn(
Epoch 1/200, Batch 100, Aver_Loss: 227.66
Epoch 1/200, Batch 200, Aver_Loss: 207.78
Epoch 1/200, Batch 300, Aver_Loss: 199.49
Epoch 1/200, Batch 400, Aver_Loss: 189.10
Epoch 2/200, Batch 100, Aver_Loss: 186.24
Epoch 2/200, Batch 200, Aver_Loss: 190.30
Epoch 2/200, Batch 300, Aver_Loss: 183.49
Epoch 2/200, Batch 400, Aver_Loss: 183.22
Epoch 3/200, Batch 100, Aver_Loss: 174.48
Epoch 3/200, Batch 200, Aver_Loss: 204.81
Epoch 3/200, Batch 300, Aver_Loss: 180.78
Epoch 3/200, Batch 400, Aver_Loss: 169.31
Epoch 4/200, Batch 100, Aver_Loss: 171.64
Epoch 4/200, Batch 200, Aver_Loss: 167.36
Epoch 4/200, Batch 300, Aver_Loss: 165.42
Epoch 4/200, Batch 400, Aver_Loss: 157.00
Epoch 5/200, Batch 100, Aver_Loss: 157.99
Epoch 5/200, Batch 200, Aver_Loss: 152.72
Epoch 5/200, Batch 300, Aver_Loss: 150.69
Epoch 5/200, Batch 400, Aver_Loss: 152.99
Epoch 6/200, Batch 100, Aver_Loss: 147.19
Epoch 6/200, Batch 200, Aver_Loss: 146.68
Epoch 6/200, Batch 300, Aver_Loss: 145.45
Epoch 6/200, Batch 400, Aver_Loss: 143.00
Epoch 7/200, Batch 100, Aver_Loss: 141.53
Epoch 7/200, Batch 200, Aver_Loss: 140.44
Epoch 7/200, Batch 300, Aver_Loss: 139.14
Epoch 7/200, Batch 400, Aver_Loss: 139.26
Epoch 8/200, Batch 100, Aver_Loss: 135.00
Epoch 8/200, Batch 200, Aver_Loss: 136.50
Epoch 8/200, Batch 300, Aver_Loss: 138.17
Epoch 8/200, Batch 400, Aver_Loss: 135.73
Epoch 9/200, Batch 100, Aver_Loss: 139.33
Epoch 9/200, Batch 200, Aver_Loss: 133.44
Epoch 9/200, Batch 300, Aver_Loss: 140.43
Epoch 9/200, Batch 400, Aver_Loss: 136.67
Epoch 10/200, Batch 100, Aver_Loss: 135.29
Epoch 10/200, Batch 200, Aver_Loss: 128.30
Epoch 10/200, Batch 300, Aver_Loss: 134.77
Epoch 10/200, Batch 400, Aver_Loss: 135.45
Epoch 11/200, Batch 100, Aver_Loss: 137.94
Epoch 11/200, Batch 200, Aver_Loss: 135.00
Epoch 11/200, Batch 300, Aver_Loss: 131.37
Epoch 11/200, Batch 400, Aver_Loss: 136.56
Epoch 12/200, Batch 100, Aver_Loss: 132.63
Epoch 12/200, Batch 200, Aver_Loss: 133.31
Epoch 12/200, Batch 300, Aver_Loss: 136.29
Epoch 12/200, Batch 400, Aver_Loss: 135.50
Epoch 13/200, Batch 100, Aver_Loss: 130.59
Epoch 13/200, Batch 200, Aver_Loss: 131.36
Epoch 13/200, Batch 300, Aver_Loss: 130.75
Epoch 13/200, Batch 400, Aver_Loss: 125.82
Epoch 14/200, Batch 100, Aver_Loss: 129.78
Epoch 14/200, Batch 200, Aver_Loss: 133.42
Epoch 14/200, Batch 300, Aver_Loss: 137.91
Epoch 14/200, Batch 400, Aver_Loss: 132.49
Epoch 15/200, Batch 100, Aver_Loss: 129.61
Epoch 15/200, Batch 200, Aver_Loss: 129.06
Epoch 15/200, Batch 300, Aver_Loss: 131.10
Epoch 15/200, Batch 400, Aver_Loss: 133.52
Epoch 16/200, Batch 100, Aver_Loss: 134.99
Epoch 16/200, Batch 200, Aver_Loss: 128.90
Epoch 16/200, Batch 300, Aver_Loss: 136.45
Epoch 16/200, Batch 400, Aver_Loss: 134.23
Epoch 17/200, Batch 100, Aver_Loss: 133.12
Epoch 17/200, Batch 200, Aver_Loss: 133.82
Epoch 17/200, Batch 300, Aver_Loss: 129.72
Epoch 17/200, Batch 400, Aver_Loss: 124.53
Epoch 18/200, Batch 100, Aver_Loss: 131.13
Epoch 18/200, Batch 200, Aver_Loss: 131.54
Epoch 18/200, Batch 300, Aver_Loss: 131.13
Epoch 18/200, Batch 400, Aver_Loss: 127.82
Epoch 19/200, Batch 100, Aver_Loss: 126.20
Epoch 19/200, Batch 200, Aver_Loss: 134.44
Epoch 19/200, Batch 300, Aver_Loss: 135.03
Epoch 19/200, Batch 400, Aver_Loss: 129.74
Epoch 20/200, Batch 100, Aver_Loss: 127.05
Epoch 20/200, Batch 200, Aver_Loss: 129.09
Epoch 20/200, Batch 300, Aver_Loss: 133.27
Epoch 20/200, Batch 400, Aver_Loss: 129.99
Epoch 21/200, Batch 100, Aver_Loss: 127.87
Epoch 21/200, Batch 200, Aver_Loss: 123.86
Epoch 21/200, Batch 300, Aver_Loss: 125.59
Epoch 21/200, Batch 400, Aver_Loss: 129.67
Epoch 22/200, Batch 100, Aver_Loss: 131.69
Epoch 22/200, Batch 200, Aver_Loss: 125.79
Epoch 22/200, Batch 300, Aver_Loss: 126.08
Epoch 22/200, Batch 400, Aver_Loss: 128.73
Epoch 23/200, Batch 100, Aver_Loss: 124.31
Epoch 23/200, Batch 200, Aver_Loss: 128.91
Epoch 23/200, Batch 300, Aver_Loss: 124.70
Epoch 23/200, Batch 400, Aver_Loss: 127.84
Epoch 24/200, Batch 100, Aver_Loss: 128.07
Epoch 24/200, Batch 200, Aver_Loss: 130.41
Epoch 24/200, Batch 300, Aver_Loss: 131.64
Epoch 24/200, Batch 400, Aver_Loss: 129.37
Epoch 25/200, Batch 100, Aver_Loss: 126.70
Epoch 25/200, Batch 200, Aver_Loss: 132.98
Epoch 25/200, Batch 300, Aver_Loss: 132.54
Epoch 25/200, Batch 400, Aver_Loss: 131.64
Epoch 26/200, Batch 100, Aver_Loss: 128.73
Epoch 26/200, Batch 200, Aver_Loss: 122.94
Epoch 26/200, Batch 300, Aver_Loss: 128.52
Epoch 26/200, Batch 400, Aver_Loss: 126.56
Epoch 27/200, Batch 100, Aver_Loss: 124.40
Epoch 27/200, Batch 200, Aver_Loss: 130.88
Epoch 27/200, Batch 300, Aver_Loss: 127.97
Epoch 27/200, Batch 400, Aver_Loss: 133.17
Epoch 28/200, Batch 100, Aver_Loss: 131.64
Epoch 28/200, Batch 200, Aver_Loss: 129.55
Epoch 28/200, Batch 300, Aver_Loss: 131.65
Epoch 28/200, Batch 400, Aver_Loss: 129.73
Epoch 29/200, Batch 100, Aver_Loss: 133.85
Epoch 29/200, Batch 200, Aver_Loss: 129.77
Epoch 29/200, Batch 300, Aver_Loss: 131.00
Epoch 29/200, Batch 400, Aver_Loss: 131.20
Epoch 30/200, Batch 100, Aver_Loss: 124.75
Epoch 30/200, Batch 200, Aver_Loss: 128.35
Epoch 30/200, Batch 300, Aver_Loss: 131.77
Epoch 30/200, Batch 400, Aver_Loss: 131.91
Epoch 31/200, Batch 100, Aver_Loss: 134.74
Epoch 31/200, Batch 200, Aver_Loss: 128.63
Epoch 31/200, Batch 300, Aver_Loss: 126.59
Epoch 31/200, Batch 400, Aver_Loss: 127.13
Epoch 32/200, Batch 100, Aver_Loss: 127.48
Epoch 32/200, Batch 200, Aver_Loss: 130.61
Epoch 32/200, Batch 300, Aver_Loss: 126.82
Epoch 32/200, Batch 400, Aver_Loss: 129.18
Epoch 33/200, Batch 100, Aver_Loss: 126.52
Epoch 33/200, Batch 200, Aver_Loss: 126.54
Epoch 33/200, Batch 300, Aver_Loss: 131.11
Epoch 33/200, Batch 400, Aver_Loss: 129.58
Epoch 34/200, Batch 100, Aver_Loss: 131.43
Epoch 34/200, Batch 200, Aver_Loss: 128.44
Epoch 34/200, Batch 300, Aver_Loss: 128.73
Epoch 34/200, Batch 400, Aver_Loss: 125.11
Epoch 35/200, Batch 100, Aver_Loss: 132.45
Epoch 35/200, Batch 200, Aver_Loss: 130.16
Epoch 35/200, Batch 300, Aver_Loss: 128.17
Epoch 35/200, Batch 400, Aver_Loss: 128.41
Epoch 36/200, Batch 100, Aver_Loss: 127.71
Epoch 36/200, Batch 200, Aver_Loss: 126.64
Epoch 36/200, Batch 300, Aver_Loss: 132.28
Epoch 36/200, Batch 400, Aver_Loss: 127.71
Epoch 37/200, Batch 100, Aver_Loss: 129.74
Epoch 37/200, Batch 200, Aver_Loss: 126.14
Epoch 37/200, Batch 300, Aver_Loss: 131.04
Epoch 37/200, Batch 400, Aver_Loss: 127.52
Epoch 38/200, Batch 100, Aver_Loss: 122.95
Epoch 38/200, Batch 200, Aver_Loss: 127.89
Epoch 38/200, Batch 300, Aver_Loss: 127.02
Epoch 38/200, Batch 400, Aver_Loss: 126.08
Epoch 39/200, Batch 100, Aver_Loss: 129.05
Epoch 39/200, Batch 200, Aver_Loss: 127.67
Epoch 39/200, Batch 300, Aver_Loss: 128.77
Epoch 39/200, Batch 400, Aver_Loss: 123.21
Epoch 40/200, Batch 100, Aver_Loss: 130.60
Epoch 40/200, Batch 200, Aver_Loss: 129.07
Epoch 40/200, Batch 300, Aver_Loss: 130.84
Epoch 40/200, Batch 400, Aver_Loss: 128.73
Epoch 41/200, Batch 100, Aver_Loss: 126.25
Epoch 41/200, Batch 200, Aver_Loss: 127.88
Epoch 41/200, Batch 300, Aver_Loss: 130.08
Epoch 41/200, Batch 400, Aver_Loss: 132.15
Epoch 42/200, Batch 100, Aver_Loss: 126.97
Epoch 42/200, Batch 200, Aver_Loss: 129.80
Epoch 42/200, Batch 300, Aver_Loss: 123.94
Epoch 42/200, Batch 400, Aver_Loss: 128.42
Epoch 43/200, Batch 100, Aver_Loss: 129.78
Epoch 43/200, Batch 200, Aver_Loss: 128.41
Epoch 43/200, Batch 300, Aver_Loss: 126.96
Epoch 43/200, Batch 400, Aver_Loss: 126.69
Epoch 44/200, Batch 100, Aver_Loss: 123.63
Epoch 44/200, Batch 200, Aver_Loss: 130.06
Epoch 44/200, Batch 300, Aver_Loss: 132.12
Epoch 44/200, Batch 400, Aver_Loss: 128.67
Epoch 45/200, Batch 100, Aver_Loss: 125.90
Epoch 45/200, Batch 200, Aver_Loss: 127.96
Epoch 45/200, Batch 300, Aver_Loss: 123.37
Epoch 45/200, Batch 400, Aver_Loss: 126.32
Epoch 46/200, Batch 100, Aver_Loss: 128.06
Epoch 46/200, Batch 200, Aver_Loss: 130.32
Epoch 46/200, Batch 300, Aver_Loss: 124.81
Epoch 46/200, Batch 400, Aver_Loss: 125.66
Epoch 47/200, Batch 100, Aver_Loss: 125.49
Epoch 47/200, Batch 200, Aver_Loss: 126.25
Epoch 47/200, Batch 300, Aver_Loss: 125.51
Epoch 47/200, Batch 400, Aver_Loss: 129.59
Epoch 48/200, Batch 100, Aver_Loss: 126.08
Epoch 48/200, Batch 200, Aver_Loss: 127.88
Epoch 48/200, Batch 300, Aver_Loss: 126.24
Epoch 48/200, Batch 400, Aver_Loss: 127.36
Epoch 49/200, Batch 100, Aver_Loss: 130.93
Epoch 49/200, Batch 200, Aver_Loss: 128.10
Epoch 49/200, Batch 300, Aver_Loss: 130.14
Epoch 49/200, Batch 400, Aver_Loss: 126.79
Epoch 50/200, Batch 100, Aver_Loss: 127.33
Epoch 50/200, Batch 200, Aver_Loss: 124.80
Epoch 50/200, Batch 300, Aver_Loss: 121.01
Epoch 50/200, Batch 400, Aver_Loss: 128.93
Epoch 51/200, Batch 100, Aver_Loss: 126.28
Epoch 51/200, Batch 200, Aver_Loss: 127.62
Epoch 51/200, Batch 300, Aver_Loss: 127.02
Epoch 51/200, Batch 400, Aver_Loss: 129.02
Epoch 52/200, Batch 100, Aver_Loss: 128.77
Epoch 52/200, Batch 200, Aver_Loss: 127.99
Epoch 52/200, Batch 300, Aver_Loss: 127.22
Epoch 52/200, Batch 400, Aver_Loss: 125.52
Epoch 53/200, Batch 100, Aver_Loss: 125.56
Epoch 53/200, Batch 200, Aver_Loss: 126.84
Epoch 53/200, Batch 300, Aver_Loss: 128.78
Epoch 53/200, Batch 400, Aver_Loss: 130.03
Epoch 54/200, Batch 100, Aver_Loss: 126.39
Epoch 54/200, Batch 200, Aver_Loss: 122.22
Epoch 54/200, Batch 300, Aver_Loss: 129.20
Epoch 54/200, Batch 400, Aver_Loss: 127.65
Epoch 55/200, Batch 100, Aver_Loss: 127.65
Epoch 55/200, Batch 200, Aver_Loss: 128.57
Epoch 55/200, Batch 300, Aver_Loss: 127.83
Epoch 55/200, Batch 400, Aver_Loss: 131.54
Epoch 56/200, Batch 100, Aver_Loss: 125.13
Epoch 56/200, Batch 200, Aver_Loss: 125.80
Epoch 56/200, Batch 300, Aver_Loss: 123.50
Epoch 56/200, Batch 400, Aver_Loss: 123.94
Epoch 57/200, Batch 100, Aver_Loss: 127.02
Epoch 57/200, Batch 200, Aver_Loss: 126.57
Epoch 57/200, Batch 300, Aver_Loss: 131.32
Epoch 57/200, Batch 400, Aver_Loss: 123.24
Epoch 58/200, Batch 100, Aver_Loss: 130.23
Epoch 58/200, Batch 200, Aver_Loss: 122.69
Epoch 58/200, Batch 300, Aver_Loss: 123.51
Epoch 58/200, Batch 400, Aver_Loss: 125.70
Epoch 59/200, Batch 100, Aver_Loss: 122.55
Epoch 59/200, Batch 200, Aver_Loss: 131.20
Epoch 59/200, Batch 300, Aver_Loss: 122.17
Epoch 59/200, Batch 400, Aver_Loss: 126.68
Epoch 60/200, Batch 100, Aver_Loss: 123.22
Epoch 60/200, Batch 200, Aver_Loss: 124.57
Epoch 60/200, Batch 300, Aver_Loss: 121.85
Epoch 60/200, Batch 400, Aver_Loss: 121.55
Epoch 61/200, Batch 100, Aver_Loss: 129.07
Epoch 61/200, Batch 200, Aver_Loss: 128.04
Epoch 61/200, Batch 300, Aver_Loss: 128.00
Epoch 61/200, Batch 400, Aver_Loss: 125.40
Epoch 62/200, Batch 100, Aver_Loss: 120.82
Epoch 62/200, Batch 200, Aver_Loss: 128.26
Epoch 62/200, Batch 300, Aver_Loss: 127.90
Epoch 62/200, Batch 400, Aver_Loss: 125.89
Epoch 63/200, Batch 100, Aver_Loss: 128.47
Epoch 63/200, Batch 200, Aver_Loss: 130.99
Epoch 63/200, Batch 300, Aver_Loss: 119.93
Epoch 63/200, Batch 400, Aver_Loss: 131.40
Epoch 64/200, Batch 100, Aver_Loss: 121.64
Epoch 64/200, Batch 200, Aver_Loss: 122.71
Epoch 64/200, Batch 300, Aver_Loss: 126.43
Epoch 64/200, Batch 400, Aver_Loss: 124.05
Epoch 65/200, Batch 100, Aver_Loss: 131.58
Epoch 65/200, Batch 200, Aver_Loss: 125.59
Epoch 65/200, Batch 300, Aver_Loss: 129.36
Epoch 65/200, Batch 400, Aver_Loss: 128.25
Epoch 66/200, Batch 100, Aver_Loss: 130.17
Epoch 66/200, Batch 200, Aver_Loss: 127.47
Epoch 66/200, Batch 300, Aver_Loss: 127.09
Epoch 66/200, Batch 400, Aver_Loss: 129.91
Epoch 67/200, Batch 100, Aver_Loss: 126.51
Epoch 67/200, Batch 200, Aver_Loss: 129.36
Epoch 67/200, Batch 300, Aver_Loss: 131.15
Epoch 67/200, Batch 400, Aver_Loss: 129.12
Epoch 68/200, Batch 100, Aver_Loss: 132.77
Epoch 68/200, Batch 200, Aver_Loss: 125.51
Epoch 68/200, Batch 300, Aver_Loss: 128.36
Epoch 68/200, Batch 400, Aver_Loss: 126.06
Epoch 69/200, Batch 100, Aver_Loss: 127.54
Epoch 69/200, Batch 200, Aver_Loss: 127.51
Epoch 69/200, Batch 300, Aver_Loss: 128.72
Epoch 69/200, Batch 400, Aver_Loss: 127.02
Epoch 70/200, Batch 100, Aver_Loss: 127.87
Epoch 70/200, Batch 200, Aver_Loss: 126.51
Epoch 70/200, Batch 300, Aver_Loss: 127.04
Epoch 70/200, Batch 400, Aver_Loss: 122.48
Epoch 71/200, Batch 100, Aver_Loss: 132.53
Epoch 71/200, Batch 200, Aver_Loss: 128.54
Epoch 71/200, Batch 300, Aver_Loss: 125.80
Epoch 71/200, Batch 400, Aver_Loss: 128.46
Epoch 72/200, Batch 100, Aver_Loss: 120.85
Epoch 72/200, Batch 200, Aver_Loss: 125.98
Epoch 72/200, Batch 300, Aver_Loss: 128.90
Epoch 72/200, Batch 400, Aver_Loss: 127.23
Epoch 73/200, Batch 100, Aver_Loss: 126.52
Epoch 73/200, Batch 200, Aver_Loss: 127.02
Epoch 73/200, Batch 300, Aver_Loss: 125.36
Epoch 73/200, Batch 400, Aver_Loss: 125.31
Epoch 74/200, Batch 100, Aver_Loss: 123.28
Epoch 74/200, Batch 200, Aver_Loss: 123.36
Epoch 74/200, Batch 300, Aver_Loss: 128.82
Epoch 74/200, Batch 400, Aver_Loss: 132.32
Epoch 75/200, Batch 100, Aver_Loss: 126.58
Epoch 75/200, Batch 200, Aver_Loss: 129.57
Epoch 75/200, Batch 300, Aver_Loss: 123.46
Epoch 75/200, Batch 400, Aver_Loss: 129.00
Epoch 76/200, Batch 100, Aver_Loss: 125.85
Epoch 76/200, Batch 200, Aver_Loss: 129.77
Epoch 76/200, Batch 300, Aver_Loss: 125.54
Epoch 76/200, Batch 400, Aver_Loss: 126.85
Epoch 77/200, Batch 100, Aver_Loss: 127.13
Epoch 77/200, Batch 200, Aver_Loss: 127.00
Epoch 77/200, Batch 300, Aver_Loss: 121.06
Epoch 77/200, Batch 400, Aver_Loss: 118.78
Epoch 78/200, Batch 100, Aver_Loss: 128.27
Epoch 78/200, Batch 200, Aver_Loss: 126.14
Epoch 78/200, Batch 300, Aver_Loss: 131.07
Epoch 78/200, Batch 400, Aver_Loss: 127.68
Epoch 79/200, Batch 100, Aver_Loss: 125.45
Epoch 79/200, Batch 200, Aver_Loss: 125.85
Epoch 79/200, Batch 300, Aver_Loss: 128.48
Epoch 79/200, Batch 400, Aver_Loss: 124.93
Epoch 80/200, Batch 100, Aver_Loss: 126.45
Epoch 80/200, Batch 200, Aver_Loss: 129.49
Epoch 80/200, Batch 300, Aver_Loss: 122.70
Epoch 80/200, Batch 400, Aver_Loss: 130.74
Epoch 81/200, Batch 100, Aver_Loss: 121.34
Epoch 81/200, Batch 200, Aver_Loss: 128.42
Epoch 81/200, Batch 300, Aver_Loss: 126.76
Epoch 81/200, Batch 400, Aver_Loss: 123.46
Epoch 82/200, Batch 100, Aver_Loss: 123.34
Epoch 82/200, Batch 200, Aver_Loss: 127.95
Epoch 82/200, Batch 300, Aver_Loss: 125.54
Epoch 82/200, Batch 400, Aver_Loss: 123.73
Epoch 83/200, Batch 100, Aver_Loss: 126.81
Epoch 83/200, Batch 200, Aver_Loss: 131.14
Epoch 83/200, Batch 300, Aver_Loss: 130.68
Epoch 83/200, Batch 400, Aver_Loss: 123.01
Epoch 84/200, Batch 100, Aver_Loss: 125.30
Epoch 84/200, Batch 200, Aver_Loss: 126.75
Epoch 84/200, Batch 300, Aver_Loss: 127.89
Epoch 84/200, Batch 400, Aver_Loss: 127.70
Epoch 85/200, Batch 100, Aver_Loss: 126.06
Epoch 85/200, Batch 200, Aver_Loss: 121.61
Epoch 85/200, Batch 300, Aver_Loss: 125.57
Epoch 85/200, Batch 400, Aver_Loss: 125.26
Epoch 86/200, Batch 100, Aver_Loss: 125.02
Epoch 86/200, Batch 200, Aver_Loss: 130.00
Epoch 86/200, Batch 300, Aver_Loss: 123.87
Epoch 86/200, Batch 400, Aver_Loss: 125.18
Epoch 87/200, Batch 100, Aver_Loss: 127.10
Epoch 87/200, Batch 200, Aver_Loss: 126.22
Epoch 87/200, Batch 300, Aver_Loss: 129.02
Epoch 87/200, Batch 400, Aver_Loss: 125.06
Epoch 88/200, Batch 100, Aver_Loss: 126.89
Epoch 88/200, Batch 200, Aver_Loss: 123.31
Epoch 88/200, Batch 300, Aver_Loss: 128.91
Epoch 88/200, Batch 400, Aver_Loss: 126.99
Epoch 89/200, Batch 100, Aver_Loss: 127.37
Epoch 89/200, Batch 200, Aver_Loss: 129.25
Epoch 89/200, Batch 300, Aver_Loss: 128.12
Epoch 89/200, Batch 400, Aver_Loss: 131.89
Epoch 90/200, Batch 100, Aver_Loss: 130.76
Epoch 90/200, Batch 200, Aver_Loss: 127.69
Epoch 90/200, Batch 300, Aver_Loss: 130.87
Epoch 90/200, Batch 400, Aver_Loss: 129.37
Epoch 91/200, Batch 100, Aver_Loss: 124.30
Epoch 91/200, Batch 200, Aver_Loss: 124.73
Epoch 91/200, Batch 300, Aver_Loss: 125.83
Epoch 91/200, Batch 400, Aver_Loss: 127.74
Epoch 92/200, Batch 100, Aver_Loss: 123.40
Epoch 92/200, Batch 200, Aver_Loss: 126.94
Epoch 92/200, Batch 300, Aver_Loss: 126.30
Epoch 92/200, Batch 400, Aver_Loss: 123.14
Epoch 93/200, Batch 100, Aver_Loss: 129.27
Epoch 93/200, Batch 200, Aver_Loss: 129.03
Epoch 93/200, Batch 300, Aver_Loss: 127.98
Epoch 93/200, Batch 400, Aver_Loss: 124.88
Epoch 94/200, Batch 100, Aver_Loss: 126.52
Epoch 94/200, Batch 200, Aver_Loss: 128.16
Epoch 94/200, Batch 300, Aver_Loss: 125.36
Epoch 94/200, Batch 400, Aver_Loss: 130.68
Epoch 95/200, Batch 100, Aver_Loss: 126.74
Epoch 95/200, Batch 200, Aver_Loss: 128.79
Epoch 95/200, Batch 300, Aver_Loss: 125.51
Epoch 95/200, Batch 400, Aver_Loss: 130.48
Epoch 96/200, Batch 100, Aver_Loss: 123.15
Epoch 96/200, Batch 200, Aver_Loss: 133.25
Epoch 96/200, Batch 300, Aver_Loss: 121.94
Epoch 96/200, Batch 400, Aver_Loss: 125.37
Epoch 97/200, Batch 100, Aver_Loss: 121.69
Epoch 97/200, Batch 200, Aver_Loss: 125.05
Epoch 97/200, Batch 300, Aver_Loss: 130.83
Epoch 97/200, Batch 400, Aver_Loss: 126.17
Epoch 98/200, Batch 100, Aver_Loss: 126.07
Epoch 98/200, Batch 200, Aver_Loss: 128.99
Epoch 98/200, Batch 300, Aver_Loss: 121.82
Epoch 98/200, Batch 400, Aver_Loss: 124.10
Epoch 99/200, Batch 100, Aver_Loss: 122.34
Epoch 99/200, Batch 200, Aver_Loss: 128.92
Epoch 99/200, Batch 300, Aver_Loss: 127.88
Epoch 99/200, Batch 400, Aver_Loss: 125.82
Epoch 100/200, Batch 100, Aver_Loss: 121.44
Epoch 100/200, Batch 200, Aver_Loss: 127.03
Epoch 100/200, Batch 300, Aver_Loss: 131.91
Epoch 100/200, Batch 400, Aver_Loss: 125.36
Epoch 101/200, Batch 100, Aver_Loss: 124.38
Epoch 101/200, Batch 200, Aver_Loss: 124.86
Epoch 101/200, Batch 300, Aver_Loss: 130.32
Epoch 101/200, Batch 400, Aver_Loss: 134.59
Epoch 102/200, Batch 100, Aver_Loss: 127.63
Epoch 102/200, Batch 200, Aver_Loss: 119.87
Epoch 102/200, Batch 300, Aver_Loss: 126.56
Epoch 102/200, Batch 400, Aver_Loss: 129.43
Epoch 103/200, Batch 100, Aver_Loss: 126.00
Epoch 103/200, Batch 200, Aver_Loss: 129.45
Epoch 103/200, Batch 300, Aver_Loss: 127.34
Epoch 103/200, Batch 400, Aver_Loss: 126.09
Epoch 104/200, Batch 100, Aver_Loss: 126.00
Epoch 104/200, Batch 200, Aver_Loss: 129.38
Epoch 104/200, Batch 300, Aver_Loss: 124.79
Epoch 104/200, Batch 400, Aver_Loss: 131.18
Epoch 105/200, Batch 100, Aver_Loss: 126.06
Epoch 105/200, Batch 200, Aver_Loss: 120.84
Epoch 105/200, Batch 300, Aver_Loss: 127.16
Epoch 105/200, Batch 400, Aver_Loss: 128.10
Epoch 106/200, Batch 100, Aver_Loss: 125.75
Epoch 106/200, Batch 200, Aver_Loss: 127.02
Epoch 106/200, Batch 300, Aver_Loss: 129.04
Epoch 106/200, Batch 400, Aver_Loss: 125.17
Epoch 107/200, Batch 100, Aver_Loss: 128.35
Epoch 107/200, Batch 200, Aver_Loss: 127.37
Epoch 107/200, Batch 300, Aver_Loss: 126.56
Epoch 107/200, Batch 400, Aver_Loss: 128.18
Epoch 108/200, Batch 100, Aver_Loss: 125.40
Epoch 108/200, Batch 200, Aver_Loss: 129.12
Epoch 108/200, Batch 300, Aver_Loss: 128.77
Epoch 108/200, Batch 400, Aver_Loss: 125.97
Epoch 109/200, Batch 100, Aver_Loss: 121.85
Epoch 109/200, Batch 200, Aver_Loss: 122.66
Epoch 109/200, Batch 300, Aver_Loss: 121.49
Epoch 109/200, Batch 400, Aver_Loss: 125.69
Epoch 110/200, Batch 100, Aver_Loss: 127.29
Epoch 110/200, Batch 200, Aver_Loss: 124.56
Epoch 110/200, Batch 300, Aver_Loss: 123.86
Epoch 110/200, Batch 400, Aver_Loss: 130.55
Epoch 111/200, Batch 100, Aver_Loss: 123.00
Epoch 111/200, Batch 200, Aver_Loss: 122.57
Epoch 111/200, Batch 300, Aver_Loss: 126.89
Epoch 111/200, Batch 400, Aver_Loss: 130.21
Epoch 112/200, Batch 100, Aver_Loss: 125.83
Epoch 112/200, Batch 200, Aver_Loss: 125.74
Epoch 112/200, Batch 300, Aver_Loss: 126.46
Epoch 112/200, Batch 400, Aver_Loss: 126.75
Epoch 113/200, Batch 100, Aver_Loss: 123.06
Epoch 113/200, Batch 200, Aver_Loss: 123.08
Epoch 113/200, Batch 300, Aver_Loss: 122.75
Epoch 113/200, Batch 400, Aver_Loss: 125.73
Epoch 114/200, Batch 100, Aver_Loss: 124.60
Epoch 114/200, Batch 200, Aver_Loss: 124.40
Epoch 114/200, Batch 300, Aver_Loss: 123.37
Epoch 114/200, Batch 400, Aver_Loss: 130.90
Epoch 115/200, Batch 100, Aver_Loss: 123.48
Epoch 115/200, Batch 200, Aver_Loss: 127.01
Epoch 115/200, Batch 300, Aver_Loss: 126.80
Epoch 115/200, Batch 400, Aver_Loss: 126.19
Epoch 116/200, Batch 100, Aver_Loss: 122.54
Epoch 116/200, Batch 200, Aver_Loss: 129.31
Epoch 116/200, Batch 300, Aver_Loss: 125.85
Epoch 116/200, Batch 400, Aver_Loss: 127.32
Epoch 117/200, Batch 100, Aver_Loss: 128.10
Epoch 117/200, Batch 200, Aver_Loss: 132.52
Epoch 117/200, Batch 300, Aver_Loss: 123.15
Epoch 117/200, Batch 400, Aver_Loss: 122.74
Epoch 118/200, Batch 100, Aver_Loss: 127.95
Epoch 118/200, Batch 200, Aver_Loss: 124.97
Epoch 118/200, Batch 300, Aver_Loss: 127.51
Epoch 118/200, Batch 400, Aver_Loss: 128.05
Epoch 119/200, Batch 100, Aver_Loss: 125.25
Epoch 119/200, Batch 200, Aver_Loss: 125.55
Epoch 119/200, Batch 300, Aver_Loss: 126.40
Epoch 119/200, Batch 400, Aver_Loss: 129.13
Epoch 120/200, Batch 100, Aver_Loss: 127.51
Epoch 120/200, Batch 200, Aver_Loss: 127.55
Epoch 120/200, Batch 300, Aver_Loss: 125.03
Epoch 120/200, Batch 400, Aver_Loss: 125.67
Epoch 121/200, Batch 100, Aver_Loss: 124.67
Epoch 121/200, Batch 200, Aver_Loss: 125.61
Epoch 121/200, Batch 300, Aver_Loss: 123.55
Epoch 121/200, Batch 400, Aver_Loss: 126.11
Epoch 122/200, Batch 100, Aver_Loss: 127.58
Epoch 122/200, Batch 200, Aver_Loss: 124.74
Epoch 122/200, Batch 300, Aver_Loss: 125.37
Epoch 122/200, Batch 400, Aver_Loss: 122.66
Epoch 123/200, Batch 100, Aver_Loss: 125.68
Epoch 123/200, Batch 200, Aver_Loss: 125.43
Epoch 123/200, Batch 300, Aver_Loss: 125.71
Epoch 123/200, Batch 400, Aver_Loss: 131.45
Epoch 124/200, Batch 100, Aver_Loss: 130.62
Epoch 124/200, Batch 200, Aver_Loss: 129.82
Epoch 124/200, Batch 300, Aver_Loss: 128.57
Epoch 124/200, Batch 400, Aver_Loss: 121.62
Epoch 125/200, Batch 100, Aver_Loss: 131.81
Epoch 125/200, Batch 200, Aver_Loss: 126.06
Epoch 125/200, Batch 300, Aver_Loss: 124.07
Epoch 125/200, Batch 400, Aver_Loss: 131.12
Epoch 126/200, Batch 100, Aver_Loss: 125.40
Epoch 126/200, Batch 200, Aver_Loss: 121.44
Epoch 126/200, Batch 300, Aver_Loss: 130.71
Epoch 126/200, Batch 400, Aver_Loss: 127.33
Epoch 127/200, Batch 100, Aver_Loss: 127.45
Epoch 127/200, Batch 200, Aver_Loss: 126.58
Epoch 127/200, Batch 300, Aver_Loss: 129.59
Epoch 127/200, Batch 400, Aver_Loss: 124.16
Epoch 128/200, Batch 100, Aver_Loss: 127.97
Epoch 128/200, Batch 200, Aver_Loss: 123.46
Epoch 128/200, Batch 300, Aver_Loss: 123.89
Epoch 128/200, Batch 400, Aver_Loss: 123.98
Epoch 129/200, Batch 100, Aver_Loss: 127.25
Epoch 129/200, Batch 200, Aver_Loss: 126.31
Epoch 129/200, Batch 300, Aver_Loss: 122.99
Epoch 129/200, Batch 400, Aver_Loss: 128.76
Epoch 130/200, Batch 100, Aver_Loss: 122.94
Epoch 130/200, Batch 200, Aver_Loss: 127.03
Epoch 130/200, Batch 300, Aver_Loss: 129.28
Epoch 130/200, Batch 400, Aver_Loss: 131.04
Epoch 131/200, Batch 100, Aver_Loss: 127.09
Epoch 131/200, Batch 200, Aver_Loss: 123.74
Epoch 131/200, Batch 300, Aver_Loss: 126.32
Epoch 131/200, Batch 400, Aver_Loss: 130.05
Epoch 132/200, Batch 100, Aver_Loss: 126.92
Epoch 132/200, Batch 200, Aver_Loss: 130.34
Epoch 132/200, Batch 300, Aver_Loss: 125.20
Epoch 132/200, Batch 400, Aver_Loss: 122.21
Epoch 133/200, Batch 100, Aver_Loss: 124.02
Epoch 133/200, Batch 200, Aver_Loss: 122.34
Epoch 133/200, Batch 300, Aver_Loss: 129.34
Epoch 133/200, Batch 400, Aver_Loss: 128.00
Epoch 134/200, Batch 100, Aver_Loss: 125.99
Epoch 134/200, Batch 200, Aver_Loss: 123.78
Epoch 134/200, Batch 300, Aver_Loss: 123.94
Epoch 134/200, Batch 400, Aver_Loss: 121.78
Epoch 135/200, Batch 100, Aver_Loss: 130.46
Epoch 135/200, Batch 200, Aver_Loss: 127.09
Epoch 135/200, Batch 300, Aver_Loss: 124.52
Epoch 135/200, Batch 400, Aver_Loss: 125.65
Epoch 136/200, Batch 100, Aver_Loss: 123.87
Epoch 136/200, Batch 200, Aver_Loss: 125.82
Epoch 136/200, Batch 300, Aver_Loss: 126.56
Epoch 136/200, Batch 400, Aver_Loss: 128.10
Epoch 137/200, Batch 100, Aver_Loss: 120.02
Epoch 137/200, Batch 200, Aver_Loss: 125.15
Epoch 137/200, Batch 300, Aver_Loss: 125.96
Epoch 137/200, Batch 400, Aver_Loss: 127.40
Epoch 138/200, Batch 100, Aver_Loss: 122.31
Epoch 138/200, Batch 200, Aver_Loss: 132.49
Epoch 138/200, Batch 300, Aver_Loss: 127.07
Epoch 138/200, Batch 400, Aver_Loss: 126.44
Epoch 139/200, Batch 100, Aver_Loss: 124.21
Epoch 139/200, Batch 200, Aver_Loss: 127.54
Epoch 139/200, Batch 300, Aver_Loss: 127.70
Epoch 139/200, Batch 400, Aver_Loss: 124.60
Epoch 140/200, Batch 100, Aver_Loss: 125.75
Epoch 140/200, Batch 200, Aver_Loss: 127.49
Epoch 140/200, Batch 300, Aver_Loss: 125.75
Epoch 140/200, Batch 400, Aver_Loss: 129.28
Epoch 141/200, Batch 100, Aver_Loss: 131.40
Epoch 141/200, Batch 200, Aver_Loss: 122.33
Epoch 141/200, Batch 300, Aver_Loss: 122.85
Epoch 141/200, Batch 400, Aver_Loss: 126.21
Epoch 142/200, Batch 100, Aver_Loss: 127.66
Epoch 142/200, Batch 200, Aver_Loss: 121.62
Epoch 142/200, Batch 300, Aver_Loss: 126.59
Epoch 142/200, Batch 400, Aver_Loss: 128.65
Epoch 143/200, Batch 100, Aver_Loss: 124.37
Epoch 143/200, Batch 200, Aver_Loss: 127.64
Epoch 143/200, Batch 300, Aver_Loss: 125.31
Epoch 143/200, Batch 400, Aver_Loss: 122.86
Epoch 144/200, Batch 100, Aver_Loss: 124.41
Epoch 144/200, Batch 200, Aver_Loss: 130.54
Epoch 144/200, Batch 300, Aver_Loss: 132.55
Epoch 144/200, Batch 400, Aver_Loss: 127.40
Epoch 145/200, Batch 100, Aver_Loss: 125.74
Epoch 145/200, Batch 200, Aver_Loss: 122.09
Epoch 145/200, Batch 300, Aver_Loss: 120.31
Epoch 145/200, Batch 400, Aver_Loss: 119.41
Epoch 146/200, Batch 100, Aver_Loss: 124.52
Epoch 146/200, Batch 200, Aver_Loss: 120.12
Epoch 146/200, Batch 300, Aver_Loss: 122.43
Epoch 146/200, Batch 400, Aver_Loss: 124.24
Epoch 147/200, Batch 100, Aver_Loss: 127.71
Epoch 147/200, Batch 200, Aver_Loss: 129.31
Epoch 147/200, Batch 300, Aver_Loss: 128.52
Epoch 147/200, Batch 400, Aver_Loss: 125.91
Epoch 148/200, Batch 100, Aver_Loss: 127.60
Epoch 148/200, Batch 200, Aver_Loss: 129.91
Epoch 148/200, Batch 300, Aver_Loss: 130.62
Epoch 148/200, Batch 400, Aver_Loss: 119.45
Epoch 149/200, Batch 100, Aver_Loss: 126.10
Epoch 149/200, Batch 200, Aver_Loss: 127.38
Epoch 149/200, Batch 300, Aver_Loss: 124.21
Epoch 149/200, Batch 400, Aver_Loss: 127.60
Epoch 150/200, Batch 100, Aver_Loss: 122.84
Epoch 150/200, Batch 200, Aver_Loss: 125.19
Epoch 150/200, Batch 300, Aver_Loss: 123.93
Epoch 150/200, Batch 400, Aver_Loss: 127.57
Epoch 151/200, Batch 100, Aver_Loss: 128.59
Epoch 151/200, Batch 200, Aver_Loss: 123.73
Epoch 151/200, Batch 300, Aver_Loss: 125.67
Epoch 151/200, Batch 400, Aver_Loss: 128.63
Epoch 152/200, Batch 100, Aver_Loss: 125.98
Epoch 152/200, Batch 200, Aver_Loss: 122.51
Epoch 152/200, Batch 300, Aver_Loss: 122.91
Epoch 152/200, Batch 400, Aver_Loss: 125.31
Epoch 153/200, Batch 100, Aver_Loss: 126.89
Epoch 153/200, Batch 200, Aver_Loss: 130.74
Epoch 153/200, Batch 300, Aver_Loss: 124.11
Epoch 153/200, Batch 400, Aver_Loss: 128.74
Epoch 154/200, Batch 100, Aver_Loss: 126.96
Epoch 154/200, Batch 200, Aver_Loss: 124.31
Epoch 154/200, Batch 300, Aver_Loss: 130.13
Epoch 154/200, Batch 400, Aver_Loss: 126.09
Epoch 155/200, Batch 100, Aver_Loss: 125.70
Epoch 155/200, Batch 200, Aver_Loss: 123.22
Epoch 155/200, Batch 300, Aver_Loss: 123.75
Epoch 155/200, Batch 400, Aver_Loss: 125.81
Epoch 156/200, Batch 100, Aver_Loss: 124.77
Epoch 156/200, Batch 200, Aver_Loss: 124.57
Epoch 156/200, Batch 300, Aver_Loss: 124.23
Epoch 156/200, Batch 400, Aver_Loss: 121.84
Epoch 157/200, Batch 100, Aver_Loss: 123.82
Epoch 157/200, Batch 200, Aver_Loss: 123.93
Epoch 157/200, Batch 300, Aver_Loss: 123.89
Epoch 157/200, Batch 400, Aver_Loss: 123.80
Epoch 158/200, Batch 100, Aver_Loss: 127.64
Epoch 158/200, Batch 200, Aver_Loss: 125.85
Epoch 158/200, Batch 300, Aver_Loss: 122.50
Epoch 158/200, Batch 400, Aver_Loss: 125.51
Epoch 159/200, Batch 100, Aver_Loss: 126.88
Epoch 159/200, Batch 200, Aver_Loss: 131.60
Epoch 159/200, Batch 300, Aver_Loss: 124.69
Epoch 159/200, Batch 400, Aver_Loss: 126.69
Epoch 160/200, Batch 100, Aver_Loss: 125.91
Epoch 160/200, Batch 200, Aver_Loss: 126.20
Epoch 160/200, Batch 300, Aver_Loss: 125.63
Epoch 160/200, Batch 400, Aver_Loss: 124.46
Epoch 161/200, Batch 100, Aver_Loss: 123.39
Epoch 161/200, Batch 200, Aver_Loss: 124.70
Epoch 161/200, Batch 300, Aver_Loss: 129.13
Epoch 161/200, Batch 400, Aver_Loss: 128.18
Epoch 162/200, Batch 100, Aver_Loss: 123.61
Epoch 162/200, Batch 200, Aver_Loss: 129.30
Epoch 162/200, Batch 300, Aver_Loss: 122.15
Epoch 162/200, Batch 400, Aver_Loss: 128.02
Epoch 163/200, Batch 100, Aver_Loss: 122.04
Epoch 163/200, Batch 200, Aver_Loss: 127.38
Epoch 163/200, Batch 300, Aver_Loss: 129.63
Epoch 163/200, Batch 400, Aver_Loss: 126.80
Epoch 164/200, Batch 100, Aver_Loss: 126.63
Epoch 164/200, Batch 200, Aver_Loss: 123.61
Epoch 164/200, Batch 300, Aver_Loss: 125.83
Epoch 164/200, Batch 400, Aver_Loss: 129.86
Epoch 165/200, Batch 100, Aver_Loss: 128.13
Epoch 165/200, Batch 200, Aver_Loss: 124.99
Epoch 165/200, Batch 300, Aver_Loss: 126.91
Epoch 165/200, Batch 400, Aver_Loss: 122.12
Epoch 166/200, Batch 100, Aver_Loss: 127.75
Epoch 166/200, Batch 200, Aver_Loss: 128.59
Epoch 166/200, Batch 300, Aver_Loss: 125.24
Epoch 166/200, Batch 400, Aver_Loss: 126.10
Epoch 167/200, Batch 100, Aver_Loss: 125.52
Epoch 167/200, Batch 200, Aver_Loss: 122.59
Epoch 167/200, Batch 300, Aver_Loss: 125.84
Epoch 167/200, Batch 400, Aver_Loss: 129.08
Epoch 168/200, Batch 100, Aver_Loss: 125.28
Epoch 168/200, Batch 200, Aver_Loss: 125.64
Epoch 168/200, Batch 300, Aver_Loss: 124.80
Epoch 168/200, Batch 400, Aver_Loss: 125.94
Epoch 169/200, Batch 100, Aver_Loss: 131.73
Epoch 169/200, Batch 200, Aver_Loss: 126.24
Epoch 169/200, Batch 300, Aver_Loss: 122.65
Epoch 169/200, Batch 400, Aver_Loss: 128.29
Epoch 170/200, Batch 100, Aver_Loss: 123.90
Epoch 170/200, Batch 200, Aver_Loss: 126.69
Epoch 170/200, Batch 300, Aver_Loss: 123.41
Epoch 170/200, Batch 400, Aver_Loss: 125.55
Epoch 171/200, Batch 100, Aver_Loss: 126.64
Epoch 171/200, Batch 200, Aver_Loss: 124.13
Epoch 171/200, Batch 300, Aver_Loss: 125.42
Epoch 171/200, Batch 400, Aver_Loss: 124.21
Epoch 172/200, Batch 100, Aver_Loss: 125.46
Epoch 172/200, Batch 200, Aver_Loss: 132.11
Epoch 172/200, Batch 300, Aver_Loss: 123.21
Epoch 172/200, Batch 400, Aver_Loss: 122.96
Epoch 173/200, Batch 100, Aver_Loss: 124.16
Epoch 173/200, Batch 200, Aver_Loss: 122.84
Epoch 173/200, Batch 300, Aver_Loss: 127.75
Epoch 173/200, Batch 400, Aver_Loss: 127.62
Epoch 174/200, Batch 100, Aver_Loss: 120.52
Epoch 174/200, Batch 200, Aver_Loss: 127.69
Epoch 174/200, Batch 300, Aver_Loss: 125.54
Epoch 174/200, Batch 400, Aver_Loss: 125.01
Epoch 175/200, Batch 100, Aver_Loss: 127.99
Epoch 175/200, Batch 200, Aver_Loss: 124.03
Epoch 175/200, Batch 300, Aver_Loss: 124.56
Epoch 175/200, Batch 400, Aver_Loss: 127.29
Epoch 176/200, Batch 100, Aver_Loss: 124.31
Epoch 176/200, Batch 200, Aver_Loss: 124.87
Epoch 176/200, Batch 300, Aver_Loss: 125.10
Epoch 176/200, Batch 400, Aver_Loss: 127.40
Epoch 177/200, Batch 100, Aver_Loss: 130.09
Epoch 177/200, Batch 200, Aver_Loss: 125.34
Epoch 177/200, Batch 300, Aver_Loss: 126.78
Epoch 177/200, Batch 400, Aver_Loss: 125.68
Epoch 178/200, Batch 100, Aver_Loss: 126.69
Epoch 178/200, Batch 200, Aver_Loss: 124.30
Epoch 178/200, Batch 300, Aver_Loss: 125.83
Epoch 178/200, Batch 400, Aver_Loss: 127.51
Epoch 179/200, Batch 100, Aver_Loss: 128.20
Epoch 179/200, Batch 200, Aver_Loss: 126.54
Epoch 179/200, Batch 300, Aver_Loss: 128.08
Epoch 179/200, Batch 400, Aver_Loss: 129.04
Epoch 180/200, Batch 100, Aver_Loss: 123.51
Epoch 180/200, Batch 200, Aver_Loss: 124.13
Epoch 180/200, Batch 300, Aver_Loss: 127.63
Epoch 180/200, Batch 400, Aver_Loss: 121.73
Epoch 181/200, Batch 100, Aver_Loss: 125.85
Epoch 181/200, Batch 200, Aver_Loss: 125.70
Epoch 181/200, Batch 300, Aver_Loss: 127.25
Epoch 181/200, Batch 400, Aver_Loss: 121.03
Epoch 182/200, Batch 100, Aver_Loss: 127.03
Epoch 182/200, Batch 200, Aver_Loss: 128.87
Epoch 182/200, Batch 300, Aver_Loss: 123.18
Epoch 182/200, Batch 400, Aver_Loss: 122.66
Epoch 183/200, Batch 100, Aver_Loss: 124.52
Epoch 183/200, Batch 200, Aver_Loss: 125.56
Epoch 183/200, Batch 300, Aver_Loss: 126.87
Epoch 183/200, Batch 400, Aver_Loss: 127.23
Epoch 184/200, Batch 100, Aver_Loss: 121.35
Epoch 184/200, Batch 200, Aver_Loss: 127.74
Epoch 184/200, Batch 300, Aver_Loss: 123.81
Epoch 184/200, Batch 400, Aver_Loss: 123.10
Epoch 185/200, Batch 100, Aver_Loss: 124.13
Epoch 185/200, Batch 200, Aver_Loss: 123.37
Epoch 185/200, Batch 300, Aver_Loss: 128.57
Epoch 185/200, Batch 400, Aver_Loss: 130.35
Epoch 186/200, Batch 100, Aver_Loss: 126.99
Epoch 186/200, Batch 200, Aver_Loss: 131.61
Epoch 186/200, Batch 300, Aver_Loss: 128.53
Epoch 186/200, Batch 400, Aver_Loss: 124.44
Epoch 187/200, Batch 100, Aver_Loss: 122.79
Epoch 187/200, Batch 200, Aver_Loss: 125.61
Epoch 187/200, Batch 300, Aver_Loss: 128.85
Epoch 187/200, Batch 400, Aver_Loss: 123.66
Epoch 188/200, Batch 100, Aver_Loss: 124.93
Epoch 188/200, Batch 200, Aver_Loss: 125.73
Epoch 188/200, Batch 300, Aver_Loss: 124.35
Epoch 188/200, Batch 400, Aver_Loss: 127.36
Epoch 189/200, Batch 100, Aver_Loss: 122.11
Epoch 189/200, Batch 200, Aver_Loss: 127.05
Epoch 189/200, Batch 300, Aver_Loss: 124.41
Epoch 189/200, Batch 400, Aver_Loss: 130.76
Epoch 190/200, Batch 100, Aver_Loss: 126.47
Epoch 190/200, Batch 200, Aver_Loss: 127.61
Epoch 190/200, Batch 300, Aver_Loss: 125.65
Epoch 190/200, Batch 400, Aver_Loss: 128.35
Epoch 191/200, Batch 100, Aver_Loss: 129.13
Epoch 191/200, Batch 200, Aver_Loss: 123.23
Epoch 191/200, Batch 300, Aver_Loss: 123.32
Epoch 191/200, Batch 400, Aver_Loss: 127.42
Epoch 192/200, Batch 100, Aver_Loss: 127.87
Epoch 192/200, Batch 200, Aver_Loss: 123.89
Epoch 192/200, Batch 300, Aver_Loss: 127.56
Epoch 192/200, Batch 400, Aver_Loss: 130.50
Epoch 193/200, Batch 100, Aver_Loss: 123.26
Epoch 193/200, Batch 200, Aver_Loss: 128.74
Epoch 193/200, Batch 300, Aver_Loss: 121.18
Epoch 193/200, Batch 400, Aver_Loss: 128.34
Epoch 194/200, Batch 100, Aver_Loss: 120.51
Epoch 194/200, Batch 200, Aver_Loss: 128.13
Epoch 194/200, Batch 300, Aver_Loss: 125.65
Epoch 194/200, Batch 400, Aver_Loss: 127.47
Epoch 195/200, Batch 100, Aver_Loss: 122.52
Epoch 195/200, Batch 200, Aver_Loss: 128.46
Epoch 195/200, Batch 300, Aver_Loss: 122.15
Epoch 195/200, Batch 400, Aver_Loss: 126.28
Epoch 196/200, Batch 100, Aver_Loss: 121.55
Epoch 196/200, Batch 200, Aver_Loss: 127.31
Epoch 196/200, Batch 300, Aver_Loss: 131.38
Epoch 196/200, Batch 400, Aver_Loss: 122.65
Epoch 197/200, Batch 100, Aver_Loss: 129.73
Epoch 197/200, Batch 200, Aver_Loss: 127.64
Epoch 197/200, Batch 300, Aver_Loss: 122.07
Epoch 197/200, Batch 400, Aver_Loss: 121.13
Epoch 198/200, Batch 100, Aver_Loss: 123.41
Epoch 198/200, Batch 200, Aver_Loss: 123.51
Epoch 198/200, Batch 300, Aver_Loss: 121.57
Epoch 198/200, Batch 400, Aver_Loss: 122.93
Epoch 199/200, Batch 100, Aver_Loss: 124.69
Epoch 199/200, Batch 200, Aver_Loss: 129.20
Epoch 199/200, Batch 300, Aver_Loss: 122.79
Epoch 199/200, Batch 400, Aver_Loss: 122.45
Epoch 200/200, Batch 100, Aver_Loss: 124.26
Epoch 200/200, Batch 200, Aver_Loss: 127.05
Epoch 200/200, Batch 300, Aver_Loss: 124.54
Epoch 200/200, Batch 400, Aver_Loss: 131.90

==== Evaluation Summary ====
                 model: vae
   recon/mse_per_pixel: 0.014285
            elbo/train: -125.257737
             elbo/test: -126.669954
             mse/train: 0.013775
              mse/test: 0.014285
             probe/acc: 0.697016
             probe/nll: 0.936684
           probe/brier: 0.426815
             probe/ece: 0.079141
           cluster/nmi: 0.116122
           cluster/ari: 0.060425
============================

[saved curves] ./results/MNIST_ROTATED/curves/mnist_rotated_vae_d512_s777.json
