/usr/bin/which: no fi_info in (/arf/home/meyavuz/.local/bin:/arf/sw/comp/python/intelpython3/condabin:/arf/sw/comp/python/intelpython3/bin:/usr/share/Modules/bin:/usr/local/bin:/usr/bin:/usr/local/sbin:/usr/sbin)
Extension for Scikit-learn* enabled (https://github.com/uxlfoundation/scikit-learn-intelex)
/arf/home/meyavuz/.conda/envs/sbn/lib/python3.9/site-packages/sklearn/linear_model/_logistic.py:1247: FutureWarning: 'multi_class' was deprecated in version 1.5 and will be removed in 1.7. From then on, it will always use 'multinomial'. Leave it to its default value to avoid this warning.
  warnings.warn(
Epoch 1/200, Batch 100, Aver_Loss: 168.07
Epoch 1/200, Batch 200, Aver_Loss: 142.29
Epoch 1/200, Batch 300, Aver_Loss: 137.77
Epoch 1/200, Batch 400, Aver_Loss: 129.41
Epoch 2/200, Batch 100, Aver_Loss: 131.35
Epoch 2/200, Batch 200, Aver_Loss: 127.60
Epoch 2/200, Batch 300, Aver_Loss: 125.62
Epoch 2/200, Batch 400, Aver_Loss: 129.83
Epoch 3/200, Batch 100, Aver_Loss: 120.43
Epoch 3/200, Batch 200, Aver_Loss: 127.08
Epoch 3/200, Batch 300, Aver_Loss: 124.19
Epoch 3/200, Batch 400, Aver_Loss: 119.39
Epoch 4/200, Batch 100, Aver_Loss: 119.93
Epoch 4/200, Batch 200, Aver_Loss: 117.96
Epoch 4/200, Batch 300, Aver_Loss: 116.89
Epoch 4/200, Batch 400, Aver_Loss: 119.68
Epoch 5/200, Batch 100, Aver_Loss: 118.55
Epoch 5/200, Batch 200, Aver_Loss: 112.81
Epoch 5/200, Batch 300, Aver_Loss: 114.13
Epoch 5/200, Batch 400, Aver_Loss: 113.23
Epoch 6/200, Batch 100, Aver_Loss: 117.09
Epoch 6/200, Batch 200, Aver_Loss: 115.90
Epoch 6/200, Batch 300, Aver_Loss: 110.47
Epoch 6/200, Batch 400, Aver_Loss: 115.81
Epoch 7/200, Batch 100, Aver_Loss: 111.21
Epoch 7/200, Batch 200, Aver_Loss: 113.20
Epoch 7/200, Batch 300, Aver_Loss: 114.03
Epoch 7/200, Batch 400, Aver_Loss: 107.96
Epoch 8/200, Batch 100, Aver_Loss: 108.07
Epoch 8/200, Batch 200, Aver_Loss: 113.03
Epoch 8/200, Batch 300, Aver_Loss: 110.69
Epoch 8/200, Batch 400, Aver_Loss: 108.12
Epoch 9/200, Batch 100, Aver_Loss: 108.55
Epoch 9/200, Batch 200, Aver_Loss: 111.40
Epoch 9/200, Batch 300, Aver_Loss: 114.46
Epoch 9/200, Batch 400, Aver_Loss: 107.89
Epoch 10/200, Batch 100, Aver_Loss: 104.63
Epoch 10/200, Batch 200, Aver_Loss: 109.06
Epoch 10/200, Batch 300, Aver_Loss: 105.42
Epoch 10/200, Batch 400, Aver_Loss: 108.23
Epoch 11/200, Batch 100, Aver_Loss: 104.87
Epoch 11/200, Batch 200, Aver_Loss: 102.10
Epoch 11/200, Batch 300, Aver_Loss: 106.64
Epoch 11/200, Batch 400, Aver_Loss: 110.31
Epoch 12/200, Batch 100, Aver_Loss: 111.75
Epoch 12/200, Batch 200, Aver_Loss: 108.23
Epoch 12/200, Batch 300, Aver_Loss: 106.60
Epoch 12/200, Batch 400, Aver_Loss: 106.56
Epoch 13/200, Batch 100, Aver_Loss: 107.11
Epoch 13/200, Batch 200, Aver_Loss: 108.32
Epoch 13/200, Batch 300, Aver_Loss: 100.42
Epoch 13/200, Batch 400, Aver_Loss: 102.12
Epoch 14/200, Batch 100, Aver_Loss: 109.13
Epoch 14/200, Batch 200, Aver_Loss: 107.41
Epoch 14/200, Batch 300, Aver_Loss: 102.92
Epoch 14/200, Batch 400, Aver_Loss: 108.10
Epoch 15/200, Batch 100, Aver_Loss: 104.58
Epoch 15/200, Batch 200, Aver_Loss: 106.80
Epoch 15/200, Batch 300, Aver_Loss: 105.88
Epoch 15/200, Batch 400, Aver_Loss: 104.33
Epoch 16/200, Batch 100, Aver_Loss: 106.62
Epoch 16/200, Batch 200, Aver_Loss: 106.17
Epoch 16/200, Batch 300, Aver_Loss: 99.69
Epoch 16/200, Batch 400, Aver_Loss: 107.69
Epoch 17/200, Batch 100, Aver_Loss: 108.19
Epoch 17/200, Batch 200, Aver_Loss: 105.71
Epoch 17/200, Batch 300, Aver_Loss: 104.04
Epoch 17/200, Batch 400, Aver_Loss: 103.76
Epoch 18/200, Batch 100, Aver_Loss: 105.24
Epoch 18/200, Batch 200, Aver_Loss: 105.50
Epoch 18/200, Batch 300, Aver_Loss: 110.72
Epoch 18/200, Batch 400, Aver_Loss: 110.45
Epoch 19/200, Batch 100, Aver_Loss: 105.29
Epoch 19/200, Batch 200, Aver_Loss: 102.44
Epoch 19/200, Batch 300, Aver_Loss: 105.43
Epoch 19/200, Batch 400, Aver_Loss: 105.87
Epoch 20/200, Batch 100, Aver_Loss: 102.26
Epoch 20/200, Batch 200, Aver_Loss: 104.43
Epoch 20/200, Batch 300, Aver_Loss: 107.82
Epoch 20/200, Batch 400, Aver_Loss: 107.90
Epoch 21/200, Batch 100, Aver_Loss: 104.63
Epoch 21/200, Batch 200, Aver_Loss: 99.40
Epoch 21/200, Batch 300, Aver_Loss: 103.50
Epoch 21/200, Batch 400, Aver_Loss: 103.46
Epoch 22/200, Batch 100, Aver_Loss: 105.30
Epoch 22/200, Batch 200, Aver_Loss: 107.83
Epoch 22/200, Batch 300, Aver_Loss: 105.37
Epoch 22/200, Batch 400, Aver_Loss: 106.57
Epoch 23/200, Batch 100, Aver_Loss: 103.09
Epoch 23/200, Batch 200, Aver_Loss: 104.51
Epoch 23/200, Batch 300, Aver_Loss: 106.08
Epoch 23/200, Batch 400, Aver_Loss: 102.33
Epoch 24/200, Batch 100, Aver_Loss: 101.18
Epoch 24/200, Batch 200, Aver_Loss: 104.01
Epoch 24/200, Batch 300, Aver_Loss: 105.88
Epoch 24/200, Batch 400, Aver_Loss: 107.29
Epoch 25/200, Batch 100, Aver_Loss: 105.85
Epoch 25/200, Batch 200, Aver_Loss: 102.67
Epoch 25/200, Batch 300, Aver_Loss: 101.48
Epoch 25/200, Batch 400, Aver_Loss: 103.67
Epoch 26/200, Batch 100, Aver_Loss: 106.78
Epoch 26/200, Batch 200, Aver_Loss: 105.64
Epoch 26/200, Batch 300, Aver_Loss: 104.16
Epoch 26/200, Batch 400, Aver_Loss: 101.76
Epoch 27/200, Batch 100, Aver_Loss: 104.00
Epoch 27/200, Batch 200, Aver_Loss: 106.57
Epoch 27/200, Batch 300, Aver_Loss: 103.58
Epoch 27/200, Batch 400, Aver_Loss: 103.93
Epoch 28/200, Batch 100, Aver_Loss: 102.29
Epoch 28/200, Batch 200, Aver_Loss: 105.22
Epoch 28/200, Batch 300, Aver_Loss: 105.46
Epoch 28/200, Batch 400, Aver_Loss: 104.73
Epoch 29/200, Batch 100, Aver_Loss: 101.77
Epoch 29/200, Batch 200, Aver_Loss: 99.17
Epoch 29/200, Batch 300, Aver_Loss: 105.31
Epoch 29/200, Batch 400, Aver_Loss: 101.14
Epoch 30/200, Batch 100, Aver_Loss: 103.29
Epoch 30/200, Batch 200, Aver_Loss: 106.40
Epoch 30/200, Batch 300, Aver_Loss: 104.48
Epoch 30/200, Batch 400, Aver_Loss: 104.99
Epoch 31/200, Batch 100, Aver_Loss: 103.82
Epoch 31/200, Batch 200, Aver_Loss: 104.65
Epoch 31/200, Batch 300, Aver_Loss: 101.05
Epoch 31/200, Batch 400, Aver_Loss: 105.22
Epoch 32/200, Batch 100, Aver_Loss: 103.22
Epoch 32/200, Batch 200, Aver_Loss: 104.41
Epoch 32/200, Batch 300, Aver_Loss: 111.91
Epoch 32/200, Batch 400, Aver_Loss: 108.76
Epoch 33/200, Batch 100, Aver_Loss: 104.23
Epoch 33/200, Batch 200, Aver_Loss: 103.84
Epoch 33/200, Batch 300, Aver_Loss: 105.90
Epoch 33/200, Batch 400, Aver_Loss: 107.74
Epoch 34/200, Batch 100, Aver_Loss: 103.70
Epoch 34/200, Batch 200, Aver_Loss: 105.15
Epoch 34/200, Batch 300, Aver_Loss: 97.00
Epoch 34/200, Batch 400, Aver_Loss: 104.84
Epoch 35/200, Batch 100, Aver_Loss: 103.77
Epoch 35/200, Batch 200, Aver_Loss: 103.22
Epoch 35/200, Batch 300, Aver_Loss: 99.91
Epoch 35/200, Batch 400, Aver_Loss: 104.03
Epoch 36/200, Batch 100, Aver_Loss: 103.45
Epoch 36/200, Batch 200, Aver_Loss: 106.54
Epoch 36/200, Batch 300, Aver_Loss: 102.68
Epoch 36/200, Batch 400, Aver_Loss: 104.22
Epoch 37/200, Batch 100, Aver_Loss: 103.68
Epoch 37/200, Batch 200, Aver_Loss: 104.41
Epoch 37/200, Batch 300, Aver_Loss: 102.70
Epoch 37/200, Batch 400, Aver_Loss: 104.12
Epoch 38/200, Batch 100, Aver_Loss: 98.70
Epoch 38/200, Batch 200, Aver_Loss: 106.00
Epoch 38/200, Batch 300, Aver_Loss: 100.70
Epoch 38/200, Batch 400, Aver_Loss: 106.64
Epoch 39/200, Batch 100, Aver_Loss: 106.42
Epoch 39/200, Batch 200, Aver_Loss: 103.55
Epoch 39/200, Batch 300, Aver_Loss: 101.77
Epoch 39/200, Batch 400, Aver_Loss: 101.20
Epoch 40/200, Batch 100, Aver_Loss: 102.68
Epoch 40/200, Batch 200, Aver_Loss: 99.36
Epoch 40/200, Batch 300, Aver_Loss: 100.68
Epoch 40/200, Batch 400, Aver_Loss: 102.46
Epoch 41/200, Batch 100, Aver_Loss: 99.14
Epoch 41/200, Batch 200, Aver_Loss: 101.46
Epoch 41/200, Batch 300, Aver_Loss: 100.05
Epoch 41/200, Batch 400, Aver_Loss: 102.49
Epoch 42/200, Batch 100, Aver_Loss: 99.84
Epoch 42/200, Batch 200, Aver_Loss: 104.55
Epoch 42/200, Batch 300, Aver_Loss: 97.96
Epoch 42/200, Batch 400, Aver_Loss: 100.97
Epoch 43/200, Batch 100, Aver_Loss: 101.29
Epoch 43/200, Batch 200, Aver_Loss: 102.18
Epoch 43/200, Batch 300, Aver_Loss: 103.39
Epoch 43/200, Batch 400, Aver_Loss: 106.01
Epoch 44/200, Batch 100, Aver_Loss: 107.92
Epoch 44/200, Batch 200, Aver_Loss: 107.21
Epoch 44/200, Batch 300, Aver_Loss: 106.60
Epoch 44/200, Batch 400, Aver_Loss: 100.52
Epoch 45/200, Batch 100, Aver_Loss: 102.93
Epoch 45/200, Batch 200, Aver_Loss: 104.10
Epoch 45/200, Batch 300, Aver_Loss: 103.66
Epoch 45/200, Batch 400, Aver_Loss: 105.24
Epoch 46/200, Batch 100, Aver_Loss: 103.84
Epoch 46/200, Batch 200, Aver_Loss: 105.87
Epoch 46/200, Batch 300, Aver_Loss: 100.93
Epoch 46/200, Batch 400, Aver_Loss: 102.89
Epoch 47/200, Batch 100, Aver_Loss: 100.91
Epoch 47/200, Batch 200, Aver_Loss: 101.94
Epoch 47/200, Batch 300, Aver_Loss: 99.65
Epoch 47/200, Batch 400, Aver_Loss: 103.62
Epoch 48/200, Batch 100, Aver_Loss: 100.47
Epoch 48/200, Batch 200, Aver_Loss: 103.09
Epoch 48/200, Batch 300, Aver_Loss: 105.66
Epoch 48/200, Batch 400, Aver_Loss: 108.06
Epoch 49/200, Batch 100, Aver_Loss: 103.78
Epoch 49/200, Batch 200, Aver_Loss: 105.47
Epoch 49/200, Batch 300, Aver_Loss: 104.03
Epoch 49/200, Batch 400, Aver_Loss: 101.57
Epoch 50/200, Batch 100, Aver_Loss: 102.28
Epoch 50/200, Batch 200, Aver_Loss: 95.25
Epoch 50/200, Batch 300, Aver_Loss: 102.95
Epoch 50/200, Batch 400, Aver_Loss: 103.00
Epoch 51/200, Batch 100, Aver_Loss: 103.93
Epoch 51/200, Batch 200, Aver_Loss: 102.07
Epoch 51/200, Batch 300, Aver_Loss: 103.59
Epoch 51/200, Batch 400, Aver_Loss: 102.67
Epoch 52/200, Batch 100, Aver_Loss: 102.86
Epoch 52/200, Batch 200, Aver_Loss: 104.82
Epoch 52/200, Batch 300, Aver_Loss: 101.01
Epoch 52/200, Batch 400, Aver_Loss: 102.77
Epoch 53/200, Batch 100, Aver_Loss: 103.51
Epoch 53/200, Batch 200, Aver_Loss: 103.64
Epoch 53/200, Batch 300, Aver_Loss: 104.98
Epoch 53/200, Batch 400, Aver_Loss: 101.96
Epoch 54/200, Batch 100, Aver_Loss: 100.22
Epoch 54/200, Batch 200, Aver_Loss: 103.22
Epoch 54/200, Batch 300, Aver_Loss: 104.64
Epoch 54/200, Batch 400, Aver_Loss: 100.75
Epoch 55/200, Batch 100, Aver_Loss: 103.95
Epoch 55/200, Batch 200, Aver_Loss: 102.36
Epoch 55/200, Batch 300, Aver_Loss: 105.46
Epoch 55/200, Batch 400, Aver_Loss: 101.55
Epoch 56/200, Batch 100, Aver_Loss: 102.83
Epoch 56/200, Batch 200, Aver_Loss: 100.62
Epoch 56/200, Batch 300, Aver_Loss: 100.37
Epoch 56/200, Batch 400, Aver_Loss: 100.93
Epoch 57/200, Batch 100, Aver_Loss: 103.40
Epoch 57/200, Batch 200, Aver_Loss: 103.42
Epoch 57/200, Batch 300, Aver_Loss: 102.17
Epoch 57/200, Batch 400, Aver_Loss: 99.92
Epoch 58/200, Batch 100, Aver_Loss: 101.58
Epoch 58/200, Batch 200, Aver_Loss: 103.08
Epoch 58/200, Batch 300, Aver_Loss: 105.38
Epoch 58/200, Batch 400, Aver_Loss: 102.34
Epoch 59/200, Batch 100, Aver_Loss: 101.89
Epoch 59/200, Batch 200, Aver_Loss: 105.28
Epoch 59/200, Batch 300, Aver_Loss: 105.96
Epoch 59/200, Batch 400, Aver_Loss: 102.21
Epoch 60/200, Batch 100, Aver_Loss: 100.37
Epoch 60/200, Batch 200, Aver_Loss: 99.95
Epoch 60/200, Batch 300, Aver_Loss: 99.75
Epoch 60/200, Batch 400, Aver_Loss: 99.45
Epoch 61/200, Batch 100, Aver_Loss: 105.36
Epoch 61/200, Batch 200, Aver_Loss: 98.02
Epoch 61/200, Batch 300, Aver_Loss: 99.63
Epoch 61/200, Batch 400, Aver_Loss: 103.08
Epoch 62/200, Batch 100, Aver_Loss: 98.86
Epoch 62/200, Batch 200, Aver_Loss: 105.40
Epoch 62/200, Batch 300, Aver_Loss: 102.17
Epoch 62/200, Batch 400, Aver_Loss: 100.86
Epoch 63/200, Batch 100, Aver_Loss: 103.26
Epoch 63/200, Batch 200, Aver_Loss: 102.30
Epoch 63/200, Batch 300, Aver_Loss: 99.04
Epoch 63/200, Batch 400, Aver_Loss: 96.05
Epoch 64/200, Batch 100, Aver_Loss: 100.24
Epoch 64/200, Batch 200, Aver_Loss: 105.07
Epoch 64/200, Batch 300, Aver_Loss: 98.21
Epoch 64/200, Batch 400, Aver_Loss: 98.87
Epoch 65/200, Batch 100, Aver_Loss: 107.27
Epoch 65/200, Batch 200, Aver_Loss: 105.01
Epoch 65/200, Batch 300, Aver_Loss: 102.06
Epoch 65/200, Batch 400, Aver_Loss: 100.78
Epoch 66/200, Batch 100, Aver_Loss: 103.56
Epoch 66/200, Batch 200, Aver_Loss: 102.37
Epoch 66/200, Batch 300, Aver_Loss: 99.51
Epoch 66/200, Batch 400, Aver_Loss: 104.04
Epoch 67/200, Batch 100, Aver_Loss: 100.54
Epoch 67/200, Batch 200, Aver_Loss: 103.05
Epoch 67/200, Batch 300, Aver_Loss: 103.26
Epoch 67/200, Batch 400, Aver_Loss: 100.97
Epoch 68/200, Batch 100, Aver_Loss: 101.79
Epoch 68/200, Batch 200, Aver_Loss: 104.99
Epoch 68/200, Batch 300, Aver_Loss: 103.39
Epoch 68/200, Batch 400, Aver_Loss: 107.69
Epoch 69/200, Batch 100, Aver_Loss: 102.54
Epoch 69/200, Batch 200, Aver_Loss: 97.70
Epoch 69/200, Batch 300, Aver_Loss: 104.21
Epoch 69/200, Batch 400, Aver_Loss: 103.13
Epoch 70/200, Batch 100, Aver_Loss: 103.44
Epoch 70/200, Batch 200, Aver_Loss: 102.06
Epoch 70/200, Batch 300, Aver_Loss: 101.61
Epoch 70/200, Batch 400, Aver_Loss: 102.61
Epoch 71/200, Batch 100, Aver_Loss: 100.98
Epoch 71/200, Batch 200, Aver_Loss: 103.99
Epoch 71/200, Batch 300, Aver_Loss: 103.85
Epoch 71/200, Batch 400, Aver_Loss: 107.21
Epoch 72/200, Batch 100, Aver_Loss: 100.65
Epoch 72/200, Batch 200, Aver_Loss: 96.19
Epoch 72/200, Batch 300, Aver_Loss: 100.66
Epoch 72/200, Batch 400, Aver_Loss: 100.67
Epoch 73/200, Batch 100, Aver_Loss: 97.30
Epoch 73/200, Batch 200, Aver_Loss: 97.44
Epoch 73/200, Batch 300, Aver_Loss: 100.49
Epoch 73/200, Batch 400, Aver_Loss: 94.62
Epoch 74/200, Batch 100, Aver_Loss: 100.95
Epoch 74/200, Batch 200, Aver_Loss: 100.04
Epoch 74/200, Batch 300, Aver_Loss: 103.76
Epoch 74/200, Batch 400, Aver_Loss: 104.01
Epoch 75/200, Batch 100, Aver_Loss: 102.56
Epoch 75/200, Batch 200, Aver_Loss: 102.49
Epoch 75/200, Batch 300, Aver_Loss: 101.12
Epoch 75/200, Batch 400, Aver_Loss: 100.00
Epoch 76/200, Batch 100, Aver_Loss: 98.57
Epoch 76/200, Batch 200, Aver_Loss: 98.95
Epoch 76/200, Batch 300, Aver_Loss: 100.03
Epoch 76/200, Batch 400, Aver_Loss: 103.41
Epoch 77/200, Batch 100, Aver_Loss: 102.26
Epoch 77/200, Batch 200, Aver_Loss: 104.16
Epoch 77/200, Batch 300, Aver_Loss: 103.18
Epoch 77/200, Batch 400, Aver_Loss: 97.91
Epoch 78/200, Batch 100, Aver_Loss: 102.67
Epoch 78/200, Batch 200, Aver_Loss: 104.55
Epoch 78/200, Batch 300, Aver_Loss: 99.89
Epoch 78/200, Batch 400, Aver_Loss: 103.79
Epoch 79/200, Batch 100, Aver_Loss: 100.03
Epoch 79/200, Batch 200, Aver_Loss: 104.12
Epoch 79/200, Batch 300, Aver_Loss: 102.20
Epoch 79/200, Batch 400, Aver_Loss: 100.71
Epoch 80/200, Batch 100, Aver_Loss: 99.69
Epoch 80/200, Batch 200, Aver_Loss: 102.09
Epoch 80/200, Batch 300, Aver_Loss: 101.35
Epoch 80/200, Batch 400, Aver_Loss: 100.28
Epoch 81/200, Batch 100, Aver_Loss: 97.74
Epoch 81/200, Batch 200, Aver_Loss: 102.05
Epoch 81/200, Batch 300, Aver_Loss: 97.65
Epoch 81/200, Batch 400, Aver_Loss: 98.49
Epoch 82/200, Batch 100, Aver_Loss: 100.05
Epoch 82/200, Batch 200, Aver_Loss: 100.75
Epoch 82/200, Batch 300, Aver_Loss: 97.00
Epoch 82/200, Batch 400, Aver_Loss: 101.93
Epoch 83/200, Batch 100, Aver_Loss: 104.36
Epoch 83/200, Batch 200, Aver_Loss: 102.67
Epoch 83/200, Batch 300, Aver_Loss: 99.73
Epoch 83/200, Batch 400, Aver_Loss: 98.25
Epoch 84/200, Batch 100, Aver_Loss: 102.56
Epoch 84/200, Batch 200, Aver_Loss: 102.61
Epoch 84/200, Batch 300, Aver_Loss: 96.58
Epoch 84/200, Batch 400, Aver_Loss: 100.46
Epoch 85/200, Batch 100, Aver_Loss: 99.58
Epoch 85/200, Batch 200, Aver_Loss: 103.57
Epoch 85/200, Batch 300, Aver_Loss: 100.75
Epoch 85/200, Batch 400, Aver_Loss: 106.36
Epoch 86/200, Batch 100, Aver_Loss: 100.26
Epoch 86/200, Batch 200, Aver_Loss: 97.84
Epoch 86/200, Batch 300, Aver_Loss: 102.44
Epoch 86/200, Batch 400, Aver_Loss: 100.06
Epoch 87/200, Batch 100, Aver_Loss: 101.19
Epoch 87/200, Batch 200, Aver_Loss: 99.25
Epoch 87/200, Batch 300, Aver_Loss: 104.37
Epoch 87/200, Batch 400, Aver_Loss: 102.30
Epoch 88/200, Batch 100, Aver_Loss: 103.13
Epoch 88/200, Batch 200, Aver_Loss: 98.33
Epoch 88/200, Batch 300, Aver_Loss: 102.81
Epoch 88/200, Batch 400, Aver_Loss: 99.89
Epoch 89/200, Batch 100, Aver_Loss: 97.92
Epoch 89/200, Batch 200, Aver_Loss: 100.26
Epoch 89/200, Batch 300, Aver_Loss: 100.02
Epoch 89/200, Batch 400, Aver_Loss: 99.89
Epoch 90/200, Batch 100, Aver_Loss: 99.49
Epoch 90/200, Batch 200, Aver_Loss: 99.88
Epoch 90/200, Batch 300, Aver_Loss: 102.92
Epoch 90/200, Batch 400, Aver_Loss: 98.43
Epoch 91/200, Batch 100, Aver_Loss: 98.82
Epoch 91/200, Batch 200, Aver_Loss: 99.44
Epoch 91/200, Batch 300, Aver_Loss: 99.60
Epoch 91/200, Batch 400, Aver_Loss: 98.28
Epoch 92/200, Batch 100, Aver_Loss: 100.87
Epoch 92/200, Batch 200, Aver_Loss: 101.12
Epoch 92/200, Batch 300, Aver_Loss: 99.38
Epoch 92/200, Batch 400, Aver_Loss: 100.16
Epoch 93/200, Batch 100, Aver_Loss: 99.68
Epoch 93/200, Batch 200, Aver_Loss: 102.65
Epoch 93/200, Batch 300, Aver_Loss: 101.53
Epoch 93/200, Batch 400, Aver_Loss: 98.87
Epoch 94/200, Batch 100, Aver_Loss: 102.87
Epoch 94/200, Batch 200, Aver_Loss: 102.75
Epoch 94/200, Batch 300, Aver_Loss: 103.49
Epoch 94/200, Batch 400, Aver_Loss: 102.33
Epoch 95/200, Batch 100, Aver_Loss: 98.48
Epoch 95/200, Batch 200, Aver_Loss: 99.98
Epoch 95/200, Batch 300, Aver_Loss: 103.65
Epoch 95/200, Batch 400, Aver_Loss: 100.52
Epoch 96/200, Batch 100, Aver_Loss: 100.47
Epoch 96/200, Batch 200, Aver_Loss: 102.33
Epoch 96/200, Batch 300, Aver_Loss: 101.31
Epoch 96/200, Batch 400, Aver_Loss: 100.96
Epoch 97/200, Batch 100, Aver_Loss: 98.47
Epoch 97/200, Batch 200, Aver_Loss: 101.82
Epoch 97/200, Batch 300, Aver_Loss: 102.22
Epoch 97/200, Batch 400, Aver_Loss: 98.74
Epoch 98/200, Batch 100, Aver_Loss: 98.61
Epoch 98/200, Batch 200, Aver_Loss: 100.38
Epoch 98/200, Batch 300, Aver_Loss: 102.55
Epoch 98/200, Batch 400, Aver_Loss: 101.69
Epoch 99/200, Batch 100, Aver_Loss: 98.08
Epoch 99/200, Batch 200, Aver_Loss: 98.83
Epoch 99/200, Batch 300, Aver_Loss: 101.04
Epoch 99/200, Batch 400, Aver_Loss: 99.50
Epoch 100/200, Batch 100, Aver_Loss: 98.67
Epoch 100/200, Batch 200, Aver_Loss: 101.12
Epoch 100/200, Batch 300, Aver_Loss: 106.07
Epoch 100/200, Batch 400, Aver_Loss: 97.60
Epoch 101/200, Batch 100, Aver_Loss: 102.53
Epoch 101/200, Batch 200, Aver_Loss: 93.07
Epoch 101/200, Batch 300, Aver_Loss: 95.11
Epoch 101/200, Batch 400, Aver_Loss: 95.05
Epoch 102/200, Batch 100, Aver_Loss: 99.34
Epoch 102/200, Batch 200, Aver_Loss: 99.30
Epoch 102/200, Batch 300, Aver_Loss: 99.89
Epoch 102/200, Batch 400, Aver_Loss: 101.22
Epoch 103/200, Batch 100, Aver_Loss: 101.41
Epoch 103/200, Batch 200, Aver_Loss: 103.66
Epoch 103/200, Batch 300, Aver_Loss: 100.85
Epoch 103/200, Batch 400, Aver_Loss: 96.87
Epoch 104/200, Batch 100, Aver_Loss: 99.96
Epoch 104/200, Batch 200, Aver_Loss: 101.72
Epoch 104/200, Batch 300, Aver_Loss: 104.95
Epoch 104/200, Batch 400, Aver_Loss: 102.54
Epoch 105/200, Batch 100, Aver_Loss: 101.46
Epoch 105/200, Batch 200, Aver_Loss: 98.68
Epoch 105/200, Batch 300, Aver_Loss: 103.58
Epoch 105/200, Batch 400, Aver_Loss: 99.91
Epoch 106/200, Batch 100, Aver_Loss: 101.13
Epoch 106/200, Batch 200, Aver_Loss: 102.10
Epoch 106/200, Batch 300, Aver_Loss: 103.16
Epoch 106/200, Batch 400, Aver_Loss: 97.26
Epoch 107/200, Batch 100, Aver_Loss: 100.94
Epoch 107/200, Batch 200, Aver_Loss: 97.76
Epoch 107/200, Batch 300, Aver_Loss: 100.31
Epoch 107/200, Batch 400, Aver_Loss: 101.33
Epoch 108/200, Batch 100, Aver_Loss: 101.69
Epoch 108/200, Batch 200, Aver_Loss: 98.61
Epoch 108/200, Batch 300, Aver_Loss: 100.47
Epoch 108/200, Batch 400, Aver_Loss: 105.29
Epoch 109/200, Batch 100, Aver_Loss: 98.31
Epoch 109/200, Batch 200, Aver_Loss: 95.48
Epoch 109/200, Batch 300, Aver_Loss: 104.60
Epoch 109/200, Batch 400, Aver_Loss: 101.20
Epoch 110/200, Batch 100, Aver_Loss: 99.17
Epoch 110/200, Batch 200, Aver_Loss: 99.34
Epoch 110/200, Batch 300, Aver_Loss: 97.75
Epoch 110/200, Batch 400, Aver_Loss: 99.58
Epoch 111/200, Batch 100, Aver_Loss: 100.87
Epoch 111/200, Batch 200, Aver_Loss: 96.98
Epoch 111/200, Batch 300, Aver_Loss: 104.14
Epoch 111/200, Batch 400, Aver_Loss: 94.86
Epoch 112/200, Batch 100, Aver_Loss: 100.67
Epoch 112/200, Batch 200, Aver_Loss: 101.77
Epoch 112/200, Batch 300, Aver_Loss: 100.16
Epoch 112/200, Batch 400, Aver_Loss: 98.98
Epoch 113/200, Batch 100, Aver_Loss: 98.46
Epoch 113/200, Batch 200, Aver_Loss: 101.68
Epoch 113/200, Batch 300, Aver_Loss: 99.43
Epoch 113/200, Batch 400, Aver_Loss: 104.36
Epoch 114/200, Batch 100, Aver_Loss: 102.21
Epoch 114/200, Batch 200, Aver_Loss: 101.55
Epoch 114/200, Batch 300, Aver_Loss: 109.20
Epoch 114/200, Batch 400, Aver_Loss: 98.58
Epoch 115/200, Batch 100, Aver_Loss: 103.50
Epoch 115/200, Batch 200, Aver_Loss: 97.14
Epoch 115/200, Batch 300, Aver_Loss: 93.80
Epoch 115/200, Batch 400, Aver_Loss: 102.85
Epoch 116/200, Batch 100, Aver_Loss: 103.07
Epoch 116/200, Batch 200, Aver_Loss: 101.25
Epoch 116/200, Batch 300, Aver_Loss: 99.57
Epoch 116/200, Batch 400, Aver_Loss: 102.88
Epoch 117/200, Batch 100, Aver_Loss: 100.90
Epoch 117/200, Batch 200, Aver_Loss: 96.35
Epoch 117/200, Batch 300, Aver_Loss: 98.44
Epoch 117/200, Batch 400, Aver_Loss: 100.79
Epoch 118/200, Batch 100, Aver_Loss: 99.43
Epoch 118/200, Batch 200, Aver_Loss: 102.08
Epoch 118/200, Batch 300, Aver_Loss: 100.04
Epoch 118/200, Batch 400, Aver_Loss: 93.25
Epoch 119/200, Batch 100, Aver_Loss: 98.85
Epoch 119/200, Batch 200, Aver_Loss: 99.11
Epoch 119/200, Batch 300, Aver_Loss: 98.02
Epoch 119/200, Batch 400, Aver_Loss: 101.89
Epoch 120/200, Batch 100, Aver_Loss: 99.12
Epoch 120/200, Batch 200, Aver_Loss: 98.98
Epoch 120/200, Batch 300, Aver_Loss: 100.39
Epoch 120/200, Batch 400, Aver_Loss: 103.50
Epoch 121/200, Batch 100, Aver_Loss: 100.78
Epoch 121/200, Batch 200, Aver_Loss: 94.00
Epoch 121/200, Batch 300, Aver_Loss: 99.26
Epoch 121/200, Batch 400, Aver_Loss: 104.01
Epoch 122/200, Batch 100, Aver_Loss: 96.62
Epoch 122/200, Batch 200, Aver_Loss: 104.23
Epoch 122/200, Batch 300, Aver_Loss: 100.17
Epoch 122/200, Batch 400, Aver_Loss: 96.00
Epoch 123/200, Batch 100, Aver_Loss: 97.34
Epoch 123/200, Batch 200, Aver_Loss: 103.71
Epoch 123/200, Batch 300, Aver_Loss: 103.06
Epoch 123/200, Batch 400, Aver_Loss: 98.06
Epoch 124/200, Batch 100, Aver_Loss: 101.24
Epoch 124/200, Batch 200, Aver_Loss: 106.47
Epoch 124/200, Batch 300, Aver_Loss: 99.69
Epoch 124/200, Batch 400, Aver_Loss: 100.97
Epoch 125/200, Batch 100, Aver_Loss: 98.08
Epoch 125/200, Batch 200, Aver_Loss: 104.51
Epoch 125/200, Batch 300, Aver_Loss: 99.21
Epoch 125/200, Batch 400, Aver_Loss: 103.79
Epoch 126/200, Batch 100, Aver_Loss: 101.50
Epoch 126/200, Batch 200, Aver_Loss: 99.25
Epoch 126/200, Batch 300, Aver_Loss: 95.92
Epoch 126/200, Batch 400, Aver_Loss: 102.68
Epoch 127/200, Batch 100, Aver_Loss: 101.95
Epoch 127/200, Batch 200, Aver_Loss: 101.06
Epoch 127/200, Batch 300, Aver_Loss: 103.84
Epoch 127/200, Batch 400, Aver_Loss: 98.29
Epoch 128/200, Batch 100, Aver_Loss: 101.96
Epoch 128/200, Batch 200, Aver_Loss: 102.90
Epoch 128/200, Batch 300, Aver_Loss: 101.72
Epoch 128/200, Batch 400, Aver_Loss: 103.62
Epoch 129/200, Batch 100, Aver_Loss: 99.56
Epoch 129/200, Batch 200, Aver_Loss: 101.02
Epoch 129/200, Batch 300, Aver_Loss: 101.09
Epoch 129/200, Batch 400, Aver_Loss: 99.99
Epoch 130/200, Batch 100, Aver_Loss: 101.76
Epoch 130/200, Batch 200, Aver_Loss: 98.81
Epoch 130/200, Batch 300, Aver_Loss: 98.63
Epoch 130/200, Batch 400, Aver_Loss: 98.80
Epoch 131/200, Batch 100, Aver_Loss: 102.48
Epoch 131/200, Batch 200, Aver_Loss: 101.16
Epoch 131/200, Batch 300, Aver_Loss: 96.27
Epoch 131/200, Batch 400, Aver_Loss: 100.05
Epoch 132/200, Batch 100, Aver_Loss: 100.87
Epoch 132/200, Batch 200, Aver_Loss: 99.39
Epoch 132/200, Batch 300, Aver_Loss: 99.74
Epoch 132/200, Batch 400, Aver_Loss: 100.11
Epoch 133/200, Batch 100, Aver_Loss: 98.17
Epoch 133/200, Batch 200, Aver_Loss: 96.50
Epoch 133/200, Batch 300, Aver_Loss: 98.59
Epoch 133/200, Batch 400, Aver_Loss: 99.17
Epoch 134/200, Batch 100, Aver_Loss: 97.35
Epoch 134/200, Batch 200, Aver_Loss: 101.72
Epoch 134/200, Batch 300, Aver_Loss: 98.72
Epoch 134/200, Batch 400, Aver_Loss: 102.16
Epoch 135/200, Batch 100, Aver_Loss: 102.60
Epoch 135/200, Batch 200, Aver_Loss: 100.42
Epoch 135/200, Batch 300, Aver_Loss: 105.77
Epoch 135/200, Batch 400, Aver_Loss: 99.77
Epoch 136/200, Batch 100, Aver_Loss: 96.23
Epoch 136/200, Batch 200, Aver_Loss: 102.99
Epoch 136/200, Batch 300, Aver_Loss: 98.80
Epoch 136/200, Batch 400, Aver_Loss: 99.80
Epoch 137/200, Batch 100, Aver_Loss: 99.69
Epoch 137/200, Batch 200, Aver_Loss: 102.67
Epoch 137/200, Batch 300, Aver_Loss: 99.17
Epoch 137/200, Batch 400, Aver_Loss: 104.58
Epoch 138/200, Batch 100, Aver_Loss: 100.54
Epoch 138/200, Batch 200, Aver_Loss: 100.64
Epoch 138/200, Batch 300, Aver_Loss: 99.82
Epoch 138/200, Batch 400, Aver_Loss: 99.57
Epoch 139/200, Batch 100, Aver_Loss: 100.60
Epoch 139/200, Batch 200, Aver_Loss: 101.23
Epoch 139/200, Batch 300, Aver_Loss: 98.06
Epoch 139/200, Batch 400, Aver_Loss: 95.76
Epoch 140/200, Batch 100, Aver_Loss: 98.38
Epoch 140/200, Batch 200, Aver_Loss: 104.84
Epoch 140/200, Batch 300, Aver_Loss: 98.98
Epoch 140/200, Batch 400, Aver_Loss: 99.76
Epoch 141/200, Batch 100, Aver_Loss: 100.96
Epoch 141/200, Batch 200, Aver_Loss: 98.24
Epoch 141/200, Batch 300, Aver_Loss: 96.51
Epoch 141/200, Batch 400, Aver_Loss: 100.75
Epoch 142/200, Batch 100, Aver_Loss: 97.81
Epoch 142/200, Batch 200, Aver_Loss: 97.14
Epoch 142/200, Batch 300, Aver_Loss: 101.17
Epoch 142/200, Batch 400, Aver_Loss: 101.37
Epoch 143/200, Batch 100, Aver_Loss: 101.83
Epoch 143/200, Batch 200, Aver_Loss: 100.65
Epoch 143/200, Batch 300, Aver_Loss: 95.09
Epoch 143/200, Batch 400, Aver_Loss: 99.67
Epoch 144/200, Batch 100, Aver_Loss: 102.05
Epoch 144/200, Batch 200, Aver_Loss: 100.90
Epoch 144/200, Batch 300, Aver_Loss: 100.59
Epoch 144/200, Batch 400, Aver_Loss: 97.36
Epoch 145/200, Batch 100, Aver_Loss: 97.49
Epoch 145/200, Batch 200, Aver_Loss: 104.20
Epoch 145/200, Batch 300, Aver_Loss: 96.82
Epoch 145/200, Batch 400, Aver_Loss: 100.16
Epoch 146/200, Batch 100, Aver_Loss: 99.78
Epoch 146/200, Batch 200, Aver_Loss: 98.20
Epoch 146/200, Batch 300, Aver_Loss: 100.41
Epoch 146/200, Batch 400, Aver_Loss: 104.42
Epoch 147/200, Batch 100, Aver_Loss: 97.74
Epoch 147/200, Batch 200, Aver_Loss: 94.32
Epoch 147/200, Batch 300, Aver_Loss: 100.45
Epoch 147/200, Batch 400, Aver_Loss: 99.09
Epoch 148/200, Batch 100, Aver_Loss: 105.65
Epoch 148/200, Batch 200, Aver_Loss: 97.11
Epoch 148/200, Batch 300, Aver_Loss: 99.43
Epoch 148/200, Batch 400, Aver_Loss: 96.88
Epoch 149/200, Batch 100, Aver_Loss: 100.53
Epoch 149/200, Batch 200, Aver_Loss: 100.34
Epoch 149/200, Batch 300, Aver_Loss: 99.57
Epoch 149/200, Batch 400, Aver_Loss: 100.73
Epoch 150/200, Batch 100, Aver_Loss: 103.65
Epoch 150/200, Batch 200, Aver_Loss: 101.08
Epoch 150/200, Batch 300, Aver_Loss: 101.80
Epoch 150/200, Batch 400, Aver_Loss: 99.35
Epoch 151/200, Batch 100, Aver_Loss: 98.40
Epoch 151/200, Batch 200, Aver_Loss: 98.51
Epoch 151/200, Batch 300, Aver_Loss: 99.26
Epoch 151/200, Batch 400, Aver_Loss: 95.79
Epoch 152/200, Batch 100, Aver_Loss: 101.31
Epoch 152/200, Batch 200, Aver_Loss: 98.39
Epoch 152/200, Batch 300, Aver_Loss: 100.31
Epoch 152/200, Batch 400, Aver_Loss: 105.61
Epoch 153/200, Batch 100, Aver_Loss: 101.44
Epoch 153/200, Batch 200, Aver_Loss: 98.78
Epoch 153/200, Batch 300, Aver_Loss: 100.65
Epoch 153/200, Batch 400, Aver_Loss: 100.56
Epoch 154/200, Batch 100, Aver_Loss: 100.37
Epoch 154/200, Batch 200, Aver_Loss: 100.15
Epoch 154/200, Batch 300, Aver_Loss: 101.13
Epoch 154/200, Batch 400, Aver_Loss: 102.40
Epoch 155/200, Batch 100, Aver_Loss: 99.25
Epoch 155/200, Batch 200, Aver_Loss: 93.82
Epoch 155/200, Batch 300, Aver_Loss: 100.37
Epoch 155/200, Batch 400, Aver_Loss: 95.69
Epoch 156/200, Batch 100, Aver_Loss: 99.08
Epoch 156/200, Batch 200, Aver_Loss: 101.28
Epoch 156/200, Batch 300, Aver_Loss: 102.82
Epoch 156/200, Batch 400, Aver_Loss: 102.60
Epoch 157/200, Batch 100, Aver_Loss: 98.71
Epoch 157/200, Batch 200, Aver_Loss: 100.71
Epoch 157/200, Batch 300, Aver_Loss: 100.35
Epoch 157/200, Batch 400, Aver_Loss: 102.17
Epoch 158/200, Batch 100, Aver_Loss: 98.01
Epoch 158/200, Batch 200, Aver_Loss: 96.54
Epoch 158/200, Batch 300, Aver_Loss: 97.16
Epoch 158/200, Batch 400, Aver_Loss: 102.98
Epoch 159/200, Batch 100, Aver_Loss: 98.56
Epoch 159/200, Batch 200, Aver_Loss: 97.95
Epoch 159/200, Batch 300, Aver_Loss: 103.57
Epoch 159/200, Batch 400, Aver_Loss: 99.19
Epoch 160/200, Batch 100, Aver_Loss: 104.07
Epoch 160/200, Batch 200, Aver_Loss: 95.68
Epoch 160/200, Batch 300, Aver_Loss: 97.21
Epoch 160/200, Batch 400, Aver_Loss: 98.57
Epoch 161/200, Batch 100, Aver_Loss: 101.95
Epoch 161/200, Batch 200, Aver_Loss: 102.69
Epoch 161/200, Batch 300, Aver_Loss: 99.63
Epoch 161/200, Batch 400, Aver_Loss: 100.31
Epoch 162/200, Batch 100, Aver_Loss: 97.37
Epoch 162/200, Batch 200, Aver_Loss: 96.44
Epoch 162/200, Batch 300, Aver_Loss: 99.62
Epoch 162/200, Batch 400, Aver_Loss: 99.68
Epoch 163/200, Batch 100, Aver_Loss: 96.46
Epoch 163/200, Batch 200, Aver_Loss: 102.84
Epoch 163/200, Batch 300, Aver_Loss: 98.41
Epoch 163/200, Batch 400, Aver_Loss: 99.79
Epoch 164/200, Batch 100, Aver_Loss: 99.00
Epoch 164/200, Batch 200, Aver_Loss: 98.19
Epoch 164/200, Batch 300, Aver_Loss: 101.62
Epoch 164/200, Batch 400, Aver_Loss: 101.86
Epoch 165/200, Batch 100, Aver_Loss: 101.13
Epoch 165/200, Batch 200, Aver_Loss: 102.00
Epoch 165/200, Batch 300, Aver_Loss: 96.13
Epoch 165/200, Batch 400, Aver_Loss: 96.16
Epoch 166/200, Batch 100, Aver_Loss: 101.33
Epoch 166/200, Batch 200, Aver_Loss: 100.31
Epoch 166/200, Batch 300, Aver_Loss: 103.83
Epoch 166/200, Batch 400, Aver_Loss: 99.77
Epoch 167/200, Batch 100, Aver_Loss: 105.00
Epoch 167/200, Batch 200, Aver_Loss: 100.73
Epoch 167/200, Batch 300, Aver_Loss: 105.74
Epoch 167/200, Batch 400, Aver_Loss: 101.70
Epoch 168/200, Batch 100, Aver_Loss: 97.37
Epoch 168/200, Batch 200, Aver_Loss: 98.88
Epoch 168/200, Batch 300, Aver_Loss: 94.15
Epoch 168/200, Batch 400, Aver_Loss: 97.52
Epoch 169/200, Batch 100, Aver_Loss: 100.25
Epoch 169/200, Batch 200, Aver_Loss: 101.50
Epoch 169/200, Batch 300, Aver_Loss: 102.82
Epoch 169/200, Batch 400, Aver_Loss: 102.88
Epoch 170/200, Batch 100, Aver_Loss: 102.34
Epoch 170/200, Batch 200, Aver_Loss: 101.06
Epoch 170/200, Batch 300, Aver_Loss: 100.68
Epoch 170/200, Batch 400, Aver_Loss: 97.36
Epoch 171/200, Batch 100, Aver_Loss: 97.02
Epoch 171/200, Batch 200, Aver_Loss: 101.02
Epoch 171/200, Batch 300, Aver_Loss: 97.18
Epoch 171/200, Batch 400, Aver_Loss: 98.65
Epoch 172/200, Batch 100, Aver_Loss: 97.82
Epoch 172/200, Batch 200, Aver_Loss: 98.11
Epoch 172/200, Batch 300, Aver_Loss: 99.16
Epoch 172/200, Batch 400, Aver_Loss: 100.75
Epoch 173/200, Batch 100, Aver_Loss: 99.81
Epoch 173/200, Batch 200, Aver_Loss: 96.92
Epoch 173/200, Batch 300, Aver_Loss: 99.13
Epoch 173/200, Batch 400, Aver_Loss: 99.30
Epoch 174/200, Batch 100, Aver_Loss: 96.56
Epoch 174/200, Batch 200, Aver_Loss: 99.92
Epoch 174/200, Batch 300, Aver_Loss: 103.08
Epoch 174/200, Batch 400, Aver_Loss: 97.92
Epoch 175/200, Batch 100, Aver_Loss: 104.09
Epoch 175/200, Batch 200, Aver_Loss: 101.30
Epoch 175/200, Batch 300, Aver_Loss: 98.41
Epoch 175/200, Batch 400, Aver_Loss: 99.55
Epoch 176/200, Batch 100, Aver_Loss: 98.83
Epoch 176/200, Batch 200, Aver_Loss: 99.67
Epoch 176/200, Batch 300, Aver_Loss: 99.54
Epoch 176/200, Batch 400, Aver_Loss: 102.31
Epoch 177/200, Batch 100, Aver_Loss: 103.17
Epoch 177/200, Batch 200, Aver_Loss: 100.82
Epoch 177/200, Batch 300, Aver_Loss: 102.20
Epoch 177/200, Batch 400, Aver_Loss: 101.60
Epoch 178/200, Batch 100, Aver_Loss: 100.64
Epoch 178/200, Batch 200, Aver_Loss: 101.27
Epoch 178/200, Batch 300, Aver_Loss: 99.15
Epoch 178/200, Batch 400, Aver_Loss: 100.88
Epoch 179/200, Batch 100, Aver_Loss: 101.86
Epoch 179/200, Batch 200, Aver_Loss: 99.02
Epoch 179/200, Batch 300, Aver_Loss: 95.05
Epoch 179/200, Batch 400, Aver_Loss: 101.95
Epoch 180/200, Batch 100, Aver_Loss: 103.37
Epoch 180/200, Batch 200, Aver_Loss: 100.37
Epoch 180/200, Batch 300, Aver_Loss: 100.14
Epoch 180/200, Batch 400, Aver_Loss: 100.28
Epoch 181/200, Batch 100, Aver_Loss: 101.13
Epoch 181/200, Batch 200, Aver_Loss: 99.22
Epoch 181/200, Batch 300, Aver_Loss: 97.71
Epoch 181/200, Batch 400, Aver_Loss: 97.97
Epoch 182/200, Batch 100, Aver_Loss: 100.70
Epoch 182/200, Batch 200, Aver_Loss: 96.26
Epoch 182/200, Batch 300, Aver_Loss: 98.95
Epoch 182/200, Batch 400, Aver_Loss: 99.40
Epoch 183/200, Batch 100, Aver_Loss: 102.91
Epoch 183/200, Batch 200, Aver_Loss: 102.05
Epoch 183/200, Batch 300, Aver_Loss: 102.03
Epoch 183/200, Batch 400, Aver_Loss: 99.63
Epoch 184/200, Batch 100, Aver_Loss: 100.51
Epoch 184/200, Batch 200, Aver_Loss: 97.92
Epoch 184/200, Batch 300, Aver_Loss: 102.39
Epoch 184/200, Batch 400, Aver_Loss: 105.35
Epoch 185/200, Batch 100, Aver_Loss: 97.65
Epoch 185/200, Batch 200, Aver_Loss: 99.07
Epoch 185/200, Batch 300, Aver_Loss: 99.89
Epoch 185/200, Batch 400, Aver_Loss: 101.07
Epoch 186/200, Batch 100, Aver_Loss: 101.45
Epoch 186/200, Batch 200, Aver_Loss: 97.84
Epoch 186/200, Batch 300, Aver_Loss: 96.96
Epoch 186/200, Batch 400, Aver_Loss: 100.97
Epoch 187/200, Batch 100, Aver_Loss: 103.46
Epoch 187/200, Batch 200, Aver_Loss: 96.57
Epoch 187/200, Batch 300, Aver_Loss: 101.03
Epoch 187/200, Batch 400, Aver_Loss: 103.11
Epoch 188/200, Batch 100, Aver_Loss: 96.67
Epoch 188/200, Batch 200, Aver_Loss: 98.91
Epoch 188/200, Batch 300, Aver_Loss: 102.33
Epoch 188/200, Batch 400, Aver_Loss: 97.70
Epoch 189/200, Batch 100, Aver_Loss: 103.29
Epoch 189/200, Batch 200, Aver_Loss: 97.54
Epoch 189/200, Batch 300, Aver_Loss: 102.65
Epoch 189/200, Batch 400, Aver_Loss: 101.56
Epoch 190/200, Batch 100, Aver_Loss: 101.29
Epoch 190/200, Batch 200, Aver_Loss: 101.02
Epoch 190/200, Batch 300, Aver_Loss: 100.75
Epoch 190/200, Batch 400, Aver_Loss: 99.57
Epoch 191/200, Batch 100, Aver_Loss: 97.16
Epoch 191/200, Batch 200, Aver_Loss: 102.27
Epoch 191/200, Batch 300, Aver_Loss: 102.49
Epoch 191/200, Batch 400, Aver_Loss: 97.49
Epoch 192/200, Batch 100, Aver_Loss: 98.26
Epoch 192/200, Batch 200, Aver_Loss: 99.18
Epoch 192/200, Batch 300, Aver_Loss: 98.55
Epoch 192/200, Batch 400, Aver_Loss: 94.96
Epoch 193/200, Batch 100, Aver_Loss: 104.06
Epoch 193/200, Batch 200, Aver_Loss: 101.13
Epoch 193/200, Batch 300, Aver_Loss: 101.46
Epoch 193/200, Batch 400, Aver_Loss: 95.34
Epoch 194/200, Batch 100, Aver_Loss: 97.05
Epoch 194/200, Batch 200, Aver_Loss: 98.23
Epoch 194/200, Batch 300, Aver_Loss: 103.89
Epoch 194/200, Batch 400, Aver_Loss: 103.25
Epoch 195/200, Batch 100, Aver_Loss: 96.82
Epoch 195/200, Batch 200, Aver_Loss: 98.94
Epoch 195/200, Batch 300, Aver_Loss: 99.61
Epoch 195/200, Batch 400, Aver_Loss: 96.89
Epoch 196/200, Batch 100, Aver_Loss: 95.90
Epoch 196/200, Batch 200, Aver_Loss: 99.66
Epoch 196/200, Batch 300, Aver_Loss: 95.27
Epoch 196/200, Batch 400, Aver_Loss: 100.13
Epoch 197/200, Batch 100, Aver_Loss: 99.17
Epoch 197/200, Batch 200, Aver_Loss: 101.72
Epoch 197/200, Batch 300, Aver_Loss: 100.79
Epoch 197/200, Batch 400, Aver_Loss: 98.37
Epoch 198/200, Batch 100, Aver_Loss: 103.27
Epoch 198/200, Batch 200, Aver_Loss: 96.37
Epoch 198/200, Batch 300, Aver_Loss: 99.05
Epoch 198/200, Batch 400, Aver_Loss: 95.35
Epoch 199/200, Batch 100, Aver_Loss: 100.79
Epoch 199/200, Batch 200, Aver_Loss: 99.77
Epoch 199/200, Batch 300, Aver_Loss: 102.77
Epoch 199/200, Batch 400, Aver_Loss: 98.93
Epoch 200/200, Batch 100, Aver_Loss: 98.52
Epoch 200/200, Batch 200, Aver_Loss: 98.21
Epoch 200/200, Batch 300, Aver_Loss: 100.63
Epoch 200/200, Batch 400, Aver_Loss: 99.37

==== Evaluation Summary ====
                 model: vae
   recon/mse_per_pixel: 0.012073
            elbo/train: -99.570218
             elbo/test: -101.350862
             mse/train: 0.011177
              mse/test: 0.012073
             probe/acc: 0.904201
             probe/nll: 0.307527
           probe/brier: 0.141103
             probe/ece: 0.014728
           cluster/nmi: 0.623386
           cluster/ari: 0.556928
============================

[saved curves] ./results/MNIST_BASIC/curves/mnist_basic_vae_d16_s777.json
